
RAxML-NG v. 1.0.0-master released on 07.08.2020 by The Exelixis Lab.
Developed by: Alexey M. Kozlov and Alexandros Stamatakis.
Contributors: Diego Darriba, Tomas Flouri, Benoit Morel, Sarah Lutteropp, Ben Bettisworth.
Latest version: https://github.com/amkozlov/raxml-ng
Questions/problems/suggestions? Please visit: https://groups.google.com/forum/#!forum/raxml

System: Intel(R) Xeon(R) CPU E5-2670 v3 @ 2.30GHz, 24 cores, 62 GB RAM

RAxML-NG was called at 10-Aug-2021 09:07:00 as follows:

/global/home/users/cbrook/raxml-ng/raxml-ng-mpi --all --msa Align-Severe-Extraction-8-10.fasta --model TVM+I+G4 --prefix T3 --seed 1 --threads 1 --bs-metric fbp,tbe

Analysis options:
  run mode: ML tree search + bootstrapping (Felsenstein Bootstrap + Transfer Bootstrap)
  start tree(s): random (10) + parsimony (10)
  bootstrap replicates: max: 1000 + bootstopping (autoMRE, cutoff: 0.030000)
  random seed: 1
  tip-inner: OFF
  pattern compression: ON
  per-rate scalers: OFF
  site repeats: ON
  branch lengths: proportional (ML estimate, algorithm: NR-FAST)
  SIMD kernels: AVX2
  parallelization: coarse-grained (auto), NONE/sequential

[00:00:00] Reading alignment from file: Align-Severe-Extraction-8-10.fasta
[00:00:00] Loaded alignment with 37 taxa and 261 sites

WARNING: Sequences Rousettus_madagascariensis_RR034B_232_fecRa_MIZ178 and Rousettus_madagascariensis_RR034B_288_fecRa_MIZ240 are exactly identical!
WARNING: Sequences Pteropus_rufus_KP696746_1 and Pteropus_rufus_KP696741_1 are exactly identical!
WARNING: Sequences Pteropus_rufus_KP696746_1 and Pteropus_rufus_KP696745_1 are exactly identical!
WARNING: Sequences Pteropus_rufus_KP696747_1 and Pteropus_rufus_KP696744_1_Bat_coronavirus are exactly identical!
WARNING: Sequences Mus_musculus_NC_048217_1_MHV and Mus_musculus_NC_001846_1_MHV_A59 are exactly identical!
WARNING: Duplicate sequences found: 5

NOTE: Reduced alignment (with duplicates and gap-only sites/taxa removed) 
NOTE: was saved to: /global/home/users/cbrook/raxml-ng/RdRp/T3.raxml.reduced.phy

Alignment comprises 1 partitions and 150 patterns

Partition 0: noname
Model: TVM+FO+I+G4m
Alignment sites / patterns: 261 / 150
Gaps: 0.05 %
Invariant sites: 41.76 %


NOTE: Binary MSA file created: T3.raxml.rba

Parallelization scheme autoconfig: 1 worker(s) x 1 thread(s)

Parallel reduction/worker buffer size: 1 KB  / 0 KB

[00:00:00] Generating 10 random starting tree(s) with 37 taxa
[00:00:00] Generating 10 parsimony starting tree(s) with 37 taxa
[00:00:00] Data distribution: max. partitions/sites/weight per thread: 1 / 150 / 2400
[00:00:00] Data distribution: max. searches per worker: 1020

Starting ML tree search with 20 distinct starting trees

[00:00:02] ML tree search #1, logLikelihood: -3049.251378
[00:00:04] ML tree search #2, logLikelihood: -3048.654301
[00:00:06] ML tree search #3, logLikelihood: -3049.478746
[00:00:07] ML tree search #4, logLikelihood: -3049.314242
[00:00:09] ML tree search #5, logLikelihood: -3049.325687
[00:00:11] ML tree search #6, logLikelihood: -3048.625430
[00:00:13] ML tree search #7, logLikelihood: -3048.638662
[00:00:14] ML tree search #8, logLikelihood: -3048.625231
[00:00:16] ML tree search #9, logLikelihood: -3048.655554
[00:00:18] ML tree search #10, logLikelihood: -3049.321217
[00:00:19] ML tree search #11, logLikelihood: -3048.680684
[00:00:21] ML tree search #12, logLikelihood: -3048.680154
[00:00:22] ML tree search #13, logLikelihood: -3048.686204
[00:00:23] ML tree search #14, logLikelihood: -3048.692952
[00:00:24] ML tree search #15, logLikelihood: -3048.678949
[00:00:26] ML tree search #16, logLikelihood: -3048.680218
[00:00:27] ML tree search #17, logLikelihood: -3048.620992
[00:00:28] ML tree search #18, logLikelihood: -3048.718477
[00:00:30] ML tree search #19, logLikelihood: -3048.687753
[00:00:35] ML tree search #20, logLikelihood: -3049.509534

[00:00:35] ML tree search completed, best tree logLH: -3048.620992

[00:00:35] Starting bootstrapping analysis with 1000 replicates.

[00:00:36] Bootstrap tree #1, logLikelihood: -3014.152301
[00:00:37] Bootstrap tree #2, logLikelihood: -3176.876789
[00:00:39] Bootstrap tree #3, logLikelihood: -2873.879173
[00:00:40] Bootstrap tree #4, logLikelihood: -2614.766629
[00:00:42] Bootstrap tree #5, logLikelihood: -2822.067176
[00:00:44] Bootstrap tree #6, logLikelihood: -3092.509954
[00:00:45] Bootstrap tree #7, logLikelihood: -2949.257018
[00:00:47] Bootstrap tree #8, logLikelihood: -2620.116573
[00:00:49] Bootstrap tree #9, logLikelihood: -2871.452732
[00:00:50] Bootstrap tree #10, logLikelihood: -2872.602154
[00:00:52] Bootstrap tree #11, logLikelihood: -3074.427519
[00:00:53] Bootstrap tree #12, logLikelihood: -2977.329154
[00:00:55] Bootstrap tree #13, logLikelihood: -2925.663146
[00:00:56] Bootstrap tree #14, logLikelihood: -3449.992045
[00:00:58] Bootstrap tree #15, logLikelihood: -2759.123279
[00:01:00] Bootstrap tree #16, logLikelihood: -3075.307595
[00:01:01] Bootstrap tree #17, logLikelihood: -2970.061201
[00:01:02] Bootstrap tree #18, logLikelihood: -3086.231345
[00:01:04] Bootstrap tree #19, logLikelihood: -2975.493339
[00:01:06] Bootstrap tree #20, logLikelihood: -2810.561246
[00:01:07] Bootstrap tree #21, logLikelihood: -2989.679145
[00:01:08] Bootstrap tree #22, logLikelihood: -3162.359067
[00:01:10] Bootstrap tree #23, logLikelihood: -3043.255086
[00:01:12] Bootstrap tree #24, logLikelihood: -3144.206467
[00:01:13] Bootstrap tree #25, logLikelihood: -3205.186278
[00:01:15] Bootstrap tree #26, logLikelihood: -3012.427687
[00:01:17] Bootstrap tree #27, logLikelihood: -3251.571049
[00:01:18] Bootstrap tree #28, logLikelihood: -2925.089054
[00:01:20] Bootstrap tree #29, logLikelihood: -2961.629571
[00:01:21] Bootstrap tree #30, logLikelihood: -2820.366760
[00:01:23] Bootstrap tree #31, logLikelihood: -3057.161587
[00:01:24] Bootstrap tree #32, logLikelihood: -2951.587358
[00:01:26] Bootstrap tree #33, logLikelihood: -3125.070580
[00:01:27] Bootstrap tree #34, logLikelihood: -3245.824183
[00:01:29] Bootstrap tree #35, logLikelihood: -3055.177750
[00:01:30] Bootstrap tree #36, logLikelihood: -2952.529262
[00:01:32] Bootstrap tree #37, logLikelihood: -2843.762878
[00:01:33] Bootstrap tree #38, logLikelihood: -2954.570007
[00:01:34] Bootstrap tree #39, logLikelihood: -3031.641756
[00:01:36] Bootstrap tree #40, logLikelihood: -3251.515242
[00:01:37] Bootstrap tree #41, logLikelihood: -3074.156960
[00:01:39] Bootstrap tree #42, logLikelihood: -3215.939186
[00:01:41] Bootstrap tree #43, logLikelihood: -3081.125488
[00:01:42] Bootstrap tree #44, logLikelihood: -2915.037928
[00:01:44] Bootstrap tree #45, logLikelihood: -2915.476785
[00:01:46] Bootstrap tree #46, logLikelihood: -3191.885700
[00:01:47] Bootstrap tree #47, logLikelihood: -3087.371314
[00:01:48] Bootstrap tree #48, logLikelihood: -2920.477995
[00:01:50] Bootstrap tree #49, logLikelihood: -3067.572107
[00:01:52] Bootstrap tree #50, logLikelihood: -2884.601445
[00:01:53] Bootstrap tree #51, logLikelihood: -2963.065116
[00:01:54] Bootstrap tree #52, logLikelihood: -3057.932206
[00:01:56] Bootstrap tree #53, logLikelihood: -2589.816202
[00:01:57] Bootstrap tree #54, logLikelihood: -3061.142112
[00:01:59] Bootstrap tree #55, logLikelihood: -2927.601538
[00:02:00] Bootstrap tree #56, logLikelihood: -3084.023156
[00:02:02] Bootstrap tree #57, logLikelihood: -2873.266496
[00:02:04] Bootstrap tree #58, logLikelihood: -2824.602546
[00:02:06] Bootstrap tree #59, logLikelihood: -2911.554184
[00:02:07] Bootstrap tree #60, logLikelihood: -3016.453249
[00:02:09] Bootstrap tree #61, logLikelihood: -2929.721140
[00:02:10] Bootstrap tree #62, logLikelihood: -3223.974796
[00:02:11] Bootstrap tree #63, logLikelihood: -2756.294977
[00:02:13] Bootstrap tree #64, logLikelihood: -3184.303108
[00:02:14] Bootstrap tree #65, logLikelihood: -3157.728542
[00:02:16] Bootstrap tree #66, logLikelihood: -3031.258523
[00:02:18] Bootstrap tree #67, logLikelihood: -2951.603990
[00:02:19] Bootstrap tree #68, logLikelihood: -3000.644986
[00:02:21] Bootstrap tree #69, logLikelihood: -2866.850371
[00:02:23] Bootstrap tree #70, logLikelihood: -2978.227354
[00:02:28] Bootstrap tree #71, logLikelihood: -2930.738627
[00:02:30] Bootstrap tree #72, logLikelihood: -2960.492480
[00:02:31] Bootstrap tree #73, logLikelihood: -2860.022137
[00:02:32] Bootstrap tree #74, logLikelihood: -2891.608281
[00:02:34] Bootstrap tree #75, logLikelihood: -2821.179395
[00:02:35] Bootstrap tree #76, logLikelihood: -3032.773505
[00:02:37] Bootstrap tree #77, logLikelihood: -3086.497172
[00:02:38] Bootstrap tree #78, logLikelihood: -2996.593725
[00:02:40] Bootstrap tree #79, logLikelihood: -2959.282894
[00:02:41] Bootstrap tree #80, logLikelihood: -2991.289224
[00:02:43] Bootstrap tree #81, logLikelihood: -3054.868512
[00:02:44] Bootstrap tree #82, logLikelihood: -3006.573505
[00:02:45] Bootstrap tree #83, logLikelihood: -3015.255257
[00:02:47] Bootstrap tree #84, logLikelihood: -3133.260713
[00:02:49] Bootstrap tree #85, logLikelihood: -2852.412240
[00:02:50] Bootstrap tree #86, logLikelihood: -2931.474828
[00:02:51] Bootstrap tree #87, logLikelihood: -2714.751745
[00:02:52] Bootstrap tree #88, logLikelihood: -3038.725963
[00:02:54] Bootstrap tree #89, logLikelihood: -3087.205958
[00:02:55] Bootstrap tree #90, logLikelihood: -3147.427127
[00:02:57] Bootstrap tree #91, logLikelihood: -2683.160852
[00:02:58] Bootstrap tree #92, logLikelihood: -3287.194535
[00:03:00] Bootstrap tree #93, logLikelihood: -2809.671564
[00:03:01] Bootstrap tree #94, logLikelihood: -2906.838794
[00:03:03] Bootstrap tree #95, logLikelihood: -3118.397297
[00:03:04] Bootstrap tree #96, logLikelihood: -2520.608528
[00:03:06] Bootstrap tree #97, logLikelihood: -2972.079072
[00:03:07] Bootstrap tree #98, logLikelihood: -3089.669772
[00:03:08] Bootstrap tree #99, logLikelihood: -3108.940813
[00:03:10] Bootstrap tree #100, logLikelihood: -2791.529564
[00:03:11] Bootstrap tree #101, logLikelihood: -3018.914317
[00:03:13] Bootstrap tree #102, logLikelihood: -3101.422540
[00:03:15] Bootstrap tree #103, logLikelihood: -3348.041978
[00:03:16] Bootstrap tree #104, logLikelihood: -2868.866679
[00:03:18] Bootstrap tree #105, logLikelihood: -3092.245963
[00:03:19] Bootstrap tree #106, logLikelihood: -2868.483836
[00:03:21] Bootstrap tree #107, logLikelihood: -3158.910099
[00:03:22] Bootstrap tree #108, logLikelihood: -3204.398170
[00:03:24] Bootstrap tree #109, logLikelihood: -3083.385731
[00:03:25] Bootstrap tree #110, logLikelihood: -3232.554395
[00:03:28] Bootstrap tree #111, logLikelihood: -3128.515051
[00:03:29] Bootstrap tree #112, logLikelihood: -2981.462518
[00:03:31] Bootstrap tree #113, logLikelihood: -2619.798009
[00:03:33] Bootstrap tree #114, logLikelihood: -2742.946708
[00:03:34] Bootstrap tree #115, logLikelihood: -3130.389514
[00:03:36] Bootstrap tree #116, logLikelihood: -2863.777100
[00:03:37] Bootstrap tree #117, logLikelihood: -2877.051447
[00:03:39] Bootstrap tree #118, logLikelihood: -3396.515135
[00:03:40] Bootstrap tree #119, logLikelihood: -3087.959922
[00:03:42] Bootstrap tree #120, logLikelihood: -2891.200253
[00:03:44] Bootstrap tree #121, logLikelihood: -3262.582094
[00:03:49] Bootstrap tree #122, logLikelihood: -3108.474903
[00:03:51] Bootstrap tree #123, logLikelihood: -2962.194968
[00:03:53] Bootstrap tree #124, logLikelihood: -2800.581447
[00:03:54] Bootstrap tree #125, logLikelihood: -3129.517885
[00:03:55] Bootstrap tree #126, logLikelihood: -3089.996646
[00:03:57] Bootstrap tree #127, logLikelihood: -3011.987991
[00:03:58] Bootstrap tree #128, logLikelihood: -2784.137966
[00:03:59] Bootstrap tree #129, logLikelihood: -3001.864885
[00:04:01] Bootstrap tree #130, logLikelihood: -3062.875281
[00:04:02] Bootstrap tree #131, logLikelihood: -3003.591458
[00:04:04] Bootstrap tree #132, logLikelihood: -3087.989874
[00:04:05] Bootstrap tree #133, logLikelihood: -2852.909006
[00:04:07] Bootstrap tree #134, logLikelihood: -3093.223668
[00:04:09] Bootstrap tree #135, logLikelihood: -3123.994202
[00:04:10] Bootstrap tree #136, logLikelihood: -3125.239971
[00:04:12] Bootstrap tree #137, logLikelihood: -3081.980253
[00:04:13] Bootstrap tree #138, logLikelihood: -2883.966193
[00:04:19] Bootstrap tree #139, logLikelihood: -2867.498136
[00:04:20] Bootstrap tree #140, logLikelihood: -3003.883869
[00:04:22] Bootstrap tree #141, logLikelihood: -2981.906749
[00:04:24] Bootstrap tree #142, logLikelihood: -3397.005419
[00:04:25] Bootstrap tree #143, logLikelihood: -3352.860090
[00:04:26] Bootstrap tree #144, logLikelihood: -3059.202574
[00:04:28] Bootstrap tree #145, logLikelihood: -2934.119101
[00:04:30] Bootstrap tree #146, logLikelihood: -3338.045177
[00:04:32] Bootstrap tree #147, logLikelihood: -3144.439423
[00:04:33] Bootstrap tree #148, logLikelihood: -2993.919786
[00:04:35] Bootstrap tree #149, logLikelihood: -2747.359623
[00:04:36] Bootstrap tree #150, logLikelihood: -2868.256843
[00:04:38] Bootstrap tree #151, logLikelihood: -2840.088962
[00:04:39] Bootstrap tree #152, logLikelihood: -3101.362244
[00:04:40] Bootstrap tree #153, logLikelihood: -3411.374088
[00:04:42] Bootstrap tree #154, logLikelihood: -3099.115179
[00:04:43] Bootstrap tree #155, logLikelihood: -3129.792012
[00:04:44] Bootstrap tree #156, logLikelihood: -3022.147687
[00:04:46] Bootstrap tree #157, logLikelihood: -3005.491694
[00:04:47] Bootstrap tree #158, logLikelihood: -3099.461783
[00:04:49] Bootstrap tree #159, logLikelihood: -2872.825964
[00:04:50] Bootstrap tree #160, logLikelihood: -3175.314235
[00:04:52] Bootstrap tree #161, logLikelihood: -3011.807658
[00:04:53] Bootstrap tree #162, logLikelihood: -3512.336593
[00:04:55] Bootstrap tree #163, logLikelihood: -2985.507139
[00:04:57] Bootstrap tree #164, logLikelihood: -2934.845144
[00:04:58] Bootstrap tree #165, logLikelihood: -2889.493249
[00:05:00] Bootstrap tree #166, logLikelihood: -3054.294587
[00:05:01] Bootstrap tree #167, logLikelihood: -2919.882108
[00:05:03] Bootstrap tree #168, logLikelihood: -2736.521614
[00:05:04] Bootstrap tree #169, logLikelihood: -2810.893578
[00:05:06] Bootstrap tree #170, logLikelihood: -2919.378616
[00:05:08] Bootstrap tree #171, logLikelihood: -3166.224959
[00:05:10] Bootstrap tree #172, logLikelihood: -3038.471732
[00:05:11] Bootstrap tree #173, logLikelihood: -3082.714997
[00:05:13] Bootstrap tree #174, logLikelihood: -2804.609706
[00:05:14] Bootstrap tree #175, logLikelihood: -3128.125600
[00:05:16] Bootstrap tree #176, logLikelihood: -2808.380041
[00:05:17] Bootstrap tree #177, logLikelihood: -3027.520775
[00:05:18] Bootstrap tree #178, logLikelihood: -3140.038455
[00:05:20] Bootstrap tree #179, logLikelihood: -2818.420429
[00:05:22] Bootstrap tree #180, logLikelihood: -2635.268227
[00:05:23] Bootstrap tree #181, logLikelihood: -3241.042363
[00:05:25] Bootstrap tree #182, logLikelihood: -3059.976224
[00:05:26] Bootstrap tree #183, logLikelihood: -3321.432436
[00:05:28] Bootstrap tree #184, logLikelihood: -2652.485652
[00:05:30] Bootstrap tree #185, logLikelihood: -3121.194731
[00:05:31] Bootstrap tree #186, logLikelihood: -2904.312472
[00:05:33] Bootstrap tree #187, logLikelihood: -3204.255495
[00:05:34] Bootstrap tree #188, logLikelihood: -3226.631577
[00:05:36] Bootstrap tree #189, logLikelihood: -2833.092477
[00:05:37] Bootstrap tree #190, logLikelihood: -2952.892175
[00:05:39] Bootstrap tree #191, logLikelihood: -3128.263842
[00:05:41] Bootstrap tree #192, logLikelihood: -3012.959140
[00:05:42] Bootstrap tree #193, logLikelihood: -3013.762282
[00:05:44] Bootstrap tree #194, logLikelihood: -3030.487937
[00:05:45] Bootstrap tree #195, logLikelihood: -3005.302158
[00:05:47] Bootstrap tree #196, logLikelihood: -3023.284517
[00:05:48] Bootstrap tree #197, logLikelihood: -3190.375477
[00:05:50] Bootstrap tree #198, logLikelihood: -3001.622981
[00:05:51] Bootstrap tree #199, logLikelihood: -2981.234768
[00:05:53] Bootstrap tree #200, logLikelihood: -3134.489569
[00:05:54] Bootstrap tree #201, logLikelihood: -2975.117301
[00:05:56] Bootstrap tree #202, logLikelihood: -3036.092745
[00:05:57] Bootstrap tree #203, logLikelihood: -2811.701290
[00:05:59] Bootstrap tree #204, logLikelihood: -2821.491564
[00:06:00] Bootstrap tree #205, logLikelihood: -2953.533835
[00:06:02] Bootstrap tree #206, logLikelihood: -2756.252073
[00:06:03] Bootstrap tree #207, logLikelihood: -3121.003906
[00:06:05] Bootstrap tree #208, logLikelihood: -3084.834165
[00:06:07] Bootstrap tree #209, logLikelihood: -3295.858743
[00:06:08] Bootstrap tree #210, logLikelihood: -2873.489818
[00:06:10] Bootstrap tree #211, logLikelihood: -3262.867907
[00:06:11] Bootstrap tree #212, logLikelihood: -2806.519894
[00:06:13] Bootstrap tree #213, logLikelihood: -2738.584820
[00:06:14] Bootstrap tree #214, logLikelihood: -2976.914982
[00:06:16] Bootstrap tree #215, logLikelihood: -2795.368559
[00:06:17] Bootstrap tree #216, logLikelihood: -2949.565821
[00:06:18] Bootstrap tree #217, logLikelihood: -3134.645802
[00:06:20] Bootstrap tree #218, logLikelihood: -3100.472249
[00:06:21] Bootstrap tree #219, logLikelihood: -2934.437412
[00:06:23] Bootstrap tree #220, logLikelihood: -3311.420642
[00:06:24] Bootstrap tree #221, logLikelihood: -3017.469993
[00:06:26] Bootstrap tree #222, logLikelihood: -2985.380512
[00:06:27] Bootstrap tree #223, logLikelihood: -2901.495015
[00:06:29] Bootstrap tree #224, logLikelihood: -3093.564802
[00:06:31] Bootstrap tree #225, logLikelihood: -2903.081232
[00:06:32] Bootstrap tree #226, logLikelihood: -3510.194207
[00:06:34] Bootstrap tree #227, logLikelihood: -3296.101461
[00:06:36] Bootstrap tree #228, logLikelihood: -2948.459981
[00:06:37] Bootstrap tree #229, logLikelihood: -2876.028506
[00:06:39] Bootstrap tree #230, logLikelihood: -3080.813933
[00:06:40] Bootstrap tree #231, logLikelihood: -2960.376080
[00:06:42] Bootstrap tree #232, logLikelihood: -2780.676170
[00:06:44] Bootstrap tree #233, logLikelihood: -3230.558997
[00:06:45] Bootstrap tree #234, logLikelihood: -3067.153139
[00:06:47] Bootstrap tree #235, logLikelihood: -2736.157120
[00:06:49] Bootstrap tree #236, logLikelihood: -2630.970926
[00:06:50] Bootstrap tree #237, logLikelihood: -3139.590168
[00:06:53] Bootstrap tree #238, logLikelihood: -2899.863358
[00:06:55] Bootstrap tree #239, logLikelihood: -2830.810838
[00:06:56] Bootstrap tree #240, logLikelihood: -3025.276752
[00:06:58] Bootstrap tree #241, logLikelihood: -2920.956410
[00:06:59] Bootstrap tree #242, logLikelihood: -2954.628328
[00:07:01] Bootstrap tree #243, logLikelihood: -2814.497965
[00:07:02] Bootstrap tree #244, logLikelihood: -3376.719106
[00:07:04] Bootstrap tree #245, logLikelihood: -3154.095309
[00:07:06] Bootstrap tree #246, logLikelihood: -3127.187474
[00:07:08] Bootstrap tree #247, logLikelihood: -2753.599306
[00:07:09] Bootstrap tree #248, logLikelihood: -2749.672156
[00:07:11] Bootstrap tree #249, logLikelihood: -2780.356900
[00:07:12] Bootstrap tree #250, logLikelihood: -3072.083469
[00:07:14] Bootstrap tree #251, logLikelihood: -2848.369316
[00:07:20] Bootstrap tree #252, logLikelihood: -2999.575197
[00:07:22] Bootstrap tree #253, logLikelihood: -3330.450857
[00:07:28] Bootstrap tree #254, logLikelihood: -3267.188945
[00:07:30] Bootstrap tree #255, logLikelihood: -3028.872881
[00:07:32] Bootstrap tree #256, logLikelihood: -3135.567397
[00:07:33] Bootstrap tree #257, logLikelihood: -2675.133269
[00:07:34] Bootstrap tree #258, logLikelihood: -2938.933935
[00:07:36] Bootstrap tree #259, logLikelihood: -3051.938101
[00:07:37] Bootstrap tree #260, logLikelihood: -2622.268061
[00:07:39] Bootstrap tree #261, logLikelihood: -3048.144467
[00:07:40] Bootstrap tree #262, logLikelihood: -3223.822680
[00:07:42] Bootstrap tree #263, logLikelihood: -3274.424077
[00:07:44] Bootstrap tree #264, logLikelihood: -2704.105208
[00:07:45] Bootstrap tree #265, logLikelihood: -2903.515948
[00:07:47] Bootstrap tree #266, logLikelihood: -3266.404305
[00:07:48] Bootstrap tree #267, logLikelihood: -3021.793407
[00:07:50] Bootstrap tree #268, logLikelihood: -2931.233121
[00:07:52] Bootstrap tree #269, logLikelihood: -2910.061072
[00:07:58] Bootstrap tree #270, logLikelihood: -2995.559737
[00:07:59] Bootstrap tree #271, logLikelihood: -2953.290023
[00:08:01] Bootstrap tree #272, logLikelihood: -3002.064706
[00:08:03] Bootstrap tree #273, logLikelihood: -3150.062354
[00:08:04] Bootstrap tree #274, logLikelihood: -2973.755964
[00:08:05] Bootstrap tree #275, logLikelihood: -3074.926557
[00:08:07] Bootstrap tree #276, logLikelihood: -2780.189816
[00:08:08] Bootstrap tree #277, logLikelihood: -3048.097487
[00:08:10] Bootstrap tree #278, logLikelihood: -3019.861742
[00:08:12] Bootstrap tree #279, logLikelihood: -3196.314538
[00:08:13] Bootstrap tree #280, logLikelihood: -2986.186321
[00:08:15] Bootstrap tree #281, logLikelihood: -2874.105117
[00:08:16] Bootstrap tree #282, logLikelihood: -2906.938807
[00:08:18] Bootstrap tree #283, logLikelihood: -3005.286273
[00:08:19] Bootstrap tree #284, logLikelihood: -3216.358365
[00:08:21] Bootstrap tree #285, logLikelihood: -2872.888379
[00:08:22] Bootstrap tree #286, logLikelihood: -2967.226446
[00:08:24] Bootstrap tree #287, logLikelihood: -3082.421328
[00:08:25] Bootstrap tree #288, logLikelihood: -3079.928866
[00:08:27] Bootstrap tree #289, logLikelihood: -3095.925735
[00:08:29] Bootstrap tree #290, logLikelihood: -3013.282050
[00:08:30] Bootstrap tree #291, logLikelihood: -2714.655415
[00:08:32] Bootstrap tree #292, logLikelihood: -3031.817889
[00:08:33] Bootstrap tree #293, logLikelihood: -2868.785652
[00:08:35] Bootstrap tree #294, logLikelihood: -3112.949825
[00:08:37] Bootstrap tree #295, logLikelihood: -3202.469971
[00:08:38] Bootstrap tree #296, logLikelihood: -2954.887187
[00:08:40] Bootstrap tree #297, logLikelihood: -2964.732101
[00:08:41] Bootstrap tree #298, logLikelihood: -2976.265958
[00:08:42] Bootstrap tree #299, logLikelihood: -3035.048305
[00:08:44] Bootstrap tree #300, logLikelihood: -3236.830222
[00:08:46] Bootstrap tree #301, logLikelihood: -3089.190899
[00:08:47] Bootstrap tree #302, logLikelihood: -2749.639933
[00:08:49] Bootstrap tree #303, logLikelihood: -2889.302076
[00:08:51] Bootstrap tree #304, logLikelihood: -3108.838672
[00:08:53] Bootstrap tree #305, logLikelihood: -3042.419133
[00:08:55] Bootstrap tree #306, logLikelihood: -2727.468226
[00:08:56] Bootstrap tree #307, logLikelihood: -3133.904998
[00:08:57] Bootstrap tree #308, logLikelihood: -2855.901433
[00:08:59] Bootstrap tree #309, logLikelihood: -2763.114488
[00:09:00] Bootstrap tree #310, logLikelihood: -3294.906943
[00:09:02] Bootstrap tree #311, logLikelihood: -3181.445468
[00:09:03] Bootstrap tree #312, logLikelihood: -3083.750131
[00:09:05] Bootstrap tree #313, logLikelihood: -3307.351321
[00:09:06] Bootstrap tree #314, logLikelihood: -3167.600521
[00:09:08] Bootstrap tree #315, logLikelihood: -2633.576415
[00:09:09] Bootstrap tree #316, logLikelihood: -2626.923936
[00:09:11] Bootstrap tree #317, logLikelihood: -3001.908200
[00:09:12] Bootstrap tree #318, logLikelihood: -2927.394032
[00:09:14] Bootstrap tree #319, logLikelihood: -2928.730536
[00:09:16] Bootstrap tree #320, logLikelihood: -3052.066603
[00:09:17] Bootstrap tree #321, logLikelihood: -3012.560471
[00:09:18] Bootstrap tree #322, logLikelihood: -2641.229821
[00:09:20] Bootstrap tree #323, logLikelihood: -3098.745385
[00:09:21] Bootstrap tree #324, logLikelihood: -2584.790231
[00:09:23] Bootstrap tree #325, logLikelihood: -3055.788572
[00:09:24] Bootstrap tree #326, logLikelihood: -2935.569477
[00:09:26] Bootstrap tree #327, logLikelihood: -2997.231810
[00:09:28] Bootstrap tree #328, logLikelihood: -3055.436519
[00:09:29] Bootstrap tree #329, logLikelihood: -2808.856926
[00:09:31] Bootstrap tree #330, logLikelihood: -3157.388544
[00:09:33] Bootstrap tree #331, logLikelihood: -3043.144932
[00:09:34] Bootstrap tree #332, logLikelihood: -2996.823440
[00:09:36] Bootstrap tree #333, logLikelihood: -2944.300595
[00:09:38] Bootstrap tree #334, logLikelihood: -3088.863780
[00:09:40] Bootstrap tree #335, logLikelihood: -2987.364108
[00:09:42] Bootstrap tree #336, logLikelihood: -2900.697084
[00:09:43] Bootstrap tree #337, logLikelihood: -3180.466569
[00:09:45] Bootstrap tree #338, logLikelihood: -3037.154568
[00:09:47] Bootstrap tree #339, logLikelihood: -3037.458861
[00:09:49] Bootstrap tree #340, logLikelihood: -2987.186520
[00:09:50] Bootstrap tree #341, logLikelihood: -2942.025744
[00:09:52] Bootstrap tree #342, logLikelihood: -3169.054911
[00:09:53] Bootstrap tree #343, logLikelihood: -2801.118013
[00:09:55] Bootstrap tree #344, logLikelihood: -2759.484132
[00:09:56] Bootstrap tree #345, logLikelihood: -3377.683611
[00:09:58] Bootstrap tree #346, logLikelihood: -3040.055531
[00:09:59] Bootstrap tree #347, logLikelihood: -2803.572563
[00:10:01] Bootstrap tree #348, logLikelihood: -3012.868921
[00:10:02] Bootstrap tree #349, logLikelihood: -3264.414424
[00:10:04] Bootstrap tree #350, logLikelihood: -2790.112382
[00:10:06] Bootstrap tree #351, logLikelihood: -2833.737081
[00:10:07] Bootstrap tree #352, logLikelihood: -3104.490735
[00:10:09] Bootstrap tree #353, logLikelihood: -3239.572779
[00:10:11] Bootstrap tree #354, logLikelihood: -3231.064955
[00:10:12] Bootstrap tree #355, logLikelihood: -2983.430190
[00:10:14] Bootstrap tree #356, logLikelihood: -3201.755845
[00:10:16] Bootstrap tree #357, logLikelihood: -3283.067792
[00:10:17] Bootstrap tree #358, logLikelihood: -3078.717369
[00:10:19] Bootstrap tree #359, logLikelihood: -2744.921760
[00:10:20] Bootstrap tree #360, logLikelihood: -2964.727875
[00:10:22] Bootstrap tree #361, logLikelihood: -2687.208398
[00:10:24] Bootstrap tree #362, logLikelihood: -3111.142209
[00:10:25] Bootstrap tree #363, logLikelihood: -2946.704511
[00:10:27] Bootstrap tree #364, logLikelihood: -2945.129119
[00:10:28] Bootstrap tree #365, logLikelihood: -3233.315564
[00:10:30] Bootstrap tree #366, logLikelihood: -2910.499650
[00:10:31] Bootstrap tree #367, logLikelihood: -2952.503845
[00:10:33] Bootstrap tree #368, logLikelihood: -2974.659132
[00:10:35] Bootstrap tree #369, logLikelihood: -3291.563475
[00:10:37] Bootstrap tree #370, logLikelihood: -3063.376769
[00:10:38] Bootstrap tree #371, logLikelihood: -3016.904956
[00:10:45] Bootstrap tree #372, logLikelihood: -2990.479925
[00:10:46] Bootstrap tree #373, logLikelihood: -2872.793443
[00:10:48] Bootstrap tree #374, logLikelihood: -2861.369282
[00:10:50] Bootstrap tree #375, logLikelihood: -3128.828269
[00:10:51] Bootstrap tree #376, logLikelihood: -3026.268544
[00:10:53] Bootstrap tree #377, logLikelihood: -3055.311103
[00:10:55] Bootstrap tree #378, logLikelihood: -3354.843122
[00:10:56] Bootstrap tree #379, logLikelihood: -2922.677068
[00:10:58] Bootstrap tree #380, logLikelihood: -2966.794557
[00:11:00] Bootstrap tree #381, logLikelihood: -3188.276606
[00:11:02] Bootstrap tree #382, logLikelihood: -3040.175266
[00:11:03] Bootstrap tree #383, logLikelihood: -2815.854034
[00:11:05] Bootstrap tree #384, logLikelihood: -3438.170369
[00:11:06] Bootstrap tree #385, logLikelihood: -2774.909627
[00:11:08] Bootstrap tree #386, logLikelihood: -3137.762503
[00:11:14] Bootstrap tree #387, logLikelihood: -3068.988463
[00:11:16] Bootstrap tree #388, logLikelihood: -3027.425739
[00:11:17] Bootstrap tree #389, logLikelihood: -2991.191357
[00:11:19] Bootstrap tree #390, logLikelihood: -2837.627289
[00:11:20] Bootstrap tree #391, logLikelihood: -3218.033136
[00:11:22] Bootstrap tree #392, logLikelihood: -2783.260985
[00:11:24] Bootstrap tree #393, logLikelihood: -3169.119493
[00:11:26] Bootstrap tree #394, logLikelihood: -2741.465259
[00:11:27] Bootstrap tree #395, logLikelihood: -3042.631314
[00:11:29] Bootstrap tree #396, logLikelihood: -3181.896010
[00:11:31] Bootstrap tree #397, logLikelihood: -2903.606508
[00:11:33] Bootstrap tree #398, logLikelihood: -3011.684532
[00:11:35] Bootstrap tree #399, logLikelihood: -3194.372177
[00:11:36] Bootstrap tree #400, logLikelihood: -3063.243019
[00:11:38] Bootstrap tree #401, logLikelihood: -3153.506628
[00:11:40] Bootstrap tree #402, logLikelihood: -3079.215853
[00:11:42] Bootstrap tree #403, logLikelihood: -2990.244138
[00:11:43] Bootstrap tree #404, logLikelihood: -3048.860257
[00:11:45] Bootstrap tree #405, logLikelihood: -2886.885157
[00:11:46] Bootstrap tree #406, logLikelihood: -2703.024248
[00:11:48] Bootstrap tree #407, logLikelihood: -3233.934932
[00:11:50] Bootstrap tree #408, logLikelihood: -3021.632390
[00:11:51] Bootstrap tree #409, logLikelihood: -2644.890341
[00:11:53] Bootstrap tree #410, logLikelihood: -3215.728491
[00:11:55] Bootstrap tree #411, logLikelihood: -2930.840601
[00:11:57] Bootstrap tree #412, logLikelihood: -2859.892344
[00:11:58] Bootstrap tree #413, logLikelihood: -2776.509237
[00:12:00] Bootstrap tree #414, logLikelihood: -3190.426540
[00:12:02] Bootstrap tree #415, logLikelihood: -2927.398550
[00:12:04] Bootstrap tree #416, logLikelihood: -3007.201854
[00:12:06] Bootstrap tree #417, logLikelihood: -2861.353996
[00:12:08] Bootstrap tree #418, logLikelihood: -2929.899896
[00:12:09] Bootstrap tree #419, logLikelihood: -2864.912384
[00:12:11] Bootstrap tree #420, logLikelihood: -2958.129789
[00:12:13] Bootstrap tree #421, logLikelihood: -3148.749545
[00:12:14] Bootstrap tree #422, logLikelihood: -3183.073226
[00:12:16] Bootstrap tree #423, logLikelihood: -3182.357643
[00:12:17] Bootstrap tree #424, logLikelihood: -2692.654080
[00:12:19] Bootstrap tree #425, logLikelihood: -2866.176613
[00:12:21] Bootstrap tree #426, logLikelihood: -3148.263142
[00:12:23] Bootstrap tree #427, logLikelihood: -2981.128318
[00:12:24] Bootstrap tree #428, logLikelihood: -2855.376336
[00:12:26] Bootstrap tree #429, logLikelihood: -3094.249885
[00:12:27] Bootstrap tree #430, logLikelihood: -3073.381243
[00:12:29] Bootstrap tree #431, logLikelihood: -3121.438196
[00:12:31] Bootstrap tree #432, logLikelihood: -3275.826583
[00:12:32] Bootstrap tree #433, logLikelihood: -3149.377221
[00:12:34] Bootstrap tree #434, logLikelihood: -2923.823142
[00:12:36] Bootstrap tree #435, logLikelihood: -3053.157862
[00:12:37] Bootstrap tree #436, logLikelihood: -3087.584859
[00:12:39] Bootstrap tree #437, logLikelihood: -2874.218366
[00:12:41] Bootstrap tree #438, logLikelihood: -3214.680294
[00:12:42] Bootstrap tree #439, logLikelihood: -3021.441814
[00:12:44] Bootstrap tree #440, logLikelihood: -2931.260862
[00:12:45] Bootstrap tree #441, logLikelihood: -2852.455372
[00:12:47] Bootstrap tree #442, logLikelihood: -3276.225345
[00:12:49] Bootstrap tree #443, logLikelihood: -2944.302667
[00:12:50] Bootstrap tree #444, logLikelihood: -3012.689870
[00:12:52] Bootstrap tree #445, logLikelihood: -3024.019469
[00:12:53] Bootstrap tree #446, logLikelihood: -2878.285871
[00:12:55] Bootstrap tree #447, logLikelihood: -2939.942227
[00:12:56] Bootstrap tree #448, logLikelihood: -3123.196334
[00:12:58] Bootstrap tree #449, logLikelihood: -2898.502463
[00:13:00] Bootstrap tree #450, logLikelihood: -3079.673648
[00:13:02] Bootstrap tree #451, logLikelihood: -2901.179981
[00:13:03] Bootstrap tree #452, logLikelihood: -3048.631789
[00:13:05] Bootstrap tree #453, logLikelihood: -2931.892622
[00:13:07] Bootstrap tree #454, logLikelihood: -3057.647350
[00:13:08] Bootstrap tree #455, logLikelihood: -3026.459309
[00:13:10] Bootstrap tree #456, logLikelihood: -2716.246928
[00:13:12] Bootstrap tree #457, logLikelihood: -3269.807690
[00:13:14] Bootstrap tree #458, logLikelihood: -3246.982614
[00:13:15] Bootstrap tree #459, logLikelihood: -2942.426655
[00:13:17] Bootstrap tree #460, logLikelihood: -2755.406923
[00:13:19] Bootstrap tree #461, logLikelihood: -2799.792773
[00:13:20] Bootstrap tree #462, logLikelihood: -2730.998435
[00:13:22] Bootstrap tree #463, logLikelihood: -2906.670953
[00:13:23] Bootstrap tree #464, logLikelihood: -3035.499092
[00:13:25] Bootstrap tree #465, logLikelihood: -3079.279078
[00:13:27] Bootstrap tree #466, logLikelihood: -2788.258845
[00:13:29] Bootstrap tree #467, logLikelihood: -3256.539073
[00:13:31] Bootstrap tree #468, logLikelihood: -3233.586552
[00:13:33] Bootstrap tree #469, logLikelihood: -3088.344339
[00:13:34] Bootstrap tree #470, logLikelihood: -2941.663141
[00:13:36] Bootstrap tree #471, logLikelihood: -2789.530662
[00:13:37] Bootstrap tree #472, logLikelihood: -3035.712478
[00:13:39] Bootstrap tree #473, logLikelihood: -2979.297953
[00:13:41] Bootstrap tree #474, logLikelihood: -3067.551237
[00:13:43] Bootstrap tree #475, logLikelihood: -3018.187346
[00:13:44] Bootstrap tree #476, logLikelihood: -2999.240909
[00:13:46] Bootstrap tree #477, logLikelihood: -3251.673125
[00:13:48] Bootstrap tree #478, logLikelihood: -3292.482812
[00:13:49] Bootstrap tree #479, logLikelihood: -2775.914836
[00:13:51] Bootstrap tree #480, logLikelihood: -3278.836468
[00:13:53] Bootstrap tree #481, logLikelihood: -3103.628418
[00:13:54] Bootstrap tree #482, logLikelihood: -3226.540410
[00:13:56] Bootstrap tree #483, logLikelihood: -3059.488387
[00:13:57] Bootstrap tree #484, logLikelihood: -2866.701532
[00:13:59] Bootstrap tree #485, logLikelihood: -2974.181234
[00:14:01] Bootstrap tree #486, logLikelihood: -2725.652592
[00:14:02] Bootstrap tree #487, logLikelihood: -3016.518246
[00:14:04] Bootstrap tree #488, logLikelihood: -2858.421201
[00:14:05] Bootstrap tree #489, logLikelihood: -3026.404248
[00:14:07] Bootstrap tree #490, logLikelihood: -3157.233583
[00:14:09] Bootstrap tree #491, logLikelihood: -3250.491565
[00:14:10] Bootstrap tree #492, logLikelihood: -2853.327608
[00:14:12] Bootstrap tree #493, logLikelihood: -2705.711982
[00:14:13] Bootstrap tree #494, logLikelihood: -3337.702349
[00:14:15] Bootstrap tree #495, logLikelihood: -3135.193568
[00:14:17] Bootstrap tree #496, logLikelihood: -2963.755003
[00:14:19] Bootstrap tree #497, logLikelihood: -2839.871019
[00:14:24] Bootstrap tree #498, logLikelihood: -2935.690664
[00:14:26] Bootstrap tree #499, logLikelihood: -2865.400745
[00:14:28] Bootstrap tree #500, logLikelihood: -2898.392034
[00:14:29] Bootstrap tree #501, logLikelihood: -2794.333723
[00:14:31] Bootstrap tree #502, logLikelihood: -2988.796798
[00:14:33] Bootstrap tree #503, logLikelihood: -2965.694020
[00:14:34] Bootstrap tree #504, logLikelihood: -2757.084394
[00:14:36] Bootstrap tree #505, logLikelihood: -2772.176379
[00:14:37] Bootstrap tree #506, logLikelihood: -3003.723390
[00:14:39] Bootstrap tree #507, logLikelihood: -2616.795358
[00:14:41] Bootstrap tree #508, logLikelihood: -2818.843657
[00:14:43] Bootstrap tree #509, logLikelihood: -3161.770455
[00:14:45] Bootstrap tree #510, logLikelihood: -2813.280248
[00:14:47] Bootstrap tree #511, logLikelihood: -3366.830957
[00:14:48] Bootstrap tree #512, logLikelihood: -2854.712905
[00:14:50] Bootstrap tree #513, logLikelihood: -3085.001456
[00:14:52] Bootstrap tree #514, logLikelihood: -2827.323797
[00:14:54] Bootstrap tree #515, logLikelihood: -3022.749576
[00:14:55] Bootstrap tree #516, logLikelihood: -3018.745516
[00:14:57] Bootstrap tree #517, logLikelihood: -2803.145422
[00:14:58] Bootstrap tree #518, logLikelihood: -2926.968901
[00:15:00] Bootstrap tree #519, logLikelihood: -2724.351635
[00:15:02] Bootstrap tree #520, logLikelihood: -3190.498095
[00:15:04] Bootstrap tree #521, logLikelihood: -3230.748149
[00:15:05] Bootstrap tree #522, logLikelihood: -3207.989743
[00:15:07] Bootstrap tree #523, logLikelihood: -2962.105533
[00:15:09] Bootstrap tree #524, logLikelihood: -2874.510245
[00:15:10] Bootstrap tree #525, logLikelihood: -2861.713258
[00:15:12] Bootstrap tree #526, logLikelihood: -2763.872016
[00:15:14] Bootstrap tree #527, logLikelihood: -3017.525717
[00:15:16] Bootstrap tree #528, logLikelihood: -3070.703562
[00:15:17] Bootstrap tree #529, logLikelihood: -3227.268979
[00:15:19] Bootstrap tree #530, logLikelihood: -2950.437798
[00:15:21] Bootstrap tree #531, logLikelihood: -3016.922158
[00:15:23] Bootstrap tree #532, logLikelihood: -2886.690639
[00:15:24] Bootstrap tree #533, logLikelihood: -3047.632735
[00:15:26] Bootstrap tree #534, logLikelihood: -2950.623267
[00:15:28] Bootstrap tree #535, logLikelihood: -3155.315133
[00:15:34] Bootstrap tree #536, logLikelihood: -2958.980431
[00:15:36] Bootstrap tree #537, logLikelihood: -2830.994886
[00:15:38] Bootstrap tree #538, logLikelihood: -3277.648068
[00:15:39] Bootstrap tree #539, logLikelihood: -3098.069795
[00:15:41] Bootstrap tree #540, logLikelihood: -3133.454898
[00:15:43] Bootstrap tree #541, logLikelihood: -3131.031910
[00:15:45] Bootstrap tree #542, logLikelihood: -3173.091908
[00:15:48] Bootstrap tree #543, logLikelihood: -3222.901350
[00:15:50] Bootstrap tree #544, logLikelihood: -2944.524060
[00:15:51] Bootstrap tree #545, logLikelihood: -3047.809798
[00:15:53] Bootstrap tree #546, logLikelihood: -3030.058525
[00:15:54] Bootstrap tree #547, logLikelihood: -2843.272623
[00:15:56] Bootstrap tree #548, logLikelihood: -2963.968243
[00:15:58] Bootstrap tree #549, logLikelihood: -3029.001956
[00:15:59] Bootstrap tree #550, logLikelihood: -3091.734478
[00:16:01] Bootstrap tree #551, logLikelihood: -3073.683057
[00:16:03] Bootstrap tree #552, logLikelihood: -3132.347541
[00:16:05] Bootstrap tree #553, logLikelihood: -3001.223792
[00:16:07] Bootstrap tree #554, logLikelihood: -3093.749941
[00:16:09] Bootstrap tree #555, logLikelihood: -2678.749240
[00:16:10] Bootstrap tree #556, logLikelihood: -2756.822132
[00:16:12] Bootstrap tree #557, logLikelihood: -3079.491211
[00:16:13] Bootstrap tree #558, logLikelihood: -3071.765330
[00:16:15] Bootstrap tree #559, logLikelihood: -2516.998943
[00:16:17] Bootstrap tree #560, logLikelihood: -2821.199252
[00:16:19] Bootstrap tree #561, logLikelihood: -2544.220786
[00:16:21] Bootstrap tree #562, logLikelihood: -2831.396837
[00:16:23] Bootstrap tree #563, logLikelihood: -3097.627948
[00:16:24] Bootstrap tree #564, logLikelihood: -3036.309574
[00:16:26] Bootstrap tree #565, logLikelihood: -3340.268102
[00:16:28] Bootstrap tree #566, logLikelihood: -2838.504971
[00:16:29] Bootstrap tree #567, logLikelihood: -2834.146283
[00:16:31] Bootstrap tree #568, logLikelihood: -3086.854116
[00:16:32] Bootstrap tree #569, logLikelihood: -2971.184261
[00:16:34] Bootstrap tree #570, logLikelihood: -3159.983324
[00:16:36] Bootstrap tree #571, logLikelihood: -3172.089212
[00:16:37] Bootstrap tree #572, logLikelihood: -2759.137594
[00:16:39] Bootstrap tree #573, logLikelihood: -3122.236434
[00:16:41] Bootstrap tree #574, logLikelihood: -2912.411167
[00:16:44] Bootstrap tree #575, logLikelihood: -3065.960415
[00:16:46] Bootstrap tree #576, logLikelihood: -2856.607690
[00:16:48] Bootstrap tree #577, logLikelihood: -2959.196937
[00:16:49] Bootstrap tree #578, logLikelihood: -2767.312088
[00:16:51] Bootstrap tree #579, logLikelihood: -2892.381780
[00:16:53] Bootstrap tree #580, logLikelihood: -2967.764067
[00:16:55] Bootstrap tree #581, logLikelihood: -2994.776779
[00:16:57] Bootstrap tree #582, logLikelihood: -2965.686561
[00:16:59] Bootstrap tree #583, logLikelihood: -3005.329482
[00:17:00] Bootstrap tree #584, logLikelihood: -2835.119733
[00:17:03] Bootstrap tree #585, logLikelihood: -3000.670999
[00:17:05] Bootstrap tree #586, logLikelihood: -2988.492758
[00:17:06] Bootstrap tree #587, logLikelihood: -2974.960350
[00:17:08] Bootstrap tree #588, logLikelihood: -3075.972378
[00:17:10] Bootstrap tree #589, logLikelihood: -3014.108262
[00:17:12] Bootstrap tree #590, logLikelihood: -3062.743773
[00:17:14] Bootstrap tree #591, logLikelihood: -3032.229921
[00:17:15] Bootstrap tree #592, logLikelihood: -2748.832045
[00:17:17] Bootstrap tree #593, logLikelihood: -2838.442105
[00:17:18] Bootstrap tree #594, logLikelihood: -3192.745868
[00:17:20] Bootstrap tree #595, logLikelihood: -3025.227000
[00:17:22] Bootstrap tree #596, logLikelihood: -3081.694746
[00:17:24] Bootstrap tree #597, logLikelihood: -3075.469931
[00:17:26] Bootstrap tree #598, logLikelihood: -3258.666913
[00:17:28] Bootstrap tree #599, logLikelihood: -3062.867553
[00:17:29] Bootstrap tree #600, logLikelihood: -2750.403843
[00:17:31] Bootstrap tree #601, logLikelihood: -2845.472416
[00:17:33] Bootstrap tree #602, logLikelihood: -2843.833273
[00:17:35] Bootstrap tree #603, logLikelihood: -2950.885541
[00:17:37] Bootstrap tree #604, logLikelihood: -3079.335822
[00:17:39] Bootstrap tree #605, logLikelihood: -3050.494576
[00:17:41] Bootstrap tree #606, logLikelihood: -3042.467916
[00:17:43] Bootstrap tree #607, logLikelihood: -2780.737443
[00:17:44] Bootstrap tree #608, logLikelihood: -3078.912562
[00:17:46] Bootstrap tree #609, logLikelihood: -2826.282271
[00:17:48] Bootstrap tree #610, logLikelihood: -2865.054595
[00:17:49] Bootstrap tree #611, logLikelihood: -2906.528956
[00:17:51] Bootstrap tree #612, logLikelihood: -2890.958946
[00:17:53] Bootstrap tree #613, logLikelihood: -3126.867019
[00:17:54] Bootstrap tree #614, logLikelihood: -2894.042970
[00:17:56] Bootstrap tree #615, logLikelihood: -2884.893076
[00:17:59] Bootstrap tree #616, logLikelihood: -2921.066941
[00:18:01] Bootstrap tree #617, logLikelihood: -2716.508491
[00:18:02] Bootstrap tree #618, logLikelihood: -3029.581540
[00:18:04] Bootstrap tree #619, logLikelihood: -2940.799488
[00:18:06] Bootstrap tree #620, logLikelihood: -3194.638592
[00:18:08] Bootstrap tree #621, logLikelihood: -3107.703567
[00:18:09] Bootstrap tree #622, logLikelihood: -2972.874528
[00:18:11] Bootstrap tree #623, logLikelihood: -3079.473397
[00:18:13] Bootstrap tree #624, logLikelihood: -2970.053015
[00:18:15] Bootstrap tree #625, logLikelihood: -3100.603103
[00:18:17] Bootstrap tree #626, logLikelihood: -2892.592435
[00:18:19] Bootstrap tree #627, logLikelihood: -3176.379903
[00:18:20] Bootstrap tree #628, logLikelihood: -2804.381974
[00:18:22] Bootstrap tree #629, logLikelihood: -2502.233950
[00:18:23] Bootstrap tree #630, logLikelihood: -3087.736764
[00:18:25] Bootstrap tree #631, logLikelihood: -2734.587539
[00:18:28] Bootstrap tree #632, logLikelihood: -2993.471143
[00:18:29] Bootstrap tree #633, logLikelihood: -2905.682632
[00:18:31] Bootstrap tree #634, logLikelihood: -2946.494606
[00:18:33] Bootstrap tree #635, logLikelihood: -3134.717847
[00:18:34] Bootstrap tree #636, logLikelihood: -3126.938196
[00:18:36] Bootstrap tree #637, logLikelihood: -2972.374194
[00:18:38] Bootstrap tree #638, logLikelihood: -3001.584951
[00:18:40] Bootstrap tree #639, logLikelihood: -3220.408744
[00:18:41] Bootstrap tree #640, logLikelihood: -2988.697509
[00:18:43] Bootstrap tree #641, logLikelihood: -3109.690350
[00:18:45] Bootstrap tree #642, logLikelihood: -2902.154155
[00:18:47] Bootstrap tree #643, logLikelihood: -3050.654401
[00:18:48] Bootstrap tree #644, logLikelihood: -3250.117819
[00:18:50] Bootstrap tree #645, logLikelihood: -2891.524035
[00:18:57] Bootstrap tree #646, logLikelihood: -2946.109862
[00:18:58] Bootstrap tree #647, logLikelihood: -3055.682932
[00:19:00] Bootstrap tree #648, logLikelihood: -2795.877945
[00:19:02] Bootstrap tree #649, logLikelihood: -2918.064699
[00:19:03] Bootstrap tree #650, logLikelihood: -3006.756933
[00:19:06] Bootstrap tree #651, logLikelihood: -2836.624470
[00:19:07] Bootstrap tree #652, logLikelihood: -2875.571810
[00:19:09] Bootstrap tree #653, logLikelihood: -2979.028401
[00:19:11] Bootstrap tree #654, logLikelihood: -3076.489390
[00:19:13] Bootstrap tree #655, logLikelihood: -2859.563722
[00:19:14] Bootstrap tree #656, logLikelihood: -2570.018296
[00:19:16] Bootstrap tree #657, logLikelihood: -2742.237911
[00:19:18] Bootstrap tree #658, logLikelihood: -3325.188933
[00:19:20] Bootstrap tree #659, logLikelihood: -2860.811680
[00:19:22] Bootstrap tree #660, logLikelihood: -2692.938277
[00:19:23] Bootstrap tree #661, logLikelihood: -3076.322068
[00:19:25] Bootstrap tree #662, logLikelihood: -2835.293090
[00:19:27] Bootstrap tree #663, logLikelihood: -3210.806220
[00:19:28] Bootstrap tree #664, logLikelihood: -2817.412973
[00:19:30] Bootstrap tree #665, logLikelihood: -2897.347435
[00:19:32] Bootstrap tree #666, logLikelihood: -2808.532038
[00:19:34] Bootstrap tree #667, logLikelihood: -3075.625554
[00:19:35] Bootstrap tree #668, logLikelihood: -3147.207009
[00:19:37] Bootstrap tree #669, logLikelihood: -3023.696493
[00:19:39] Bootstrap tree #670, logLikelihood: -2806.140427
[00:19:40] Bootstrap tree #671, logLikelihood: -2632.135293
[00:19:42] Bootstrap tree #672, logLikelihood: -2962.479541
[00:19:48] Bootstrap tree #673, logLikelihood: -2983.052758
[00:19:49] Bootstrap tree #674, logLikelihood: -2769.822420
[00:19:51] Bootstrap tree #675, logLikelihood: -3031.584242
[00:19:53] Bootstrap tree #676, logLikelihood: -3010.262760
[00:19:55] Bootstrap tree #677, logLikelihood: -2980.498199
[00:19:56] Bootstrap tree #678, logLikelihood: -3095.312484
[00:19:58] Bootstrap tree #679, logLikelihood: -2928.027691
[00:20:00] Bootstrap tree #680, logLikelihood: -2947.088141
[00:20:02] Bootstrap tree #681, logLikelihood: -3147.431739
[00:20:03] Bootstrap tree #682, logLikelihood: -3293.369198
[00:20:05] Bootstrap tree #683, logLikelihood: -2949.238585
[00:20:07] Bootstrap tree #684, logLikelihood: -2824.462788
[00:20:09] Bootstrap tree #685, logLikelihood: -3013.968377
[00:20:12] Bootstrap tree #686, logLikelihood: -3079.400102
[00:20:14] Bootstrap tree #687, logLikelihood: -3228.816662
[00:20:16] Bootstrap tree #688, logLikelihood: -2901.812305
[00:20:18] Bootstrap tree #689, logLikelihood: -2959.370748
[00:20:20] Bootstrap tree #690, logLikelihood: -2920.727129
[00:20:21] Bootstrap tree #691, logLikelihood: -2757.639620
[00:20:23] Bootstrap tree #692, logLikelihood: -2907.254901
[00:20:25] Bootstrap tree #693, logLikelihood: -3134.787828
[00:20:27] Bootstrap tree #694, logLikelihood: -3104.459495
[00:20:29] Bootstrap tree #695, logLikelihood: -2755.500006
[00:20:30] Bootstrap tree #696, logLikelihood: -3132.306713
[00:20:32] Bootstrap tree #697, logLikelihood: -2841.544493
[00:20:34] Bootstrap tree #698, logLikelihood: -3012.188438
[00:20:36] Bootstrap tree #699, logLikelihood: -2925.065425
[00:20:38] Bootstrap tree #700, logLikelihood: -2880.104758
[00:20:39] Bootstrapping converged after 700 replicates.

Optimized model parameters:

   Partition 0: noname
   Rate heterogeneity: GAMMA (4 cats, mean),  alpha: 0.540094 (ML),  weights&rates: (0.250000,0.041038) (0.250000,0.277286) (0.250000,0.847383) (0.250000,2.834292) 
   P-inv (ML): 0.275546
   Base frequencies (ML): 0.274842 0.164164 0.180419 0.380575 
   Substitution rates (ML): 6.024543 14.532648 3.549433 4.137291 14.532648 1.000000 


Final LogLikelihood: -3048.620992

AIC score: 6257.241984 / AICc score: 6329.241984 / BIC score: 6542.403616
Free parameters (model + branch lengths): 80

WARNING: Best ML tree contains 6 near-zero branches!

Best ML tree with collapsed near-zero branches saved to: /global/home/users/cbrook/raxml-ng/RdRp/T3.raxml.bestTreeCollapsed
Best ML tree saved to: /global/home/users/cbrook/raxml-ng/RdRp/T3.raxml.bestTree
All ML trees saved to: /global/home/users/cbrook/raxml-ng/RdRp/T3.raxml.mlTrees
Best ML tree with Felsenstein bootstrap (FBP) support values saved to: /global/home/users/cbrook/raxml-ng/RdRp/T3.raxml.supportFBP
Best ML tree with Transfer bootstrap (TBE) support values saved to: /global/home/users/cbrook/raxml-ng/RdRp/T3.raxml.supportTBE
Optimized model saved to: /global/home/users/cbrook/raxml-ng/RdRp/T3.raxml.bestModel
Bootstrap trees saved to: /global/home/users/cbrook/raxml-ng/RdRp/T3.raxml.bootstraps

Execution log saved to: /global/home/users/cbrook/raxml-ng/RdRp/T3.raxml.log

Analysis started: 10-Aug-2021 09:07:00 / finished: 10-Aug-2021 09:27:40

Elapsed time: 1239.526 seconds

Consumed energy: 23.203 Wh

