#
#model:
#
#<?xml version="1.0" encoding="UTF-8" standalone="no"?><input id="posterior" spec="beast.core.util.CompoundDistribution">
#    <distribution id="prior" spec="beast.core.util.CompoundDistribution">
#        <distribution id="BayesianSkyline.t:alignAllBetaCoVsBEAST" spec="beast.evolution.tree.coalescent.BayesianSkyline">
#            <parameter dimension="5" id="bPopSizes.t:alignAllBetaCoVsBEAST" lower="0.0" name="popSizes" spec="beast.core.parameter.RealParameter">380.0</parameter>
#            <groupSizes dimension="5" id="bGroupSizes.t:alignAllBetaCoVsBEAST" spec="beast.core.parameter.IntegerParameter">1</groupSizes>
#            <treeIntervals id="BSPTreeIntervals.t:alignAllBetaCoVsBEAST" spec="beast.evolution.tree.coalescent.TreeIntervals">
#                <tree id="Tree.t:alignAllBetaCoVsBEAST" spec="beast.evolution.tree.Tree">
#                    <trait dateFormat="M/dd/yyyy" id="dateTrait.t:alignAllBetaCoVsBEAST" spec="beast.evolution.tree.TraitSet" traitname="date" value="KY417142-5/12/2014=5/12/2014,MK211377-9/16/2021=9/16/2021,KY417147-4/17/2013=4/17/2013,KY417148-4/17/2013=4/17/2013,MK211375-9/16/2021=9/16/2021,MK211378-9/16/2021=9/16/2021,KY417143-9/18/2012=9/18/2012,KY417149-4/17/2013=4/17/2013,FJ588686-7/15/2006=7/15/2006,MK211376-9/16/2021=9/16/2021,KC881006-3/19/2012=3/19/2012,KF367457-9/12/2021=9/12/2021,KC881005-4/17/2011=4/17/2011,KY417151-10/24/2014=10/24/2014,KY417152-10/16/2015=10/16/2015,KY417144-9/18/2012=9/18/2012,KY417146-4/17/2013=4/17/2013,KY417150-7/21/2013=7/21/2013,KT444582-7/21/2013=7/21/2013,NC_004718-7/15/2003=7/15/2003,KJ473816-7/15/2013=7/15/2013,KY770858-7/15/2013=7/15/2013,KY770859-7/15/2013=7/15/2013,KY417145-9/18/2012=9/18/2012,DQ071615-7/15/2004=7/15/2004,KU973692-7/15/2013=7/15/2013,KJ473815-7/15/2013=7/15/2013,KP886808-5/23/2013=5/23/2013,KP886809-5/23/2013=5/23/2013,JX993988-7/15/2011=7/15/2011,MZ081379-10/22/2019=10/22/2019,MZ081377-6/03/2020=6/03/2020,MZ081382-7/28/2020=7/28/2020,KF569996-7/15/2011=7/15/2011,MK211374-8/16/2021=8/16/2021,KJ473812-7/15/2013=7/15/2013,KJ473813-7/15/2013=7/15/2013,KY770860-7/15/2012=7/15/2012,DQ412042-7/15/2004=7/15/2004,KJ473811-7/15/2012=7/15/2012,KY938558-7/15/2016=7/15/2016,KU182964-7/15/2013=7/15/2013,KJ473814-7/15/2013=7/15/2013,DQ412043-7/15/2004=7/15/2004,JX993987-9/11/2021=9/11/2021,MN996532-7/24/2013=7/24/2013,NC_045512-12/19/2021=12/19/2021,MZ081381-5/25/2020=5/25/2020,MW703458-7/15/2018=7/15/2018,MG772933-2/17/2021=2/17/2021,MG772934-7/15/2021=7/15/2021,MW251308-7/15/2020=7/15/2020,LC556375-7/15/2013=7/15/2013,MW719567-9/18/2020=9/18/2020,MZ190138-7/15/2020=7/15/2020,NC_014470-7/15/2008=7/15/2008,MZ190137-7/15/2020=7/15/2020,KY352407-8/07/2021=8/07/2021,MT726043-7/15/2013=7/15/2013,MT726044-7/15/2013=7/15/2013,MT726045-7/15/2011=7/15/2011,MZ081376-5/25/2020=5/25/2020,MZ081380-4/18/2020=4/18/2020,MZ081378-7/14/2020=7/14/2020,NC_025217-4/29/2013=4/29/2013,MN611520-3/18/2021=3/18/2021,KJ473820-7/15/2013=7/15/2013,MH002341-6/28/2014=6/28/2014,EF065510-7/15/2005=7/15/2005,EF065511-7/15/2005=7/15/2005,EF065512-7/15/2005=7/15/2005,MH002342-6/03/2013=6/03/2013,NC_009020-7/15/2013=7/15/2013,MH002340-6/26/2014=6/26/2014,KJ473822-7/15/2012=7/15/2012,MH002337-1/11/2012=1/11/2012,MH002338-11/01/2012=11/01/2012,MN611519-3/18/2021=3/18/2021,MW218395-8/16/2010=8/16/2010,NC_009019-7/15/2013=7/15/2013,EF065506-7/15/2005=7/15/2005,EF065507-7/15/2005=7/15/2005,EF065508-7/15/2005=7/15/2005,MH002339-4/23/2014=4/23/2014,DQ648794-7/15/2005=7/15/2005,KU182965-7/15/2012=7/15/2012,MG596802-7/15/2011=7/15/2011,MG596803-7/15/2011=7/15/2011,KX442565-5/08/2014=5/08/2014,KX442564-9/14/2013=9/14/2013,KJ473821-7/15/2013=7/15/2013,LC469308-7/15/2019=7/15/2019,MF593268-4/20/2015=4/20/2015,KC869678-7/15/2011=7/15/2011,NC_034440-7/15/2013=7/15/2013,NC_038294-9/11/2012=9/11/2012,NC_019843-6/13/2012=6/13/2012,NC_039207-7/15/2012=7/15/2012,MK211379-9/16/2021=9/16/2021,MK492263-7/15/2015=7/15/2015,MG762674-11/01/2009=11/01/2009,NC_009021-7/15/2005=7/15/2005,HM211098-12/11/2005=12/11/2005,EF065515-7/15/2005=7/15/2005,HM211100-4/10/2006=4/10/2006,EF065516-7/15/2005=7/15/2005,HM211099-12/11/2005=12/11/2005,HM211101-4/10/2006=4/10/2006,EF065514-7/15/2005=7/15/2005,MT350598-10/16/2021=10/16/2021,NC_030886-5/28/2014=5/28/2014,NC_048212-7/15/2013=7/15/2013,OK067320-4/14/2018=4/14/2018,OK067321-9/11/2018=9/11/2018,OK067319-2/26/2018=2/26/2018,NC_003045-7/15/1972=7/15/1972,NC_006213-7/15/1960=7/15/1960,NC_017083-7/15/2006=7/15/2006,NC_026011-5/17/2012=5/17/2012,NC_048217-7/15/1962=7/15/1962,NC_001846-7/15/1997=7/15/1997,AC_000192-7/15/1949=7/15/1949,NC_012936-7/15/1972=7/15/1972,NC_006577-7/15/2004=7/15/2004">
#                        <taxa id="TaxonSet.alignAllBetaCoVsBEAST" spec="beast.evolution.alignment.TaxonSet">
#                        </taxa>
#                    </trait>
#                    <taxonset idref="TaxonSet.alignAllBetaCoVsBEAST"/>
#                </tree>
#            </treeIntervals>
#        </distribution>
#        <distribution id="MarkovChainedPopSizes.t:alignAllBetaCoVsBEAST" jeffreys="true" parameter="@bPopSizes.t:alignAllBetaCoVsBEAST" spec="beast.math.distributions.MarkovChainDistribution"/>
#        <prior id="FrequenciesPrior.s:alignAllBetaCoVsBEAST" name="distribution">
#            <parameter dimension="4" id="freqParameter.s:alignAllBetaCoVsBEAST" lower="0.0" name="x" spec="beast.core.parameter.RealParameter" upper="1.0">0.25</parameter>
#            <Uniform id="Uniform.3" name="distr"/>
#        </prior>
#        <prior id="GammaShapePrior.s:alignAllBetaCoVsBEAST" name="distribution">
#            <parameter id="gammaShape.s:alignAllBetaCoVsBEAST" name="x" spec="beast.core.parameter.RealParameter">1.0</parameter>
#            <Exponential id="Exponential.0" name="distr">
#                <parameter estimate="false" id="RealParameter.0" name="mean" spec="beast.core.parameter.RealParameter">1.0</parameter>
#            </Exponential>
#        </prior>
#        <prior id="PropInvariantPrior.s:alignAllBetaCoVsBEAST" name="distribution">
#            <parameter id="proportionInvariant.s:alignAllBetaCoVsBEAST" lower="0.0" name="x" spec="beast.core.parameter.RealParameter" upper="1.0">0.001</parameter>
#            <Uniform id="Uniform.2" name="distr"/>
#        </prior>
#        <prior id="RateACPrior.s:alignAllBetaCoVsBEAST" name="distribution">
#            <parameter id="rateAC.s:alignAllBetaCoVsBEAST" lower="0.0" name="x" spec="beast.core.parameter.RealParameter">1.0</parameter>
#            <Gamma id="Gamma.0" name="distr">
#                <parameter estimate="false" id="RealParameter.1" name="alpha" spec="beast.core.parameter.RealParameter">0.05</parameter>
#                <parameter estimate="false" id="RealParameter.2" name="beta" spec="beast.core.parameter.RealParameter">10.0</parameter>
#            </Gamma>
#        </prior>
#        <prior id="RateAGPrior.s:alignAllBetaCoVsBEAST" name="distribution">
#            <parameter id="rateAG.s:alignAllBetaCoVsBEAST" lower="0.0" name="x" spec="beast.core.parameter.RealParameter">1.0</parameter>
#            <Gamma id="Gamma.1" name="distr">
#                <parameter estimate="false" id="RealParameter.3" name="alpha" spec="beast.core.parameter.RealParameter">0.05</parameter>
#                <parameter estimate="false" id="RealParameter.4" name="beta" spec="beast.core.parameter.RealParameter">20.0</parameter>
#            </Gamma>
#        </prior>
#        <prior id="RateATPrior.s:alignAllBetaCoVsBEAST" name="distribution">
#            <parameter id="rateAT.s:alignAllBetaCoVsBEAST" lower="0.0" name="x" spec="beast.core.parameter.RealParameter">1.0</parameter>
#            <Gamma id="Gamma.2" name="distr">
#                <parameter estimate="false" id="RealParameter.5" name="alpha" spec="beast.core.parameter.RealParameter">0.05</parameter>
#                <parameter estimate="false" id="RealParameter.6" name="beta" spec="beast.core.parameter.RealParameter">10.0</parameter>
#            </Gamma>
#        </prior>
#        <prior id="RateCGPrior.s:alignAllBetaCoVsBEAST" name="distribution">
#            <parameter id="rateCG.s:alignAllBetaCoVsBEAST" lower="0.0" name="x" spec="beast.core.parameter.RealParameter">1.0</parameter>
#            <Gamma id="Gamma.3" name="distr">
#                <parameter estimate="false" id="RealParameter.7" name="alpha" spec="beast.core.parameter.RealParameter">0.05</parameter>
#                <parameter estimate="false" id="RealParameter.8" name="beta" spec="beast.core.parameter.RealParameter">10.0</parameter>
#            </Gamma>
#        </prior>
#        <prior id="RateGTPrior.s:alignAllBetaCoVsBEAST" name="distribution">
#            <parameter id="rateGT.s:alignAllBetaCoVsBEAST" lower="0.0" name="x" spec="beast.core.parameter.RealParameter">1.0</parameter>
#            <Gamma id="Gamma.5" name="distr">
#                <parameter estimate="false" id="RealParameter.11" name="alpha" spec="beast.core.parameter.RealParameter">0.05</parameter>
#                <parameter estimate="false" id="RealParameter.12" name="beta" spec="beast.core.parameter.RealParameter">10.0</parameter>
#            </Gamma>
#        </prior>
#        <prior id="UCMeanRatePrior.c:alignAllBetaCoVsBEAST" name="distribution">
#            <parameter id="ucedMean.c:alignAllBetaCoVsBEAST" name="x" spec="beast.core.parameter.RealParameter">7.9E-4</parameter>
#            <Uniform id="Uniform.4" name="distr" upper="Infinity"/>
#        </prior>
#    </distribution>
#    <distribution id="likelihood" spec="beast.core.util.CompoundDistribution" useThreads="true">
#        <distribution data="@alignAllBetaCoVsBEAST" id="treeLikelihood.alignAllBetaCoVsBEAST" spec="beast.evolution.likelihood.ThreadedTreeLikelihood" tree="@Tree.t:alignAllBetaCoVsBEAST">
#            <siteModel gammaCategoryCount="4" id="SiteModel.s:alignAllBetaCoVsBEAST" proportionInvariant="@proportionInvariant.s:alignAllBetaCoVsBEAST" shape="@gammaShape.s:alignAllBetaCoVsBEAST" spec="beast.evolution.sitemodel.SiteModel">
#                <parameter estimate="false" id="mutationRate.s:alignAllBetaCoVsBEAST" name="mutationRate" spec="beast.core.parameter.RealParameter">1.0</parameter>
#                <substModel id="gtr.s:alignAllBetaCoVsBEAST" rateAC="@rateAC.s:alignAllBetaCoVsBEAST" rateAG="@rateAG.s:alignAllBetaCoVsBEAST" rateAT="@rateAT.s:alignAllBetaCoVsBEAST" rateCG="@rateCG.s:alignAllBetaCoVsBEAST" rateGT="@rateGT.s:alignAllBetaCoVsBEAST" spec="beast.evolution.substitutionmodel.GTR">
#                    <parameter estimate="false" id="rateCT.s:alignAllBetaCoVsBEAST" lower="0.0" name="rateCT" spec="beast.core.parameter.RealParameter">1.0</parameter>
#                    <frequencies frequencies="@freqParameter.s:alignAllBetaCoVsBEAST" id="estimatedFreqs.s:alignAllBetaCoVsBEAST" spec="beast.evolution.substitutionmodel.Frequencies"/>
#                </substModel>
#            </siteModel>
#            <branchRateModel clock.rate="@ucedMean.c:alignAllBetaCoVsBEAST" id="ExponentialRelaxedClock.c:alignAllBetaCoVsBEAST" spec="beast.evolution.branchratemodel.UCRelaxedClockModel" tree="@Tree.t:alignAllBetaCoVsBEAST">
#                <Exponential id="Exponential.c:alignAllBetaCoVsBEAST" name="distr">
#                    <parameter id="UCExpLambda.c:alignAllBetaCoVsBEAST" name="mean" spec="beast.core.parameter.RealParameter">1.0</parameter>
#                </Exponential>
#                <rateCategories dimension="246" id="expRateCategories.c:alignAllBetaCoVsBEAST" spec="beast.core.parameter.IntegerParameter">1</rateCategories>
#            </branchRateModel>
#        </distribution>
#    </distribution>
#</input>
#
Sample	posterior	likelihood	prior	treeLikelihood	TreeHeight	rateAC	rateAG	rateAT	rateCG	rateGT	proportionInvariant	gammaShape	BayesianSkyline	bPopSizes.1	bPopSizes.2	bPopSizes.3	bPopSizes.4	bPopSizes.5	bGroupSizes.1	bGroupSizes.2	bGroupSizes.3	bGroupSizes.4	bGroupSizes.5	ucedMean	rateStat.mean	rateStat.variance	rateStat.coefficientOfVariation	freqParameter.1	freqParameter.2	freqParameter.3	freqParameter.4
0	-7287397.106370075	-7286615.547820044	-781.5585500309433	-7286615.547820044	72.99329084495692	1.0	1.0	1.0	1.0	1.0	0.001	1.0	-730.9529941298057	380.0	380.0	380.0	380.0	380.0	25	25	25	24	24	7.9E-4	6.809844334639964E-4	5.515016486239611E-7	0.9215819143345328	0.25	0.25	0.25	0.25
100000	-1110960.600577916	-1109085.4824885419	-1875.1180893741516	-1109085.4824885419	1712.7241802543763	0.32915355886943654	0.8365214509928618	0.26841216627459885	0.22310726565613115	0.16632268911222636	0.13500321300739473	0.8416621055669123	-1830.5845411081125	379.97645238245997	379.96749878072706	379.97996204801274	379.9665967387164	380.0158472352496	52	29	13	2	27	0.0018459096558829677	0.0011766261837790324	4.437103297830847E-6	1.2599489030174	0.2693946644143628	0.18821470696730672	0.19371930044101746	0.34867132817731294
200000	-1069601.4723486572	-1067800.3720440678	-1801.100304589331	-1067800.3720440678	1698.6635860040044	0.33603928926225485	0.8100485823190144	0.253160373420051	0.21672459902291494	0.1633296762118993	0.11785831148239527	0.8100876308812976	-1756.712978146774	380.2027187768044	379.85806169293807	379.7955836901823	379.8805469927297	380.06779918359064	18	6	65	6	28	0.0017828823150160813	0.001035975835522776	4.2033793313457054E-6	1.2184820404093133	0.2614233191722208	0.18034143192550772	0.19381231980886832	0.3644229290934031
300000	-1044914.2889488563	-1043132.6332698765	-1781.6556789798267	-1043132.6332698765	1693.7533392342082	0.33603928926225485	0.7964766721645892	0.2500923586558089	0.21108265844216959	0.15647216079217288	0.11623635401889396	0.810761301434494	-1737.364869615192	379.9008480515686	379.9893917065134	379.5701285718001	379.710401364447	380.0586639508913	44	12	60	4	3	0.0018450092224216294	0.0010172787904776787	4.369446835407668E-6	1.2146969746002372	0.26235585655678634	0.17815043822632806	0.1954366658805579	0.3640570393363276
400000	-1044883.8308730358	-1043125.9244257248	-1757.9064473110843	-1043125.9244257248	1666.2756358884599	0.34094964504444203	0.8135724014551975	0.24920167986989641	0.21801548298806525	0.1587373136855445	0.11865630233058824	0.8035664374610584	-1713.5443246235757	379.58137069801023	379.85913625873155	379.84563411989535	379.92944729609184	380.54975757573163	2	16	13	90	2	0.0018522222992928153	0.0010416729934463749	4.571212948490538E-6	1.253016596417539	0.26235585655678634	0.17825572349771052	0.1950706543757547	0.3643177655697484
500000	-1044831.5126110277	-1043106.5487833067	-1724.9638277209729	-1043106.5487833067	1587.4731368651226	0.3348815950535926	0.7817569592535162	0.24240967013343567	0.21051370830626914	0.15743565781473964	0.11468399650710788	0.8159904984226455	-1680.7149923960146	380.00262595689856	379.8149207446877	379.82468275703184	379.89635956867727	380.35600279075607	2	69	13	5	34	0.0019159754362383314	0.0010725090882718745	4.596436997135827E-6	1.2189414065004585	0.2625829813674102	0.17746214669673183	0.19645118853807292	0.36350368339778494
600000	-1044822.9711683523	-1043113.3184325519	-1709.6527358004225	-1043113.3184325519	1641.8059555828581	0.3340857429208704	0.7817569592535162	0.24156041326937755	0.21138870058235856	0.15668980668890325	0.12056836699348562	0.8159904984226455	-1665.4093739829889	380.3900617014184	379.5442115731146	380.1365333258749	379.9273930376703	380.215945093282	23	10	61	12	17	0.0019655297094844314	0.0010891793914290099	4.4958870292459876E-6	1.189097048421183	0.2620608262503053	0.17689268031251362	0.19608494763280693	0.364961545804374
700000	-1044533.1150616938	-1042865.0785552101	-1668.0365064837001	-1042865.0785552101	1686.3158055590468	0.33055613375350884	0.7817569592535162	0.2413554118428114	0.20367742777334794	0.15387292353183318	0.11651707757134538	0.8025727650311913	-1623.8744277774638	380.34858342768683	378.9036641120594	380.3992910122036	379.19160718819643	380.22380816720096	52	3	57	8	3	0.0019769563229832957	0.001102162466018459	4.206616837464981E-6	1.1784517595218411	0.2625438103195884	0.1766578965833429	0.1973515296830294	0.36344676341403914
800000	-1044549.7982261718	-1042894.1943958042	-1655.6038303675277	-1042894.1943958042	1666.6407012267177	0.32953067887391335	0.7687482977193971	0.242221341719218	0.20427097919852666	0.15487545271814976	0.11941699875961664	0.8069171406548601	-1611.4406284925174	381.18641969315286	379.4998954038064	380.7366466814867	378.70116335987893	380.3993840012673	54	14	27	4	24	0.0019965132064749596	0.0011127259059215053	4.120173753733959E-6	1.1841771290244534	0.26296983597565693	0.1766578965833429	0.19718160757728131	0.3631906598637187
900000	-1043107.035464945	-1041474.1500901949	-1632.8853747501316	-1041474.1500901949	1648.5858288347924	0.33096515189437314	0.7659067735587056	0.24296741814616235	0.2069074891846062	0.15417313063060983	0.11520464302342298	0.8020044441076373	-1588.7153950125305	380.5551891326086	379.43032914964874	381.34376364634613	379.30584761763663	379.8993061796767	45	22	13	24	19	0.0020193473233464073	0.0011289848290234133	4.3047258784600555E-6	1.1776768049242619	0.2640036387401078	0.17590081410163744	0.19619941548841907	0.3638961316698355
1000000	-1043078.8347289703	-1041460.2539204961	-1618.580808474202	-1041460.2539204961	1602.029965843464	0.3318404812382573	0.772670428227548	0.24221405965847181	0.21061411362949264	0.15551060888469043	0.11853509803370521	0.8165778231113032	-1574.3632387756015	380.25354883311934	379.59013961173684	380.8226879384439	379.0410181524743	380.51571910044663	45	35	5	17	21	0.0019859864096502355	0.0011453569285494853	4.382466346889676E-6	1.1841397681338588	0.2640534898953685	0.17564455053219738	0.19619941548841907	0.3641025440840148
1100000	-1043053.2879185986	-1041441.5270581514	-1611.7608604471782	-1041441.5270581514	1472.371818094063	0.33153842919323834	0.7669329574535517	0.242847885678495	0.2021193708032665	0.1539969279188965	0.11634717509233122	0.8134049504704934	-1567.6023798480373	380.728419418767	379.75525093542495	379.5887567630768	379.5970834578049	380.257502132972	11	34	37	10	31	0.0020068278858993206	0.0011559403793096501	4.2065874389519965E-6	1.1479107244657076	0.2640534898953685	0.1765622549590669	0.19730435901109022	0.36207989613447417
1200000	-1041255.2630789104	-1039647.6348125743	-1607.6282663361937	-1039647.6348125743	1419.913385412855	0.33153842919323834	0.7615359386109043	0.2421455091817924	0.206321582532315	0.15202756502264117	0.11777934277376859	0.8134049504704934	-1563.4800347556359	380.64842260005065	379.3228050732577	379.7515767749592	377.8965024937189	379.26906591279015	62	17	28	5	11	0.001997805857435167	0.0011609546467110053	4.08310128111026E-6	1.159971946599192	0.2632473624694458	0.17648212199211094	0.19912331466251784	0.3611472008759252
1300000	-1039999.5643745175	-1038421.243161817	-1578.3212127005781	-1038421.243161817	1463.9764974681646	0.3295472695552982	0.759472563541281	0.24311620782782686	0.2005666716164098	0.1522289880492968	0.11634365536311231	0.8199505782668309	-1534.2008584101084	379.37412396217604	379.1582047027066	380.7142800658008	377.3672398286436	378.9205242134202	5	26	76	1	15	0.0019871377072764357	0.0011801055602026472	3.888103225211869E-6	1.1210082180374643	0.2634150151737383	0.17648212199211094	0.1974784026030079	0.3626244602311427
1400000	-1039420.1727370403	-1037853.8491540679	-1566.3235829724524	-1037853.8491540679	1411.1114251619717	0.32613643586804253	0.758282086273588	0.24318108250466064	0.2076659524573143	0.15463680881839884	0.11560837633756775	0.8109239146349384	-1522.1751192268844	379.16381705714883	378.60561943336995	381.33303065813783	376.68538121509715	379.6289799602463	39	10	33	6	35	0.0019133558038545177	0.0011803781914127647	4.0996252027722605E-6	1.1547880767357441	0.2640062976503457	0.17650260608119714	0.19688712012640042	0.3626039761420565
1500000	-1039391.4132460094	-1037833.348395877	-1558.06485013234	-1037833.348395877	1384.8767176880174	0.3351497951952946	0.7697799025438582	0.24382271011960255	0.20815298332952767	0.15538727303799804	0.11931366320178734	0.8171061270109584	-1513.8577116920228	379.4814593593809	378.7659654354735	381.0509326806314	376.888161314385	379.73145892594573	17	46	7	18	35	0.001952353134204056	0.001213787001750951	4.072414519860806E-6	1.135980381903221	0.2638002668607987	0.175889702423375	0.19855080944150466	0.3617592212743214
1600000	-1039386.9751273633	-1037838.6632329233	-1548.3118944400717	-1037838.6632329233	1464.3862888759447	0.3361064036285907	0.7697799025438582	0.241439629805585	0.2078196056107395	0.1538572007260817	0.11676054563179933	0.8107171747968579	-1504.1253473209092	380.6727526296085	377.59854515601916	381.3371737437177	377.1880121732624	380.49500255642135	16	19	75	12	1	0.0019569563556095923	0.0012243807926978372	4.056984245160943E-6	1.1167550503112773	0.2638002668607987	0.17579741686385983	0.19822092728644403	0.36218138898889723
1700000	-1039361.5490869823	-1037828.981326626	-1532.5677603561799	-1037828.981326626	1489.7687166754	0.3321491924007816	0.766011364369195	0.241439629805585	0.2075144275635591	0.1545042537958049	0.11674196741819515	0.8214054703506887	-1488.371368814218	381.5830501586357	377.57843573342313	383.910033294348	377.6663554551935	381.44870711095723	19	14	45	4	41	0.0020028973187777477	0.0012549364699291033	4.06192438483188E-6	1.1105720828101542	0.26398537257868765	0.17579741686385983	0.19751941207593765	0.3626977984815147
1800000	-1039181.1812738773	-1037660.7440919317	-1520.4371819454943	-1037660.7440919317	1419.6939544151296	0.32968230050693564	0.781655252124735	0.24325980206914527	0.2123039010214831	0.15472938974832728	0.11704570280645561	0.7997045899993023	-1476.217246361255	382.13088189818427	376.3591822247036	385.546104525811	376.73681820672294	381.95549020315264	14	4	72	4	29	0.002010741245479571	0.0012570732025319745	3.965811256554054E-6	1.085644586732665	0.2613028420065605	0.17739265926138342	0.19604318769522228	0.36526131103683357
1900000	-1039104.2593707526	-1037592.8219534736	-1511.437417279046	-1037592.8219534736	1533.4184822912514	0.3371843224656573	0.7781876598951517	0.24195163721583035	0.20538438304128126	0.15567776234883357	0.1162282083034109	0.8246655784594473	-1467.211229057374	382.23073462320195	376.01767760071976	385.980317099366	374.97345345621426	381.5821767067553	5	31	63	18	6	0.0020096214837220616	0.0012513706867398433	4.077255272093804E-6	1.1039756861552303	0.2642256426270645	0.17695256148468	0.19530865450753662	0.3635131413807187
2000000	-1039115.1715237024	-1037618.4925379993	-1496.6789857031144	-1037618.4925379993	1429.171928577154	0.3319173591008488	0.7864770948231143	0.24811215084631003	0.20627024502645272	0.15630489155665117	0.11729039850650794	0.8136557941571044	-1452.4339062853333	381.98775802965844	376.1649262243272	385.62188612953724	375.7953606502216	382.1447299609981	2	4	108	1	8	0.002020228658502569	0.0012902131386287542	4.229781094630719E-6	1.0848100070077669	0.26332452547569907	0.17815584876490423	0.19530757178060326	0.3632120539787933
2100000	-1039087.8414830354	-1037592.7088196212	-1495.132663414148	-1037592.7088196212	1589.8907764241787	0.33434832624839644	0.7911636667398496	0.24766727406044653	0.21267476045914815	0.15884680358184589	0.11739613963472363	0.8052951376619555	-1450.8396611218816	381.16259724151627	375.8383388883662	386.6762490159234	375.1161470022367	382.7391323945515	6	21	84	11	1	0.0020332505277088036	0.0012624340836767268	3.977363985773401E-6	1.0836001295627844	0.262228053136488	0.17753282182675045	0.19530757178060326	0.3649315532561581
2200000	-1039094.4645525807	-1037608.0283562369	-1486.436196343831	-1037608.0283562369	1425.6100204343586	0.3300623262556663	0.7827715772275788	0.2472665484284965	0.21098470682801956	0.1550887846216849	0.11341692182059716	0.8097166026980217	-1442.1892506228387	381.9976156808774	376.4740062385444	387.2970019105104	375.42952782450465	382.3175523812706	14	19	68	14	8	0.00204739721336412	0.0012988296307229748	4.319959789207615E-6	1.0958870295148964	0.26249631056862543	0.17892954629003918	0.1947724714993054	0.3638016716420298
2300000	-1039078.1439571868	-1037603.0544843001	-1475.0894728867904	-1037603.0544843001	1398.3010302478137	0.33324781901264205	0.7935384514465903	0.24616324524296718	0.2122829331073691	0.15494223333407092	0.11942311819134921	0.8169840937144156	-1430.8075668052236	383.0522034192572	377.665564272162	387.87973814351835	375.31587363681217	381.16124723918864	10	8	97	1	7	0.0020966469587762097	0.0013307915591756134	4.0772166795505856E-6	1.0786400610333151	0.26285784893268066	0.17757335398134477	0.19505260863811277	0.36451618844786177
2400000	-1039079.7690680837	-1037612.4608684274	-1467.3081996563392	-1037612.4608684274	1252.68374035371	0.33683727763102617	0.7885118739317819	0.24449745569727444	0.2085846177933952	0.15755472688353514	0.1152651456371057	0.8036896538907865	-1423.0438351688222	383.82908634824435	377.18912975712567	388.7410381205201	374.03708981426047	380.8112458994055	5	4	93	9	12	0.0020895990411712744	0.0013561791356313622	4.267117042428711E-6	1.1021387555884175	0.26215088092195854	0.17757335398134477	0.19745792284355282	0.36281784225314384
2500000	-1036602.7531693628	-1035162.9253581997	-1439.8278111630648	-1035162.9253581997	1071.6088580128692	0.3343344435895417	0.7765778434175263	0.24501916117729872	0.2100622137023099	0.1541179148533658	0.11562454818974748	0.8187707503116626	-1395.5799331472606	384.08760909795336	378.7577188405251	389.0701538618235	374.73013709091816	379.28083857981477	45	8	54	4	12	0.0021833996463013184	0.0014130323450426718	4.421144259749357E-6	1.0811899509534564	0.2630028226416919	0.17692262643392453	0.19678468441298502	0.36328986651139855
2600000	-1036532.898152705	-1035095.872611176	-1437.025541529014	-1035095.872611176	1033.8686349384623	0.32835864810133186	0.7700344052063951	0.23958997940074395	0.21062775191794927	0.15439493431999407	0.11749627217537792	0.8131287224696601	-1392.8278044444248	384.25345742068447	378.8702459858721	387.5377962363335	374.80458136967735	380.1630061691507	32	2	66	19	4	0.0021522211588067258	0.0014212942951658987	4.301901118158817E-6	1.0673948706346499	0.2638603934265964	0.17734015054837374	0.19634660900630715	0.3624528470187227
2700000	-1035872.8440736802	-1034448.8286587109	-1424.0154149693255	-1034448.8286587109	1026.3159290046915	0.32881707056730053	0.7781378618671807	0.24496839417813204	0.21122189291920374	0.1569290651067662	0.1156181278681467	0.8135081776928783	-1379.7643511879107	383.3078789732807	380.7766893600065	388.93501321563224	374.50057923911334	378.5685235306366	25	10	59	5	24	0.002202572508449627	0.0014364329947041143	4.829849744150204E-6	1.0790418896698333	0.2635972612017717	0.17639491094598794	0.19700815794365933	0.36299966990858107
2800000	-1035389.8858752759	-1033970.7122918623	-1419.1735834135582	-1033970.7122918623	1028.5024780751849	0.33063854267724396	0.7775975608912924	0.24496839417813204	0.21120601838242628	0.15346179564500867	0.11460478024197325	0.8118192906913518	-1374.9363603607735	382.95104124796904	380.05049049632663	389.9510918104484	375.3578517217363	379.54091108717944	34	6	76	4	3	0.0021661786371413214	0.0014210174960169084	4.60033757811484E-6	1.0698170013767463	0.2626591665833115	0.17774797487221178	0.1961335715321036	0.3634592870123732
2900000	-1035244.4518867721	-1033836.1426623467	-1408.30922442533	-1033836.1426623467	986.3483262187123	0.337426891786154	0.7703697557512135	0.244083665193362	0.20731836363696998	0.1570398199177087	0.11607411912582224	0.8225615297931739	-1364.0474650624612	384.5661918482492	380.42295052012275	392.32437421549565	373.7777982072339	377.540181016386	9	5	93	2	14	0.002134028998518778	0.001425359603000919	4.993965244965789E-6	1.0885265971709173	0.2614464010339788	0.17791367252687648	0.19693877801591061	0.36370114842323426
3000000	-1035222.7799939885	-1033822.832963862	-1399.947030126451	-1033822.832963862	992.6040461484898	0.33690170283982224	0.7715594184509624	0.24201282802708238	0.2075585991793842	0.1536478798209568	0.11687102694511219	0.8239958551541738	-1355.699456765345	386.43109389517303	381.84582413570905	393.29014832612455	373.7803898156895	378.10772720605456	1	17	90	5	10	0.00213994691426575	0.001413340429935135	4.620887749610763E-6	1.052367899199287	0.2632055798363375	0.17574204183703238	0.19735122990339604	0.36370114842323426
3100000	-1035182.1150952867	-1033789.6616128262	-1392.4534824605412	-1033789.6616128262	1006.3745590357398	0.3419039512543884	0.7851181928531492	0.2467699519299265	0.20936479546741713	0.15565648532757237	0.11765228961007693	0.8346487211397001	-1348.1275306253394	386.86397332700426	380.62662387745826	393.28617717514845	372.10420712470267	378.9278919486662	21	1	90	4	7	0.0021890281604412627	0.0014523193770098809	5.04686277051699E-6	1.0366978411028644	0.26070266844313156	0.17660563213387992	0.1989905509997545	0.36370114842323426
3200000	-1035202.082007728	-1033812.7842755421	-1389.2977321859153	-1033812.7842755421	1048.9296349008837	0.3351237657502257	0.7733254354835593	0.24302180629754028	0.20535943612605656	0.1558754264309293	0.11168625125552233	0.8093806993043078	-1345.055592977125	388.88874896012425	382.1861650475809	392.20674732503295	373.8831003035359	378.08530667724733	36	2	80	2	3	0.0022081021101518733	0.0014308617111557689	5.414237172435862E-6	1.1018744062965673	0.26170039113485877	0.17625984768984276	0.19789953915833716	0.36414022201696156
3300000	-1035193.7444758697	-1033808.5838637913	-1385.1606120783395	-1033808.5838637913	1057.677092015363	0.32881269867565166	0.7681671433213637	0.24228777363579182	0.21353750792452408	0.15394845689376915	0.11658601806623231	0.8141496248520236	-1340.9198018944792	388.33888166406706	384.2959723248932	392.10026036483924	372.285225774237	376.8541846328278	2	46	63	10	2	0.002254398538096764	0.0014295139243613027	5.306725637659852E-6	1.078559056484371	0.26328539906179954	0.17560015237992893	0.19753442654030517	0.3635800220179666
3400000	-1035176.3215078589	-1033796.704440958	-1379.617066900921	-1033796.704440958	1080.6656876600941	0.33459362268524107	0.7681671433213637	0.24242223461906476	0.205711702600396	0.15350572114510896	0.11589218270852407	0.8196735358394412	-1335.3883974646137	387.64073603451345	385.3423797139105	394.2928761635574	371.38775319410064	376.52665588595164	4	16	83	2	18	0.0022496273317197894	0.0014181002781025699	5.416187144540445E-6	1.100496002563269	0.26350775646247643	0.17536741289605773	0.19782432401804	0.36330050662342606
3500000	-1031664.5765421734	-1030293.250442559	-1371.3260996143704	-1030293.250442559	1101.8096417854747	0.3292336899733551	0.75907670135648	0.24242223461906476	0.20746177408011068	0.1553242777569385	0.1152690665726738	0.8222229229233117	-1327.0953863257607	387.6284615301763	386.6318134053997	394.93589068422165	370.23604382719606	378.5367655230196	11	3	92	2	15	0.0022528086569363866	0.0014193512037622385	4.826000628902242E-6	1.0423469556787575	0.2647698927608997	0.17624746762885643	0.19730615868570373	0.36167648092454047
3600000	-1031525.2298778094	-1030166.8096424182	-1358.4202353912044	-1030166.8096424182	1068.816046091958	0.33197604365404165	0.7643563558521862	0.23825769995318133	0.21148318722277692	0.15445998855085502	0.11822365266008246	0.8373950082345686	-1314.149246735658	387.57393589449606	385.566995507173	397.4005526203414	373.4903826700075	379.1787661233945	27	18	72	2	4	0.002302764230014455	0.001475039655793174	4.917165395979128E-6	1.0502700219425982	0.26458688719320184	0.17526584584627194	0.19766219005289812	0.36248507690762843
3700000	-1031495.2004515396	-1030142.937072985	-1352.2633785545775	-1030142.937072985	1105.4295002365336	0.33519523024669773	0.7643563558521862	0.23946826894940437	0.2085199571994502	0.15493673901183697	0.11625129908010945	0.8261667152239274	-1308.0100812156113	387.78582777357735	384.6390252950816	395.9683978815375	371.6367183284576	379.227678954801	24	7	81	6	5	0.0023114447997118837	0.001456463537942556	5.066081585496987E-6	1.0692536195376194	0.2653143554488167	0.1752540023810011	0.19694656526255405	0.36248507690762843
3800000	-1031376.7072717663	-1030035.713089763	-1340.9941820033505	-1030035.713089763	1085.946349600415	0.32596693271212496	0.7599121837593458	0.24042991595057558	0.21003469001076977	0.15525090855147913	0.11711336971258862	0.8130690160932871	-1296.7704560048091	386.7474520100488	386.49299051566436	397.6138326424985	371.9163327383189	377.99019801937834	6	11	92	6	8	0.0023576442211321164	0.001466779242005708	5.13924541707978E-6	1.0680004890620056	0.2643137010593302	0.1767242513442513	0.1971291107811753	0.3618329368152435
3900000	-1031389.6924451846	-1030044.5054753235	-1345.1869698610415	-1030044.5054753235	1129.932367750521	0.3320494752976432	0.7706340590538293	0.2452756156993569	0.21518572008392794	0.15749255745696117	0.11452961116245725	0.811588614025626	-1300.8755391935445	385.8753249733052	386.59263188023544	398.5028325459885	372.7133584953478	377.22340230463084	6	2	95	19	1	0.0023245340049126923	0.0014621247466709167	5.575607059182721E-6	1.111231553299724	0.2642365845996888	0.17627607908651383	0.19759336084509418	0.3618939754687035
4000000	-1031364.7628461972	-1030025.3063386956	-1339.4565075017124	-1030025.3063386956	1104.8679256955452	0.33602915156605	0.7646945046317929	0.24169130538977782	0.20606666690389783	0.1585169635278585	0.11578801545660473	0.8332685058982509	-1295.1786145298063	383.7098081723208	385.4423768979565	398.3991532696224	370.6460845046695	378.97971115577764	19	9	82	12	1	0.002286466109667745	0.0014756527282707476	5.743314045472309E-6	1.1262611743899837	0.264960847720097	0.17571111927784308	0.19767361654664695	0.36165441645541335
4100000	-1031369.020893512	-1030033.0573110094	-1335.9635825025123	-1030033.0573110094	1148.633499316369	0.3312068842860782	0.7721032957527421	0.24269204724703056	0.20801620398334722	0.15507706684169761	0.11776109176205003	0.8188837627501975	-1291.7084349373017	384.58941893184186	384.47007893496385	400.1237486788971	369.5183805614249	379.88562791266446	11	8	90	6	8	0.002267385627112735	0.0014525142839540263	5.30999844030553E-6	1.0987470637434351	0.26079455284660025	0.17810776562565386	0.19788228366402705	0.3632153978637192
4200000	-1031348.7086308898	-1030022.4750358406	-1326.2335950490988	-1030022.4750358406	1153.243435825513	0.33173815706411197	0.7637775088455173	0.24486747873570838	0.21453368686959995	0.15681273827108602	0.11677821089488241	0.8343640642905125	-1281.894274343291	386.7952968797945	388.1733589619631	404.51711025178787	368.32522415172514	381.39833573405053	27	1	80	1	14	0.0022956617823139537	0.0014568926117224075	5.92547574503259E-6	1.1207946428794002	0.26475963555376797	0.17613080954290683	0.19698252703715885	0.3621270278661668
4300000	-1031356.8446677667	-1030030.726098857	-1326.1185689096935	-1030030.726098857	1155.9446372205266	0.33689371708016747	0.7729319625362665	0.2463709866528096	0.21408483196299583	0.15291283350465576	0.11665965096076425	0.8209385047291914	-1281.7858059549153	387.70648706176326	388.7884603015711	402.68786488671736	364.93639026588886	384.8962760588897	18	25	76	1	3	0.0022967050121010433	0.0014648872344378238	5.9538961396314465E-6	1.1384562762036963	0.2606108292784712	0.17686128510498564	0.19880607438571896	0.3637218112308247
4400000	-1031334.7049780566	-1030023.6989807857	-1311.0059972709723	-1030023.6989807857	1194.135971806275	0.3297155450319376	0.7742850122291254	0.24372572444763616	0.21545063726893982	0.152075065023703	0.11240214699164373	0.8148687852820468	-1266.6955372110765	388.6610278832045	390.2864479960118	405.3200785467331	362.7406040261302	386.483096594388	3	7	108	3	2	0.00234010222246319	0.00147725215198397	6.202249140866939E-6	1.144900775494508	0.2629515949556488	0.17723121908861034	0.19679139989372138	0.36302578606201996
4500000	-1031338.0450354574	-1030031.6003779656	-1306.4446574917022	-1030031.6003779656	1185.7942589593467	0.3328864146308815	0.7705421756042447	0.2429935910609154	0.21496131218148637	0.15676692200502523	0.11829310549273886	0.818926874052232	-1262.0983392604535	385.8118539834603	391.15840148633816	406.40708423812487	362.0669469839885	388.86517603764213	15	26	66	1	15	0.002378102597528453	0.0014680611600984032	5.603214315800488E-6	1.096608830285026	0.2635104831441759	0.17685301863723699	0.19691974631862288	0.36271675189996466
4600000	-1031341.7414719436	-1030036.8579580479	-1304.8835138956708	-1030036.8579580479	1224.5325361127823	0.3320208335141013	0.7705421756042447	0.24294344873209517	0.21169505010512096	0.15577186919563768	0.11405656742274214	0.8188077778130523	-1260.5612978750862	385.20667252447174	391.5963642638263	407.8943118667485	361.8702230869731	387.59551848608703	20	14	78	3	8	0.0023870001729732553	0.0014802627330355173	5.980846353055496E-6	1.0899091024535894	0.2627517171908308	0.17867557820469554	0.19626866457224676	0.36230404003222744
4700000	-1031320.1623660929	-1030019.8479988317	-1300.314367261284	-1030019.8479988317	1212.0597797988642	0.3332575649851392	0.7766609564330397	0.24502794512340753	0.2122592060960865	0.15563954420248688	0.11487590426627069	0.8328122163442556	-1255.9508481824391	384.62735486528123	394.0467126213126	409.59469210952085	360.90229679739764	387.0390728505174	7	17	87	9	3	0.002360587406564455	0.0014673482074480325	6.474513310574262E-6	1.1247771683670074	0.2628022902544482	0.17713115264399298	0.19729033812810148	0.36277621897345785
4800000	-1031356.4887408287	-1030059.2236286744	-1297.265112154285	-1030059.2236286744	1213.051503002586	0.32845566147604466	0.7750877803066146	0.24485601965228157	0.2182414021919463	0.15506039314115108	0.1149257027687788	0.8313978395773933	-1252.898684206302	384.27292372900547	395.0050446910851	409.1919465829758	362.3654869253568	384.9446835827758	6	6	105	2	4	0.002427398571200195	0.0014835573265222627	6.227483984825324E-6	1.1194631283657719	0.26200780669668244	0.17713115264399298	0.1980032031610801	0.3628578374982449
4900000	-1031331.1759947772	-1030038.9048492454	-1292.2711455318467	-1030038.9048492454	1238.9922710910485	0.328878217787744	0.7678036367518746	0.24339047460468177	0.20868162706848162	0.15474300957796128	0.1149648928470487	0.824180170244601	-1247.9793266030506	382.6513860991764	390.55057954030457	408.3785619546064	365.03631745347496	386.2155481327576	14	18	85	1	5	0.0024550763179307074	0.0015001846164419885	6.399003286546012E-6	1.1185180398333086	0.2636413380052362	0.17713115264399298	0.1980032031610801	0.36122430618969115
5000000	-1031347.7265643287	-1030050.0468200344	-1297.6797442942582	-1030050.0468200344	1224.7145782964571	0.337542748511913	0.7697734474433595	0.24489632091134314	0.20842481354289685	0.1552595557592515	0.114070347487973	0.8245836974809263	-1253.3541946790733	379.4770188602177	394.7663294693186	407.03306306248976	362.889017786032	387.41436971738034	2	56	60	1	4	0.0023796013819956667	0.0014532705779612368	6.500854452264732E-6	1.1130440100475347	0.2620690749103167	0.17705254942762244	0.19890718763406168	0.36197118802799955
5100000	-1031314.9517010297	-1030027.5801769755	-1287.371524054215	-1030027.5801769755	1222.032539474736	0.33683125543908965	0.7756626936367969	0.24388336418954523	0.21087914578926337	0.1576319881068869	0.11578524885259117	0.8126570217955451	-1243.0240815174323	377.82515665199327	394.952257301062	409.5984867449392	362.2966317206756	388.9460558882592	11	10	98	3	1	0.0024357455543709333	0.0014786122140244393	6.954201485533225E-6	1.1079202714181415	0.2625951498165468	0.17729557582886268	0.19890718763406168	0.3612020867205293
5200000	-1031323.337381561	-1030041.6761206842	-1281.6612608767894	-1030041.6761206842	1198.561709279857	0.3335272574814985	0.7790965017473015	0.2440109870349331	0.2102476970608033	0.15307774503944804	0.11781958487128823	0.8215209160531309	-1237.3467126961996	374.71245343572957	391.57476927392634	411.7169505768123	362.7363867438308	390.32408345282175	10	2	104	1	6	0.002458567021279374	0.0014865964407243023	6.983095978736779E-6	1.0923362337332845	0.26269257710774857	0.1770730505177303	0.1975545908567866	0.36267978151773494
5300000	-1031316.7030901633	-1030044.9607846738	-1271.7423054895432	-1030044.9607846738	1184.4325670570713	0.33805097963448855	0.7790965017473015	0.24276651946914943	0.21297638577535002	0.15678609380896785	0.12158242039326299	0.8343892483951686	-1227.379272024034	375.3494384120928	388.5247472750281	413.51967839630197	362.88734852267015	387.5228041117618	4	23	80	7	9	0.002498086840447278	0.001514475333672234	6.955638279561327E-6	1.0953698879787068	0.2634403889780793	0.1765035449274136	0.19783861558232926	0.36221745051217824
5400000	-1031299.5814686209	-1030029.3037717076	-1270.2776969132865	-1030029.3037717076	1154.9310172285686	0.33256796250883414	0.7770165970286836	0.24237138285880677	0.21635928973543958	0.1543886460952249	0.11785569584294334	0.8230387429278072	-1225.9398398664202	375.93989127814086	388.43574984942853	414.14013289606476	363.06532786619624	388.4604243242639	14	31	52	1	25	0.0025318600585272767	0.0015351916692522092	7.284551163528786E-6	1.1118691862201338	0.2636522294897706	0.1765035449274136	0.19690790331796476	0.3629363222648515
5500000	-1031293.6437087463	-1030030.0575971057	-1263.586111640553	-1030030.0575971057	1171.7909981493965	0.33053941604223674	0.7697690615073425	0.2418806285674381	0.21156684236028853	0.1581445200256046	0.11484824218473084	0.8153394972100443	-1219.2562228148254	376.21759450444495	391.42851664812156	414.9126368469781	364.10890921886886	389.4866201679554	9	18	80	1	15	0.002609802631932214	0.0015605207617742519	7.4747507149304756E-6	1.1164275625482325	0.26295037844322905	0.17705782667841316	0.19720769386091735	0.36278410101744096
5600000	-1031313.1858887137	-1030047.8861333097	-1265.2997554039864	-1030047.8861333097	1174.070134672896	0.33718168419676237	0.78136992643212	0.24261646520103794	0.21224440661640123	0.15631116708457315	0.1157421896016991	0.8205002008508786	-1220.9073185410214	377.71889117475297	391.2749007962908	417.91135196943407	367.8060996047894	392.43485134768633	30	14	73	2	4	0.0025567252043959786	0.00151814159003682	7.136457123686314E-6	1.095710290499398	0.26393502623540294	0.1750153987757196	0.19661151145567993	0.36443806353319813
5700000	-1031306.0042603624	-1030051.1211861492	-1254.8830742132252	-1030051.1211861492	1198.0036416994008	0.33356128354720216	0.7774014733058497	0.24261646520103794	0.20896666538776046	0.15847151084096867	0.11849269874929655	0.8365994852700287	-1210.4974779341944	376.091160701167	391.1068621382723	417.67215930503477	365.00359592232746	394.6207379874244	8	33	73	4	5	0.0026052293800122076	0.0015338027517835236	6.959577038090835E-6	1.0823086203139571	0.2624553752720506	0.17759774646603024	0.1965028645243658	0.363444013737554
5800000	-1031263.2998119693	-1030017.8371963879	-1245.4626155813696	-1030017.8371963879	1153.4719125989413	0.334707218732772	0.7782283220050916	0.24807344875043488	0.2116618521698715	0.1539158482936056	0.11698236909198685	0.8311855352249895	-1201.0747097459548	374.6264460760797	395.09541013175993	419.2376351976935	364.4762031618376	390.1633807547037	2	3	113	2	3	0.0026358343377999222	0.0015566226000985899	6.782497202183402E-6	1.0754986827280304	0.2634896843209595	0.17664111376053507	0.19760855252620735	0.3622606493922987
5900000	-1031255.9876420021	-1030019.7732287962	-1236.214413205815	-1030019.7732287962	1134.3268715415327	0.32843324849404326	0.7641379892652054	0.24338409720793464	0.21039227919211625	0.1553553430573708	0.11592320733266391	0.8351804460849147	-1191.8525545468278	374.6772505654874	394.123437291318	425.48316039611353	364.0926146170377	392.83727912747685	3	8	110	1	1	0.002666185616877315	0.0015923081417075007	7.034850724020649E-6	1.0885748383730154	0.2634896843209595	0.17634632105275022	0.19799577397138254	0.3621682206549084
6000000	-1031270.8535494405	-1030038.5913434904	-1232.2622059500895	-1030038.5913434904	1120.358550054944	0.33396375435458825	0.7772458642365996	0.24386355914423627	0.20766351141969108	0.15404378786160858	0.11611017904269687	0.8225375521765717	-1187.8739700642852	376.63414274295246	397.96580240312886	427.30110033554564	365.7411338200679	393.42081999009685	2	9	96	2	14	0.0026784550334934816	0.0015835341339878852	7.289912390788449E-6	1.0776951688920025	0.26450013074388806	0.17690070009619024	0.1966207658167269	0.3619784033431955
6100000	-1031265.0847691752	-1030030.6865460858	-1234.3982230894292	-1030030.6865460858	1110.885034463427	0.32947773547727227	0.7738917405743946	0.2467402843199047	0.2111263670742497	0.15782171385016283	0.11694808650675921	0.8194969885856122	-1189.982982325375	376.1671654962488	394.5687336353158	427.6465620878533	365.88672939167236	395.2365402461036	9	15	87	6	6	0.0026320987533817236	0.0015962196814361404	7.555740262411778E-6	1.083312297281856	0.2637218951641311	0.17719734446448962	0.19714360427737235	0.3619371560940077
6200000	-1031266.9213505295	-1030036.132169754	-1230.7891807755623	-1030036.132169754	1095.363197719405	0.33387535472682334	0.7836100239238307	0.24479125428524018	0.2055331671054542	0.1555892453003832	0.11694808650675921	0.8269294916852946	-1186.38260809083	375.16739322383523	390.4659313309188	431.3722277412354	363.32442578980135	400.0053441947126	1	19	86	8	9	0.002622755120776477	0.0016062635923041668	7.814962777835917E-6	1.1076291601435415	0.26399200239094106	0.17719734446448962	0.19678433433900783	0.36202631880556224
6300000	-1031268.9813659468	-1030040.6793799264	-1228.3019860204543	-1030040.6793799264	1069.7210775260476	0.3394245516351284	0.7814010873890352	0.2417387263631902	0.20410136160702871	0.15708883692016562	0.114842776455383	0.8269294916852946	-1183.8951602633958	374.4632764720934	390.32971960407343	431.40140839253024	361.2211510580411	401.0497320910815	1	4	112	3	3	0.002616651330605696	0.001620347386524051	7.402968633898943E-6	1.1179342058137658	0.2623608813006166	0.17719734446448962	0.19746599312991414	0.3629757811049804
6400000	-1031253.9522667881	-1030032.3800235878	-1221.57224320027	-1030032.3800235878	1035.7694821315272	0.33279339611224273	0.7800114356694234	0.24329283570480725	0.21020292954766884	0.1598661549063647	0.11575131499987197	0.8317645038674473	-1177.112665046313	373.65981944472725	390.7180894695404	435.0154427016671	366.07813280086094	400.3221307894367	11	28	78	4	2	0.0025854939908350454	0.0016220277411999706	7.041586669321166E-6	1.103892037957776	0.26264400368498364	0.17719734446448962	0.19683355574036576	0.3633250961101617
6500000	-1031273.1568297057	-1030045.1910352213	-1227.965794484381	-1030045.1910352213	1051.6652878499792	0.33131277862178615	0.7695065734915704	0.24086485606816163	0.2064159062998228	0.15641762700471917	0.11703316660434092	0.8387607298301354	-1183.5568561331079	370.97204273210633	392.9155735254359	435.8965443751048	367.5749079268659	402.0013624689302	28	2	75	16	2	0.0026530418057378814	0.0016396914802516555	7.430930850533445E-6	1.0981512179254938	0.2630939844434625	0.17720924781451294	0.19651682562485034	0.363179942117175
6600000	-1031275.3774991463	-1030062.3302087926	-1213.0472903536522	-1030062.3302087926	1027.7843621614509	0.33020795139229353	0.7555403359850638	0.24427980890331255	0.21183283982981327	0.15218786873253348	0.11723351637284174	0.8305094131076483	-1168.6405986442815	374.81435378583075	391.8865732127437	439.41702498204745	364.30268339705304	403.45294199892794	10	3	104	1	5	0.0026711491692076573	0.0016287249035953173	7.397360508166483E-6	1.0957080299809245	0.26334993314354954	0.17599056202985564	0.20117729199076353	0.35948221283583204
6700000	-1031251.0058973425	-1030043.5182949792	-1207.4876023632573	-1030043.5182949792	976.2081858381014	0.3260452850382203	0.7551749965017589	0.2413385861358019	0.21001890249978375	0.15409653494975997	0.11649848940789449	0.8293390331824919	-1163.1039769436888	373.80140627469183	390.2955667400944	441.5931044785809	366.7311764597135	401.34975585983193	1	8	107	4	3	0.0027139414452274054	0.0016943571133176748	7.849461040812155E-6	1.1335071507835015	0.26513558011288685	0.17600137180467845	0.1976645556092851	0.36119849247315033
6800000	-1031249.9397337136	-1030042.2680589162	-1207.6716747974567	-1030042.2680589162	946.8113628170553	0.3310908980074838	0.7662482699940589	0.24131019888057056	0.21691444048287514	0.15356894860533205	0.11749181473305376	0.8202068812698707	-1163.2335762607356	374.14506360422973	385.047090101961	445.2724141696387	365.65693893004544	404.4874068589178	5	1	103	3	11	0.0026766471267725897	0.0017154403103274238	8.09227804608972E-6	1.1160546440487153	0.2636312331592303	0.1769211316270709	0.1966313777651147	0.36281625744858487
6900000	-1031223.3779579733	-1030019.7072545979	-1203.6707033753275	-1030019.7072545979	933.3351397067195	0.33468194508010574	0.7750507970854247	0.2439809815261308	0.21138798344561274	0.1577087632416608	0.11549585802080954	0.8258102535926869	-1159.1916099881971	373.12539176030225	383.37163161790454	444.12985857436723	365.5882083760028	408.9363434854688	1	1	115	2	4	0.00274370445120909	0.0017422262505576846	7.807527874178625E-6	1.1062796963002266	0.263048305717223	0.1774853362010618	0.19625702423786986	0.3632093338438461
7000000	-1031225.2455217825	-1030020.4683664379	-1204.777155344567	-1030020.4683664379	922.9220514185126	0.3326466358793773	0.7700550791983787	0.2439809815261308	0.21062750931185797	0.15472982282565056	0.11305090396180088	0.8101864705414734	-1160.3621420102427	371.77470586562816	383.2974876145048	440.739470793809	367.56248303837407	407.4135530964309	11	3	106	1	2	0.002728782850081116	0.0017412599877267094	7.539683050284044E-6	1.118948904279186	0.263048305717223	0.1761113606544299	0.19843225868995676	0.3624080749383911
7100000	-1031252.9605778356	-1030053.6468674144	-1199.3137104211526	-1030053.6468674144	944.9699849498503	0.3278624273691908	0.7659307073491037	0.24227281379753834	0.2099577768928364	0.15526239960710733	0.11612925329583287	0.8314389374163835	-1154.8816177817	367.6132258226148	385.5536762888617	444.3042355979482	369.95006865688566	411.94741536874415	1	6	110	1	5	0.002731754799767301	0.0017284385372902868	8.250662333957632E-6	1.1434999145315667	0.2636415009536632	0.17735122685951155	0.1972964127271717	0.3617108594596543
7200000	-1031223.9596765297	-1030026.8313851957	-1197.12829133408	-1030026.8313851957	926.9163686156907	0.3315347093213906	0.7767288984985173	0.2443789293769711	0.2138951002891944	0.1568232715513267	0.11793874508396962	0.8280317215722779	-1152.6340908304292	366.81408066008015	383.9728969032469	448.4808174746355	369.9423857315552	411.15834988515536	13	3	95	3	9	0.002723014471137456	0.0017403356979616932	7.484249213411395E-6	1.0892982234951984	0.2636415009536632	0.17688122847658652	0.19734879522756135	0.36212847534218967
7300000	-1031217.7467294029	-1030024.7901781644	-1192.9565512385132	-1030024.7901781644	927.148955350057	0.3276832135761234	0.7738049567479451	0.2437139234966652	0.20531079845711342	0.1564698486089926	0.11685692380058987	0.8276876726186885	-1148.509604964967	367.7911243720471	390.01207370881673	449.0727542262831	370.75631272895555	408.60429116636936	5	2	106	2	8	0.0027379433647754803	0.0017428394796187726	7.758205568983569E-6	1.1152899596753385	0.2636415009536632	0.17688122847658652	0.19734879522756135	0.36212847534218967
7400000	-1031207.3732033839	-1030015.7122890272	-1191.660914356655	-1030015.7122890272	937.1880862946932	0.32874790207408444	0.7612520165895025	0.24130832670088678	0.21210597382758403	0.15372711422574656	0.1168028601996903	0.821296942898715	-1147.2083593742227	368.725962479473	391.18359261045606	444.20260957374603	373.72099881621733	417.346333627025	8	5	89	18	3	0.002752902201806156	0.0017666361854659157	7.600168952621889E-6	1.10605652524723	0.2649398562335722	0.1753265653945968	0.19783613462281144	0.3618974437490203
7500000	-1031219.1916503173	-1030036.6428448947	-1182.5488054226387	-1030036.6428448947	934.3146415892348	0.33264397844979765	0.7711598297637737	0.24244425162084993	0.21405846795118977	0.15690956329696634	0.11217168667774273	0.825034091332327	-1138.0122632764521	370.801371913327	392.9122160776064	447.2433971785262	375.4413728166499	417.7600635243453	7	3	108	3	2	0.0027967027279873677	0.0017718493719031184	8.270600401457959E-6	1.0973974957197634	0.26500494030803773	0.1769895143815522	0.19537260115983213	0.3626329441505786
7600000	-1031204.8232349155	-1030030.629385787	-1174.193849128557	-1030030.629385787	917.7434277046291	0.33372618530300213	0.7886343406554812	0.24520454526268678	0.2122417911138575	0.15723081372058834	0.11646407434782398	0.8322773854119074	-1129.6093790886591	370.79290483229323	393.06173467140917	450.55787747658667	370.87198420855685	421.21303191313524	5	19	93	1	5	0.0028069876997624944	0.0018089880432966502	8.186494668120782E-6	1.083143506702471	0.26303112266484885	0.17816764700650967	0.19660175753243778	0.3621994727962044
7700000	-1031211.3662510716	-1030037.2386113339	-1174.1276397377048	-1030037.2386113339	925.4196054656863	0.33180927088770423	0.7775020124099432	0.24555371845131166	0.21158355630128559	0.15709179762632366	0.11812834433996494	0.8349199072996498	-1129.536436879477	370.703256090233	396.2739635598909	455.7635352193078	375.3366320922821	419.539285172039	6	6	104	2	5	0.002804158703117655	0.0017708628831603827	8.818033500255519E-6	1.1464596225243726	0.264128290057287	0.1766338998955205	0.19608681933797698	0.3631509907092162
7800000	-1031217.8108442927	-1030042.052980111	-1175.7578641817568	-1030042.052980111	924.600691793901	0.3335790926716153	0.7780271005854658	0.24416643071381972	0.21516038377661595	0.1581509961143412	0.11663100339689399	0.8265404195908858	-1131.1616610319948	365.6580943268376	396.16993991387665	454.6227739677201	376.6414259160777	421.0393296497294	4	20	91	4	4	0.002841850139624114	0.0017777044238575853	8.860172059109387E-6	1.1292131817416713	0.26235937810981264	0.1772613788109422	0.1978635073530769	0.36251573572616885
7900000	-1031213.84309436	-1030041.8689314278	-1171.9741629321632	-1030041.8689314278	929.3064511941474	0.3378909746175856	0.7808541553350183	0.2447737083641682	0.20682945753991028	0.15467089770542	0.11784171754493725	0.827126633382407	-1127.4042146989036	370.6711359866339	398.27472407416104	456.3479026142278	370.8930085849009	421.9753014173532	2	26	89	2	4	0.002781827888822925	0.0017897425012753602	8.659825540609725E-6	1.141391907180406	0.2615649773515483	0.17704707729006625	0.19769274460004582	0.36369520075834016
8000000	-1031200.4558651586	-1030035.2324902972	-1165.223374861368	-1030035.2324902972	927.0572020890116	0.3344700250895587	0.7801147369596525	0.2477676749180575	0.20915931374628907	0.15379805962225956	0.11858404197336811	0.8343248191968119	-1120.6006498625507	367.5548804270423	401.2991164093278	466.770043946442	373.189712259304	423.9850623125895	2	5	108	3	5	0.0028417431887215456	0.0018027570540362949	8.528375630856422E-6	1.0984651816191422	0.2626437809151456	0.17744348336729532	0.19685062401197076	0.36306211170558883
8100000	-1031205.7236505761	-1030047.6865032474	-1158.0371473287757	-1030047.6865032474	918.5624072362091	0.34015827860292874	0.7777534754224253	0.243740924783877	0.21038105336777685	0.15599258647327963	0.11820150362445225	0.8168686487272367	-1113.4294123685788	363.93993723840714	400.057374579348	470.9868379793136	370.8769758042186	419.9052435040656	5	3	108	1	6	0.0028367521859088115	0.0018023471777548893	9.01102339381802E-6	1.1401348220258838	0.26222984151974155	0.17626510689718958	0.20013807782188678	0.3613669737611826
8200000	-1031210.2186567629	-1030054.0211770692	-1156.1974796937398	-1030054.0211770692	909.8889636630531	0.34142681394600044	0.7870485460359534	0.24435957562017965	0.21526990564979914	0.15983684766960954	0.11599213826612716	0.817610100852602	-1111.5316968529685	359.3018499582758	397.62524517297936	476.50654625640107	369.0514702785241	418.9749655684002	2	3	114	3	1	0.002878937150107848	0.0018314295626657112	8.359635801527984E-6	1.0870918209662173	0.26412416104870357	0.17602917132254947	0.19717920156707228	0.36266746606167527
8300000	-1031193.0722540707	-1030030.4152521685	-1162.6570019020903	-1030030.4152521685	939.4892849977714	0.33118712578483167	0.7726115617114727	0.24550792378710884	0.20769299655313445	0.15594341600044018	0.11521234447129669	0.8182545668933386	-1118.1077381835455	354.8280089862897	395.22572922170906	474.68419103135636	376.55770149084555	416.693046357421	2	6	103	10	2	0.0028183297587783328	0.001773807747953009	7.827714407692288E-6	1.0906955108681042	0.26327499927923653	0.1756176769948025	0.19810082335152368	0.36300650037443793
8400000	-1031193.2553899905	-1030034.6956383598	-1158.5597516307296	-1030034.6956383598	933.3238208136446	0.3320588687895562	0.7707703376584686	0.2468298390084838	0.2147151152044704	0.1553768773965109	0.11821100662531125	0.8324489554912597	-1113.9568394547912	356.55931563339107	397.2485874676766	474.2892592019855	375.7607972437251	416.25983694236146	1	4	112	2	4	0.0028274475307048254	0.001781415394021796	7.947069082016536E-6	1.1138910688360855	0.2636178271495201	0.1757738436669052	0.1959963302349122	0.36461199894866314
8500000	-1031174.5240936594	-1030019.5160319929	-1155.0080616665566	-1030019.5160319929	927.8983960833189	0.33507182907693767	0.7724123229661934	0.24063458749640654	0.20974781538668025	0.1547566381004811	0.11776283014729891	0.8320455138281929	-1110.4508849245917	354.3804717317491	396.23140931805005	477.41946827149343	374.8108869695537	414.48042602094216	4	10	99	1	9	0.00285166764139807	0.0018082541475347642	8.010720699410221E-6	1.1110554047294636	0.2638101851672956	0.1767649145171418	0.1982519013762529	0.3611729989393103
8600000	-1031163.6969804481	-1030014.6934472836	-1149.0035331645045	-1030014.6934472836	963.6372692612264	0.3353015418407646	0.7605637152681325	0.24063458749640654	0.20721075836924363	0.15548059936871142	0.11794681815757696	0.8242228608201535	-1104.4837964070161	354.36473352570124	397.0951633708415	475.3143666764518	375.017516165661	413.05801819843055	7	5	100	9	2	0.002911914446314091	0.0018267180253683517	8.752788011445545E-6	1.1409943812774903	0.26420534078662994	0.1754734202318087	0.19850248472632614	0.36181875425523585
8700000	-1031173.5854616986	-1030035.7901762469	-1137.7952854517007	-1030035.7901762469	926.8422586902124	0.3324997698106685	0.7680734901138038	0.24123248010859882	0.20431132711096875	0.15690823933354126	0.11746282437735749	0.8298702585516801	-1093.248127783642	355.4775628838751	400.17266584412675	476.9159211743032	371.4758006761703	418.4487206668166	4	14	94	1	10	0.0029274038715039735	0.0018945943457817796	9.075888948222637E-6	1.13530897909351	0.2645361497037141	0.17689212182949712	0.19777707824367965	0.3607946502231098
8800000	-1031158.2415996501	-1030023.3259863311	-1134.9156133190722	-1030023.3259863311	917.3814127989931	0.33555263558984694	0.7731015138232287	0.24344876039495325	0.21394272283240193	0.15497969988308713	0.11434187552384066	0.824662345071624	-1090.2871167762082	357.057913966549	406.89274248583985	475.4605804789748	374.60411345292624	421.6054395054034	3	1	102	1	16	0.002864902123785263	0.0018739167283547348	9.525364293851191E-6	1.1551621260903269	0.26223644463960505	0.17751067829292047	0.19782419678889945	0.36242868027857567
8900000	-1031166.1808287422	-1030037.5697020981	-1128.6111266440614	-1030037.5697020981	960.6742724209699	0.3372928348800608	0.7880118259610213	0.24644281930921	0.2140604727129862	0.1568741768994267	0.11679173344488766	0.8142822171216344	-1083.9210149997525	359.22160116445673	411.05602137983874	481.4446015306201	370.68831746306597	420.92442896956885	11	1	98	6	7	0.002908246876787717	0.0018854069748572857	9.625071720934503E-6	1.1529653625047347	0.2622197423514366	0.17749288156324966	0.19815748706080744	0.36212988902450693
9000000	-1031148.9721981629	-1030024.7931927538	-1124.1790054091125	-1030024.7931927538	1020.2564326864259	0.33390806649921473	0.7786946798893364	0.24723303833801297	0.20827955183201866	0.15894168063031924	0.11243150884131779	0.8279838335279146	-1079.5003136585237	361.8732423475248	409.8518894700808	482.99427915565707	372.6189600284625	419.45171568916084	6	13	96	2	6	0.0029770932024314484	0.00190287990582281	9.074033747879974E-6	1.1216646566357258	0.2626765316495948	0.17728794826035515	0.1967513742907152	0.36328414579933543
9100000	-1031155.013666115	-1030033.5902290567	-1121.4234370583174	-1030033.5902290567	957.0891647750095	0.3366320968145854	0.7724576403264893	0.24484946999196738	0.21074145845662037	0.1550052088828093	0.11493476255485198	0.8326098069540946	-1076.7458968277556	358.13611731716964	413.17062685208884	490.46850407273445	370.8414639315066	419.01846367535086	4	4	101	4	10	0.0029006539901948675	0.0019166856927288838	9.151246500479733E-6	1.1298931106889107	0.26316968384764866	0.1762326221593156	0.1970148713166313	0.363582822676405
9200000	-1031143.4834523879	-1030021.6532773701	-1121.8301750176809	-1030021.6532773701	954.4662297754832	0.338629275674134	0.7763121585022353	0.24538331718227266	0.21074145845662037	0.15279902724358319	0.11742307622831664	0.8189507830789594	-1077.152841302051	360.03481470566004	409.9109531656462	490.2234082441826	370.03992142598753	426.25015952505476	1	15	94	3	10	0.002858604839112131	0.0018981675637359256	8.935850751418662E-6	1.1521166170800474	0.26187698138329446	0.17757422799573408	0.19775090124088396	0.36279788938008806
9300000	-1031150.2468860829	-1030030.8367349515	-1119.4101511314577	-1030030.8367349515	1032.5988992948646	0.3287705544256436	0.7763175780854871	0.2457266239019657	0.21109213861372111	0.15756452804669943	0.11932599312571884	0.8353131623695577	-1074.7080808220671	363.8906030977632	408.26187841263663	491.1350432277571	370.5278916510704	424.6935735982958	3	8	108	3	1	0.0028190160503322663	0.0018616818417290981	8.334931274491428E-6	1.131532069277048	0.26430872970976593	0.17742371822193034	0.19723288320428367	0.36103466886402064
9400000	-1030771.5134357007	-1029653.7849386865	-1117.7284970141613	-1029653.7849386865	1043.5309361971558	0.33872814329241346	0.7664366319650076	0.24108484281426232	0.21354475000056897	0.1551823837184706	0.11608716387846477	0.8315113167699332	-1073.0023292819162	361.8501891456093	411.7131131762236	497.99011904930654	375.24201441434934	425.6339195660358	3	40	77	2	1	0.002815783290691812	0.0018840412675560014	8.245801932548749E-6	1.1259374209453057	0.26418384798752587	0.1765794127281808	0.19738047054434602	0.3618562687399479
9500000	-1030770.8018579058	-1029659.2650312062	-1111.5368266996074	-1029659.2650312062	1013.5001578617953	0.33352318956360294	0.7657133362861633	0.24111119932515138	0.21261633597511742	0.15801639224444836	0.11778155151262559	0.8289038032407043	-1066.8134425053531	363.65699753264846	409.4631538282667	497.44233035816643	373.6097625137696	428.48973336062227	14	2	101	5	1	0.0028839975598861835	0.001923868102790345	8.469014474871146E-6	1.1216644795878892	0.26347224102431743	0.17680782451516291	0.19815904221960096	0.3615608922409193
9600000	-1030719.8657941533	-1029615.2448116351	-1104.6209825182045	-1029615.2448116351	983.0919373166022	0.33310178916117944	0.7764128853550545	0.24014574348041812	0.20978319953383723	0.1555334068519449	0.11634820171559092	0.8318983234511276	-1059.903265920509	368.2784415879174	407.662566744037	501.2451806085218	373.0934980234884	426.0559208025496	2	5	104	1	11	0.0029491195363438374	0.0019633527300799885	8.891276190466695E-6	1.1502287990768671	0.2620421997267976	0.17729049909982736	0.1972045871444298	0.36346271402894587
9700000	-1030662.1451610482	-1029557.6395349819	-1104.5056260662654	-1029557.6395349819	987.628093096052	0.3369929235205627	0.786608024510636	0.24241831675012462	0.20890682796303645	0.15607787239767767	0.11524218406337107	0.8238237756387138	-1059.752246204569	369.8373373629146	411.02246816892534	501.00044321160846	368.41772334444323	429.0310009452415	5	1	106	5	6	0.002965665684980266	0.001978673521465689	9.314793805963849E-6	1.1319067084452907	0.26330715388860765	0.17729049909982736	0.1972045871444298	0.3621977598671358
