
RAxML-NG v. 1.0.0-master released on 07.08.2020 by The Exelixis Lab.
Developed by: Alexey M. Kozlov and Alexandros Stamatakis.
Contributors: Diego Darriba, Tomas Flouri, Benoit Morel, Sarah Lutteropp, Ben Bettisworth.
Latest version: https://github.com/amkozlov/raxml-ng
Questions/problems/suggestions? Please visit: https://groups.google.com/forum/#!forum/raxml

System: Intel(R) Xeon(R) Gold 6130 CPU @ 2.10GHz, 32 cores, 93 GB RAM

RAxML-NG was called at 28-Aug-2021 11:14:03 as follows:

/global/home/users/cbrook/raxml-ng/raxml-ng-mpi --all --msa S-Translation-Alignment.fasta --data-type AA --model WAG+I+G4+F --prefix T3 --seed 1 --threads 8 --bs-metric fbp,tbe

Analysis options:
  run mode: ML tree search + bootstrapping (Felsenstein Bootstrap + Transfer Bootstrap)
  start tree(s): random (10) + parsimony (10)
  bootstrap replicates: max: 1000 + bootstopping (autoMRE, cutoff: 0.030000)
  random seed: 1
  tip-inner: OFF
  pattern compression: ON
  per-rate scalers: OFF
  site repeats: ON
  branch lengths: proportional (ML estimate, algorithm: NR-FAST)
  SIMD kernels: AVX2
  parallelization: coarse-grained (auto), PTHREADS (8 threads), thread pinning: ON

[00:00:00] Reading alignment from file: S-Translation-Alignment.fasta
[00:00:00] Loaded alignment with 38 taxa and 1725 sites

Alignment comprises 1 partitions and 1550 patterns

Partition 0: noname
Model: WAG+FC+I+G4m
Alignment sites / patterns: 1725 / 1550
Gaps: 24.80 %
Invariant sites: 18.14 %


NOTE: Binary MSA file created: T3.raxml.rba

Parallelization scheme autoconfig: 1 worker(s) x 8 thread(s)

Parallel reduction/worker buffer size: 1 KB  / 0 KB

[00:00:00] Generating 10 random starting tree(s) with 38 taxa
[00:00:00] Generating 10 parsimony starting tree(s) with 38 taxa
[00:00:00] Data distribution: max. partitions/sites/weight per thread: 1 / 194 / 15520
[00:00:00] Data distribution: max. searches per worker: 1020

Starting ML tree search with 20 distinct starting trees

[00:00:19] ML tree search #1, logLikelihood: -52532.131094
[00:00:38] ML tree search #2, logLikelihood: -52532.130043
[00:00:53] ML tree search #3, logLikelihood: -52532.130231
[00:01:08] ML tree search #4, logLikelihood: -52532.130828
[00:01:23] ML tree search #5, logLikelihood: -52532.130009
[00:01:39] ML tree search #6, logLikelihood: -52532.129912
[00:01:57] ML tree search #7, logLikelihood: -52532.130061
[00:02:11] ML tree search #8, logLikelihood: -52532.130048
[00:02:27] ML tree search #9, logLikelihood: -52532.130598
[00:02:42] ML tree search #10, logLikelihood: -52532.129879
[00:02:57] ML tree search #11, logLikelihood: -52532.131566
[00:03:08] ML tree search #12, logLikelihood: -52532.129910
[00:03:18] ML tree search #13, logLikelihood: -52532.129907
[00:03:30] ML tree search #14, logLikelihood: -52532.129984
[00:03:44] ML tree search #15, logLikelihood: -52532.131262
[00:03:54] ML tree search #16, logLikelihood: -52532.129875
[00:04:05] ML tree search #17, logLikelihood: -52532.129922
[00:04:15] ML tree search #18, logLikelihood: -52532.129900
[00:04:29] ML tree search #19, logLikelihood: -52532.131458
[00:04:44] ML tree search #20, logLikelihood: -52532.131569

[00:04:44] ML tree search completed, best tree logLH: -52532.129875

[00:04:44] Starting bootstrapping analysis with 1000 replicates.

[00:04:58] Bootstrap tree #1, logLikelihood: -52956.643598
[00:05:07] Bootstrap tree #2, logLikelihood: -52952.567669
[00:05:22] Bootstrap tree #3, logLikelihood: -53543.769585
[00:05:32] Bootstrap tree #4, logLikelihood: -52779.291550
[00:05:43] Bootstrap tree #5, logLikelihood: -51859.636880
[00:05:54] Bootstrap tree #6, logLikelihood: -51443.206365
[00:06:04] Bootstrap tree #7, logLikelihood: -51468.139163
[00:06:16] Bootstrap tree #8, logLikelihood: -51244.758987
[00:06:28] Bootstrap tree #9, logLikelihood: -51712.306119
[00:06:39] Bootstrap tree #10, logLikelihood: -51335.441386
[00:06:50] Bootstrap tree #11, logLikelihood: -52975.002470
[00:07:02] Bootstrap tree #12, logLikelihood: -51483.481883
[00:07:14] Bootstrap tree #13, logLikelihood: -54015.931349
[00:07:24] Bootstrap tree #14, logLikelihood: -52956.297582
[00:07:37] Bootstrap tree #15, logLikelihood: -53350.543589
[00:07:50] Bootstrap tree #16, logLikelihood: -52858.621302
[00:08:01] Bootstrap tree #17, logLikelihood: -52594.810230
[00:08:09] Bootstrap tree #18, logLikelihood: -52396.161317
[00:08:20] Bootstrap tree #19, logLikelihood: -50599.489245
[00:08:32] Bootstrap tree #20, logLikelihood: -52516.179420
[00:08:42] Bootstrap tree #21, logLikelihood: -52130.702759
[00:08:54] Bootstrap tree #22, logLikelihood: -52496.301632
[00:09:07] Bootstrap tree #23, logLikelihood: -52713.937018
[00:09:18] Bootstrap tree #24, logLikelihood: -53121.488307
[00:09:32] Bootstrap tree #25, logLikelihood: -52117.526141
[00:09:43] Bootstrap tree #26, logLikelihood: -51671.504494
[00:09:56] Bootstrap tree #27, logLikelihood: -52603.741046
[00:10:09] Bootstrap tree #28, logLikelihood: -53329.729141
[00:10:19] Bootstrap tree #29, logLikelihood: -51412.838664
[00:10:30] Bootstrap tree #30, logLikelihood: -51435.034724
[00:10:40] Bootstrap tree #31, logLikelihood: -51897.953990
[00:10:54] Bootstrap tree #32, logLikelihood: -53047.093161
[00:11:04] Bootstrap tree #33, logLikelihood: -51412.981119
[00:11:15] Bootstrap tree #34, logLikelihood: -53158.991318
[00:11:25] Bootstrap tree #35, logLikelihood: -53458.975334
[00:11:35] Bootstrap tree #36, logLikelihood: -51812.512430
[00:11:45] Bootstrap tree #37, logLikelihood: -52089.608015
[00:11:56] Bootstrap tree #38, logLikelihood: -52503.785787
[00:12:08] Bootstrap tree #39, logLikelihood: -53183.713756
[00:12:19] Bootstrap tree #40, logLikelihood: -52338.979824
[00:12:32] Bootstrap tree #41, logLikelihood: -52895.174558
[00:12:43] Bootstrap tree #42, logLikelihood: -52566.863074
[00:12:53] Bootstrap tree #43, logLikelihood: -51708.273923
[00:13:03] Bootstrap tree #44, logLikelihood: -52596.244019
[00:13:15] Bootstrap tree #45, logLikelihood: -52053.287784
[00:13:27] Bootstrap tree #46, logLikelihood: -52375.036638
[00:13:39] Bootstrap tree #47, logLikelihood: -52286.854217
[00:13:49] Bootstrap tree #48, logLikelihood: -52312.860025
[00:14:01] Bootstrap tree #49, logLikelihood: -51896.845122
[00:14:11] Bootstrap tree #50, logLikelihood: -53144.521504
[00:14:21] Bootstrap tree #51, logLikelihood: -52905.648233
[00:14:33] Bootstrap tree #52, logLikelihood: -51623.770043
[00:14:45] Bootstrap tree #53, logLikelihood: -52185.240952
[00:14:55] Bootstrap tree #54, logLikelihood: -52873.307145
[00:15:06] Bootstrap tree #55, logLikelihood: -50422.721004
[00:15:16] Bootstrap tree #56, logLikelihood: -52060.209554
[00:15:30] Bootstrap tree #57, logLikelihood: -51854.245743
[00:15:41] Bootstrap tree #58, logLikelihood: -52933.043276
[00:15:53] Bootstrap tree #59, logLikelihood: -51717.127276
[00:16:04] Bootstrap tree #60, logLikelihood: -51564.994960
[00:16:15] Bootstrap tree #61, logLikelihood: -52992.871923
[00:16:28] Bootstrap tree #62, logLikelihood: -53735.617155
[00:16:39] Bootstrap tree #63, logLikelihood: -51493.868436
[00:16:52] Bootstrap tree #64, logLikelihood: -51721.113411
[00:17:07] Bootstrap tree #65, logLikelihood: -51446.566787
[00:17:20] Bootstrap tree #66, logLikelihood: -50039.032820
[00:17:33] Bootstrap tree #67, logLikelihood: -51712.377612
[00:17:43] Bootstrap tree #68, logLikelihood: -53157.400471
[00:17:54] Bootstrap tree #69, logLikelihood: -54057.976264
[00:18:06] Bootstrap tree #70, logLikelihood: -51112.220130
[00:18:17] Bootstrap tree #71, logLikelihood: -51999.181138
[00:18:28] Bootstrap tree #72, logLikelihood: -53337.309317
[00:18:39] Bootstrap tree #73, logLikelihood: -52072.832047
[00:18:49] Bootstrap tree #74, logLikelihood: -52717.756765
[00:18:59] Bootstrap tree #75, logLikelihood: -52200.671456
[00:19:10] Bootstrap tree #76, logLikelihood: -51213.666360
[00:19:20] Bootstrap tree #77, logLikelihood: -51918.108174
[00:19:30] Bootstrap tree #78, logLikelihood: -52416.518615
[00:19:41] Bootstrap tree #79, logLikelihood: -51592.755618
[00:19:53] Bootstrap tree #80, logLikelihood: -51865.184207
[00:20:07] Bootstrap tree #81, logLikelihood: -51316.906915
[00:20:18] Bootstrap tree #82, logLikelihood: -52760.333604
[00:20:29] Bootstrap tree #83, logLikelihood: -52665.523703
[00:20:42] Bootstrap tree #84, logLikelihood: -53031.902167
[00:20:55] Bootstrap tree #85, logLikelihood: -50791.973510
[00:21:09] Bootstrap tree #86, logLikelihood: -52586.785811
[00:21:19] Bootstrap tree #87, logLikelihood: -51072.145703
[00:21:31] Bootstrap tree #88, logLikelihood: -50645.368567
[00:21:43] Bootstrap tree #89, logLikelihood: -50314.527837
[00:21:53] Bootstrap tree #90, logLikelihood: -52459.657503
[00:22:06] Bootstrap tree #91, logLikelihood: -52848.584946
[00:22:18] Bootstrap tree #92, logLikelihood: -51926.341485
[00:22:28] Bootstrap tree #93, logLikelihood: -52090.920213
[00:22:38] Bootstrap tree #94, logLikelihood: -52956.499231
[00:22:50] Bootstrap tree #95, logLikelihood: -52807.035521
[00:23:01] Bootstrap tree #96, logLikelihood: -51359.638520
[00:23:12] Bootstrap tree #97, logLikelihood: -51493.015209
[00:23:23] Bootstrap tree #98, logLikelihood: -52296.377944
[00:23:33] Bootstrap tree #99, logLikelihood: -50438.422597
[00:23:46] Bootstrap tree #100, logLikelihood: -51825.247113
[00:23:58] Bootstrap tree #101, logLikelihood: -50918.346794
[00:24:11] Bootstrap tree #102, logLikelihood: -53243.180740
[00:24:23] Bootstrap tree #103, logLikelihood: -52903.275438
[00:24:35] Bootstrap tree #104, logLikelihood: -52135.213025
[00:24:45] Bootstrap tree #105, logLikelihood: -52832.393885
[00:24:55] Bootstrap tree #106, logLikelihood: -51894.918928
[00:25:07] Bootstrap tree #107, logLikelihood: -52010.798026
[00:25:18] Bootstrap tree #108, logLikelihood: -52360.277231
[00:25:29] Bootstrap tree #109, logLikelihood: -53472.004193
[00:25:39] Bootstrap tree #110, logLikelihood: -53210.337898
[00:25:49] Bootstrap tree #111, logLikelihood: -52257.897490
[00:25:59] Bootstrap tree #112, logLikelihood: -52795.759711
[00:26:11] Bootstrap tree #113, logLikelihood: -52841.176060
[00:26:22] Bootstrap tree #114, logLikelihood: -51164.564067
[00:26:32] Bootstrap tree #115, logLikelihood: -52087.692408
[00:26:42] Bootstrap tree #116, logLikelihood: -51119.780899
[00:26:51] Bootstrap tree #117, logLikelihood: -51584.989807
[00:27:03] Bootstrap tree #118, logLikelihood: -53296.149106
[00:27:17] Bootstrap tree #119, logLikelihood: -52264.627099
[00:27:29] Bootstrap tree #120, logLikelihood: -53647.180688
[00:27:40] Bootstrap tree #121, logLikelihood: -52832.312316
[00:27:52] Bootstrap tree #122, logLikelihood: -52687.011479
[00:28:03] Bootstrap tree #123, logLikelihood: -51889.268014
[00:28:16] Bootstrap tree #124, logLikelihood: -52373.605648
[00:28:27] Bootstrap tree #125, logLikelihood: -52789.211854
[00:28:38] Bootstrap tree #126, logLikelihood: -51572.164771
[00:28:53] Bootstrap tree #127, logLikelihood: -50420.169609
[00:29:04] Bootstrap tree #128, logLikelihood: -52442.549721
[00:29:15] Bootstrap tree #129, logLikelihood: -54129.025498
[00:29:25] Bootstrap tree #130, logLikelihood: -52815.191322
[00:29:36] Bootstrap tree #131, logLikelihood: -52135.808454
[00:29:46] Bootstrap tree #132, logLikelihood: -51983.630506
[00:30:00] Bootstrap tree #133, logLikelihood: -53285.038677
[00:30:11] Bootstrap tree #134, logLikelihood: -51959.193903
[00:30:20] Bootstrap tree #135, logLikelihood: -50387.424269
[00:30:31] Bootstrap tree #136, logLikelihood: -52760.264328
[00:30:41] Bootstrap tree #137, logLikelihood: -50465.331648
[00:30:54] Bootstrap tree #138, logLikelihood: -53842.350582
[00:31:05] Bootstrap tree #139, logLikelihood: -53152.637081
[00:31:17] Bootstrap tree #140, logLikelihood: -52698.132242
[00:31:27] Bootstrap tree #141, logLikelihood: -52693.734547
[00:31:38] Bootstrap tree #142, logLikelihood: -52258.543676
[00:31:50] Bootstrap tree #143, logLikelihood: -52603.788055
[00:32:00] Bootstrap tree #144, logLikelihood: -52532.986511
[00:32:13] Bootstrap tree #145, logLikelihood: -52684.566277
[00:32:28] Bootstrap tree #146, logLikelihood: -53077.589333
[00:32:39] Bootstrap tree #147, logLikelihood: -52243.408233
[00:32:50] Bootstrap tree #148, logLikelihood: -51950.064220
[00:33:01] Bootstrap tree #149, logLikelihood: -53292.247892
[00:33:13] Bootstrap tree #150, logLikelihood: -52689.434899
[00:33:26] Bootstrap tree #151, logLikelihood: -53554.110288
[00:33:38] Bootstrap tree #152, logLikelihood: -53643.876608
[00:33:51] Bootstrap tree #153, logLikelihood: -53682.775169
[00:34:03] Bootstrap tree #154, logLikelihood: -54813.001429
[00:34:15] Bootstrap tree #155, logLikelihood: -52270.516481
[00:34:25] Bootstrap tree #156, logLikelihood: -52932.392619
[00:34:36] Bootstrap tree #157, logLikelihood: -53690.647417
[00:34:47] Bootstrap tree #158, logLikelihood: -52386.215753
[00:34:58] Bootstrap tree #159, logLikelihood: -52252.619974
[00:35:09] Bootstrap tree #160, logLikelihood: -52827.246432
[00:35:19] Bootstrap tree #161, logLikelihood: -52667.895556
[00:35:31] Bootstrap tree #162, logLikelihood: -52759.325326
[00:35:42] Bootstrap tree #163, logLikelihood: -53094.007917
[00:35:54] Bootstrap tree #164, logLikelihood: -54474.810107
[00:36:05] Bootstrap tree #165, logLikelihood: -52570.019755
[00:36:15] Bootstrap tree #166, logLikelihood: -52624.666232
[00:36:28] Bootstrap tree #167, logLikelihood: -52512.900609
[00:36:37] Bootstrap tree #168, logLikelihood: -52942.014842
[00:36:48] Bootstrap tree #169, logLikelihood: -53365.577245
[00:37:01] Bootstrap tree #170, logLikelihood: -51894.154184
[00:37:14] Bootstrap tree #171, logLikelihood: -51430.274490
[00:37:26] Bootstrap tree #172, logLikelihood: -52474.894606
[00:37:37] Bootstrap tree #173, logLikelihood: -52760.438276
[00:37:48] Bootstrap tree #174, logLikelihood: -52203.106046
[00:38:03] Bootstrap tree #175, logLikelihood: -52125.102006
[00:38:16] Bootstrap tree #176, logLikelihood: -52147.477349
[00:38:26] Bootstrap tree #177, logLikelihood: -51224.857025
[00:38:37] Bootstrap tree #178, logLikelihood: -53070.469444
[00:38:50] Bootstrap tree #179, logLikelihood: -52138.862612
[00:39:01] Bootstrap tree #180, logLikelihood: -51562.530898
[00:39:13] Bootstrap tree #181, logLikelihood: -51783.901389
[00:39:25] Bootstrap tree #182, logLikelihood: -52735.685646
[00:39:36] Bootstrap tree #183, logLikelihood: -51585.048740
[00:39:50] Bootstrap tree #184, logLikelihood: -52243.597527
[00:40:00] Bootstrap tree #185, logLikelihood: -53501.568871
[00:40:10] Bootstrap tree #186, logLikelihood: -51459.106595
[00:40:22] Bootstrap tree #187, logLikelihood: -52407.929099
[00:40:32] Bootstrap tree #188, logLikelihood: -51196.631754
[00:40:42] Bootstrap tree #189, logLikelihood: -52566.558623
[00:40:53] Bootstrap tree #190, logLikelihood: -53697.136616
[00:41:06] Bootstrap tree #191, logLikelihood: -50976.167022
[00:41:16] Bootstrap tree #192, logLikelihood: -52197.437577
[00:41:28] Bootstrap tree #193, logLikelihood: -52499.126126
[00:41:39] Bootstrap tree #194, logLikelihood: -53498.696494
[00:41:52] Bootstrap tree #195, logLikelihood: -52182.758726
[00:42:05] Bootstrap tree #196, logLikelihood: -50827.919903
[00:42:16] Bootstrap tree #197, logLikelihood: -51947.153958
[00:42:26] Bootstrap tree #198, logLikelihood: -52420.390074
[00:42:39] Bootstrap tree #199, logLikelihood: -52706.047532
[00:42:53] Bootstrap tree #200, logLikelihood: -51430.098679
[00:43:05] Bootstrap tree #201, logLikelihood: -53608.694880
[00:43:15] Bootstrap tree #202, logLikelihood: -53158.038893
[00:43:26] Bootstrap tree #203, logLikelihood: -52457.290559
[00:43:37] Bootstrap tree #204, logLikelihood: -52951.151653
[00:43:48] Bootstrap tree #205, logLikelihood: -52572.024981
[00:44:00] Bootstrap tree #206, logLikelihood: -51006.641671
[00:44:10] Bootstrap tree #207, logLikelihood: -51640.765653
[00:44:24] Bootstrap tree #208, logLikelihood: -51352.310654
[00:44:35] Bootstrap tree #209, logLikelihood: -51698.216221
[00:44:46] Bootstrap tree #210, logLikelihood: -52985.068518
[00:45:02] Bootstrap tree #211, logLikelihood: -51442.085537
[00:45:14] Bootstrap tree #212, logLikelihood: -51329.616391
[00:45:24] Bootstrap tree #213, logLikelihood: -51033.694700
[00:45:33] Bootstrap tree #214, logLikelihood: -51601.582936
[00:45:43] Bootstrap tree #215, logLikelihood: -50987.871129
[00:45:53] Bootstrap tree #216, logLikelihood: -51042.309893
[00:46:04] Bootstrap tree #217, logLikelihood: -52606.310617
[00:46:14] Bootstrap tree #218, logLikelihood: -53837.843928
[00:46:29] Bootstrap tree #219, logLikelihood: -51739.752042
[00:46:41] Bootstrap tree #220, logLikelihood: -52997.056630
[00:46:53] Bootstrap tree #221, logLikelihood: -52593.457911
[00:47:07] Bootstrap tree #222, logLikelihood: -52622.563705
[00:47:21] Bootstrap tree #223, logLikelihood: -52633.706591
[00:47:31] Bootstrap tree #224, logLikelihood: -52922.296018
[00:47:41] Bootstrap tree #225, logLikelihood: -52605.686225
[00:47:52] Bootstrap tree #226, logLikelihood: -51217.694151
[00:48:06] Bootstrap tree #227, logLikelihood: -53170.501717
[00:48:15] Bootstrap tree #228, logLikelihood: -52098.698442
[00:48:29] Bootstrap tree #229, logLikelihood: -52731.727434
[00:48:38] Bootstrap tree #230, logLikelihood: -51957.514728
[00:48:51] Bootstrap tree #231, logLikelihood: -53681.269582
[00:49:05] Bootstrap tree #232, logLikelihood: -51397.801316
[00:49:16] Bootstrap tree #233, logLikelihood: -51594.636537
[00:49:25] Bootstrap tree #234, logLikelihood: -54291.824165
[00:49:36] Bootstrap tree #235, logLikelihood: -51668.089639
[00:49:46] Bootstrap tree #236, logLikelihood: -52246.359524
[00:50:01] Bootstrap tree #237, logLikelihood: -52852.883153
[00:50:12] Bootstrap tree #238, logLikelihood: -53227.049507
[00:50:23] Bootstrap tree #239, logLikelihood: -52158.479694
[00:50:36] Bootstrap tree #240, logLikelihood: -51682.842800
[00:50:47] Bootstrap tree #241, logLikelihood: -51583.912131
[00:50:57] Bootstrap tree #242, logLikelihood: -52244.180689
[00:51:08] Bootstrap tree #243, logLikelihood: -53749.238488
[00:51:19] Bootstrap tree #244, logLikelihood: -51585.324400
[00:51:28] Bootstrap tree #245, logLikelihood: -51167.364175
[00:51:38] Bootstrap tree #246, logLikelihood: -52388.213607
[00:51:50] Bootstrap tree #247, logLikelihood: -52300.230605
[00:52:00] Bootstrap tree #248, logLikelihood: -52930.263978
[00:52:12] Bootstrap tree #249, logLikelihood: -53961.280231
[00:52:22] Bootstrap tree #250, logLikelihood: -53634.339059
[00:52:34] Bootstrap tree #251, logLikelihood: -51587.937264
[00:52:45] Bootstrap tree #252, logLikelihood: -52342.082670
[00:52:55] Bootstrap tree #253, logLikelihood: -52716.057507
[00:53:06] Bootstrap tree #254, logLikelihood: -51571.692278
[00:53:20] Bootstrap tree #255, logLikelihood: -53495.190532
[00:53:31] Bootstrap tree #256, logLikelihood: -50969.615074
[00:53:41] Bootstrap tree #257, logLikelihood: -51985.634079
[00:53:53] Bootstrap tree #258, logLikelihood: -53362.276539
[00:54:03] Bootstrap tree #259, logLikelihood: -53153.483518
[00:54:14] Bootstrap tree #260, logLikelihood: -53222.220167
[00:54:26] Bootstrap tree #261, logLikelihood: -53623.365432
[00:54:37] Bootstrap tree #262, logLikelihood: -52907.192828
[00:54:48] Bootstrap tree #263, logLikelihood: -51968.447891
[00:55:01] Bootstrap tree #264, logLikelihood: -53743.888043
[00:55:12] Bootstrap tree #265, logLikelihood: -52791.714389
[00:55:22] Bootstrap tree #266, logLikelihood: -51932.227921
[00:55:37] Bootstrap tree #267, logLikelihood: -51792.574538
[00:55:50] Bootstrap tree #268, logLikelihood: -51855.724573
[00:56:01] Bootstrap tree #269, logLikelihood: -53416.472705
[00:56:14] Bootstrap tree #270, logLikelihood: -51950.384606
[00:56:24] Bootstrap tree #271, logLikelihood: -52832.998786
[00:56:36] Bootstrap tree #272, logLikelihood: -52852.911202
[00:56:49] Bootstrap tree #273, logLikelihood: -52983.438712
[00:57:01] Bootstrap tree #274, logLikelihood: -50983.538076
[00:57:11] Bootstrap tree #275, logLikelihood: -51620.006425
[00:57:24] Bootstrap tree #276, logLikelihood: -53027.404267
[00:57:35] Bootstrap tree #277, logLikelihood: -52541.345411
[00:57:45] Bootstrap tree #278, logLikelihood: -52596.596403
[00:57:57] Bootstrap tree #279, logLikelihood: -53915.496490
[00:58:13] Bootstrap tree #280, logLikelihood: -52204.351890
[00:58:22] Bootstrap tree #281, logLikelihood: -52122.448453
[00:58:33] Bootstrap tree #282, logLikelihood: -50951.376263
[00:58:45] Bootstrap tree #283, logLikelihood: -52283.443414
[00:58:59] Bootstrap tree #284, logLikelihood: -52201.199641
[00:59:10] Bootstrap tree #285, logLikelihood: -52584.178586
[00:59:25] Bootstrap tree #286, logLikelihood: -51551.146553
[00:59:38] Bootstrap tree #287, logLikelihood: -52927.273024
[00:59:52] Bootstrap tree #288, logLikelihood: -51674.444286
[01:00:04] Bootstrap tree #289, logLikelihood: -53085.429489
[01:00:15] Bootstrap tree #290, logLikelihood: -54011.279571
[01:00:27] Bootstrap tree #291, logLikelihood: -54900.788573
[01:00:41] Bootstrap tree #292, logLikelihood: -51442.657773
[01:00:52] Bootstrap tree #293, logLikelihood: -54437.771460
[01:01:04] Bootstrap tree #294, logLikelihood: -51723.315755
[01:01:15] Bootstrap tree #295, logLikelihood: -52234.047628
[01:01:25] Bootstrap tree #296, logLikelihood: -53578.638452
[01:01:37] Bootstrap tree #297, logLikelihood: -52991.704546
[01:01:47] Bootstrap tree #298, logLikelihood: -51638.252086
[01:02:01] Bootstrap tree #299, logLikelihood: -53226.720025
[01:02:11] Bootstrap tree #300, logLikelihood: -53985.255792
[01:02:21] Bootstrap tree #301, logLikelihood: -51209.319659
[01:02:34] Bootstrap tree #302, logLikelihood: -52234.695937
[01:02:46] Bootstrap tree #303, logLikelihood: -52743.035821
[01:02:57] Bootstrap tree #304, logLikelihood: -53706.434066
[01:03:10] Bootstrap tree #305, logLikelihood: -53136.225406
[01:03:22] Bootstrap tree #306, logLikelihood: -52976.686255
[01:03:32] Bootstrap tree #307, logLikelihood: -52670.821935
[01:03:44] Bootstrap tree #308, logLikelihood: -51614.251863
[01:03:55] Bootstrap tree #309, logLikelihood: -52995.260509
[01:04:06] Bootstrap tree #310, logLikelihood: -52337.482356
[01:04:17] Bootstrap tree #311, logLikelihood: -55057.469225
[01:04:27] Bootstrap tree #312, logLikelihood: -52655.678197
[01:04:40] Bootstrap tree #313, logLikelihood: -52131.056692
[01:04:52] Bootstrap tree #314, logLikelihood: -52102.424025
[01:05:03] Bootstrap tree #315, logLikelihood: -52421.364233
[01:05:14] Bootstrap tree #316, logLikelihood: -51323.617440
[01:05:33] Bootstrap tree #317, logLikelihood: -53037.393384
[01:05:47] Bootstrap tree #318, logLikelihood: -52386.851211
[01:05:59] Bootstrap tree #319, logLikelihood: -50941.051933
[01:06:11] Bootstrap tree #320, logLikelihood: -52527.565545
[01:06:25] Bootstrap tree #321, logLikelihood: -53272.321735
[01:06:35] Bootstrap tree #322, logLikelihood: -52711.395939
[01:06:45] Bootstrap tree #323, logLikelihood: -52688.057579
[01:06:58] Bootstrap tree #324, logLikelihood: -53283.737065
[01:07:07] Bootstrap tree #325, logLikelihood: -52367.700827
[01:07:17] Bootstrap tree #326, logLikelihood: -53890.971731
[01:07:30] Bootstrap tree #327, logLikelihood: -51878.077662
[01:07:40] Bootstrap tree #328, logLikelihood: -53440.807418
[01:07:51] Bootstrap tree #329, logLikelihood: -50330.415655
[01:08:00] Bootstrap tree #330, logLikelihood: -53245.567066
[01:08:12] Bootstrap tree #331, logLikelihood: -53242.401620
[01:08:23] Bootstrap tree #332, logLikelihood: -53319.143696
[01:08:36] Bootstrap tree #333, logLikelihood: -52898.638219
[01:08:48] Bootstrap tree #334, logLikelihood: -53048.946849
[01:09:00] Bootstrap tree #335, logLikelihood: -52079.418518
[01:09:10] Bootstrap tree #336, logLikelihood: -53479.464831
[01:09:24] Bootstrap tree #337, logLikelihood: -52214.570852
[01:09:34] Bootstrap tree #338, logLikelihood: -52089.155927
[01:09:48] Bootstrap tree #339, logLikelihood: -51652.372380
[01:10:01] Bootstrap tree #340, logLikelihood: -52368.979819
[01:10:11] Bootstrap tree #341, logLikelihood: -52659.717591
[01:10:23] Bootstrap tree #342, logLikelihood: -51831.873670
[01:10:34] Bootstrap tree #343, logLikelihood: -52588.434689
[01:10:45] Bootstrap tree #344, logLikelihood: -52022.123546
[01:10:57] Bootstrap tree #345, logLikelihood: -52219.283606
[01:11:09] Bootstrap tree #346, logLikelihood: -52691.813417
[01:11:20] Bootstrap tree #347, logLikelihood: -51222.758902
[01:11:34] Bootstrap tree #348, logLikelihood: -50870.936816
[01:11:44] Bootstrap tree #349, logLikelihood: -52090.381794
[01:11:54] Bootstrap tree #350, logLikelihood: -52990.675569
[01:12:07] Bootstrap tree #351, logLikelihood: -53770.794857
[01:12:18] Bootstrap tree #352, logLikelihood: -52196.397153
[01:12:28] Bootstrap tree #353, logLikelihood: -53793.027361
[01:12:40] Bootstrap tree #354, logLikelihood: -52131.336043
[01:12:55] Bootstrap tree #355, logLikelihood: -51202.490763
[01:13:06] Bootstrap tree #356, logLikelihood: -51657.030935
[01:13:21] Bootstrap tree #357, logLikelihood: -53235.979349
[01:13:32] Bootstrap tree #358, logLikelihood: -50853.328989
[01:13:41] Bootstrap tree #359, logLikelihood: -53015.038573
[01:13:53] Bootstrap tree #360, logLikelihood: -51750.854711
[01:14:04] Bootstrap tree #361, logLikelihood: -53040.168662
[01:14:16] Bootstrap tree #362, logLikelihood: -51591.690640
[01:14:28] Bootstrap tree #363, logLikelihood: -54036.632602
[01:14:39] Bootstrap tree #364, logLikelihood: -53071.446466
[01:14:51] Bootstrap tree #365, logLikelihood: -51908.452716
[01:15:02] Bootstrap tree #366, logLikelihood: -52809.828068
[01:15:13] Bootstrap tree #367, logLikelihood: -52346.678007
[01:15:23] Bootstrap tree #368, logLikelihood: -53697.556891
[01:15:34] Bootstrap tree #369, logLikelihood: -51277.464162
[01:15:45] Bootstrap tree #370, logLikelihood: -51751.901337
[01:15:56] Bootstrap tree #371, logLikelihood: -53702.790650
[01:16:05] Bootstrap tree #372, logLikelihood: -52277.917156
[01:16:16] Bootstrap tree #373, logLikelihood: -51667.883513
[01:16:29] Bootstrap tree #374, logLikelihood: -52690.048895
[01:16:41] Bootstrap tree #375, logLikelihood: -52545.107458
[01:16:51] Bootstrap tree #376, logLikelihood: -50457.907769
[01:17:01] Bootstrap tree #377, logLikelihood: -52459.864560
[01:17:12] Bootstrap tree #378, logLikelihood: -52301.482320
[01:17:21] Bootstrap tree #379, logLikelihood: -52037.265534
[01:17:34] Bootstrap tree #380, logLikelihood: -52338.810073
[01:17:43] Bootstrap tree #381, logLikelihood: -53096.689594
[01:17:55] Bootstrap tree #382, logLikelihood: -52274.994031
[01:18:09] Bootstrap tree #383, logLikelihood: -53022.383587
[01:18:20] Bootstrap tree #384, logLikelihood: -51917.642591
[01:18:30] Bootstrap tree #385, logLikelihood: -52402.809800
[01:18:42] Bootstrap tree #386, logLikelihood: -53117.764870
[01:18:52] Bootstrap tree #387, logLikelihood: -52576.588230
[01:19:05] Bootstrap tree #388, logLikelihood: -52669.705951
[01:19:17] Bootstrap tree #389, logLikelihood: -53074.408657
[01:19:28] Bootstrap tree #390, logLikelihood: -52590.729708
[01:19:41] Bootstrap tree #391, logLikelihood: -52941.328150
[01:19:55] Bootstrap tree #392, logLikelihood: -53619.767093
[01:20:07] Bootstrap tree #393, logLikelihood: -51068.691945
[01:20:17] Bootstrap tree #394, logLikelihood: -52983.163642
[01:20:28] Bootstrap tree #395, logLikelihood: -51098.957773
[01:20:41] Bootstrap tree #396, logLikelihood: -52319.569165
[01:20:52] Bootstrap tree #397, logLikelihood: -51999.400552
[01:21:05] Bootstrap tree #398, logLikelihood: -52136.198443
[01:21:16] Bootstrap tree #399, logLikelihood: -52700.869032
[01:21:25] Bootstrap tree #400, logLikelihood: -52770.968778
[01:21:38] Bootstrap tree #401, logLikelihood: -52776.869164
[01:21:50] Bootstrap tree #402, logLikelihood: -53332.044479
[01:22:00] Bootstrap tree #403, logLikelihood: -51577.627193
[01:22:10] Bootstrap tree #404, logLikelihood: -53408.163505
[01:22:23] Bootstrap tree #405, logLikelihood: -51139.678908
[01:22:35] Bootstrap tree #406, logLikelihood: -52229.954061
[01:22:48] Bootstrap tree #407, logLikelihood: -51591.719537
[01:22:58] Bootstrap tree #408, logLikelihood: -52090.006654
[01:23:09] Bootstrap tree #409, logLikelihood: -52533.945935
[01:23:21] Bootstrap tree #410, logLikelihood: -51997.954230
[01:23:33] Bootstrap tree #411, logLikelihood: -50909.833612
[01:23:46] Bootstrap tree #412, logLikelihood: -52515.885462
[01:23:59] Bootstrap tree #413, logLikelihood: -52153.258592
[01:24:08] Bootstrap tree #414, logLikelihood: -52592.847914
[01:24:21] Bootstrap tree #415, logLikelihood: -52176.906626
[01:24:33] Bootstrap tree #416, logLikelihood: -52861.694520
[01:24:44] Bootstrap tree #417, logLikelihood: -52411.356226
[01:24:55] Bootstrap tree #418, logLikelihood: -52479.512876
[01:25:06] Bootstrap tree #419, logLikelihood: -52659.796135
[01:25:19] Bootstrap tree #420, logLikelihood: -53371.440321
[01:25:29] Bootstrap tree #421, logLikelihood: -52859.300694
[01:25:39] Bootstrap tree #422, logLikelihood: -52103.868899
[01:25:50] Bootstrap tree #423, logLikelihood: -53345.327115
[01:26:01] Bootstrap tree #424, logLikelihood: -52401.171541
[01:26:14] Bootstrap tree #425, logLikelihood: -52529.095897
[01:26:25] Bootstrap tree #426, logLikelihood: -52291.736171
[01:26:37] Bootstrap tree #427, logLikelihood: -51589.060110
[01:26:46] Bootstrap tree #428, logLikelihood: -52391.846162
[01:26:57] Bootstrap tree #429, logLikelihood: -50958.144126
[01:27:08] Bootstrap tree #430, logLikelihood: -53416.194751
[01:27:19] Bootstrap tree #431, logLikelihood: -52363.814296
[01:27:31] Bootstrap tree #432, logLikelihood: -51082.215542
[01:27:42] Bootstrap tree #433, logLikelihood: -51866.505246
[01:27:54] Bootstrap tree #434, logLikelihood: -52431.404543
[01:28:06] Bootstrap tree #435, logLikelihood: -52371.213343
[01:28:19] Bootstrap tree #436, logLikelihood: -52574.298522
[01:28:28] Bootstrap tree #437, logLikelihood: -51803.283107
[01:28:39] Bootstrap tree #438, logLikelihood: -52374.910035
[01:28:50] Bootstrap tree #439, logLikelihood: -51750.522020
[01:29:04] Bootstrap tree #440, logLikelihood: -52214.156505
[01:29:15] Bootstrap tree #441, logLikelihood: -52670.451463
[01:29:28] Bootstrap tree #442, logLikelihood: -52578.405307
[01:29:39] Bootstrap tree #443, logLikelihood: -52897.664011
[01:29:50] Bootstrap tree #444, logLikelihood: -53000.396188
[01:30:01] Bootstrap tree #445, logLikelihood: -50798.513842
[01:30:13] Bootstrap tree #446, logLikelihood: -52073.183143
[01:30:29] Bootstrap tree #447, logLikelihood: -52117.040616
[01:30:39] Bootstrap tree #448, logLikelihood: -52524.895287
[01:30:50] Bootstrap tree #449, logLikelihood: -53696.237489
[01:31:02] Bootstrap tree #450, logLikelihood: -51314.878193
[01:31:14] Bootstrap tree #451, logLikelihood: -52692.753288
[01:31:27] Bootstrap tree #452, logLikelihood: -54678.103818
[01:31:38] Bootstrap tree #453, logLikelihood: -53666.268356
[01:31:52] Bootstrap tree #454, logLikelihood: -52203.129129
[01:32:04] Bootstrap tree #455, logLikelihood: -53263.442872
[01:32:15] Bootstrap tree #456, logLikelihood: -53319.996181
[01:32:27] Bootstrap tree #457, logLikelihood: -53277.479752
[01:32:39] Bootstrap tree #458, logLikelihood: -54094.101135
[01:32:51] Bootstrap tree #459, logLikelihood: -51792.791257
[01:33:03] Bootstrap tree #460, logLikelihood: -52296.801649
[01:33:16] Bootstrap tree #461, logLikelihood: -52839.649704
[01:33:28] Bootstrap tree #462, logLikelihood: -52769.033782
[01:33:42] Bootstrap tree #463, logLikelihood: -51679.699351
[01:33:55] Bootstrap tree #464, logLikelihood: -52910.003506
[01:34:05] Bootstrap tree #465, logLikelihood: -51167.789663
[01:34:17] Bootstrap tree #466, logLikelihood: -51748.781042
[01:34:30] Bootstrap tree #467, logLikelihood: -52179.849056
[01:34:41] Bootstrap tree #468, logLikelihood: -52225.240716
[01:34:53] Bootstrap tree #469, logLikelihood: -54069.014534
[01:35:04] Bootstrap tree #470, logLikelihood: -52274.968728
[01:35:15] Bootstrap tree #471, logLikelihood: -53335.569070
[01:35:27] Bootstrap tree #472, logLikelihood: -53409.022659
[01:35:42] Bootstrap tree #473, logLikelihood: -50822.334107
[01:35:52] Bootstrap tree #474, logLikelihood: -52744.975702
[01:36:03] Bootstrap tree #475, logLikelihood: -51150.923923
[01:36:15] Bootstrap tree #476, logLikelihood: -54396.986589
[01:36:26] Bootstrap tree #477, logLikelihood: -52554.749205
[01:36:38] Bootstrap tree #478, logLikelihood: -53742.407636
[01:36:49] Bootstrap tree #479, logLikelihood: -53141.062196
[01:36:59] Bootstrap tree #480, logLikelihood: -51738.203333
[01:37:11] Bootstrap tree #481, logLikelihood: -52679.921658
[01:37:23] Bootstrap tree #482, logLikelihood: -52286.254637
[01:37:37] Bootstrap tree #483, logLikelihood: -52814.627765
[01:37:47] Bootstrap tree #484, logLikelihood: -51481.763218
[01:37:58] Bootstrap tree #485, logLikelihood: -52021.310106
[01:38:10] Bootstrap tree #486, logLikelihood: -50601.203610
[01:38:22] Bootstrap tree #487, logLikelihood: -51434.195335
[01:38:33] Bootstrap tree #488, logLikelihood: -52719.540314
[01:38:47] Bootstrap tree #489, logLikelihood: -51294.933096
[01:39:01] Bootstrap tree #490, logLikelihood: -53436.305546
[01:39:13] Bootstrap tree #491, logLikelihood: -52893.894496
[01:39:25] Bootstrap tree #492, logLikelihood: -52908.409597
[01:39:36] Bootstrap tree #493, logLikelihood: -53620.122248
[01:39:47] Bootstrap tree #494, logLikelihood: -52366.599369
[01:39:59] Bootstrap tree #495, logLikelihood: -53793.734082
[01:40:11] Bootstrap tree #496, logLikelihood: -52933.743697
[01:40:24] Bootstrap tree #497, logLikelihood: -52335.900636
[01:40:38] Bootstrap tree #498, logLikelihood: -51754.926672
[01:40:48] Bootstrap tree #499, logLikelihood: -51750.583686
[01:41:02] Bootstrap tree #500, logLikelihood: -51361.656682
[01:41:12] Bootstrap tree #501, logLikelihood: -53420.329039
[01:41:23] Bootstrap tree #502, logLikelihood: -51685.187423
[01:41:36] Bootstrap tree #503, logLikelihood: -53876.309914
[01:41:48] Bootstrap tree #504, logLikelihood: -51789.560684
[01:41:59] Bootstrap tree #505, logLikelihood: -52844.237609
[01:42:09] Bootstrap tree #506, logLikelihood: -53161.654267
[01:42:21] Bootstrap tree #507, logLikelihood: -51650.117884
[01:42:31] Bootstrap tree #508, logLikelihood: -50940.446165
[01:42:42] Bootstrap tree #509, logLikelihood: -51780.449026
[01:42:52] Bootstrap tree #510, logLikelihood: -52217.400394
[01:43:06] Bootstrap tree #511, logLikelihood: -52633.002935
[01:43:16] Bootstrap tree #512, logLikelihood: -53184.097470
[01:43:27] Bootstrap tree #513, logLikelihood: -52507.748624
[01:43:37] Bootstrap tree #514, logLikelihood: -52019.076501
[01:43:47] Bootstrap tree #515, logLikelihood: -52041.625245
[01:44:02] Bootstrap tree #516, logLikelihood: -53191.368188
[01:44:13] Bootstrap tree #517, logLikelihood: -53355.324553
[01:44:26] Bootstrap tree #518, logLikelihood: -53913.615272
[01:44:44] Bootstrap tree #519, logLikelihood: -51625.475645
[01:44:58] Bootstrap tree #520, logLikelihood: -52835.738810
[01:45:12] Bootstrap tree #521, logLikelihood: -53852.877305
[01:45:23] Bootstrap tree #522, logLikelihood: -53938.623182
[01:45:34] Bootstrap tree #523, logLikelihood: -51591.252820
[01:45:45] Bootstrap tree #524, logLikelihood: -52571.576747
[01:45:58] Bootstrap tree #525, logLikelihood: -52447.465397
[01:46:11] Bootstrap tree #526, logLikelihood: -51604.870371
[01:46:22] Bootstrap tree #527, logLikelihood: -52545.738411
[01:46:34] Bootstrap tree #528, logLikelihood: -52097.901916
[01:46:45] Bootstrap tree #529, logLikelihood: -52077.289824
[01:46:58] Bootstrap tree #530, logLikelihood: -54139.021049
[01:47:09] Bootstrap tree #531, logLikelihood: -51273.060530
[01:47:20] Bootstrap tree #532, logLikelihood: -52477.539459
[01:47:32] Bootstrap tree #533, logLikelihood: -51295.091326
[01:47:47] Bootstrap tree #534, logLikelihood: -52642.682974
[01:48:00] Bootstrap tree #535, logLikelihood: -53108.506923
[01:48:11] Bootstrap tree #536, logLikelihood: -52362.875179
[01:48:23] Bootstrap tree #537, logLikelihood: -52191.264485
[01:48:35] Bootstrap tree #538, logLikelihood: -51633.983192
[01:48:46] Bootstrap tree #539, logLikelihood: -51743.763171
[01:48:57] Bootstrap tree #540, logLikelihood: -52373.328389
[01:49:12] Bootstrap tree #541, logLikelihood: -51237.046604
[01:49:22] Bootstrap tree #542, logLikelihood: -52855.906272
[01:49:36] Bootstrap tree #543, logLikelihood: -53561.687943
[01:49:46] Bootstrap tree #544, logLikelihood: -51706.655758
[01:50:02] Bootstrap tree #545, logLikelihood: -52773.686109
[01:50:13] Bootstrap tree #546, logLikelihood: -53279.130633
[01:50:24] Bootstrap tree #547, logLikelihood: -54078.649487
[01:50:35] Bootstrap tree #548, logLikelihood: -52680.542972
[01:50:47] Bootstrap tree #549, logLikelihood: -51445.288594
[01:50:59] Bootstrap tree #550, logLikelihood: -52320.785813
[01:51:13] Bootstrap tree #551, logLikelihood: -52164.974475
[01:51:27] Bootstrap tree #552, logLikelihood: -52188.057107
[01:51:40] Bootstrap tree #553, logLikelihood: -53569.117414
[01:51:50] Bootstrap tree #554, logLikelihood: -50346.296119
[01:52:02] Bootstrap tree #555, logLikelihood: -51269.999470
[01:52:16] Bootstrap tree #556, logLikelihood: -55077.297156
[01:52:28] Bootstrap tree #557, logLikelihood: -52164.484089
[01:52:42] Bootstrap tree #558, logLikelihood: -53327.772862
[01:52:54] Bootstrap tree #559, logLikelihood: -52061.432105
[01:53:04] Bootstrap tree #560, logLikelihood: -52806.912513
[01:53:17] Bootstrap tree #561, logLikelihood: -52687.878867
[01:53:28] Bootstrap tree #562, logLikelihood: -52831.636590
[01:53:39] Bootstrap tree #563, logLikelihood: -53960.728385
[01:53:52] Bootstrap tree #564, logLikelihood: -52874.398152
[01:54:03] Bootstrap tree #565, logLikelihood: -52943.474163
[01:54:15] Bootstrap tree #566, logLikelihood: -53676.184482
[01:54:27] Bootstrap tree #567, logLikelihood: -53373.865071
[01:54:40] Bootstrap tree #568, logLikelihood: -53179.756114
[01:54:50] Bootstrap tree #569, logLikelihood: -52663.705776
[01:55:01] Bootstrap tree #570, logLikelihood: -53350.456952
[01:55:12] Bootstrap tree #571, logLikelihood: -52690.965731
[01:55:22] Bootstrap tree #572, logLikelihood: -53413.737094
[01:55:33] Bootstrap tree #573, logLikelihood: -51078.698981
[01:55:45] Bootstrap tree #574, logLikelihood: -53757.249774
[01:55:56] Bootstrap tree #575, logLikelihood: -52097.539909
[01:56:10] Bootstrap tree #576, logLikelihood: -53106.593905
[01:56:24] Bootstrap tree #577, logLikelihood: -52047.357435
[01:56:35] Bootstrap tree #578, logLikelihood: -52272.579113
[01:56:46] Bootstrap tree #579, logLikelihood: -53124.252330
[01:56:57] Bootstrap tree #580, logLikelihood: -51494.778193
[01:57:11] Bootstrap tree #581, logLikelihood: -51815.791667
[01:57:22] Bootstrap tree #582, logLikelihood: -52941.169052
[01:57:34] Bootstrap tree #583, logLikelihood: -52940.084202
[01:57:45] Bootstrap tree #584, logLikelihood: -52092.964712
[01:57:57] Bootstrap tree #585, logLikelihood: -52760.328884
[01:58:08] Bootstrap tree #586, logLikelihood: -54005.944649
[01:58:18] Bootstrap tree #587, logLikelihood: -52549.519253
[01:58:29] Bootstrap tree #588, logLikelihood: -53313.973854
[01:58:44] Bootstrap tree #589, logLikelihood: -53177.579217
[01:58:54] Bootstrap tree #590, logLikelihood: -52875.664900
[01:59:08] Bootstrap tree #591, logLikelihood: -54050.708277
[01:59:19] Bootstrap tree #592, logLikelihood: -53488.107786
[01:59:33] Bootstrap tree #593, logLikelihood: -50963.289769
[01:59:47] Bootstrap tree #594, logLikelihood: -52590.679722
[02:00:00] Bootstrap tree #595, logLikelihood: -53909.767515
[02:00:11] Bootstrap tree #596, logLikelihood: -52282.937752
[02:00:21] Bootstrap tree #597, logLikelihood: -51930.542491
[02:00:31] Bootstrap tree #598, logLikelihood: -51731.356114
[02:00:43] Bootstrap tree #599, logLikelihood: -52426.845707
[02:00:55] Bootstrap tree #600, logLikelihood: -52687.796635
[02:00:56] Bootstrapping converged after 600 replicates.

Optimized model parameters:

   Partition 0: noname
   Rate heterogeneity: GAMMA (4 cats, mean),  alpha: 1.281732 (ML),  weights&rates: (0.250000,0.189553) (0.250000,0.547676) (0.250000,1.034543) (0.250000,2.228229) 
   P-inv (ML): 0.064248
   Base frequencies (empirical): 0.068528 0.031261 0.073417 0.046375 0.034386 0.044022 0.028563 0.063030 0.013288 0.052420 0.089686 0.034244 0.016533 0.052603 0.046071 0.087090 0.074674 0.009453 0.052826 0.081531 
   Substitution rates (model): 0.551571 0.509848 0.738998 1.027040 0.908598 1.582850 1.416720 0.316954 0.193335 0.397915 0.906265 0.893496 0.210494 1.438550 3.370790 2.121110 0.113133 0.240735 2.006010 0.635346 0.147304 0.528191 3.035500 0.439157 0.584665 2.137150 0.186979 0.497671 5.351420 0.683162 0.102711 0.679489 1.224190 0.554413 1.163920 0.381533 0.251849 5.429420 0.265256 1.543640 0.947198 1.125560 3.956290 0.554236 0.131528 3.012010 0.198221 0.096162 0.195081 3.974230 2.030060 0.071917 1.086000 0.196246 0.030295 0.616783 6.174160 0.865584 0.930676 0.039437 0.084805 0.479855 0.103754 0.046730 0.423984 1.071760 0.374866 0.129767 0.325711 0.152335 0.098818 0.021352 0.306674 0.248972 0.170135 0.384287 0.074034 0.390482 0.398020 0.109404 1.407660 0.512984 0.717070 0.543833 1.002140 5.469470 0.330052 4.294110 0.113917 0.869489 3.894900 1.545260 0.099921 0.933372 1.028870 0.857928 0.215737 0.227710 0.301281 0.567717 0.570025 0.127395 0.154263 2.584430 0.315124 0.081134 0.682355 0.704939 0.822765 0.156557 0.196303 0.588731 0.249410 0.030450 0.061304 0.373558 0.174100 0.049931 0.243570 1.341820 0.225833 0.336983 0.103604 0.187247 0.138190 0.499462 0.890432 0.404141 0.679371 0.696198 0.740169 0.473307 0.262569 3.873440 0.118358 3.170970 0.323832 4.257460 1.059470 0.099929 0.319440 1.458160 0.212483 0.420170 7.821300 0.257555 4.854020 2.115170 0.415844 0.344739 0.326622 0.665309 0.398618 1.800340 0.934276 0.088836 0.556896 0.967130 1.386980 0.137505 0.133264 0.305434 1.190630 0.171329 0.493905 1.516120 0.515706 0.428437 2.058450 0.161444 0.545931 0.171903 1.529640 6.454280 0.649892 1.613280 0.795384 0.139405 0.216046 0.314887 4.378020 0.523742 0.786993 0.232739 0.110864 0.291148 1.388230 2.485390 0.365369 0.314730 


Final LogLikelihood: -52532.129875

AIC score: 105252.259750 / AICc score: 105263.216805 / BIC score: 105764.840089
Free parameters (model + branch lengths): 94

WARNING: Best ML tree contains 1 near-zero branches!

Best ML tree with collapsed near-zero branches saved to: /global/home/users/cbrook/raxml-ng/AAS/T3.raxml.bestTreeCollapsed
Best ML tree saved to: /global/home/users/cbrook/raxml-ng/AAS/T3.raxml.bestTree
All ML trees saved to: /global/home/users/cbrook/raxml-ng/AAS/T3.raxml.mlTrees
Best ML tree with Felsenstein bootstrap (FBP) support values saved to: /global/home/users/cbrook/raxml-ng/AAS/T3.raxml.supportFBP
Best ML tree with Transfer bootstrap (TBE) support values saved to: /global/home/users/cbrook/raxml-ng/AAS/T3.raxml.supportTBE
Optimized model saved to: /global/home/users/cbrook/raxml-ng/AAS/T3.raxml.bestModel
Bootstrap trees saved to: /global/home/users/cbrook/raxml-ng/AAS/T3.raxml.bootstraps

Execution log saved to: /global/home/users/cbrook/raxml-ng/AAS/T3.raxml.log

Analysis started: 28-Aug-2021 11:14:03 / finished: 28-Aug-2021 13:14:59

Elapsed time: 7256.307 seconds

Consumed energy: 310.709 Wh (= 2 km in an electric car, or 8 km with an e-scooter!)

