
RAxML-NG v. 1.0.0-master released on 07.08.2020 by The Exelixis Lab.
Developed by: Alexey M. Kozlov and Alexandros Stamatakis.
Contributors: Diego Darriba, Tomas Flouri, Benoit Morel, Sarah Lutteropp, Ben Bettisworth.
Latest version: https://github.com/amkozlov/raxml-ng
Questions/problems/suggestions? Please visit: https://groups.google.com/forum/#!forum/raxml

System: Intel(R) Xeon(R) Gold 6130 CPU @ 2.10GHz, 32 cores, 93 GB RAM

RAxML-NG was called at 28-Aug-2021 11:12:45 as follows:

/global/home/users/cbrook/raxml-ng/raxml-ng-mpi --all --msa N-Translation-Alignment.fasta --data-type AA --model LG+I+G4+F --prefix T3 --seed 1 --threads 6 --bs-metric fbp,tbe

Analysis options:
  run mode: ML tree search + bootstrapping (Felsenstein Bootstrap + Transfer Bootstrap)
  start tree(s): random (10) + parsimony (10)
  bootstrap replicates: max: 1000 + bootstopping (autoMRE, cutoff: 0.030000)
  random seed: 1
  tip-inner: OFF
  pattern compression: ON
  per-rate scalers: OFF
  site repeats: ON
  branch lengths: proportional (ML estimate, algorithm: NR-FAST)
  SIMD kernels: AVX2
  parallelization: coarse-grained (auto), PTHREADS (6 threads), thread pinning: ON

[00:00:00] Reading alignment from file: N-Translation-Alignment.fasta
[00:00:00] Loaded alignment with 38 taxa and 573 sites

WARNING: Sequences Mus_musculus_NC_001846_1_MHV_A59_N and Mus_musculus_NC_048217_1_MHV_N are exactly identical!
WARNING: Sequences MG693172_1_Eidolon_helvum_Cameroon_N and NC_048212_1_Eidolon_helvum_Cameroon_N are exactly identical!
WARNING: Duplicate sequences found: 2

NOTE: Reduced alignment (with duplicates and gap-only sites/taxa removed) 
NOTE: was saved to: /global/home/users/cbrook/raxml-ng/AAN/T3.raxml.reduced.phy

Alignment comprises 1 partitions and 538 patterns

Partition 0: noname
Model: LG+FC+I+G4m
Alignment sites / patterns: 573 / 538
Gaps: 21.74 %
Invariant sites: 14.83 %


NOTE: Binary MSA file created: T3.raxml.rba

Parallelization scheme autoconfig: 3 worker(s) x 2 thread(s)

Parallel reduction/worker buffer size: 1 KB  / 0 KB

[00:00:00] Generating 10 random starting tree(s) with 38 taxa
[00:00:00] Generating 10 parsimony starting tree(s) with 38 taxa
[00:00:00] Data distribution: max. partitions/sites/weight per thread: 1 / 269 / 21520
[00:00:00] Data distribution: max. searches per worker: 341

Starting ML tree search with 20 distinct starting trees

[00:00:13] [worker #1] ML tree search #2, logLikelihood: -13674.087858
[00:00:14] [worker #2] ML tree search #3, logLikelihood: -13674.087833
[00:00:15] [worker #0] ML tree search #1, logLikelihood: -13674.087833
[00:00:27] [worker #1] ML tree search #5, logLikelihood: -13674.088010
[00:00:30] [worker #2] ML tree search #6, logLikelihood: -13674.087898
[00:00:30] [worker #0] ML tree search #4, logLikelihood: -13674.087930
[00:00:44] [worker #2] ML tree search #9, logLikelihood: -13674.087933
[00:00:44] [worker #0] ML tree search #7, logLikelihood: -13674.087938
[00:00:44] [worker #1] ML tree search #8, logLikelihood: -13674.087831
[00:00:53] [worker #2] ML tree search #12, logLikelihood: -13674.087865
[00:00:57] [worker #1] ML tree search #11, logLikelihood: -13674.087831
[00:00:59] [worker #0] ML tree search #10, logLikelihood: -13674.087877
[00:01:05] [worker #2] ML tree search #15, logLikelihood: -13674.087841
[00:01:09] [worker #1] ML tree search #14, logLikelihood: -13674.087836
[00:01:10] [worker #0] ML tree search #13, logLikelihood: -13674.087827
[00:01:19] [worker #2] ML tree search #18, logLikelihood: -13674.087864
[00:01:20] [worker #1] ML tree search #17, logLikelihood: -13674.087875
[00:01:21] [worker #0] ML tree search #16, logLikelihood: -13674.087857
[00:01:30] [worker #1] ML tree search #20, logLikelihood: -13674.087869
[00:01:32] [worker #0] ML tree search #19, logLikelihood: -13674.087881

[00:01:32] ML tree search completed, best tree logLH: -13674.087827

[00:01:32] Starting bootstrapping analysis with 1000 replicates.

[00:01:43] [worker #0] Bootstrap tree #1, logLikelihood: -13350.912208
[00:01:43] [worker #2] Bootstrap tree #3, logLikelihood: -13790.684800
[00:01:44] [worker #1] Bootstrap tree #2, logLikelihood: -13230.894859
[00:01:52] [worker #2] Bootstrap tree #6, logLikelihood: -13518.293492
[00:01:52] [worker #0] Bootstrap tree #4, logLikelihood: -14205.789913
[00:01:55] [worker #1] Bootstrap tree #5, logLikelihood: -13500.426869
[00:02:03] [worker #0] Bootstrap tree #7, logLikelihood: -13255.637722
[00:02:04] [worker #1] Bootstrap tree #8, logLikelihood: -13284.791847
[00:02:04] [worker #2] Bootstrap tree #9, logLikelihood: -13466.002899
[00:02:15] [worker #2] Bootstrap tree #12, logLikelihood: -13298.702551
[00:02:15] [worker #0] Bootstrap tree #10, logLikelihood: -13117.383761
[00:02:17] [worker #1] Bootstrap tree #11, logLikelihood: -14424.138849
[00:02:25] [worker #2] Bootstrap tree #15, logLikelihood: -13735.026266
[00:02:26] [worker #0] Bootstrap tree #13, logLikelihood: -13348.311133
[00:02:27] [worker #1] Bootstrap tree #14, logLikelihood: -13173.903013
[00:02:37] [worker #2] Bootstrap tree #18, logLikelihood: -13764.930482
[00:02:38] [worker #0] Bootstrap tree #16, logLikelihood: -13651.146610
[00:02:38] [worker #1] Bootstrap tree #17, logLikelihood: -14183.868763
[00:02:46] [worker #2] Bootstrap tree #21, logLikelihood: -13388.724996
[00:02:50] [worker #0] Bootstrap tree #19, logLikelihood: -13382.846214
[00:02:52] [worker #1] Bootstrap tree #20, logLikelihood: -13391.152296
[00:02:58] [worker #2] Bootstrap tree #24, logLikelihood: -13995.228930
[00:03:01] [worker #1] Bootstrap tree #23, logLikelihood: -13767.274935
[00:03:03] [worker #0] Bootstrap tree #22, logLikelihood: -13268.863758
[00:03:08] [worker #2] Bootstrap tree #27, logLikelihood: -13740.550611
[00:03:11] [worker #1] Bootstrap tree #26, logLikelihood: -13425.649047
[00:03:12] [worker #0] Bootstrap tree #25, logLikelihood: -13749.051810
[00:03:20] [worker #2] Bootstrap tree #30, logLikelihood: -13523.148210
[00:03:22] [worker #1] Bootstrap tree #29, logLikelihood: -13837.415616
[00:03:23] [worker #0] Bootstrap tree #28, logLikelihood: -14134.324355
[00:03:29] [worker #2] Bootstrap tree #33, logLikelihood: -13948.196333
[00:03:33] [worker #1] Bootstrap tree #32, logLikelihood: -14159.995085
[00:03:35] [worker #0] Bootstrap tree #31, logLikelihood: -14010.975789
[00:03:39] [worker #2] Bootstrap tree #36, logLikelihood: -13795.135057
[00:03:41] [worker #1] Bootstrap tree #35, logLikelihood: -14436.572607
[00:03:48] [worker #0] Bootstrap tree #34, logLikelihood: -13754.266037
[00:03:50] [worker #2] Bootstrap tree #39, logLikelihood: -13102.632892
[00:03:54] [worker #1] Bootstrap tree #38, logLikelihood: -13820.944375
[00:03:59] [worker #2] Bootstrap tree #42, logLikelihood: -13836.289817
[00:03:59] [worker #0] Bootstrap tree #37, logLikelihood: -13601.468178
[00:04:05] [worker #1] Bootstrap tree #41, logLikelihood: -12998.938364
[00:04:09] [worker #0] Bootstrap tree #40, logLikelihood: -13857.499979
[00:04:11] [worker #2] Bootstrap tree #45, logLikelihood: -13571.113998
[00:04:16] [worker #1] Bootstrap tree #44, logLikelihood: -13262.311720
[00:04:20] [worker #2] Bootstrap tree #48, logLikelihood: -13715.227903
[00:04:21] [worker #0] Bootstrap tree #43, logLikelihood: -12248.749281
[00:04:27] [worker #1] Bootstrap tree #47, logLikelihood: -14310.882169
[00:04:34] [worker #0] Bootstrap tree #46, logLikelihood: -14348.369171
[00:04:36] [worker #1] Bootstrap tree #50, logLikelihood: -14472.009756
[00:04:44] [worker #0] Bootstrap tree #49, logLikelihood: -13439.542950
[00:04:54] [worker #2] Bootstrap tree #51, logLikelihood: -13964.847776
[00:04:55] [worker #0] Bootstrap tree #52, logLikelihood: -13984.141935
[00:04:56] [worker #1] Bootstrap tree #53, logLikelihood: -13425.507754
[00:05:04] [worker #2] Bootstrap tree #54, logLikelihood: -14031.561453
[00:05:09] [worker #1] Bootstrap tree #56, logLikelihood: -13249.973788
[00:05:11] [worker #0] Bootstrap tree #55, logLikelihood: -12799.237420
[00:05:16] [worker #2] Bootstrap tree #57, logLikelihood: -12907.741647
[00:05:20] [worker #1] Bootstrap tree #59, logLikelihood: -14007.523670
[00:05:26] [worker #2] Bootstrap tree #60, logLikelihood: -14230.909520
[00:05:28] [worker #0] Bootstrap tree #58, logLikelihood: -13479.186329
[00:05:30] [worker #1] Bootstrap tree #62, logLikelihood: -13648.087765
[00:05:34] [worker #2] Bootstrap tree #63, logLikelihood: -14086.854197
[00:05:40] [worker #0] Bootstrap tree #61, logLikelihood: -13384.620732
[00:05:40] [worker #1] Bootstrap tree #65, logLikelihood: -12948.138579
[00:05:45] [worker #2] Bootstrap tree #66, logLikelihood: -13585.406492
[00:05:49] [worker #0] Bootstrap tree #64, logLikelihood: -13081.012806
[00:05:51] [worker #1] Bootstrap tree #68, logLikelihood: -13466.205025
[00:05:57] [worker #2] Bootstrap tree #69, logLikelihood: -14394.593563
[00:05:59] [worker #0] Bootstrap tree #67, logLikelihood: -13312.619314
[00:06:02] [worker #1] Bootstrap tree #71, logLikelihood: -12916.682751
[00:06:07] [worker #2] Bootstrap tree #72, logLikelihood: -13035.535141
[00:06:11] [worker #0] Bootstrap tree #70, logLikelihood: -13128.171373
[00:06:11] [worker #1] Bootstrap tree #74, logLikelihood: -13614.911208
[00:06:18] [worker #2] Bootstrap tree #75, logLikelihood: -13029.629879
[00:06:21] [worker #0] Bootstrap tree #73, logLikelihood: -13774.337480
[00:06:24] [worker #1] Bootstrap tree #77, logLikelihood: -14018.961223
[00:06:27] [worker #2] Bootstrap tree #78, logLikelihood: -13223.989244
[00:06:33] [worker #1] Bootstrap tree #80, logLikelihood: -13595.650113
[00:06:35] [worker #2] Bootstrap tree #81, logLikelihood: -13730.263638
[00:06:36] [worker #0] Bootstrap tree #76, logLikelihood: -12925.727128
[00:06:43] [worker #1] Bootstrap tree #83, logLikelihood: -13333.491557
[00:06:45] [worker #0] Bootstrap tree #79, logLikelihood: -13098.623534
[00:06:45] [worker #2] Bootstrap tree #84, logLikelihood: -13847.881429
[00:06:55] [worker #1] Bootstrap tree #86, logLikelihood: -13874.091378
[00:06:55] [worker #2] Bootstrap tree #87, logLikelihood: -13514.790677
[00:06:56] [worker #0] Bootstrap tree #82, logLikelihood: -13568.026247
[00:07:05] [worker #1] Bootstrap tree #89, logLikelihood: -13322.270133
[00:07:06] [worker #2] Bootstrap tree #90, logLikelihood: -13418.125170
[00:07:10] [worker #0] Bootstrap tree #85, logLikelihood: -13353.501455
[00:07:16] [worker #1] Bootstrap tree #92, logLikelihood: -13628.603340
[00:07:16] [worker #2] Bootstrap tree #93, logLikelihood: -13602.310634
[00:07:20] [worker #0] Bootstrap tree #88, logLikelihood: -13837.940654
[00:07:26] [worker #2] Bootstrap tree #96, logLikelihood: -13206.070551
[00:07:26] [worker #1] Bootstrap tree #95, logLikelihood: -13746.218071
[00:07:31] [worker #0] Bootstrap tree #91, logLikelihood: -13730.626254
[00:07:36] [worker #1] Bootstrap tree #98, logLikelihood: -14310.038795
[00:07:37] [worker #2] Bootstrap tree #99, logLikelihood: -12583.102432
[00:07:42] [worker #0] Bootstrap tree #94, logLikelihood: -13006.434818
[00:07:51] [worker #0] Bootstrap tree #97, logLikelihood: -13896.904303
[00:08:02] [worker #0] Bootstrap tree #100, logLikelihood: -13842.573342
[00:08:12] [worker #1] Bootstrap tree #101, logLikelihood: -13067.759159
[00:08:13] [worker #2] Bootstrap tree #102, logLikelihood: -13871.433164
[00:08:18] [worker #0] Bootstrap tree #103, logLikelihood: -14325.666578
[00:08:23] [worker #2] Bootstrap tree #105, logLikelihood: -13731.155234
[00:08:23] [worker #1] Bootstrap tree #104, logLikelihood: -13777.036747
[00:08:31] [worker #0] Bootstrap tree #106, logLikelihood: -12904.022864
[00:08:32] [worker #2] Bootstrap tree #108, logLikelihood: -14199.879048
[00:08:33] [worker #1] Bootstrap tree #107, logLikelihood: -13261.120822
[00:08:42] [worker #0] Bootstrap tree #109, logLikelihood: -13385.882810
[00:08:44] [worker #2] Bootstrap tree #111, logLikelihood: -13933.126948
[00:08:48] [worker #1] Bootstrap tree #110, logLikelihood: -13402.866696
[00:08:54] [worker #0] Bootstrap tree #112, logLikelihood: -13148.761761
[00:08:55] [worker #2] Bootstrap tree #114, logLikelihood: -13947.857995
[00:09:00] [worker #1] Bootstrap tree #113, logLikelihood: -13751.444702
[00:09:05] [worker #2] Bootstrap tree #117, logLikelihood: -13596.727810
[00:09:07] [worker #0] Bootstrap tree #115, logLikelihood: -13793.313708
[00:09:09] [worker #1] Bootstrap tree #116, logLikelihood: -12976.866636
[00:09:17] [worker #2] Bootstrap tree #120, logLikelihood: -13283.182598
[00:09:18] [worker #1] Bootstrap tree #119, logLikelihood: -13906.353216
[00:09:19] [worker #0] Bootstrap tree #118, logLikelihood: -13668.458685
[00:09:27] [worker #2] Bootstrap tree #123, logLikelihood: -13227.841483
[00:09:29] [worker #1] Bootstrap tree #122, logLikelihood: -12791.519513
[00:09:31] [worker #0] Bootstrap tree #121, logLikelihood: -12991.309532
[00:09:37] [worker #2] Bootstrap tree #126, logLikelihood: -13287.807563
[00:09:40] [worker #1] Bootstrap tree #125, logLikelihood: -13320.875683
[00:09:43] [worker #0] Bootstrap tree #124, logLikelihood: -13649.138651
[00:09:47] [worker #2] Bootstrap tree #129, logLikelihood: -13751.112661
[00:09:51] [worker #1] Bootstrap tree #128, logLikelihood: -13151.555787
[00:09:55] [worker #0] Bootstrap tree #127, logLikelihood: -13905.703961
[00:09:57] [worker #2] Bootstrap tree #132, logLikelihood: -14104.474579
[00:10:02] [worker #1] Bootstrap tree #131, logLikelihood: -13662.208972
[00:10:06] [worker #0] Bootstrap tree #130, logLikelihood: -13767.715501
[00:10:10] [worker #2] Bootstrap tree #135, logLikelihood: -13503.063627
[00:10:11] [worker #1] Bootstrap tree #134, logLikelihood: -13042.376538
[00:10:17] [worker #0] Bootstrap tree #133, logLikelihood: -13664.593286
[00:10:20] [worker #2] Bootstrap tree #138, logLikelihood: -13296.856471
[00:10:21] [worker #1] Bootstrap tree #137, logLikelihood: -14104.410830
[00:10:27] [worker #0] Bootstrap tree #136, logLikelihood: -13447.514725
[00:10:30] [worker #2] Bootstrap tree #141, logLikelihood: -13734.855660
[00:10:33] [worker #1] Bootstrap tree #140, logLikelihood: -13665.341663
[00:10:38] [worker #0] Bootstrap tree #139, logLikelihood: -13582.865670
[00:10:41] [worker #2] Bootstrap tree #144, logLikelihood: -13922.793683
[00:10:42] [worker #1] Bootstrap tree #143, logLikelihood: -13421.299985
[00:10:50] [worker #2] Bootstrap tree #147, logLikelihood: -13144.997442
[00:10:50] [worker #0] Bootstrap tree #142, logLikelihood: -13867.281264
[00:10:51] [worker #1] Bootstrap tree #146, logLikelihood: -13998.925321
[00:11:00] [worker #0] Bootstrap tree #145, logLikelihood: -13633.674372
[00:11:01] [worker #1] Bootstrap tree #149, logLikelihood: -13688.099408
[00:11:01] [worker #2] Bootstrap tree #150, logLikelihood: -13730.763283
[00:11:11] [worker #0] Bootstrap tree #148, logLikelihood: -13935.507200
[00:11:21] [worker #1] Bootstrap tree #152, logLikelihood: -14150.864195
[00:11:21] [worker #2] Bootstrap tree #153, logLikelihood: -14143.979425
[00:11:23] [worker #0] Bootstrap tree #151, logLikelihood: -13407.864582
[00:11:31] [worker #2] Bootstrap tree #156, logLikelihood: -13368.315958
[00:11:32] [worker #1] Bootstrap tree #155, logLikelihood: -13549.972796
[00:11:33] [worker #0] Bootstrap tree #154, logLikelihood: -13616.491630
[00:11:40] [worker #2] Bootstrap tree #159, logLikelihood: -13591.457995
[00:11:41] [worker #1] Bootstrap tree #158, logLikelihood: -13516.286393
[00:11:44] [worker #0] Bootstrap tree #157, logLikelihood: -13664.482398
[00:11:51] [worker #2] Bootstrap tree #162, logLikelihood: -13608.637970
[00:11:52] [worker #1] Bootstrap tree #161, logLikelihood: -13083.970860
[00:11:55] [worker #0] Bootstrap tree #160, logLikelihood: -13234.965562
[00:12:02] [worker #1] Bootstrap tree #164, logLikelihood: -13134.669285
[00:12:05] [worker #2] Bootstrap tree #165, logLikelihood: -14004.096666
[00:12:06] [worker #0] Bootstrap tree #163, logLikelihood: -12998.440448
[00:12:11] [worker #1] Bootstrap tree #167, logLikelihood: -13470.365542
[00:12:14] [worker #2] Bootstrap tree #168, logLikelihood: -13594.961791
[00:12:17] [worker #0] Bootstrap tree #166, logLikelihood: -13624.528299
[00:12:22] [worker #1] Bootstrap tree #170, logLikelihood: -13970.848801
[00:12:24] [worker #2] Bootstrap tree #171, logLikelihood: -13661.347853
[00:12:27] [worker #0] Bootstrap tree #169, logLikelihood: -13754.446739
[00:12:33] [worker #1] Bootstrap tree #173, logLikelihood: -13716.716128
[00:12:35] [worker #2] Bootstrap tree #174, logLikelihood: -13099.797347
[00:12:38] [worker #0] Bootstrap tree #172, logLikelihood: -14374.036287
[00:12:43] [worker #1] Bootstrap tree #176, logLikelihood: -13484.177284
[00:12:46] [worker #2] Bootstrap tree #177, logLikelihood: -13801.783296
[00:12:48] [worker #0] Bootstrap tree #175, logLikelihood: -13919.943458
[00:12:53] [worker #1] Bootstrap tree #179, logLikelihood: -13402.037779
[00:12:56] [worker #2] Bootstrap tree #180, logLikelihood: -13303.935322
[00:12:59] [worker #0] Bootstrap tree #178, logLikelihood: -13408.173450
[00:13:03] [worker #1] Bootstrap tree #182, logLikelihood: -13990.412010
[00:13:05] [worker #2] Bootstrap tree #183, logLikelihood: -12859.404237
[00:13:11] [worker #0] Bootstrap tree #181, logLikelihood: -13186.112031
[00:13:12] [worker #1] Bootstrap tree #185, logLikelihood: -13076.240010
[00:13:19] [worker #2] Bootstrap tree #186, logLikelihood: -13565.657337
[00:13:22] [worker #0] Bootstrap tree #184, logLikelihood: -13407.292998
[00:13:24] [worker #1] Bootstrap tree #188, logLikelihood: -13055.721069
[00:13:33] [worker #2] Bootstrap tree #189, logLikelihood: -13648.674642
[00:13:34] [worker #0] Bootstrap tree #187, logLikelihood: -13204.085775
[00:13:34] [worker #1] Bootstrap tree #191, logLikelihood: -13388.785409
[00:13:46] [worker #2] Bootstrap tree #192, logLikelihood: -14136.164632
[00:13:46] [worker #0] Bootstrap tree #190, logLikelihood: -13901.288097
[00:13:46] [worker #1] Bootstrap tree #194, logLikelihood: -13498.438615
[00:13:55] [worker #2] Bootstrap tree #195, logLikelihood: -13238.052510
[00:13:58] [worker #1] Bootstrap tree #197, logLikelihood: -13335.207144
[00:13:59] [worker #0] Bootstrap tree #193, logLikelihood: -13175.496438
[00:14:07] [worker #2] Bootstrap tree #198, logLikelihood: -13495.818556
[00:14:08] [worker #1] Bootstrap tree #200, logLikelihood: -13779.327154
[00:14:10] [worker #0] Bootstrap tree #196, logLikelihood: -14258.971948
[00:14:21] [worker #0] Bootstrap tree #199, logLikelihood: -13477.201033
[00:14:31] [worker #2] Bootstrap tree #201, logLikelihood: -12864.813180
[00:14:31] [worker #0] Bootstrap tree #202, logLikelihood: -13917.953623
[00:14:32] [worker #1] Bootstrap tree #203, logLikelihood: -13747.541989
[00:14:42] [worker #1] Bootstrap tree #206, logLikelihood: -13371.608375
[00:14:42] [worker #0] Bootstrap tree #205, logLikelihood: -13213.742038
[00:14:43] [worker #2] Bootstrap tree #204, logLikelihood: -13816.591441
[00:14:52] [worker #1] Bootstrap tree #209, logLikelihood: -13505.510306
[00:14:54] [worker #0] Bootstrap tree #208, logLikelihood: -13334.723131
[00:14:56] [worker #2] Bootstrap tree #207, logLikelihood: -13626.580640
[00:15:04] [worker #1] Bootstrap tree #212, logLikelihood: -14020.073484
[00:15:05] [worker #0] Bootstrap tree #211, logLikelihood: -13403.325175
[00:15:06] [worker #2] Bootstrap tree #210, logLikelihood: -13695.636091
[00:15:14] [worker #1] Bootstrap tree #215, logLikelihood: -13294.153027
[00:15:16] [worker #2] Bootstrap tree #213, logLikelihood: -13741.822934
[00:15:16] [worker #0] Bootstrap tree #214, logLikelihood: -13346.954475
[00:15:25] [worker #1] Bootstrap tree #218, logLikelihood: -13343.206151
[00:15:27] [worker #0] Bootstrap tree #217, logLikelihood: -14114.071844
[00:15:28] [worker #2] Bootstrap tree #216, logLikelihood: -13129.646233
[00:15:34] [worker #1] Bootstrap tree #221, logLikelihood: -13839.772364
[00:15:37] [worker #2] Bootstrap tree #219, logLikelihood: -13238.929245
[00:15:38] [worker #0] Bootstrap tree #220, logLikelihood: -13455.207707
[00:15:44] [worker #1] Bootstrap tree #224, logLikelihood: -13709.726750
[00:15:47] [worker #2] Bootstrap tree #222, logLikelihood: -13526.620854
[00:15:51] [worker #0] Bootstrap tree #223, logLikelihood: -13394.417313
[00:15:53] [worker #1] Bootstrap tree #227, logLikelihood: -13481.801716
[00:15:58] [worker #2] Bootstrap tree #225, logLikelihood: -13452.373157
[00:16:01] [worker #0] Bootstrap tree #226, logLikelihood: -13661.998329
[00:16:04] [worker #1] Bootstrap tree #230, logLikelihood: -14077.880084
[00:16:07] [worker #2] Bootstrap tree #228, logLikelihood: -13381.714228
[00:16:12] [worker #0] Bootstrap tree #229, logLikelihood: -14178.216363
[00:16:13] [worker #1] Bootstrap tree #233, logLikelihood: -14077.758106
[00:16:18] [worker #2] Bootstrap tree #231, logLikelihood: -13145.247710
[00:16:24] [worker #0] Bootstrap tree #232, logLikelihood: -13926.084521
[00:16:25] [worker #1] Bootstrap tree #236, logLikelihood: -12657.865868
[00:16:27] [worker #2] Bootstrap tree #234, logLikelihood: -13406.401291
[00:16:35] [worker #1] Bootstrap tree #239, logLikelihood: -14039.069031
[00:16:38] [worker #2] Bootstrap tree #237, logLikelihood: -14330.854656
[00:16:41] [worker #0] Bootstrap tree #235, logLikelihood: -13498.108338
[00:16:46] [worker #1] Bootstrap tree #242, logLikelihood: -13118.673440
[00:16:48] [worker #2] Bootstrap tree #240, logLikelihood: -12753.774158
[00:16:51] [worker #0] Bootstrap tree #238, logLikelihood: -13374.099547
[00:16:56] [worker #1] Bootstrap tree #245, logLikelihood: -13709.856138
[00:16:58] [worker #2] Bootstrap tree #243, logLikelihood: -13397.212823
[00:17:04] [worker #0] Bootstrap tree #241, logLikelihood: -13393.999364
[00:17:07] [worker #1] Bootstrap tree #248, logLikelihood: -13459.261182
[00:17:07] [worker #2] Bootstrap tree #246, logLikelihood: -14000.039966
[00:17:16] [worker #0] Bootstrap tree #244, logLikelihood: -13337.401461
[00:17:20] [worker #2] Bootstrap tree #249, logLikelihood: -13004.800169
[00:17:26] [worker #0] Bootstrap tree #247, logLikelihood: -14174.657962
[00:17:37] [worker #0] Bootstrap tree #250, logLikelihood: -13858.526395
[00:17:49] [worker #2] Bootstrap tree #252, logLikelihood: -13384.328112
[00:17:50] [worker #0] Bootstrap tree #253, logLikelihood: -13843.047146
[00:17:51] [worker #1] Bootstrap tree #251, logLikelihood: -13984.029959
[00:18:00] [worker #2] Bootstrap tree #255, logLikelihood: -13841.790222
[00:18:01] [worker #0] Bootstrap tree #256, logLikelihood: -13113.865831
[00:18:02] [worker #1] Bootstrap tree #254, logLikelihood: -14393.314317
[00:18:10] [worker #2] Bootstrap tree #258, logLikelihood: -13740.113157
[00:18:11] [worker #0] Bootstrap tree #259, logLikelihood: -13431.963011
[00:18:12] [worker #1] Bootstrap tree #257, logLikelihood: -13355.036106
[00:18:21] [worker #0] Bootstrap tree #262, logLikelihood: -13994.551863
[00:18:22] [worker #1] Bootstrap tree #260, logLikelihood: -13649.277100
[00:18:26] [worker #2] Bootstrap tree #261, logLikelihood: -13327.079550
[00:18:32] [worker #1] Bootstrap tree #263, logLikelihood: -13524.094053
[00:18:33] [worker #0] Bootstrap tree #265, logLikelihood: -14096.199553
[00:18:36] [worker #2] Bootstrap tree #264, logLikelihood: -13734.418022
[00:18:43] [worker #1] Bootstrap tree #266, logLikelihood: -13350.999372
[00:18:46] [worker #2] Bootstrap tree #267, logLikelihood: -12651.580333
[00:18:51] [worker #0] Bootstrap tree #268, logLikelihood: -13572.272366
[00:18:54] [worker #1] Bootstrap tree #269, logLikelihood: -13944.047399
[00:18:56] [worker #2] Bootstrap tree #270, logLikelihood: -14004.206274
[00:19:02] [worker #0] Bootstrap tree #271, logLikelihood: -13493.574948
[00:19:04] [worker #1] Bootstrap tree #272, logLikelihood: -13890.624831
[00:19:06] [worker #2] Bootstrap tree #273, logLikelihood: -14484.484034
[00:19:12] [worker #0] Bootstrap tree #274, logLikelihood: -13105.599708
[00:19:15] [worker #2] Bootstrap tree #276, logLikelihood: -13323.090417
[00:19:17] [worker #1] Bootstrap tree #275, logLikelihood: -13316.819841
[00:19:22] [worker #0] Bootstrap tree #277, logLikelihood: -13555.237808
[00:19:26] [worker #2] Bootstrap tree #279, logLikelihood: -13570.857819
[00:19:28] [worker #1] Bootstrap tree #278, logLikelihood: -13652.285001
[00:19:34] [worker #0] Bootstrap tree #280, logLikelihood: -13788.761187
[00:19:36] [worker #2] Bootstrap tree #282, logLikelihood: -13724.870309
[00:19:38] [worker #1] Bootstrap tree #281, logLikelihood: -13996.005600
[00:19:43] [worker #0] Bootstrap tree #283, logLikelihood: -13822.962859
[00:19:45] [worker #2] Bootstrap tree #285, logLikelihood: -14301.289574
[00:19:48] [worker #1] Bootstrap tree #284, logLikelihood: -13211.621107
[00:19:54] [worker #0] Bootstrap tree #286, logLikelihood: -13709.678218
[00:19:56] [worker #2] Bootstrap tree #288, logLikelihood: -13233.774037
[00:19:59] [worker #1] Bootstrap tree #287, logLikelihood: -14084.163212
[00:20:05] [worker #0] Bootstrap tree #289, logLikelihood: -14198.536737
[00:20:08] [worker #2] Bootstrap tree #291, logLikelihood: -13325.703488
[00:20:10] [worker #1] Bootstrap tree #290, logLikelihood: -13519.662886
[00:20:16] [worker #0] Bootstrap tree #292, logLikelihood: -13373.685909
[00:20:18] [worker #2] Bootstrap tree #294, logLikelihood: -13827.175893
[00:20:19] [worker #1] Bootstrap tree #293, logLikelihood: -13364.585415
[00:20:25] [worker #0] Bootstrap tree #295, logLikelihood: -14323.172570
[00:20:32] [worker #2] Bootstrap tree #297, logLikelihood: -13019.650437
[00:20:32] [worker #1] Bootstrap tree #296, logLikelihood: -14154.154288
[00:20:36] [worker #0] Bootstrap tree #298, logLikelihood: -13228.395562
[00:20:42] [worker #2] Bootstrap tree #300, logLikelihood: -13938.902499
[00:20:42] [worker #1] Bootstrap tree #299, logLikelihood: -14175.722780
[00:20:53] [worker #2] Bootstrap tree #303, logLikelihood: -13421.593681
[00:20:53] [worker #1] Bootstrap tree #302, logLikelihood: -13258.183430
[00:20:55] [worker #0] Bootstrap tree #301, logLikelihood: -13714.001250
[00:21:03] [worker #2] Bootstrap tree #306, logLikelihood: -13581.862215
[00:21:05] [worker #1] Bootstrap tree #305, logLikelihood: -13969.279504
[00:21:07] [worker #0] Bootstrap tree #304, logLikelihood: -14063.828090
[00:21:17] [worker #2] Bootstrap tree #309, logLikelihood: -14086.822556
[00:21:18] [worker #0] Bootstrap tree #307, logLikelihood: -14518.447178
[00:21:20] [worker #1] Bootstrap tree #308, logLikelihood: -13683.632460
[00:21:29] [worker #0] Bootstrap tree #310, logLikelihood: -13390.817539
[00:21:30] [worker #1] Bootstrap tree #311, logLikelihood: -14062.572979
[00:21:32] [worker #2] Bootstrap tree #312, logLikelihood: -13823.551168
[00:21:40] [worker #1] Bootstrap tree #314, logLikelihood: -13362.893003
[00:21:41] [worker #2] Bootstrap tree #315, logLikelihood: -13276.522786
[00:21:44] [worker #0] Bootstrap tree #313, logLikelihood: -13624.798521
[00:21:50] [worker #1] Bootstrap tree #317, logLikelihood: -14046.584045
[00:21:53] [worker #2] Bootstrap tree #318, logLikelihood: -13906.277281
[00:21:55] [worker #0] Bootstrap tree #316, logLikelihood: -13856.917806
[00:22:04] [worker #1] Bootstrap tree #320, logLikelihood: -13532.485510
[00:22:09] [worker #2] Bootstrap tree #321, logLikelihood: -14043.595677
[00:22:10] [worker #0] Bootstrap tree #319, logLikelihood: -13377.370387
[00:22:16] [worker #1] Bootstrap tree #323, logLikelihood: -13677.918007
[00:22:17] [worker #2] Bootstrap tree #324, logLikelihood: -14356.981407
[00:22:20] [worker #0] Bootstrap tree #322, logLikelihood: -13478.546760
[00:22:26] [worker #1] Bootstrap tree #326, logLikelihood: -13575.303707
[00:22:29] [worker #2] Bootstrap tree #327, logLikelihood: -12751.220509
[00:22:31] [worker #0] Bootstrap tree #325, logLikelihood: -14033.857434
[00:22:35] [worker #1] Bootstrap tree #329, logLikelihood: -13263.879254
[00:22:40] [worker #2] Bootstrap tree #330, logLikelihood: -14035.936564
[00:22:42] [worker #0] Bootstrap tree #328, logLikelihood: -13130.573658
[00:22:49] [worker #1] Bootstrap tree #332, logLikelihood: -13512.147926
[00:22:49] [worker #2] Bootstrap tree #333, logLikelihood: -12828.614032
[00:22:51] [worker #0] Bootstrap tree #331, logLikelihood: -13834.349358
[00:22:58] [worker #1] Bootstrap tree #335, logLikelihood: -13181.587019
[00:22:59] [worker #2] Bootstrap tree #336, logLikelihood: -13333.303318
[00:23:04] [worker #0] Bootstrap tree #334, logLikelihood: -13548.870473
[00:23:09] [worker #2] Bootstrap tree #339, logLikelihood: -13540.742058
[00:23:11] [worker #1] Bootstrap tree #338, logLikelihood: -14141.410921
[00:23:15] [worker #0] Bootstrap tree #337, logLikelihood: -13308.338701
[00:23:19] [worker #2] Bootstrap tree #342, logLikelihood: -13205.589169
[00:23:21] [worker #1] Bootstrap tree #341, logLikelihood: -13802.721955
[00:23:27] [worker #0] Bootstrap tree #340, logLikelihood: -13644.568415
[00:23:30] [worker #2] Bootstrap tree #345, logLikelihood: -13505.451017
[00:23:31] [worker #1] Bootstrap tree #344, logLikelihood: -13550.136052
[00:23:38] [worker #0] Bootstrap tree #343, logLikelihood: -13695.835580
[00:23:40] [worker #1] Bootstrap tree #347, logLikelihood: -14517.042493
[00:23:40] [worker #2] Bootstrap tree #348, logLikelihood: -13314.851254
[00:23:47] [worker #0] Bootstrap tree #346, logLikelihood: -13314.612046
[00:23:50] [worker #1] Bootstrap tree #350, logLikelihood: -14112.506459
[00:24:01] [worker #0] Bootstrap tree #349, logLikelihood: -13344.349297
[00:24:01] Bootstrapping converged after 350 replicates.

Optimized model parameters:

   Partition 0: noname
   Rate heterogeneity: GAMMA (4 cats, mean),  alpha: 1.667888 (ML),  weights&rates: (0.250000,0.250132) (0.250000,0.614309) (0.250000,1.058929) (0.250000,2.076631) 
   P-inv (ML): 0.046338
   Base frequencies (empirical): 0.076815 0.073646 0.067015 0.058682 0.001702 0.057860 0.047122 0.093539 0.011678 0.024764 0.050349 0.075935 0.015551 0.032979 0.074057 0.087554 0.056393 0.016314 0.027991 0.050056 
   Substitution rates (model): 0.425093 0.276818 0.395144 2.489084 0.969894 1.038545 2.066040 0.358858 0.149830 0.395337 0.536518 1.124035 0.253701 1.177651 4.727182 2.139501 0.180717 0.218959 2.547870 0.751878 0.123954 0.534551 2.807908 0.363970 0.390192 2.426601 0.126991 0.301848 6.326067 0.484133 0.052722 0.332533 0.858151 0.578987 0.593607 0.314440 0.170887 5.076149 0.528768 1.695752 0.541712 1.437645 4.509238 0.191503 0.068427 2.145078 0.371004 0.089525 0.161787 4.008358 2.000679 0.045376 0.612025 0.083688 0.062556 0.523386 5.243870 0.844926 0.927114 0.010690 0.015076 0.282959 0.025548 0.017416 0.394456 1.240275 0.425860 0.029890 0.135107 0.037967 0.084808 0.003499 0.569265 0.640543 0.320627 0.594007 0.013266 0.893680 1.105251 0.075382 2.784478 1.143480 0.670128 1.165532 1.959291 4.128591 0.267959 4.813505 0.072854 0.582457 3.234294 1.672569 0.035855 0.624294 1.223828 1.080136 0.236199 0.257336 0.210332 0.348847 0.423881 0.044265 0.069673 1.807177 0.173735 0.018811 0.419409 0.611973 0.604545 0.077852 0.120037 0.245034 0.311484 0.008705 0.044261 0.296636 0.139538 0.089586 0.196961 1.739990 0.129836 0.268491 0.054679 0.076701 0.108882 0.366317 0.697264 0.442472 0.682139 0.508851 0.990012 0.584262 0.597054 5.306834 0.119013 4.145067 0.159069 4.273607 1.112727 0.078281 0.064105 1.033739 0.111660 0.232523 10.649107 0.137500 6.312358 2.592692 0.249060 0.182287 0.302936 0.619632 0.299648 1.702745 0.656604 0.023918 0.390322 0.748683 1.136863 0.049906 0.131932 0.185202 1.798853 0.099849 0.346960 2.020366 0.696175 0.481306 1.898718 0.094464 0.361819 0.165001 2.457121 7.803902 0.654683 1.338132 0.571468 0.095131 0.089613 0.296501 6.472279 0.248862 0.400547 0.098369 0.140825 0.245841 2.188158 3.151815 0.189510 0.249313 


Final LogLikelihood: -13674.087827

AIC score: 27536.175654 / AICc score: 27573.539671 / BIC score: 27945.158911
Free parameters (model + branch lengths): 94

WARNING: Best ML tree contains 1 near-zero branches!

Best ML tree with collapsed near-zero branches saved to: /global/home/users/cbrook/raxml-ng/AAN/T3.raxml.bestTreeCollapsed
Best ML tree saved to: /global/home/users/cbrook/raxml-ng/AAN/T3.raxml.bestTree
All ML trees saved to: /global/home/users/cbrook/raxml-ng/AAN/T3.raxml.mlTrees
Best ML tree with Felsenstein bootstrap (FBP) support values saved to: /global/home/users/cbrook/raxml-ng/AAN/T3.raxml.supportFBP
Best ML tree with Transfer bootstrap (TBE) support values saved to: /global/home/users/cbrook/raxml-ng/AAN/T3.raxml.supportTBE
Optimized model saved to: /global/home/users/cbrook/raxml-ng/AAN/T3.raxml.bestModel
Bootstrap trees saved to: /global/home/users/cbrook/raxml-ng/AAN/T3.raxml.bootstraps

Execution log saved to: /global/home/users/cbrook/raxml-ng/AAN/T3.raxml.log

Analysis started: 28-Aug-2021 11:12:45 / finished: 28-Aug-2021 11:36:46

Elapsed time: 1441.616 seconds

Consumed energy: 58.421 Wh

