
RAxML-NG v. 1.0.0-master released on 07.08.2020 by The Exelixis Lab.
Developed by: Alexey M. Kozlov and Alexandros Stamatakis.
Contributors: Diego Darriba, Tomas Flouri, Benoit Morel, Sarah Lutteropp, Ben Bettisworth.
Latest version: https://github.com/amkozlov/raxml-ng
Questions/problems/suggestions? Please visit: https://groups.google.com/forum/#!forum/raxml

System: Intel(R) Xeon(R) CPU E5-2670 v3 @ 2.30GHz, 24 cores, 62 GB RAM

RAxML-NG was called at 22-Aug-2021 12:25:24 as follows:

/global/home/users/cbrook/raxml-ng/raxml-ng-mpi --all --msa Translation_BatCoV_N_Alignment.fasta --data-type AA --model LG+G+I+F --prefix T3 --seed 1 --threads 7 --bs-metric fbp,tbe

Analysis options:
  run mode: ML tree search + bootstrapping (Felsenstein Bootstrap + Transfer Bootstrap)
  start tree(s): random (10) + parsimony (10)
  bootstrap replicates: max: 1000 + bootstopping (autoMRE, cutoff: 0.030000)
  random seed: 1
  tip-inner: OFF
  pattern compression: ON
  per-rate scalers: OFF
  site repeats: ON
  branch lengths: proportional (ML estimate, algorithm: NR-FAST)
  SIMD kernels: AVX2
  parallelization: coarse-grained (auto), PTHREADS (7 threads), thread pinning: ON

[00:00:01] Reading alignment from file: Translation_BatCoV_N_Alignment.fasta
[00:00:01] Loaded alignment with 34 taxa and 576 sites

WARNING: Sequences Mus_musculus_NC_001846_1_MHV_A59_N and Mus_musculus_NC_048217_1_MHV_N are exactly identical!
WARNING: Sequences EF065513_1_HKU_9_1_Rousettus_leschenaulti_China_N and NC_009021_1_HKU9_Rousettus_leschenaulti_China_N are exactly identical!
WARNING: Sequences KU762338_1_GCCDC1_356_Rousettus_leschenaulti_China_N and NC_030886_GCCDC1_356_Rousettus_leschenaulti_China_N are exactly identical!
WARNING: Duplicate sequences found: 3

NOTE: Reduced alignment (with duplicates and gap-only sites/taxa removed) 
NOTE: was saved to: /global/home/users/cbrook/raxml-ng/bat_CoV_N_2/T3.raxml.reduced.phy

Alignment comprises 1 partitions and 541 patterns

Partition 0: noname
Model: LG+FC+I+G4m
Alignment sites / patterns: 576 / 541
Gaps: 22.66 %
Invariant sites: 16.67 %


NOTE: Binary MSA file created: T3.raxml.rba

Parallelization scheme autoconfig: 1 worker(s) x 7 thread(s)

Parallel reduction/worker buffer size: 1 KB  / 0 KB

[00:00:01] Generating 10 random starting tree(s) with 34 taxa
[00:00:01] Generating 10 parsimony starting tree(s) with 34 taxa
[00:00:01] Data distribution: max. partitions/sites/weight per thread: 1 / 78 / 6240
[00:00:01] Data distribution: max. searches per worker: 1020

Starting ML tree search with 20 distinct starting trees

[00:00:07] ML tree search #1, logLikelihood: -12947.622728
[00:00:13] ML tree search #2, logLikelihood: -12947.622789
[00:00:21] ML tree search #3, logLikelihood: -12947.622725
[00:00:27] ML tree search #4, logLikelihood: -12947.622762
[00:00:33] ML tree search #5, logLikelihood: -12947.622722
[00:00:40] ML tree search #6, logLikelihood: -12947.622729
[00:00:48] ML tree search #7, logLikelihood: -12947.622724
[00:00:55] ML tree search #8, logLikelihood: -12947.622852
[00:01:02] ML tree search #9, logLikelihood: -12947.622748
[00:01:10] ML tree search #10, logLikelihood: -12947.622724
[00:01:15] ML tree search #11, logLikelihood: -12947.622760
[00:01:20] ML tree search #12, logLikelihood: -12947.622754
[00:01:25] ML tree search #13, logLikelihood: -12947.622791
[00:01:30] ML tree search #14, logLikelihood: -12947.622754
[00:01:35] ML tree search #15, logLikelihood: -12947.622745
[00:01:40] ML tree search #16, logLikelihood: -12947.622730
[00:01:45] ML tree search #17, logLikelihood: -12947.622754
[00:01:50] ML tree search #18, logLikelihood: -12947.622773
[00:01:55] ML tree search #19, logLikelihood: -12947.622755
[00:02:00] ML tree search #20, logLikelihood: -12947.622748

[00:02:00] ML tree search completed, best tree logLH: -12947.622722

[00:02:00] Starting bootstrapping analysis with 1000 replicates.

[00:02:05] Bootstrap tree #1, logLikelihood: -13366.792299
[00:02:10] Bootstrap tree #2, logLikelihood: -13192.806295
[00:02:15] Bootstrap tree #3, logLikelihood: -13122.386040
[00:02:22] Bootstrap tree #4, logLikelihood: -12698.107617
[00:02:29] Bootstrap tree #5, logLikelihood: -12864.428141
[00:02:36] Bootstrap tree #6, logLikelihood: -12388.422288
[00:02:41] Bootstrap tree #7, logLikelihood: -12450.326823
[00:02:47] Bootstrap tree #8, logLikelihood: -12634.189183
[00:02:52] Bootstrap tree #9, logLikelihood: -12675.203439
[00:02:57] Bootstrap tree #10, logLikelihood: -12347.489244
[00:03:02] Bootstrap tree #11, logLikelihood: -13636.489327
[00:03:08] Bootstrap tree #12, logLikelihood: -12752.675218
[00:03:13] Bootstrap tree #13, logLikelihood: -12948.540784
[00:03:18] Bootstrap tree #14, logLikelihood: -13112.588418
[00:03:24] Bootstrap tree #15, logLikelihood: -12765.062119
[00:03:29] Bootstrap tree #16, logLikelihood: -13345.409187
[00:03:36] Bootstrap tree #17, logLikelihood: -13070.480603
[00:03:42] Bootstrap tree #18, logLikelihood: -12416.322692
[00:03:47] Bootstrap tree #19, logLikelihood: -12643.031979
[00:03:52] Bootstrap tree #20, logLikelihood: -12310.426000
[00:03:57] Bootstrap tree #21, logLikelihood: -12673.714430
[00:04:02] Bootstrap tree #22, logLikelihood: -12733.677175
[00:04:07] Bootstrap tree #23, logLikelihood: -13195.765850
[00:04:12] Bootstrap tree #24, logLikelihood: -12669.384678
[00:04:18] Bootstrap tree #25, logLikelihood: -13124.170781
[00:04:23] Bootstrap tree #26, logLikelihood: -12763.363754
[00:04:29] Bootstrap tree #27, logLikelihood: -12859.805894
[00:04:37] Bootstrap tree #28, logLikelihood: -13515.502218
[00:04:44] Bootstrap tree #29, logLikelihood: -13052.426854
[00:04:49] Bootstrap tree #30, logLikelihood: -13388.295854
[00:04:54] Bootstrap tree #31, logLikelihood: -13178.628019
[00:04:59] Bootstrap tree #32, logLikelihood: -13443.081470
[00:05:04] Bootstrap tree #33, logLikelihood: -12322.170538
[00:05:09] Bootstrap tree #34, logLikelihood: -12847.914291
[00:05:14] Bootstrap tree #35, logLikelihood: -13011.614276
[00:05:20] Bootstrap tree #36, logLikelihood: -13225.053138
[00:05:25] Bootstrap tree #37, logLikelihood: -12581.762430
[00:05:30] Bootstrap tree #38, logLikelihood: -12923.745514
[00:05:35] Bootstrap tree #39, logLikelihood: -12509.208871
[00:05:41] Bootstrap tree #40, logLikelihood: -13073.225750
[00:05:47] Bootstrap tree #41, logLikelihood: -12776.473167
[00:05:52] Bootstrap tree #42, logLikelihood: -12893.199930
[00:05:57] Bootstrap tree #43, logLikelihood: -12829.234471
[00:06:02] Bootstrap tree #44, logLikelihood: -12376.893636
[00:06:07] Bootstrap tree #45, logLikelihood: -12727.367385
[00:06:14] Bootstrap tree #46, logLikelihood: -13332.108598
[00:06:19] Bootstrap tree #47, logLikelihood: -13191.356385
[00:06:24] Bootstrap tree #48, logLikelihood: -13056.164787
[00:06:32] Bootstrap tree #49, logLikelihood: -12191.563629
[00:06:37] Bootstrap tree #50, logLikelihood: -13436.265734
[00:06:43] Bootstrap tree #51, logLikelihood: -13075.247890
[00:06:50] Bootstrap tree #52, logLikelihood: -13186.505613
[00:06:55] Bootstrap tree #53, logLikelihood: -12964.802129
[00:07:00] Bootstrap tree #54, logLikelihood: -13112.486164
[00:07:05] Bootstrap tree #55, logLikelihood: -12163.055355
[00:07:12] Bootstrap tree #56, logLikelihood: -13002.161324
[00:07:18] Bootstrap tree #57, logLikelihood: -12345.201360
[00:07:24] Bootstrap tree #58, logLikelihood: -13082.306970
[00:07:29] Bootstrap tree #59, logLikelihood: -12876.821066
[00:07:35] Bootstrap tree #60, logLikelihood: -12939.656883
[00:07:42] Bootstrap tree #61, logLikelihood: -12755.413914
[00:07:51] Bootstrap tree #62, logLikelihood: -12861.899745
[00:07:56] Bootstrap tree #63, logLikelihood: -13303.312080
[00:08:01] Bootstrap tree #64, logLikelihood: -12520.026754
[00:08:07] Bootstrap tree #65, logLikelihood: -12322.316362
[00:08:15] Bootstrap tree #66, logLikelihood: -12648.268034
[00:08:20] Bootstrap tree #67, logLikelihood: -13229.106609
[00:08:25] Bootstrap tree #68, logLikelihood: -13562.510141
[00:08:30] Bootstrap tree #69, logLikelihood: -12921.494166
[00:08:35] Bootstrap tree #70, logLikelihood: -12113.148086
[00:08:41] Bootstrap tree #71, logLikelihood: -12761.919969
[00:08:48] Bootstrap tree #72, logLikelihood: -12432.005709
[00:08:54] Bootstrap tree #73, logLikelihood: -12428.912668
[00:09:00] Bootstrap tree #74, logLikelihood: -12391.690719
[00:09:06] Bootstrap tree #75, logLikelihood: -12019.041846
[00:09:12] Bootstrap tree #76, logLikelihood: -12342.072228
[00:09:18] Bootstrap tree #77, logLikelihood: -13501.925830
[00:09:23] Bootstrap tree #78, logLikelihood: -12419.256375
[00:09:28] Bootstrap tree #79, logLikelihood: -12635.597808
[00:09:33] Bootstrap tree #80, logLikelihood: -13068.195344
[00:09:39] Bootstrap tree #81, logLikelihood: -13401.715508
[00:09:44] Bootstrap tree #82, logLikelihood: -13082.816931
[00:09:50] Bootstrap tree #83, logLikelihood: -12988.552910
[00:09:56] Bootstrap tree #84, logLikelihood: -13087.343582
[00:10:01] Bootstrap tree #85, logLikelihood: -12749.425515
[00:10:06] Bootstrap tree #86, logLikelihood: -13032.647438
[00:10:12] Bootstrap tree #87, logLikelihood: -12879.830911
[00:10:17] Bootstrap tree #88, logLikelihood: -12446.617540
[00:10:22] Bootstrap tree #89, logLikelihood: -13261.471820
[00:10:28] Bootstrap tree #90, logLikelihood: -13056.396332
[00:10:35] Bootstrap tree #91, logLikelihood: -13548.596766
[00:10:40] Bootstrap tree #92, logLikelihood: -13013.478462
[00:10:47] Bootstrap tree #93, logLikelihood: -12559.286062
[00:10:54] Bootstrap tree #94, logLikelihood: -12836.913283
[00:11:00] Bootstrap tree #95, logLikelihood: -12493.377273
[00:11:06] Bootstrap tree #96, logLikelihood: -12193.351155
[00:11:11] Bootstrap tree #97, logLikelihood: -12975.110618
[00:11:16] Bootstrap tree #98, logLikelihood: -13196.345955
[00:11:22] Bootstrap tree #99, logLikelihood: -12893.205228
[00:11:28] Bootstrap tree #100, logLikelihood: -13324.558398
[00:11:34] Bootstrap tree #101, logLikelihood: -12673.445286
[00:11:39] Bootstrap tree #102, logLikelihood: -12581.550138
[00:11:45] Bootstrap tree #103, logLikelihood: -12513.117439
[00:11:49] Bootstrap tree #104, logLikelihood: -12943.193984
[00:11:55] Bootstrap tree #105, logLikelihood: -12891.509365
[00:12:00] Bootstrap tree #106, logLikelihood: -12727.659287
[00:12:06] Bootstrap tree #107, logLikelihood: -12738.067300
[00:12:12] Bootstrap tree #108, logLikelihood: -12759.094644
[00:12:17] Bootstrap tree #109, logLikelihood: -12773.348448
[00:12:24] Bootstrap tree #110, logLikelihood: -12479.100295
[00:12:31] Bootstrap tree #111, logLikelihood: -12666.703317
[00:12:37] Bootstrap tree #112, logLikelihood: -12852.162198
[00:12:43] Bootstrap tree #113, logLikelihood: -12650.370760
[00:12:49] Bootstrap tree #114, logLikelihood: -12477.274949
[00:12:54] Bootstrap tree #115, logLikelihood: -13075.402377
[00:13:00] Bootstrap tree #116, logLikelihood: -12032.613690
[00:13:07] Bootstrap tree #117, logLikelihood: -12316.213314
[00:13:14] Bootstrap tree #118, logLikelihood: -12681.963536
[00:13:19] Bootstrap tree #119, logLikelihood: -12721.754052
[00:13:25] Bootstrap tree #120, logLikelihood: -12805.625226
[00:13:31] Bootstrap tree #121, logLikelihood: -12986.438166
[00:13:36] Bootstrap tree #122, logLikelihood: -12120.464572
[00:13:42] Bootstrap tree #123, logLikelihood: -12480.494625
[00:13:48] Bootstrap tree #124, logLikelihood: -13486.719616
[00:13:54] Bootstrap tree #125, logLikelihood: -12524.010409
[00:14:01] Bootstrap tree #126, logLikelihood: -12972.698067
[00:14:06] Bootstrap tree #127, logLikelihood: -12297.666252
[00:14:11] Bootstrap tree #128, logLikelihood: -13125.614627
[00:14:17] Bootstrap tree #129, logLikelihood: -13122.747773
[00:14:22] Bootstrap tree #130, logLikelihood: -13530.829661
[00:14:29] Bootstrap tree #131, logLikelihood: -12944.821229
[00:14:34] Bootstrap tree #132, logLikelihood: -13436.442344
[00:14:41] Bootstrap tree #133, logLikelihood: -12741.506029
[00:14:46] Bootstrap tree #134, logLikelihood: -12716.006205
[00:14:51] Bootstrap tree #135, logLikelihood: -12129.253395
[00:14:56] Bootstrap tree #136, logLikelihood: -12794.778627
[00:15:01] Bootstrap tree #137, logLikelihood: -12534.184230
[00:15:07] Bootstrap tree #138, logLikelihood: -12893.889304
[00:15:13] Bootstrap tree #139, logLikelihood: -13081.806793
[00:15:19] Bootstrap tree #140, logLikelihood: -12844.272733
[00:15:24] Bootstrap tree #141, logLikelihood: -12534.327858
[00:15:30] Bootstrap tree #142, logLikelihood: -12238.410279
[00:15:35] Bootstrap tree #143, logLikelihood: -12675.452406
[00:15:41] Bootstrap tree #144, logLikelihood: -12593.164164
[00:15:50] Bootstrap tree #145, logLikelihood: -12816.758463
[00:15:56] Bootstrap tree #146, logLikelihood: -13118.321766
[00:16:01] Bootstrap tree #147, logLikelihood: -12509.138058
[00:16:06] Bootstrap tree #148, logLikelihood: -13355.210906
[00:16:12] Bootstrap tree #149, logLikelihood: -12673.716374
[00:16:18] Bootstrap tree #150, logLikelihood: -13299.214510
[00:16:23] Bootstrap tree #151, logLikelihood: -12865.815797
[00:16:28] Bootstrap tree #152, logLikelihood: -13047.884795
[00:16:33] Bootstrap tree #153, logLikelihood: -12432.840164
[00:16:38] Bootstrap tree #154, logLikelihood: -12948.111427
[00:16:44] Bootstrap tree #155, logLikelihood: -12433.696559
[00:16:49] Bootstrap tree #156, logLikelihood: -12582.166252
[00:16:54] Bootstrap tree #157, logLikelihood: -12640.068539
[00:17:00] Bootstrap tree #158, logLikelihood: -12668.523006
[00:17:06] Bootstrap tree #159, logLikelihood: -12754.547120
[00:17:11] Bootstrap tree #160, logLikelihood: -12897.377070
[00:17:17] Bootstrap tree #161, logLikelihood: -12175.475067
[00:17:23] Bootstrap tree #162, logLikelihood: -12914.241135
[00:17:29] Bootstrap tree #163, logLikelihood: -12726.923255
[00:17:34] Bootstrap tree #164, logLikelihood: -12506.692676
[00:17:40] Bootstrap tree #165, logLikelihood: -13049.164149
[00:17:46] Bootstrap tree #166, logLikelihood: -12297.140229
[00:17:51] Bootstrap tree #167, logLikelihood: -12567.975659
[00:17:57] Bootstrap tree #168, logLikelihood: -12705.481687
[00:18:02] Bootstrap tree #169, logLikelihood: -12843.929878
[00:18:12] Bootstrap tree #170, logLikelihood: -13082.720202
[00:18:18] Bootstrap tree #171, logLikelihood: -13315.679189
[00:18:24] Bootstrap tree #172, logLikelihood: -12981.709548
[00:18:29] Bootstrap tree #173, logLikelihood: -12712.135741
[00:18:34] Bootstrap tree #174, logLikelihood: -12421.634092
[00:18:40] Bootstrap tree #175, logLikelihood: -12895.141570
[00:18:46] Bootstrap tree #176, logLikelihood: -12952.034227
[00:18:52] Bootstrap tree #177, logLikelihood: -12720.729208
[00:18:57] Bootstrap tree #178, logLikelihood: -13548.456890
[00:19:02] Bootstrap tree #179, logLikelihood: -12881.283341
[00:19:08] Bootstrap tree #180, logLikelihood: -12594.460812
[00:19:15] Bootstrap tree #181, logLikelihood: -12802.203595
[00:19:21] Bootstrap tree #182, logLikelihood: -12868.914938
[00:19:26] Bootstrap tree #183, logLikelihood: -12779.054114
[00:19:32] Bootstrap tree #184, logLikelihood: -12683.445695
[00:19:37] Bootstrap tree #185, logLikelihood: -13233.642509
[00:19:43] Bootstrap tree #186, logLikelihood: -12603.634551
[00:19:48] Bootstrap tree #187, logLikelihood: -13122.579314
[00:19:53] Bootstrap tree #188, logLikelihood: -12639.881445
[00:19:59] Bootstrap tree #189, logLikelihood: -12725.380785
[00:20:04] Bootstrap tree #190, logLikelihood: -12862.513536
[00:20:09] Bootstrap tree #191, logLikelihood: -12841.170847
[00:20:14] Bootstrap tree #192, logLikelihood: -13016.594025
[00:20:20] Bootstrap tree #193, logLikelihood: -12451.475306
[00:20:27] Bootstrap tree #194, logLikelihood: -12944.375500
[00:20:33] Bootstrap tree #195, logLikelihood: -12953.979689
[00:20:39] Bootstrap tree #196, logLikelihood: -12916.778622
[00:20:44] Bootstrap tree #197, logLikelihood: -12922.321032
[00:20:50] Bootstrap tree #198, logLikelihood: -12514.783043
[00:20:55] Bootstrap tree #199, logLikelihood: -12444.472162
[00:21:00] Bootstrap tree #200, logLikelihood: -12668.974380
[00:21:06] Bootstrap tree #201, logLikelihood: -12908.278325
[00:21:12] Bootstrap tree #202, logLikelihood: -13418.828550
[00:21:20] Bootstrap tree #203, logLikelihood: -12560.160520
[00:21:25] Bootstrap tree #204, logLikelihood: -13331.812147
[00:21:31] Bootstrap tree #205, logLikelihood: -13134.810516
[00:21:36] Bootstrap tree #206, logLikelihood: -12497.577072
[00:21:41] Bootstrap tree #207, logLikelihood: -12794.723513
[00:21:47] Bootstrap tree #208, logLikelihood: -12642.588324
[00:21:52] Bootstrap tree #209, logLikelihood: -13105.688881
[00:21:58] Bootstrap tree #210, logLikelihood: -13130.817402
[00:22:04] Bootstrap tree #211, logLikelihood: -12629.776912
[00:22:10] Bootstrap tree #212, logLikelihood: -12738.173882
[00:22:14] Bootstrap tree #213, logLikelihood: -12836.595621
[00:22:21] Bootstrap tree #214, logLikelihood: -12674.346093
[00:22:26] Bootstrap tree #215, logLikelihood: -12985.248958
[00:22:32] Bootstrap tree #216, logLikelihood: -12597.936550
[00:22:38] Bootstrap tree #217, logLikelihood: -12654.279825
[00:22:45] Bootstrap tree #218, logLikelihood: -12703.949082
[00:22:50] Bootstrap tree #219, logLikelihood: -12789.887423
[00:22:55] Bootstrap tree #220, logLikelihood: -12499.027557
[00:23:00] Bootstrap tree #221, logLikelihood: -13563.240248
[00:23:07] Bootstrap tree #222, logLikelihood: -12531.845319
[00:23:13] Bootstrap tree #223, logLikelihood: -12517.148752
[00:23:19] Bootstrap tree #224, logLikelihood: -13502.583087
[00:23:25] Bootstrap tree #225, logLikelihood: -13119.290504
[00:23:31] Bootstrap tree #226, logLikelihood: -12828.040652
[00:23:37] Bootstrap tree #227, logLikelihood: -13041.578834
[00:23:43] Bootstrap tree #228, logLikelihood: -13065.139124
[00:23:51] Bootstrap tree #229, logLikelihood: -13538.833848
[00:23:57] Bootstrap tree #230, logLikelihood: -13661.265088
[00:24:03] Bootstrap tree #231, logLikelihood: -12644.982997
[00:24:08] Bootstrap tree #232, logLikelihood: -12807.076869
[00:24:13] Bootstrap tree #233, logLikelihood: -13044.318284
[00:24:19] Bootstrap tree #234, logLikelihood: -13161.735599
[00:24:24] Bootstrap tree #235, logLikelihood: -12597.497780
[00:24:28] Bootstrap tree #236, logLikelihood: -12841.235923
[00:24:35] Bootstrap tree #237, logLikelihood: -13108.059113
[00:24:40] Bootstrap tree #238, logLikelihood: -12778.781517
[00:24:47] Bootstrap tree #239, logLikelihood: -12668.329085
[00:24:52] Bootstrap tree #240, logLikelihood: -12531.485520
[00:24:58] Bootstrap tree #241, logLikelihood: -12861.719433
[00:25:04] Bootstrap tree #242, logLikelihood: -12481.300894
[00:25:09] Bootstrap tree #243, logLikelihood: -12679.879277
[00:25:15] Bootstrap tree #244, logLikelihood: -12989.643883
[00:25:20] Bootstrap tree #245, logLikelihood: -13001.420234
[00:25:26] Bootstrap tree #246, logLikelihood: -12875.738797
[00:25:31] Bootstrap tree #247, logLikelihood: -13119.147976
[00:25:38] Bootstrap tree #248, logLikelihood: -12640.359416
[00:25:43] Bootstrap tree #249, logLikelihood: -11980.613950
[00:25:50] Bootstrap tree #250, logLikelihood: -12768.690893
[00:25:56] Bootstrap tree #251, logLikelihood: -13741.222965
[00:26:01] Bootstrap tree #252, logLikelihood: -13054.197225
[00:26:07] Bootstrap tree #253, logLikelihood: -13942.769461
[00:26:13] Bootstrap tree #254, logLikelihood: -13337.370265
[00:26:23] Bootstrap tree #255, logLikelihood: -13052.740986
[00:26:29] Bootstrap tree #256, logLikelihood: -12765.157560
[00:26:35] Bootstrap tree #257, logLikelihood: -12202.724801
[00:26:42] Bootstrap tree #258, logLikelihood: -12789.370831
[00:26:50] Bootstrap tree #259, logLikelihood: -12847.974888
[00:26:56] Bootstrap tree #260, logLikelihood: -12771.566362
[00:27:05] Bootstrap tree #261, logLikelihood: -12944.607215
[00:27:11] Bootstrap tree #262, logLikelihood: -13372.029375
[00:27:17] Bootstrap tree #263, logLikelihood: -13010.941138
[00:27:23] Bootstrap tree #264, logLikelihood: -12796.568134
[00:27:30] Bootstrap tree #265, logLikelihood: -12974.046444
[00:27:36] Bootstrap tree #266, logLikelihood: -12974.443168
[00:27:43] Bootstrap tree #267, logLikelihood: -12375.849095
[00:27:48] Bootstrap tree #268, logLikelihood: -13101.149645
[00:27:54] Bootstrap tree #269, logLikelihood: -13193.946193
[00:27:59] Bootstrap tree #270, logLikelihood: -12874.739008
[00:28:04] Bootstrap tree #271, logLikelihood: -13245.335578
[00:28:11] Bootstrap tree #272, logLikelihood: -12939.668796
[00:28:16] Bootstrap tree #273, logLikelihood: -12938.331220
[00:28:23] Bootstrap tree #274, logLikelihood: -12224.335135
[00:28:29] Bootstrap tree #275, logLikelihood: -12539.136664
[00:28:34] Bootstrap tree #276, logLikelihood: -12973.377435
[00:28:40] Bootstrap tree #277, logLikelihood: -12672.361627
[00:28:46] Bootstrap tree #278, logLikelihood: -13174.156769
[00:28:51] Bootstrap tree #279, logLikelihood: -12579.183071
[00:28:58] Bootstrap tree #280, logLikelihood: -13398.369424
[00:29:04] Bootstrap tree #281, logLikelihood: -13370.141732
[00:29:10] Bootstrap tree #282, logLikelihood: -13202.142724
[00:29:15] Bootstrap tree #283, logLikelihood: -13079.049023
[00:29:21] Bootstrap tree #284, logLikelihood: -12278.923937
[00:29:26] Bootstrap tree #285, logLikelihood: -13300.017699
[00:29:31] Bootstrap tree #286, logLikelihood: -13478.213717
[00:29:36] Bootstrap tree #287, logLikelihood: -13612.916229
[00:29:42] Bootstrap tree #288, logLikelihood: -12283.093074
[00:29:47] Bootstrap tree #289, logLikelihood: -12768.147857
[00:29:53] Bootstrap tree #290, logLikelihood: -12741.735123
[00:29:58] Bootstrap tree #291, logLikelihood: -12526.160580
[00:30:04] Bootstrap tree #292, logLikelihood: -13409.778512
[00:30:11] Bootstrap tree #293, logLikelihood: -12354.118214
[00:30:17] Bootstrap tree #294, logLikelihood: -13425.109218
[00:30:23] Bootstrap tree #295, logLikelihood: -13645.004512
[00:30:31] Bootstrap tree #296, logLikelihood: -13187.419945
[00:30:39] Bootstrap tree #297, logLikelihood: -12715.198660
[00:30:45] Bootstrap tree #298, logLikelihood: -12564.922916
[00:30:51] Bootstrap tree #299, logLikelihood: -13188.806506
[00:30:58] Bootstrap tree #300, logLikelihood: -13850.692387
[00:31:05] Bootstrap tree #301, logLikelihood: -12941.123015
[00:31:11] Bootstrap tree #302, logLikelihood: -13014.175731
[00:31:16] Bootstrap tree #303, logLikelihood: -13050.542688
[00:31:22] Bootstrap tree #304, logLikelihood: -13000.721487
[00:31:28] Bootstrap tree #305, logLikelihood: -13257.096421
[00:31:34] Bootstrap tree #306, logLikelihood: -13351.857034
[00:31:40] Bootstrap tree #307, logLikelihood: -13089.367094
[00:31:45] Bootstrap tree #308, logLikelihood: -12809.987366
[00:31:50] Bootstrap tree #309, logLikelihood: -13155.719703
[00:31:56] Bootstrap tree #310, logLikelihood: -12961.362430
[00:32:01] Bootstrap tree #311, logLikelihood: -13402.761887
[00:32:08] Bootstrap tree #312, logLikelihood: -13451.707196
[00:32:13] Bootstrap tree #313, logLikelihood: -13454.117794
[00:32:20] Bootstrap tree #314, logLikelihood: -12339.099264
[00:32:26] Bootstrap tree #315, logLikelihood: -12628.284316
[00:32:32] Bootstrap tree #316, logLikelihood: -12772.280136
[00:32:40] Bootstrap tree #317, logLikelihood: -12804.205605
[00:32:45] Bootstrap tree #318, logLikelihood: -12635.059810
[00:32:52] Bootstrap tree #319, logLikelihood: -12856.980777
[00:32:59] Bootstrap tree #320, logLikelihood: -13290.672998
[00:33:05] Bootstrap tree #321, logLikelihood: -13290.911096
[00:33:11] Bootstrap tree #322, logLikelihood: -12931.944563
[00:33:17] Bootstrap tree #323, logLikelihood: -12753.279646
[00:33:23] Bootstrap tree #324, logLikelihood: -13344.968329
[00:33:28] Bootstrap tree #325, logLikelihood: -13082.191264
[00:33:37] Bootstrap tree #326, logLikelihood: -13402.182682
[00:33:43] Bootstrap tree #327, logLikelihood: -12509.671342
[00:33:48] Bootstrap tree #328, logLikelihood: -12241.350336
[00:33:54] Bootstrap tree #329, logLikelihood: -12267.044482
[00:34:01] Bootstrap tree #330, logLikelihood: -12996.962247
[00:34:06] Bootstrap tree #331, logLikelihood: -13134.441771
[00:34:11] Bootstrap tree #332, logLikelihood: -12834.384908
[00:34:16] Bootstrap tree #333, logLikelihood: -13147.891114
[00:34:21] Bootstrap tree #334, logLikelihood: -13027.780719
[00:34:27] Bootstrap tree #335, logLikelihood: -12805.321587
[00:34:32] Bootstrap tree #336, logLikelihood: -12851.026938
[00:34:38] Bootstrap tree #337, logLikelihood: -12113.012714
[00:34:46] Bootstrap tree #338, logLikelihood: -12819.969403
[00:34:52] Bootstrap tree #339, logLikelihood: -13127.091951
[00:34:58] Bootstrap tree #340, logLikelihood: -13541.433394
[00:35:03] Bootstrap tree #341, logLikelihood: -12719.621072
[00:35:08] Bootstrap tree #342, logLikelihood: -12552.635027
[00:35:13] Bootstrap tree #343, logLikelihood: -13178.877638
[00:35:18] Bootstrap tree #344, logLikelihood: -12668.847997
[00:35:23] Bootstrap tree #345, logLikelihood: -13192.451529
[00:35:30] Bootstrap tree #346, logLikelihood: -12299.904812
[00:35:36] Bootstrap tree #347, logLikelihood: -13335.270471
[00:35:42] Bootstrap tree #348, logLikelihood: -12332.683757
[00:35:47] Bootstrap tree #349, logLikelihood: -12557.417633
[00:35:52] Bootstrap tree #350, logLikelihood: -12768.493299
[00:35:58] Bootstrap tree #351, logLikelihood: -13105.548391
[00:36:06] Bootstrap tree #352, logLikelihood: -13177.838983
[00:36:12] Bootstrap tree #353, logLikelihood: -13164.899018
[00:36:17] Bootstrap tree #354, logLikelihood: -12133.525601
[00:36:24] Bootstrap tree #355, logLikelihood: -13031.082824
[00:36:29] Bootstrap tree #356, logLikelihood: -12672.362506
[00:36:35] Bootstrap tree #357, logLikelihood: -12441.877544
[00:36:41] Bootstrap tree #358, logLikelihood: -12562.476687
[00:36:47] Bootstrap tree #359, logLikelihood: -13205.254253
[00:36:53] Bootstrap tree #360, logLikelihood: -13068.559895
[00:36:58] Bootstrap tree #361, logLikelihood: -12743.276379
[00:37:04] Bootstrap tree #362, logLikelihood: -12640.653158
[00:37:15] Bootstrap tree #363, logLikelihood: -13090.823653
[00:37:21] Bootstrap tree #364, logLikelihood: -12838.277689
[00:37:26] Bootstrap tree #365, logLikelihood: -12820.920316
[00:37:33] Bootstrap tree #366, logLikelihood: -13286.602237
[00:37:41] Bootstrap tree #367, logLikelihood: -13314.119472
[00:37:50] Bootstrap tree #368, logLikelihood: -12943.569572
[00:37:55] Bootstrap tree #369, logLikelihood: -12681.226271
[00:38:01] Bootstrap tree #370, logLikelihood: -12769.214659
[00:38:08] Bootstrap tree #371, logLikelihood: -12936.528737
[00:38:14] Bootstrap tree #372, logLikelihood: -13155.456925
[00:38:20] Bootstrap tree #373, logLikelihood: -12375.176325
[00:38:25] Bootstrap tree #374, logLikelihood: -12941.529565
[00:38:30] Bootstrap tree #375, logLikelihood: -12682.346842
[00:38:36] Bootstrap tree #376, logLikelihood: -13548.811762
[00:38:41] Bootstrap tree #377, logLikelihood: -13025.805508
[00:38:48] Bootstrap tree #378, logLikelihood: -12850.107026
[00:38:54] Bootstrap tree #379, logLikelihood: -12761.408919
[00:39:00] Bootstrap tree #380, logLikelihood: -12949.277152
[00:39:08] Bootstrap tree #381, logLikelihood: -12831.603928
[00:39:14] Bootstrap tree #382, logLikelihood: -13431.610120
[00:39:19] Bootstrap tree #383, logLikelihood: -12600.710715
[00:39:24] Bootstrap tree #384, logLikelihood: -12740.715677
[00:39:30] Bootstrap tree #385, logLikelihood: -12216.243121
[00:39:39] Bootstrap tree #386, logLikelihood: -12388.691780
[00:39:45] Bootstrap tree #387, logLikelihood: -13420.707909
[00:39:51] Bootstrap tree #388, logLikelihood: -12631.253157
[00:39:55] Bootstrap tree #389, logLikelihood: -12781.255587
[00:40:01] Bootstrap tree #390, logLikelihood: -12563.108535
[00:40:06] Bootstrap tree #391, logLikelihood: -12735.445775
[00:40:11] Bootstrap tree #392, logLikelihood: -12453.602053
[00:40:17] Bootstrap tree #393, logLikelihood: -12710.473815
[00:40:23] Bootstrap tree #394, logLikelihood: -13304.506785
[00:40:31] Bootstrap tree #395, logLikelihood: -13008.180200
[00:40:37] Bootstrap tree #396, logLikelihood: -13292.258364
[00:40:42] Bootstrap tree #397, logLikelihood: -12918.043123
[00:40:47] Bootstrap tree #398, logLikelihood: -12573.778104
[00:40:52] Bootstrap tree #399, logLikelihood: -12796.582480
[00:40:58] Bootstrap tree #400, logLikelihood: -13273.273214
[00:41:04] Bootstrap tree #401, logLikelihood: -13308.549666
[00:41:11] Bootstrap tree #402, logLikelihood: -13005.292397
[00:41:17] Bootstrap tree #403, logLikelihood: -12794.660295
[00:41:22] Bootstrap tree #404, logLikelihood: -13023.863510
[00:41:27] Bootstrap tree #405, logLikelihood: -12992.275279
[00:41:33] Bootstrap tree #406, logLikelihood: -12618.898389
[00:41:39] Bootstrap tree #407, logLikelihood: -11989.369973
[00:41:46] Bootstrap tree #408, logLikelihood: -12687.724862
[00:41:51] Bootstrap tree #409, logLikelihood: -12588.359078
[00:41:57] Bootstrap tree #410, logLikelihood: -13137.091909
[00:42:02] Bootstrap tree #411, logLikelihood: -13191.293911
[00:42:07] Bootstrap tree #412, logLikelihood: -12495.736102
[00:42:13] Bootstrap tree #413, logLikelihood: -13204.848925
[00:42:18] Bootstrap tree #414, logLikelihood: -12763.687674
[00:42:25] Bootstrap tree #415, logLikelihood: -12856.694183
[00:42:30] Bootstrap tree #416, logLikelihood: -13401.203541
[00:42:37] Bootstrap tree #417, logLikelihood: -12601.143363
[00:42:42] Bootstrap tree #418, logLikelihood: -13346.356504
[00:42:49] Bootstrap tree #419, logLikelihood: -13185.227359
[00:42:56] Bootstrap tree #420, logLikelihood: -13667.256687
[00:43:01] Bootstrap tree #421, logLikelihood: -13105.896372
[00:43:07] Bootstrap tree #422, logLikelihood: -13568.844008
[00:43:14] Bootstrap tree #423, logLikelihood: -12749.289919
[00:43:19] Bootstrap tree #424, logLikelihood: -12633.414167
[00:43:24] Bootstrap tree #425, logLikelihood: -12686.054098
[00:43:29] Bootstrap tree #426, logLikelihood: -12746.898422
[00:43:36] Bootstrap tree #427, logLikelihood: -13167.948473
[00:43:41] Bootstrap tree #428, logLikelihood: -12825.178710
[00:43:48] Bootstrap tree #429, logLikelihood: -12754.461230
[00:43:54] Bootstrap tree #430, logLikelihood: -12929.469501
[00:44:00] Bootstrap tree #431, logLikelihood: -13392.929176
[00:44:06] Bootstrap tree #432, logLikelihood: -12338.630590
[00:44:12] Bootstrap tree #433, logLikelihood: -13476.479559
[00:44:17] Bootstrap tree #434, logLikelihood: -12691.656401
[00:44:23] Bootstrap tree #435, logLikelihood: -12363.551000
[00:44:28] Bootstrap tree #436, logLikelihood: -12546.658119
[00:44:34] Bootstrap tree #437, logLikelihood: -12561.967527
[00:44:44] Bootstrap tree #438, logLikelihood: -13285.131346
[00:44:51] Bootstrap tree #439, logLikelihood: -12774.639036
[00:44:56] Bootstrap tree #440, logLikelihood: -12468.395329
[00:45:01] Bootstrap tree #441, logLikelihood: -12993.114131
[00:45:07] Bootstrap tree #442, logLikelihood: -12579.119134
[00:45:12] Bootstrap tree #443, logLikelihood: -13130.576268
[00:45:18] Bootstrap tree #444, logLikelihood: -13049.787441
[00:45:24] Bootstrap tree #445, logLikelihood: -12574.487718
[00:45:30] Bootstrap tree #446, logLikelihood: -13344.433237
[00:45:35] Bootstrap tree #447, logLikelihood: -12476.652965
[00:45:40] Bootstrap tree #448, logLikelihood: -12522.298235
[00:45:46] Bootstrap tree #449, logLikelihood: -13313.128074
[00:45:50] Bootstrap tree #450, logLikelihood: -13034.406446
[00:45:50] Bootstrapping converged after 450 replicates.

Optimized model parameters:

   Partition 0: noname
   Rate heterogeneity: GAMMA (4 cats, mean),  alpha: 1.708745 (ML),  weights&rates: (0.250000,0.255844) (0.250000,0.619978) (0.250000,1.060645) (0.250000,2.063533) 
   P-inv (ML): 0.049363
   Base frequencies (empirical): 0.078040 0.072626 0.065232 0.057573 0.001849 0.057177 0.047603 0.093358 0.011686 0.024363 0.051037 0.076126 0.015516 0.033210 0.074607 0.086029 0.059554 0.016176 0.027598 0.050640 
   Substitution rates (model): 0.425093 0.276818 0.395144 2.489084 0.969894 1.038545 2.066040 0.358858 0.149830 0.395337 0.536518 1.124035 0.253701 1.177651 4.727182 2.139501 0.180717 0.218959 2.547870 0.751878 0.123954 0.534551 2.807908 0.363970 0.390192 2.426601 0.126991 0.301848 6.326067 0.484133 0.052722 0.332533 0.858151 0.578987 0.593607 0.314440 0.170887 5.076149 0.528768 1.695752 0.541712 1.437645 4.509238 0.191503 0.068427 2.145078 0.371004 0.089525 0.161787 4.008358 2.000679 0.045376 0.612025 0.083688 0.062556 0.523386 5.243870 0.844926 0.927114 0.010690 0.015076 0.282959 0.025548 0.017416 0.394456 1.240275 0.425860 0.029890 0.135107 0.037967 0.084808 0.003499 0.569265 0.640543 0.320627 0.594007 0.013266 0.893680 1.105251 0.075382 2.784478 1.143480 0.670128 1.165532 1.959291 4.128591 0.267959 4.813505 0.072854 0.582457 3.234294 1.672569 0.035855 0.624294 1.223828 1.080136 0.236199 0.257336 0.210332 0.348847 0.423881 0.044265 0.069673 1.807177 0.173735 0.018811 0.419409 0.611973 0.604545 0.077852 0.120037 0.245034 0.311484 0.008705 0.044261 0.296636 0.139538 0.089586 0.196961 1.739990 0.129836 0.268491 0.054679 0.076701 0.108882 0.366317 0.697264 0.442472 0.682139 0.508851 0.990012 0.584262 0.597054 5.306834 0.119013 4.145067 0.159069 4.273607 1.112727 0.078281 0.064105 1.033739 0.111660 0.232523 10.649107 0.137500 6.312358 2.592692 0.249060 0.182287 0.302936 0.619632 0.299648 1.702745 0.656604 0.023918 0.390322 0.748683 1.136863 0.049906 0.131932 0.185202 1.798853 0.099849 0.346960 2.020366 0.696175 0.481306 1.898718 0.094464 0.361819 0.165001 2.457121 7.803902 0.654683 1.338132 0.571468 0.095131 0.089613 0.296501 6.472279 0.248862 0.400547 0.098369 0.140825 0.245841 2.188158 3.151815 0.189510 0.249313 


Final LogLikelihood: -12947.622722

AIC score: 26067.245444 / AICc score: 26097.846671 / BIC score: 26441.870703
Free parameters (model + branch lengths): 86

WARNING: Best ML tree contains 1 near-zero branches!

Best ML tree with collapsed near-zero branches saved to: /global/home/users/cbrook/raxml-ng/bat_CoV_N_2/T3.raxml.bestTreeCollapsed
Best ML tree saved to: /global/home/users/cbrook/raxml-ng/bat_CoV_N_2/T3.raxml.bestTree
All ML trees saved to: /global/home/users/cbrook/raxml-ng/bat_CoV_N_2/T3.raxml.mlTrees
Best ML tree with Felsenstein bootstrap (FBP) support values saved to: /global/home/users/cbrook/raxml-ng/bat_CoV_N_2/T3.raxml.supportFBP
Best ML tree with Transfer bootstrap (TBE) support values saved to: /global/home/users/cbrook/raxml-ng/bat_CoV_N_2/T3.raxml.supportTBE
Optimized model saved to: /global/home/users/cbrook/raxml-ng/bat_CoV_N_2/T3.raxml.bestModel
Bootstrap trees saved to: /global/home/users/cbrook/raxml-ng/bat_CoV_N_2/T3.raxml.bootstraps

Execution log saved to: /global/home/users/cbrook/raxml-ng/bat_CoV_N_2/T3.raxml.log

Analysis started: 22-Aug-2021 12:25:24 / finished: 22-Aug-2021 13:11:15

Elapsed time: 2750.585 seconds

Consumed energy: 84.324 Wh

