
RAxML-NG v. 1.0.0-master released on 07.08.2020 by The Exelixis Lab.
Developed by: Alexey M. Kozlov and Alexandros Stamatakis.
Contributors: Diego Darriba, Tomas Flouri, Benoit Morel, Sarah Lutteropp, Ben Bettisworth.
Latest version: https://github.com/amkozlov/raxml-ng
Questions/problems/suggestions? Please visit: https://groups.google.com/forum/#!forum/raxml

System: Intel(R) Xeon(R) CPU E5-2670 v3 @ 2.30GHz, 24 cores, 62 GB RAM

RAxML-NG was called at 25-Aug-2021 11:08:42 as follows:

/global/home/users/cbrook/raxml-ng/raxml-ng-mpi --all --msa Align-Severe-RdRp-8-25-Extraction.fasta --model TVM+I+G4 --prefix T3 --seed 1 --threads 2 --bs-metric fbp,tbe

Analysis options:
  run mode: ML tree search + bootstrapping (Felsenstein Bootstrap + Transfer Bootstrap)
  start tree(s): random (10) + parsimony (10)
  bootstrap replicates: max: 1000 + bootstopping (autoMRE, cutoff: 0.030000)
  random seed: 1
  tip-inner: OFF
  pattern compression: ON
  per-rate scalers: OFF
  site repeats: ON
  branch lengths: proportional (ML estimate, algorithm: NR-FAST)
  SIMD kernels: AVX2
  parallelization: coarse-grained (auto), PTHREADS (2 threads), thread pinning: ON

[00:00:00] Reading alignment from file: Align-Severe-RdRp-8-25-Extraction.fasta
[00:00:00] Loaded alignment with 53 taxa and 259 sites

WARNING: Sequences Mus_musculus_NC_001846_1_MHV_A59 and Mus_musculus_NC_048217_1_MHV are exactly identical!
WARNING: Sequences Rousettus_madagascariensis_RR034B_232_fecRa_MIZ178 and Rousettus_madagascariensis_RR034B_288_fecRa_MIZ240 are exactly identical!
WARNING: Sequences EF065513_1_HKU_9_1_Rousettus_leschenaulti_China and NC_009021_1_HKU9_Rousettus_leschenaulti_China are exactly identical!
WARNING: Sequences EF065514_1_HKU_9_2_Rousettus_leschenaulti_China and HM211099_1_HKU_9_5_1_Rousettus_leschenaulti_China are exactly identical!
WARNING: Sequences EF065515_1_HKU_9_3_Rousettus_leschenaulti_China and HM211098_1_HKU_9_5_1_Rhinolphus_sinicus_China are exactly identical!
WARNING: Sequences EF065515_1_HKU_9_3_Rousettus_leschenaulti_China and HM211100_1_HKU_9_10_1_Rousettus_leschenaulti_China are exactly identical!
WARNING: Sequences Pteropus_rufus_KP696741_1 and Pteropus_rufus_KP696746_1 are exactly identical!
WARNING: Sequences Pteropus_rufus_KP696741_1 and Pteropus_rufus_KP696745_1 are exactly identical!
WARNING: Sequences Pteropus_rufus_KP696744_1_Bat_coronavirus and Pteropus_rufus_KP696747_1 are exactly identical!
WARNING: Sequences KU762338_1_GCCDC1_356_Rousettus_leschenaulti_China and NC_030886_GCCDC1_356_Rousettus_leschenaulti_China are exactly identical!
WARNING: Duplicate sequences found: 10

NOTE: Reduced alignment (with duplicates and gap-only sites/taxa removed) 
NOTE: was saved to: /global/home/users/cbrook/raxml-ng/RdRpphylo/T3.raxml.reduced.phy

Alignment comprises 1 partitions and 149 patterns

Partition 0: noname
Model: TVM+FO+I+G4m
Alignment sites / patterns: 259 / 149
Gaps: 0.02 %
Invariant sites: 42.47 %


NOTE: Binary MSA file created: T3.raxml.rba

Parallelization scheme autoconfig: 2 worker(s) x 1 thread(s)

Parallel reduction/worker buffer size: 1 KB  / 0 KB

[00:00:00] Generating 10 random starting tree(s) with 53 taxa
[00:00:00] Generating 10 parsimony starting tree(s) with 53 taxa
[00:00:00] Data distribution: max. partitions/sites/weight per thread: 1 / 149 / 2384
[00:00:01] Data distribution: max. searches per worker: 510

Starting ML tree search with 20 distinct starting trees

[00:00:04] [worker #1] ML tree search #2, logLikelihood: -3234.330221
[00:00:04] [worker #0] ML tree search #1, logLikelihood: -3234.314951
[00:00:06] [worker #0] ML tree search #3, logLikelihood: -3235.237323
[00:00:07] [worker #1] ML tree search #4, logLikelihood: -3234.322445
[00:00:09] [worker #0] ML tree search #5, logLikelihood: -3235.076531
[00:00:10] [worker #1] ML tree search #6, logLikelihood: -3234.332148
[00:00:12] [worker #0] ML tree search #7, logLikelihood: -3234.419906
[00:00:12] [worker #1] ML tree search #8, logLikelihood: -3234.326897
[00:00:15] [worker #0] ML tree search #9, logLikelihood: -3234.328558
[00:00:16] [worker #1] ML tree search #10, logLikelihood: -3234.423045
[00:00:17] [worker #0] ML tree search #11, logLikelihood: -3235.225582
[00:00:18] [worker #1] ML tree search #12, logLikelihood: -3235.230639
[00:00:19] [worker #0] ML tree search #13, logLikelihood: -3235.080999
[00:00:19] [worker #1] ML tree search #14, logLikelihood: -3235.227174
[00:00:21] [worker #1] ML tree search #16, logLikelihood: -3235.226700
[00:00:21] [worker #0] ML tree search #15, logLikelihood: -3235.226550
[00:00:23] [worker #1] ML tree search #18, logLikelihood: -3235.227889
[00:00:23] [worker #0] ML tree search #17, logLikelihood: -3235.225483
[00:00:25] [worker #0] ML tree search #19, logLikelihood: -3236.993129
[00:00:25] [worker #1] ML tree search #20, logLikelihood: -3235.229254

[00:00:25] ML tree search completed, best tree logLH: -3234.314951

[00:00:25] Starting bootstrapping analysis with 1000 replicates.

[00:00:27] [worker #0] Bootstrap tree #1, logLikelihood: -2974.072809
[00:00:28] [worker #1] Bootstrap tree #2, logLikelihood: -3364.846248
[00:00:29] [worker #1] Bootstrap tree #4, logLikelihood: -2858.611800
[00:00:31] [worker #0] Bootstrap tree #3, logLikelihood: -3224.094646
[00:00:32] [worker #1] Bootstrap tree #6, logLikelihood: -3609.032120
[00:00:34] [worker #0] Bootstrap tree #5, logLikelihood: -3195.825790
[00:00:34] [worker #1] Bootstrap tree #8, logLikelihood: -3070.490476
[00:00:36] [worker #0] Bootstrap tree #7, logLikelihood: -3089.443012
[00:00:37] [worker #1] Bootstrap tree #10, logLikelihood: -3091.857456
[00:00:38] [worker #0] Bootstrap tree #9, logLikelihood: -3035.900520
[00:00:39] [worker #1] Bootstrap tree #12, logLikelihood: -3082.489691
[00:00:41] [worker #0] Bootstrap tree #11, logLikelihood: -2974.751593
[00:00:41] [worker #1] Bootstrap tree #14, logLikelihood: -3652.003566
[00:00:43] [worker #0] Bootstrap tree #13, logLikelihood: -2939.069645
[00:00:44] [worker #1] Bootstrap tree #16, logLikelihood: -3247.437337
[00:00:46] [worker #1] Bootstrap tree #18, logLikelihood: -3040.137659
[00:00:46] [worker #0] Bootstrap tree #15, logLikelihood: -3168.853525
[00:00:48] [worker #1] Bootstrap tree #20, logLikelihood: -3264.184371
[00:00:49] [worker #0] Bootstrap tree #17, logLikelihood: -3061.190494
[00:00:50] [worker #1] Bootstrap tree #22, logLikelihood: -3007.284861
[00:00:52] [worker #0] Bootstrap tree #19, logLikelihood: -3049.350374
[00:00:53] [worker #1] Bootstrap tree #24, logLikelihood: -3397.671754
[00:00:54] [worker #0] Bootstrap tree #21, logLikelihood: -2954.344763
[00:00:56] [worker #1] Bootstrap tree #26, logLikelihood: -3327.893300
[00:00:57] [worker #0] Bootstrap tree #23, logLikelihood: -3061.257564
[00:00:58] [worker #1] Bootstrap tree #28, logLikelihood: -3311.018695
[00:00:59] [worker #0] Bootstrap tree #25, logLikelihood: -3494.216699
[00:01:00] [worker #1] Bootstrap tree #30, logLikelihood: -3005.730997
[00:01:02] [worker #1] Bootstrap tree #32, logLikelihood: -3117.097170
[00:01:03] [worker #0] Bootstrap tree #27, logLikelihood: -3413.928361
[00:01:05] [worker #0] Bootstrap tree #29, logLikelihood: -2946.159403
[00:01:05] [worker #1] Bootstrap tree #34, logLikelihood: -3217.182567
[00:01:07] [worker #0] Bootstrap tree #31, logLikelihood: -3088.911552
[00:01:08] [worker #1] Bootstrap tree #36, logLikelihood: -2943.306378
[00:01:10] [worker #0] Bootstrap tree #33, logLikelihood: -3381.620235
[00:01:10] [worker #1] Bootstrap tree #38, logLikelihood: -3236.684234
[00:01:12] [worker #0] Bootstrap tree #35, logLikelihood: -3414.267509
[00:01:13] [worker #1] Bootstrap tree #40, logLikelihood: -3331.162558
[00:01:15] [worker #0] Bootstrap tree #37, logLikelihood: -3072.672672
[00:01:15] [worker #1] Bootstrap tree #42, logLikelihood: -3152.819933
[00:01:18] [worker #0] Bootstrap tree #39, logLikelihood: -3259.737835
[00:01:18] [worker #1] Bootstrap tree #44, logLikelihood: -3219.643808
[00:01:20] [worker #0] Bootstrap tree #41, logLikelihood: -3564.048551
[00:01:21] [worker #1] Bootstrap tree #46, logLikelihood: -3375.793487
[00:01:22] [worker #0] Bootstrap tree #43, logLikelihood: -2950.088969
[00:01:23] [worker #1] Bootstrap tree #48, logLikelihood: -3157.994927
[00:01:24] [worker #0] Bootstrap tree #45, logLikelihood: -3045.834799
[00:01:25] [worker #1] Bootstrap tree #50, logLikelihood: -3003.042887
[00:01:27] [worker #0] Bootstrap tree #47, logLikelihood: -3421.312694
[00:01:30] [worker #0] Bootstrap tree #49, logLikelihood: -3449.459713
[00:01:32] [worker #0] Bootstrap tree #51, logLikelihood: -3233.397170
[00:01:32] [worker #1] Bootstrap tree #52, logLikelihood: -2907.225695
[00:01:34] [worker #1] Bootstrap tree #54, logLikelihood: -2941.432692
[00:01:34] [worker #0] Bootstrap tree #53, logLikelihood: -2791.492043
[00:01:37] [worker #0] Bootstrap tree #55, logLikelihood: -2921.970112
[00:01:37] [worker #1] Bootstrap tree #56, logLikelihood: -3180.152900
[00:01:39] [worker #0] Bootstrap tree #57, logLikelihood: -3137.161112
[00:01:40] [worker #1] Bootstrap tree #58, logLikelihood: -3153.760082
[00:01:42] [worker #1] Bootstrap tree #60, logLikelihood: -2951.431252
[00:01:42] [worker #0] Bootstrap tree #59, logLikelihood: -3162.643978
[00:01:44] [worker #0] Bootstrap tree #61, logLikelihood: -3342.520287
[00:01:45] [worker #1] Bootstrap tree #62, logLikelihood: -3517.236840
[00:01:47] [worker #0] Bootstrap tree #63, logLikelihood: -2928.022269
[00:01:47] [worker #1] Bootstrap tree #64, logLikelihood: -3272.970885
[00:01:49] [worker #0] Bootstrap tree #65, logLikelihood: -3307.633055
[00:01:49] [worker #1] Bootstrap tree #66, logLikelihood: -3410.947122
[00:01:51] [worker #1] Bootstrap tree #68, logLikelihood: -3009.414673
[00:01:52] [worker #0] Bootstrap tree #67, logLikelihood: -3154.527270
[00:01:53] [worker #1] Bootstrap tree #70, logLikelihood: -3449.311962
[00:01:55] [worker #0] Bootstrap tree #69, logLikelihood: -3027.801319
[00:01:56] [worker #1] Bootstrap tree #72, logLikelihood: -2981.397713
[00:01:57] [worker #0] Bootstrap tree #71, logLikelihood: -2959.453165
[00:01:58] [worker #1] Bootstrap tree #74, logLikelihood: -3026.294515
[00:01:59] [worker #0] Bootstrap tree #73, logLikelihood: -2925.738151
[00:02:06] [worker #1] Bootstrap tree #76, logLikelihood: -3210.574260
[00:02:06] [worker #0] Bootstrap tree #75, logLikelihood: -2923.400889
[00:02:08] [worker #1] Bootstrap tree #78, logLikelihood: -3286.428656
[00:02:10] [worker #0] Bootstrap tree #77, logLikelihood: -3063.170687
[00:02:10] [worker #1] Bootstrap tree #80, logLikelihood: -3339.609456
[00:02:12] [worker #0] Bootstrap tree #79, logLikelihood: -2939.905079
[00:02:13] [worker #1] Bootstrap tree #82, logLikelihood: -3085.647657
[00:02:15] [worker #0] Bootstrap tree #81, logLikelihood: -3242.023201
[00:02:15] [worker #1] Bootstrap tree #84, logLikelihood: -3146.670848
[00:02:18] [worker #0] Bootstrap tree #83, logLikelihood: -3201.762482
[00:02:18] [worker #1] Bootstrap tree #86, logLikelihood: -3154.632208
[00:02:20] [worker #0] Bootstrap tree #85, logLikelihood: -2815.969794
[00:02:20] [worker #1] Bootstrap tree #88, logLikelihood: -3017.276541
[00:02:23] [worker #1] Bootstrap tree #90, logLikelihood: -3366.395331
[00:02:23] [worker #0] Bootstrap tree #87, logLikelihood: -2989.188474
[00:02:25] [worker #1] Bootstrap tree #92, logLikelihood: -3317.960600
[00:02:26] [worker #0] Bootstrap tree #89, logLikelihood: -3239.059247
[00:02:27] [worker #1] Bootstrap tree #94, logLikelihood: -3214.467693
[00:02:28] [worker #0] Bootstrap tree #91, logLikelihood: -3036.511608
[00:02:29] [worker #1] Bootstrap tree #96, logLikelihood: -2741.627985
[00:02:30] [worker #0] Bootstrap tree #93, logLikelihood: -3203.241004
[00:02:31] [worker #1] Bootstrap tree #98, logLikelihood: -3388.729530
[00:02:33] [worker #0] Bootstrap tree #95, logLikelihood: -3106.133986
[00:02:34] [worker #1] Bootstrap tree #100, logLikelihood: -3022.759162
[00:02:35] [worker #0] Bootstrap tree #97, logLikelihood: -3203.930083
[00:02:38] [worker #0] Bootstrap tree #99, logLikelihood: -3352.693019
[00:02:40] [worker #1] Bootstrap tree #102, logLikelihood: -3112.772324
[00:02:41] [worker #0] Bootstrap tree #101, logLikelihood: -3289.641746
[00:02:43] [worker #1] Bootstrap tree #104, logLikelihood: -3088.447941
[00:02:44] [worker #0] Bootstrap tree #103, logLikelihood: -3488.891077
[00:02:46] [worker #0] Bootstrap tree #105, logLikelihood: -3088.040197
[00:02:46] [worker #1] Bootstrap tree #106, logLikelihood: -3014.414640
[00:02:49] [worker #0] Bootstrap tree #107, logLikelihood: -3548.538232
[00:02:49] [worker #1] Bootstrap tree #108, logLikelihood: -3493.112938
[00:02:51] [worker #0] Bootstrap tree #109, logLikelihood: -3209.421396
[00:02:52] [worker #1] Bootstrap tree #110, logLikelihood: -3615.121868
[00:02:54] [worker #0] Bootstrap tree #111, logLikelihood: -3296.094671
[00:02:54] [worker #1] Bootstrap tree #112, logLikelihood: -3018.763671
[00:02:56] [worker #0] Bootstrap tree #113, logLikelihood: -2955.433995
[00:02:56] [worker #1] Bootstrap tree #114, logLikelihood: -3082.607579
[00:02:59] [worker #1] Bootstrap tree #116, logLikelihood: -3125.076539
[00:02:59] [worker #0] Bootstrap tree #115, logLikelihood: -3345.415248
[00:03:02] [worker #1] Bootstrap tree #118, logLikelihood: -3382.390649
[00:03:02] [worker #0] Bootstrap tree #117, logLikelihood: -3177.218504
[00:03:04] [worker #1] Bootstrap tree #120, logLikelihood: -3401.519648
[00:03:04] [worker #0] Bootstrap tree #119, logLikelihood: -3019.025300
[00:03:06] [worker #0] Bootstrap tree #121, logLikelihood: -3351.412278
[00:03:06] [worker #1] Bootstrap tree #122, logLikelihood: -3320.889903
[00:03:09] [worker #0] Bootstrap tree #123, logLikelihood: -2933.369127
[00:03:09] [worker #1] Bootstrap tree #124, logLikelihood: -3160.347352
[00:03:11] [worker #0] Bootstrap tree #125, logLikelihood: -3338.410191
[00:03:12] [worker #1] Bootstrap tree #126, logLikelihood: -3207.512905
[00:03:14] [worker #1] Bootstrap tree #128, logLikelihood: -2627.922433
[00:03:14] [worker #0] Bootstrap tree #127, logLikelihood: -3241.020149
[00:03:17] [worker #0] Bootstrap tree #129, logLikelihood: -3037.685036
[00:03:17] [worker #1] Bootstrap tree #130, logLikelihood: -3317.855220
[00:03:19] [worker #1] Bootstrap tree #132, logLikelihood: -3270.780685
[00:03:20] [worker #0] Bootstrap tree #131, logLikelihood: -3413.249753
[00:03:21] [worker #1] Bootstrap tree #134, logLikelihood: -3344.608571
[00:03:23] [worker #0] Bootstrap tree #133, logLikelihood: -2975.629521
[00:03:24] [worker #1] Bootstrap tree #136, logLikelihood: -3125.025662
[00:03:26] [worker #1] Bootstrap tree #138, logLikelihood: -3048.510940
[00:03:26] [worker #0] Bootstrap tree #135, logLikelihood: -3172.951856
[00:03:28] [worker #1] Bootstrap tree #140, logLikelihood: -3456.929152
[00:03:29] [worker #0] Bootstrap tree #137, logLikelihood: -3246.906769
[00:03:30] [worker #1] Bootstrap tree #142, logLikelihood: -3595.499568
[00:03:31] [worker #0] Bootstrap tree #139, logLikelihood: -3119.353127
[00:03:33] [worker #1] Bootstrap tree #144, logLikelihood: -2951.371274
[00:03:33] [worker #0] Bootstrap tree #141, logLikelihood: -2930.814932
[00:03:36] [worker #1] Bootstrap tree #146, logLikelihood: -3730.045923
[00:03:36] [worker #0] Bootstrap tree #143, logLikelihood: -3632.070239
[00:03:38] [worker #1] Bootstrap tree #148, logLikelihood: -3271.101860
[00:03:39] [worker #0] Bootstrap tree #145, logLikelihood: -3027.515821
[00:03:41] [worker #1] Bootstrap tree #150, logLikelihood: -2768.312894
[00:03:41] [worker #0] Bootstrap tree #147, logLikelihood: -3187.508123
[00:03:44] [worker #0] Bootstrap tree #149, logLikelihood: -3184.569980
[00:03:47] [worker #1] Bootstrap tree #152, logLikelihood: -3089.651274
[00:03:47] [worker #0] Bootstrap tree #151, logLikelihood: -3001.406942
[00:03:49] [worker #0] Bootstrap tree #153, logLikelihood: -3587.066233
[00:03:50] [worker #1] Bootstrap tree #154, logLikelihood: -3480.299284
[00:03:52] [worker #1] Bootstrap tree #156, logLikelihood: -3400.843525
[00:03:52] [worker #0] Bootstrap tree #155, logLikelihood: -3101.229667
[00:03:54] [worker #1] Bootstrap tree #158, logLikelihood: -3035.854060
[00:03:55] [worker #0] Bootstrap tree #157, logLikelihood: -2916.682798
[00:03:57] [worker #0] Bootstrap tree #159, logLikelihood: -3106.795581
[00:03:58] [worker #1] Bootstrap tree #160, logLikelihood: -3194.864875
[00:04:00] [worker #0] Bootstrap tree #161, logLikelihood: -3190.189137
[00:04:00] [worker #1] Bootstrap tree #162, logLikelihood: -3417.283605
[00:04:02] [worker #1] Bootstrap tree #164, logLikelihood: -2910.563007
[00:04:03] [worker #0] Bootstrap tree #163, logLikelihood: -3051.605705
[00:04:05] [worker #1] Bootstrap tree #166, logLikelihood: -3244.387532
[00:04:06] [worker #0] Bootstrap tree #165, logLikelihood: -3055.557467
[00:04:07] [worker #1] Bootstrap tree #168, logLikelihood: -3087.453268
[00:04:08] [worker #0] Bootstrap tree #167, logLikelihood: -3253.268369
[00:04:10] [worker #1] Bootstrap tree #170, logLikelihood: -2886.910430
[00:04:11] [worker #0] Bootstrap tree #169, logLikelihood: -2864.089367
[00:04:12] [worker #1] Bootstrap tree #172, logLikelihood: -3187.344010
[00:04:13] [worker #0] Bootstrap tree #171, logLikelihood: -3240.285308
[00:04:15] [worker #1] Bootstrap tree #174, logLikelihood: -3134.534568
[00:04:16] [worker #0] Bootstrap tree #173, logLikelihood: -3190.933394
[00:04:17] [worker #1] Bootstrap tree #176, logLikelihood: -3212.047832
[00:04:19] [worker #0] Bootstrap tree #175, logLikelihood: -3248.894695
[00:04:19] [worker #1] Bootstrap tree #178, logLikelihood: -3191.775835
[00:04:21] [worker #1] Bootstrap tree #180, logLikelihood: -2690.745622
[00:04:22] [worker #0] Bootstrap tree #177, logLikelihood: -2996.830862
[00:04:24] [worker #1] Bootstrap tree #182, logLikelihood: -2912.024751
[00:04:24] [worker #0] Bootstrap tree #179, logLikelihood: -2977.205720
[00:04:26] [worker #1] Bootstrap tree #184, logLikelihood: -2979.004818
[00:04:27] [worker #0] Bootstrap tree #181, logLikelihood: -3221.554941
[00:04:28] [worker #1] Bootstrap tree #186, logLikelihood: -2890.424430
[00:04:30] [worker #0] Bootstrap tree #183, logLikelihood: -3159.049677
[00:04:30] [worker #1] Bootstrap tree #188, logLikelihood: -3232.081859
[00:04:33] [worker #1] Bootstrap tree #190, logLikelihood: -3043.721870
[00:04:33] [worker #0] Bootstrap tree #185, logLikelihood: -3351.593909
[00:04:35] [worker #1] Bootstrap tree #192, logLikelihood: -3515.263584
[00:04:37] [worker #1] Bootstrap tree #194, logLikelihood: -3289.752638
[00:04:37] [worker #0] Bootstrap tree #187, logLikelihood: -3149.619350
[00:04:39] [worker #1] Bootstrap tree #196, logLikelihood: -3173.369100
[00:04:39] [worker #0] Bootstrap tree #189, logLikelihood: -3164.597457
[00:04:41] [worker #1] Bootstrap tree #198, logLikelihood: -3410.108942
[00:04:42] [worker #0] Bootstrap tree #191, logLikelihood: -3043.965412
[00:04:43] [worker #1] Bootstrap tree #200, logLikelihood: -3350.979085
[00:04:44] [worker #0] Bootstrap tree #193, logLikelihood: -3157.619884
[00:04:46] [worker #0] Bootstrap tree #195, logLikelihood: -2916.415746
[00:04:54] [worker #0] Bootstrap tree #197, logLikelihood: -3111.493253
[00:04:57] [worker #0] Bootstrap tree #199, logLikelihood: -3251.381929
[00:04:59] [worker #1] Bootstrap tree #202, logLikelihood: -3210.870241
[00:05:00] [worker #0] Bootstrap tree #201, logLikelihood: -3305.116866
[00:05:01] [worker #1] Bootstrap tree #204, logLikelihood: -3031.260873
[00:05:02] [worker #0] Bootstrap tree #203, logLikelihood: -3183.013296
[00:05:04] [worker #1] Bootstrap tree #206, logLikelihood: -3032.483275
[00:05:05] [worker #0] Bootstrap tree #205, logLikelihood: -3003.408187
[00:05:06] [worker #1] Bootstrap tree #208, logLikelihood: -3332.608219
[00:05:07] [worker #0] Bootstrap tree #207, logLikelihood: -3576.657533
[00:05:09] [worker #1] Bootstrap tree #210, logLikelihood: -3157.368351
[00:05:10] [worker #0] Bootstrap tree #209, logLikelihood: -3183.906559
[00:05:11] [worker #1] Bootstrap tree #212, logLikelihood: -3203.546152
[00:05:12] [worker #0] Bootstrap tree #211, logLikelihood: -3431.051106
[00:05:14] [worker #1] Bootstrap tree #214, logLikelihood: -3123.194291
[00:05:15] [worker #0] Bootstrap tree #213, logLikelihood: -2859.988895
[00:05:17] [worker #1] Bootstrap tree #216, logLikelihood: -3175.078051
[00:05:18] [worker #0] Bootstrap tree #215, logLikelihood: -3072.926382
[00:05:19] [worker #1] Bootstrap tree #218, logLikelihood: -3172.823369
[00:05:21] [worker #0] Bootstrap tree #217, logLikelihood: -3420.243323
[00:05:21] [worker #1] Bootstrap tree #220, logLikelihood: -3065.568347
[00:05:24] [worker #0] Bootstrap tree #219, logLikelihood: -3129.441273
[00:05:24] [worker #1] Bootstrap tree #222, logLikelihood: -3247.442263
[00:05:26] [worker #0] Bootstrap tree #221, logLikelihood: -3335.233657
[00:05:27] [worker #1] Bootstrap tree #224, logLikelihood: -3541.705056
[00:05:29] [worker #0] Bootstrap tree #223, logLikelihood: -3028.097096
[00:05:30] [worker #1] Bootstrap tree #226, logLikelihood: -3603.763567
[00:05:31] [worker #0] Bootstrap tree #225, logLikelihood: -2967.275842
[00:05:33] [worker #1] Bootstrap tree #228, logLikelihood: -3224.556132
[00:05:34] [worker #0] Bootstrap tree #227, logLikelihood: -3252.704383
[00:05:34] [worker #1] Bootstrap tree #230, logLikelihood: -3103.332842
[00:05:37] [worker #1] Bootstrap tree #232, logLikelihood: -3279.338298
[00:05:37] [worker #0] Bootstrap tree #229, logLikelihood: -3406.406850
[00:05:39] [worker #1] Bootstrap tree #234, logLikelihood: -3042.900672
[00:05:39] [worker #0] Bootstrap tree #231, logLikelihood: -2937.418472
[00:05:42] [worker #1] Bootstrap tree #236, logLikelihood: -3232.635627
[00:05:42] [worker #0] Bootstrap tree #233, logLikelihood: -3317.495711
[00:05:44] [worker #1] Bootstrap tree #238, logLikelihood: -3181.831478
[00:05:45] [worker #0] Bootstrap tree #235, logLikelihood: -2624.803263
[00:05:46] [worker #1] Bootstrap tree #240, logLikelihood: -3249.233975
[00:05:47] [worker #0] Bootstrap tree #237, logLikelihood: -3259.176720
[00:05:49] [worker #1] Bootstrap tree #242, logLikelihood: -3171.122178
[00:05:50] [worker #0] Bootstrap tree #239, logLikelihood: -3121.193724
[00:05:52] [worker #0] Bootstrap tree #241, logLikelihood: -2930.005267
[00:05:53] [worker #1] Bootstrap tree #244, logLikelihood: -3507.085668
[00:05:55] [worker #0] Bootstrap tree #243, logLikelihood: -3227.979953
[00:05:55] [worker #1] Bootstrap tree #246, logLikelihood: -3331.259362
[00:05:57] [worker #1] Bootstrap tree #248, logLikelihood: -2902.959914
[00:05:57] [worker #0] Bootstrap tree #245, logLikelihood: -3372.884125
[00:06:00] [worker #1] Bootstrap tree #250, logLikelihood: -3300.870199
[00:06:00] [worker #0] Bootstrap tree #247, logLikelihood: -3092.765345
[00:06:03] [worker #0] Bootstrap tree #249, logLikelihood: -3168.244306
[00:06:06] [worker #0] Bootstrap tree #251, logLikelihood: -3189.868218
[00:06:06] [worker #1] Bootstrap tree #252, logLikelihood: -3076.919390
[00:06:09] [worker #0] Bootstrap tree #253, logLikelihood: -3342.036393
[00:06:09] [worker #1] Bootstrap tree #254, logLikelihood: -3072.205911
[00:06:11] [worker #0] Bootstrap tree #255, logLikelihood: -3002.736121
[00:06:12] [worker #1] Bootstrap tree #256, logLikelihood: -3381.977015
[00:06:13] [worker #0] Bootstrap tree #257, logLikelihood: -2935.285331
[00:06:14] [worker #1] Bootstrap tree #258, logLikelihood: -2998.809153
[00:06:15] [worker #0] Bootstrap tree #259, logLikelihood: -3194.163578
[00:06:16] [worker #1] Bootstrap tree #260, logLikelihood: -2954.022093
[00:06:18] [worker #1] Bootstrap tree #262, logLikelihood: -3374.007025
[00:06:19] [worker #0] Bootstrap tree #261, logLikelihood: -3407.592921
[00:06:21] [worker #1] Bootstrap tree #264, logLikelihood: -3019.115068
[00:06:22] [worker #0] Bootstrap tree #263, logLikelihood: -3398.450052
[00:06:23] [worker #1] Bootstrap tree #266, logLikelihood: -3360.885971
[00:06:25] [worker #0] Bootstrap tree #265, logLikelihood: -3165.769089
[00:06:26] [worker #1] Bootstrap tree #268, logLikelihood: -3162.055115
[00:06:27] [worker #1] Bootstrap tree #270, logLikelihood: -3068.669949
[00:06:28] [worker #0] Bootstrap tree #267, logLikelihood: -3325.372830
[00:06:30] [worker #1] Bootstrap tree #272, logLikelihood: -3274.548791
[00:06:32] [worker #0] Bootstrap tree #269, logLikelihood: -3421.382311
[00:06:32] [worker #1] Bootstrap tree #274, logLikelihood: -3291.260794
[00:06:34] [worker #1] Bootstrap tree #276, logLikelihood: -2847.496281
[00:06:35] [worker #0] Bootstrap tree #271, logLikelihood: -3175.506396
[00:06:36] [worker #1] Bootstrap tree #278, logLikelihood: -2854.415692
[00:06:38] [worker #0] Bootstrap tree #273, logLikelihood: -3217.849039
[00:06:39] [worker #1] Bootstrap tree #280, logLikelihood: -3099.841943
[00:06:41] [worker #0] Bootstrap tree #275, logLikelihood: -3111.133059
[00:06:41] [worker #1] Bootstrap tree #282, logLikelihood: -3216.486743
[00:06:43] [worker #0] Bootstrap tree #277, logLikelihood: -3409.471988
[00:06:43] [worker #1] Bootstrap tree #284, logLikelihood: -3396.923281
[00:06:46] [worker #1] Bootstrap tree #286, logLikelihood: -3065.903024
[00:06:48] [worker #1] Bootstrap tree #288, logLikelihood: -2983.543834
[00:06:48] [worker #0] Bootstrap tree #279, logLikelihood: -3355.347362
[00:06:50] [worker #1] Bootstrap tree #290, logLikelihood: -2948.496897
[00:06:51] [worker #0] Bootstrap tree #281, logLikelihood: -2921.333775
[00:06:52] [worker #1] Bootstrap tree #292, logLikelihood: -3024.072357
[00:06:54] [worker #0] Bootstrap tree #283, logLikelihood: -2969.823700
[00:06:54] [worker #1] Bootstrap tree #294, logLikelihood: -3314.554437
[00:06:56] [worker #0] Bootstrap tree #285, logLikelihood: -3177.667604
[00:06:57] [worker #1] Bootstrap tree #296, logLikelihood: -3310.857365
[00:06:59] [worker #0] Bootstrap tree #287, logLikelihood: -3658.850488
[00:06:59] [worker #1] Bootstrap tree #298, logLikelihood: -2908.584877
[00:07:01] [worker #0] Bootstrap tree #289, logLikelihood: -3344.091844
[00:07:01] [worker #1] Bootstrap tree #300, logLikelihood: -3155.571022
[00:07:04] [worker #0] Bootstrap tree #291, logLikelihood: -3010.240497
[00:07:06] [worker #0] Bootstrap tree #293, logLikelihood: -2982.737915
[00:07:09] [worker #0] Bootstrap tree #295, logLikelihood: -3372.411849
[00:07:12] [worker #0] Bootstrap tree #297, logLikelihood: -2742.295050
[00:07:14] [worker #0] Bootstrap tree #299, logLikelihood: -3066.235581
[00:07:17] [worker #1] Bootstrap tree #302, logLikelihood: -2906.780122
[00:07:19] [worker #0] Bootstrap tree #301, logLikelihood: -3319.990765
[00:07:20] [worker #1] Bootstrap tree #304, logLikelihood: -3375.370160
[00:07:22] [worker #0] Bootstrap tree #303, logLikelihood: -3018.799128
[00:07:22] [worker #1] Bootstrap tree #306, logLikelihood: -2661.503403
[00:07:24] [worker #1] Bootstrap tree #308, logLikelihood: -2954.696009
[00:07:24] [worker #0] Bootstrap tree #305, logLikelihood: -3137.678249
[00:07:27] [worker #1] Bootstrap tree #310, logLikelihood: -3346.372953
[00:07:27] [worker #0] Bootstrap tree #307, logLikelihood: -3120.811705
[00:07:29] [worker #1] Bootstrap tree #312, logLikelihood: -3199.422419
[00:07:30] [worker #0] Bootstrap tree #309, logLikelihood: -3112.366709
[00:07:35] [worker #1] Bootstrap tree #314, logLikelihood: -3107.737090
[00:07:37] [worker #1] Bootstrap tree #316, logLikelihood: -2983.564170
[00:07:38] [worker #0] Bootstrap tree #311, logLikelihood: -3279.797242
[00:07:39] [worker #1] Bootstrap tree #318, logLikelihood: -3133.772338
[00:07:40] [worker #0] Bootstrap tree #313, logLikelihood: -3087.484021
[00:07:41] [worker #1] Bootstrap tree #320, logLikelihood: -3339.693371
[00:07:43] [worker #0] Bootstrap tree #315, logLikelihood: -2862.863270
[00:07:43] [worker #1] Bootstrap tree #322, logLikelihood: -2910.363282
[00:07:45] [worker #1] Bootstrap tree #324, logLikelihood: -2646.708449
[00:07:46] [worker #0] Bootstrap tree #317, logLikelihood: -3399.709785
[00:07:47] [worker #1] Bootstrap tree #326, logLikelihood: -2954.258840
[00:07:48] [worker #0] Bootstrap tree #319, logLikelihood: -3257.421371
[00:07:49] [worker #1] Bootstrap tree #328, logLikelihood: -3191.622103
[00:07:51] [worker #0] Bootstrap tree #321, logLikelihood: -3323.862060
[00:07:52] [worker #1] Bootstrap tree #330, logLikelihood: -3419.283827
[00:07:54] [worker #1] Bootstrap tree #332, logLikelihood: -3203.626139
[00:07:55] [worker #0] Bootstrap tree #323, logLikelihood: -3088.339506
[00:07:56] [worker #1] Bootstrap tree #334, logLikelihood: -3389.588656
[00:07:57] [worker #0] Bootstrap tree #325, logLikelihood: -3133.595597
[00:07:59] [worker #1] Bootstrap tree #336, logLikelihood: -3171.805960
[00:08:00] [worker #0] Bootstrap tree #327, logLikelihood: -2950.647640
[00:08:02] [worker #1] Bootstrap tree #338, logLikelihood: -3564.525328
[00:08:02] [worker #0] Bootstrap tree #329, logLikelihood: -2943.528291
[00:08:04] [worker #1] Bootstrap tree #340, logLikelihood: -3261.438506
[00:08:05] [worker #0] Bootstrap tree #331, logLikelihood: -3173.987832
[00:08:06] [worker #1] Bootstrap tree #342, logLikelihood: -3051.642235
[00:08:08] [worker #0] Bootstrap tree #333, logLikelihood: -3242.186224
[00:08:09] [worker #1] Bootstrap tree #344, logLikelihood: -2739.694851
[00:08:11] [worker #1] Bootstrap tree #346, logLikelihood: -3201.887512
[00:08:11] [worker #0] Bootstrap tree #335, logLikelihood: -3188.872314
[00:08:13] [worker #1] Bootstrap tree #348, logLikelihood: -3024.849277
[00:08:14] [worker #0] Bootstrap tree #337, logLikelihood: -3468.792692
[00:08:15] [worker #1] Bootstrap tree #350, logLikelihood: -2772.889532
[00:08:17] [worker #0] Bootstrap tree #339, logLikelihood: -3091.879313
[00:08:19] [worker #0] Bootstrap tree #341, logLikelihood: -3180.912496
[00:08:22] [worker #0] Bootstrap tree #343, logLikelihood: -3380.789240
[00:08:25] [worker #0] Bootstrap tree #345, logLikelihood: -3445.479366
[00:08:27] [worker #0] Bootstrap tree #347, logLikelihood: -3114.788848
[00:08:31] [worker #0] Bootstrap tree #349, logLikelihood: -3432.020322
[00:08:34] [worker #0] Bootstrap tree #351, logLikelihood: -3043.590289
[00:08:34] [worker #1] Bootstrap tree #352, logLikelihood: -2923.331372
[00:08:38] [worker #1] Bootstrap tree #354, logLikelihood: -3472.268574
[00:08:38] [worker #0] Bootstrap tree #353, logLikelihood: -3372.255312
[00:08:41] [worker #1] Bootstrap tree #356, logLikelihood: -3433.431369
[00:08:41] [worker #0] Bootstrap tree #355, logLikelihood: -3297.045426
[00:08:44] [worker #1] Bootstrap tree #358, logLikelihood: -3236.699701
[00:08:45] [worker #0] Bootstrap tree #357, logLikelihood: -3389.764281
[00:08:46] [worker #1] Bootstrap tree #360, logLikelihood: -3208.633674
[00:08:47] [worker #0] Bootstrap tree #359, logLikelihood: -3049.397849
[00:08:48] [worker #1] Bootstrap tree #362, logLikelihood: -3498.650456
[00:08:50] [worker #0] Bootstrap tree #361, logLikelihood: -2836.875057
[00:08:51] [worker #1] Bootstrap tree #364, logLikelihood: -3277.151238
[00:08:53] [worker #0] Bootstrap tree #363, logLikelihood: -3047.601225
[00:08:53] [worker #1] Bootstrap tree #366, logLikelihood: -2999.014845
[00:08:55] [worker #1] Bootstrap tree #368, logLikelihood: -3088.908497
[00:08:56] [worker #0] Bootstrap tree #365, logLikelihood: -3602.181349
[00:08:57] [worker #1] Bootstrap tree #370, logLikelihood: -3063.551797
[00:08:58] [worker #0] Bootstrap tree #367, logLikelihood: -3102.687103
[00:08:59] [worker #1] Bootstrap tree #372, logLikelihood: -2898.618618
[00:09:01] [worker #1] Bootstrap tree #374, logLikelihood: -2822.243999
[00:09:02] [worker #0] Bootstrap tree #369, logLikelihood: -3426.586163
[00:09:03] [worker #1] Bootstrap tree #376, logLikelihood: -3150.467471
[00:09:04] [worker #0] Bootstrap tree #371, logLikelihood: -3319.975084
[00:09:06] [worker #1] Bootstrap tree #378, logLikelihood: -3794.788038
[00:09:07] [worker #0] Bootstrap tree #373, logLikelihood: -3244.206264
[00:09:09] [worker #1] Bootstrap tree #380, logLikelihood: -3180.435198
[00:09:09] [worker #0] Bootstrap tree #375, logLikelihood: -3386.670910
[00:09:11] [worker #1] Bootstrap tree #382, logLikelihood: -3164.999953
[00:09:12] [worker #0] Bootstrap tree #377, logLikelihood: -3048.041282
[00:09:14] [worker #1] Bootstrap tree #384, logLikelihood: -3517.727751
[00:09:15] [worker #0] Bootstrap tree #379, logLikelihood: -3404.086156
[00:09:16] [worker #1] Bootstrap tree #386, logLikelihood: -2945.822895
[00:09:18] [worker #0] Bootstrap tree #381, logLikelihood: -3524.414701
[00:09:19] [worker #1] Bootstrap tree #388, logLikelihood: -3166.299412
[00:09:20] [worker #0] Bootstrap tree #383, logLikelihood: -3290.983656
[00:09:21] [worker #1] Bootstrap tree #390, logLikelihood: -3210.584884
[00:09:23] [worker #0] Bootstrap tree #385, logLikelihood: -3097.234919
[00:09:23] [worker #1] Bootstrap tree #392, logLikelihood: -2942.123985
[00:09:26] [worker #1] Bootstrap tree #394, logLikelihood: -2976.681636
[00:09:26] [worker #0] Bootstrap tree #387, logLikelihood: -3422.108331
[00:09:28] [worker #1] Bootstrap tree #396, logLikelihood: -3222.590520
[00:09:29] [worker #0] Bootstrap tree #389, logLikelihood: -3067.280341
[00:09:31] [worker #1] Bootstrap tree #398, logLikelihood: -3087.108699
[00:09:31] [worker #0] Bootstrap tree #391, logLikelihood: -3203.668852
[00:09:34] [worker #1] Bootstrap tree #400, logLikelihood: -3079.571824
[00:09:34] [worker #0] Bootstrap tree #393, logLikelihood: -3216.485333
[00:09:40] [worker #0] Bootstrap tree #395, logLikelihood: -3282.885996
[00:09:43] [worker #0] Bootstrap tree #397, logLikelihood: -3043.302392
[00:09:45] [worker #0] Bootstrap tree #399, logLikelihood: -3264.290693
[00:09:49] [worker #1] Bootstrap tree #402, logLikelihood: -2963.869627
[00:09:49] [worker #0] Bootstrap tree #401, logLikelihood: -3224.315271
[00:09:51] [worker #0] Bootstrap tree #403, logLikelihood: -3339.133471
[00:09:52] [worker #1] Bootstrap tree #404, logLikelihood: -2878.523867
[00:09:54] [worker #0] Bootstrap tree #405, logLikelihood: -2857.318301
[00:09:56] [worker #1] Bootstrap tree #406, logLikelihood: -2841.195195
[00:09:57] [worker #0] Bootstrap tree #407, logLikelihood: -3231.805916
[00:09:58] [worker #1] Bootstrap tree #408, logLikelihood: -3124.141705
[00:10:00] [worker #0] Bootstrap tree #409, logLikelihood: -3138.297592
[00:10:00] [worker #1] Bootstrap tree #410, logLikelihood: -3192.350035
[00:10:03] [worker #1] Bootstrap tree #412, logLikelihood: -2823.131129
[00:10:03] [worker #0] Bootstrap tree #411, logLikelihood: -3179.470338
[00:10:05] [worker #1] Bootstrap tree #414, logLikelihood: -3359.960997
[00:10:06] [worker #0] Bootstrap tree #413, logLikelihood: -2683.856939
[00:10:08] [worker #0] Bootstrap tree #415, logLikelihood: -2868.576635
[00:10:09] [worker #1] Bootstrap tree #416, logLikelihood: -3345.943006
[00:10:11] [worker #0] Bootstrap tree #417, logLikelihood: -2884.114715
[00:10:11] [worker #1] Bootstrap tree #418, logLikelihood: -3398.290376
[00:10:13] [worker #1] Bootstrap tree #420, logLikelihood: -3164.555385
[00:10:13] [worker #0] Bootstrap tree #419, logLikelihood: -3054.287691
[00:10:16] [worker #1] Bootstrap tree #422, logLikelihood: -3285.075088
[00:10:17] [worker #0] Bootstrap tree #421, logLikelihood: -2989.391952
[00:10:18] [worker #1] Bootstrap tree #424, logLikelihood: -2972.335855
[00:10:19] [worker #0] Bootstrap tree #423, logLikelihood: -3187.494436
[00:10:21] [worker #1] Bootstrap tree #426, logLikelihood: -3310.205598
[00:10:22] [worker #0] Bootstrap tree #425, logLikelihood: -2831.689196
[00:10:24] [worker #1] Bootstrap tree #428, logLikelihood: -3222.469182
[00:10:24] [worker #0] Bootstrap tree #427, logLikelihood: -2960.012087
[00:10:26] [worker #1] Bootstrap tree #430, logLikelihood: -3148.864305
[00:10:27] [worker #0] Bootstrap tree #429, logLikelihood: -3463.918063
[00:10:29] [worker #1] Bootstrap tree #432, logLikelihood: -3500.451980
[00:10:30] [worker #0] Bootstrap tree #431, logLikelihood: -3430.048559
[00:10:31] [worker #1] Bootstrap tree #434, logLikelihood: -3182.276898
[00:10:33] [worker #0] Bootstrap tree #433, logLikelihood: -3354.184107
[00:10:34] [worker #1] Bootstrap tree #436, logLikelihood: -3308.623063
[00:10:36] [worker #1] Bootstrap tree #438, logLikelihood: -3353.770604
[00:10:37] [worker #0] Bootstrap tree #435, logLikelihood: -3366.125817
[00:10:38] [worker #1] Bootstrap tree #440, logLikelihood: -3006.215188
[00:10:40] [worker #0] Bootstrap tree #437, logLikelihood: -2999.314411
[00:10:40] [worker #1] Bootstrap tree #442, logLikelihood: -3225.302689
[00:10:43] [worker #0] Bootstrap tree #439, logLikelihood: -3234.728830
[00:10:43] [worker #1] Bootstrap tree #444, logLikelihood: -3205.285980
[00:10:45] [worker #1] Bootstrap tree #446, logLikelihood: -3073.626440
[00:10:46] [worker #0] Bootstrap tree #441, logLikelihood: -2994.029910
[00:10:48] [worker #1] Bootstrap tree #448, logLikelihood: -3363.036002
[00:10:48] [worker #0] Bootstrap tree #443, logLikelihood: -2917.312841
[00:10:50] [worker #1] Bootstrap tree #450, logLikelihood: -2943.700182
[00:10:51] [worker #0] Bootstrap tree #445, logLikelihood: -3491.730588
[00:10:54] [worker #0] Bootstrap tree #447, logLikelihood: -3053.817164
[00:10:56] [worker #0] Bootstrap tree #449, logLikelihood: -2966.371672
[00:10:59] [worker #1] Bootstrap tree #452, logLikelihood: -3267.238631
[00:10:59] [worker #0] Bootstrap tree #451, logLikelihood: -3185.213784
[00:11:02] [worker #0] Bootstrap tree #453, logLikelihood: -3106.936657
[00:11:05] [worker #0] Bootstrap tree #455, logLikelihood: -3186.270859
[00:11:06] [worker #1] Bootstrap tree #454, logLikelihood: -3262.140897
[00:11:07] [worker #0] Bootstrap tree #457, logLikelihood: -3305.535306
[00:11:08] [worker #1] Bootstrap tree #456, logLikelihood: -2918.284378
[00:11:10] [worker #0] Bootstrap tree #459, logLikelihood: -2971.989249
[00:11:11] [worker #1] Bootstrap tree #458, logLikelihood: -3473.014059
[00:11:13] [worker #0] Bootstrap tree #461, logLikelihood: -2907.941124
[00:11:13] [worker #1] Bootstrap tree #460, logLikelihood: -2877.021271
[00:11:15] [worker #0] Bootstrap tree #463, logLikelihood: -3237.163390
[00:11:16] [worker #1] Bootstrap tree #462, logLikelihood: -3148.708299
[00:11:18] [worker #1] Bootstrap tree #464, logLikelihood: -3489.324154
[00:11:18] [worker #0] Bootstrap tree #465, logLikelihood: -3115.588147
[00:11:21] [worker #1] Bootstrap tree #466, logLikelihood: -3106.713316
[00:11:22] [worker #0] Bootstrap tree #467, logLikelihood: -3641.159437
[00:11:23] [worker #1] Bootstrap tree #468, logLikelihood: -3592.616857
[00:11:25] [worker #0] Bootstrap tree #469, logLikelihood: -2900.193593
[00:11:26] [worker #1] Bootstrap tree #470, logLikelihood: -3505.438306
[00:11:28] [worker #1] Bootstrap tree #472, logLikelihood: -3030.016106
[00:11:28] [worker #0] Bootstrap tree #471, logLikelihood: -3226.475009
[00:11:31] [worker #1] Bootstrap tree #474, logLikelihood: -3455.933837
[00:11:31] [worker #0] Bootstrap tree #473, logLikelihood: -3131.709105
[00:11:33] [worker #1] Bootstrap tree #476, logLikelihood: -2908.074242
[00:11:35] [worker #0] Bootstrap tree #475, logLikelihood: -2915.174233
[00:11:36] [worker #1] Bootstrap tree #478, logLikelihood: -3135.201475
[00:11:37] [worker #0] Bootstrap tree #477, logLikelihood: -3384.862007
[00:11:38] [worker #1] Bootstrap tree #480, logLikelihood: -3577.459561
[00:11:40] [worker #0] Bootstrap tree #479, logLikelihood: -3105.485251
[00:11:41] [worker #1] Bootstrap tree #482, logLikelihood: -3483.506992
[00:11:43] [worker #0] Bootstrap tree #481, logLikelihood: -3160.660491
[00:11:44] [worker #1] Bootstrap tree #484, logLikelihood: -3315.679586
[00:11:46] [worker #1] Bootstrap tree #486, logLikelihood: -3237.412094
[00:11:46] [worker #0] Bootstrap tree #483, logLikelihood: -3656.538083
[00:11:48] [worker #1] Bootstrap tree #488, logLikelihood: -3286.785547
[00:11:49] [worker #0] Bootstrap tree #485, logLikelihood: -3180.069165
[00:11:51] [worker #1] Bootstrap tree #490, logLikelihood: -3505.026345
[00:11:52] [worker #0] Bootstrap tree #487, logLikelihood: -3280.624823
[00:11:54] [worker #1] Bootstrap tree #492, logLikelihood: -2990.657893
[00:11:55] [worker #0] Bootstrap tree #489, logLikelihood: -3252.714382
[00:11:56] [worker #1] Bootstrap tree #494, logLikelihood: -3243.568853
[00:11:58] [worker #1] Bootstrap tree #496, logLikelihood: -3052.509287
[00:11:58] [worker #0] Bootstrap tree #491, logLikelihood: -3326.295246
[00:12:00] [worker #1] Bootstrap tree #498, logLikelihood: -3084.551707
[00:12:01] [worker #0] Bootstrap tree #493, logLikelihood: -3027.427306
[00:12:03] [worker #1] Bootstrap tree #500, logLikelihood: -3190.535652
[00:12:04] [worker #0] Bootstrap tree #495, logLikelihood: -3064.258279
[00:12:07] [worker #0] Bootstrap tree #497, logLikelihood: -3020.719768
[00:12:10] [worker #0] Bootstrap tree #499, logLikelihood: -3192.729114
[00:12:13] [worker #0] Bootstrap tree #501, logLikelihood: -3021.150789
[00:12:14] [worker #1] Bootstrap tree #502, logLikelihood: -3232.305069
[00:12:16] [worker #1] Bootstrap tree #504, logLikelihood: -2793.155831
[00:12:16] [worker #0] Bootstrap tree #503, logLikelihood: -3099.678222
[00:12:18] [worker #1] Bootstrap tree #506, logLikelihood: -3363.560348
[00:12:19] [worker #0] Bootstrap tree #505, logLikelihood: -3064.146893
[00:12:22] [worker #0] Bootstrap tree #507, logLikelihood: -3047.444112
[00:12:22] [worker #1] Bootstrap tree #508, logLikelihood: -2757.764572
[00:12:24] [worker #1] Bootstrap tree #510, logLikelihood: -3083.383687
[00:12:25] [worker #0] Bootstrap tree #509, logLikelihood: -3453.225168
[00:12:26] [worker #1] Bootstrap tree #512, logLikelihood: -3038.432782
[00:12:28] [worker #0] Bootstrap tree #511, logLikelihood: -3376.872170
[00:12:29] [worker #1] Bootstrap tree #514, logLikelihood: -2866.118474
[00:12:30] [worker #1] Bootstrap tree #516, logLikelihood: -3063.481931
[00:12:31] [worker #0] Bootstrap tree #513, logLikelihood: -3250.258428
[00:12:32] [worker #1] Bootstrap tree #518, logLikelihood: -3219.955553
[00:12:34] [worker #0] Bootstrap tree #515, logLikelihood: -3048.497400
[00:12:34] [worker #1] Bootstrap tree #520, logLikelihood: -3200.796620
[00:12:37] [worker #0] Bootstrap tree #517, logLikelihood: -2945.163602
[00:12:37] [worker #1] Bootstrap tree #522, logLikelihood: -3511.806868
[00:12:39] [worker #1] Bootstrap tree #524, logLikelihood: -2967.606448
[00:12:40] [worker #0] Bootstrap tree #519, logLikelihood: -3003.158125
[00:12:41] [worker #1] Bootstrap tree #526, logLikelihood: -2952.280854
[00:12:43] [worker #0] Bootstrap tree #521, logLikelihood: -3249.605793
[00:12:43] [worker #1] Bootstrap tree #528, logLikelihood: -3275.780972
[00:12:45] [worker #0] Bootstrap tree #523, logLikelihood: -3299.368121
[00:12:46] [worker #1] Bootstrap tree #530, logLikelihood: -2975.988346
[00:12:48] [worker #1] Bootstrap tree #532, logLikelihood: -3087.619107
[00:12:48] [worker #0] Bootstrap tree #525, logLikelihood: -2747.053226
[00:12:50] [worker #1] Bootstrap tree #534, logLikelihood: -3199.924958
[00:12:51] [worker #0] Bootstrap tree #527, logLikelihood: -3142.776559
[00:12:54] [worker #1] Bootstrap tree #536, logLikelihood: -3430.431955
[00:12:54] [worker #0] Bootstrap tree #529, logLikelihood: -3168.322505
[00:12:56] [worker #1] Bootstrap tree #538, logLikelihood: -3069.432876
[00:12:58] [worker #0] Bootstrap tree #531, logLikelihood: -3457.173448
[00:12:59] [worker #1] Bootstrap tree #540, logLikelihood: -3502.160139
[00:13:00] [worker #0] Bootstrap tree #533, logLikelihood: -2942.965710
[00:13:01] [worker #1] Bootstrap tree #542, logLikelihood: -3165.551085
[00:13:03] [worker #0] Bootstrap tree #535, logLikelihood: -3105.083041
[00:13:04] [worker #1] Bootstrap tree #544, logLikelihood: -3111.952493
[00:13:06] [worker #0] Bootstrap tree #537, logLikelihood: -3040.970277
[00:13:07] [worker #1] Bootstrap tree #546, logLikelihood: -3559.043874
[00:13:09] [worker #0] Bootstrap tree #539, logLikelihood: -3246.439226
[00:13:10] [worker #1] Bootstrap tree #548, logLikelihood: -3188.031650
[00:13:12] [worker #0] Bootstrap tree #541, logLikelihood: -3171.108720
[00:13:12] [worker #1] Bootstrap tree #550, logLikelihood: -3234.740731
[00:13:15] [worker #0] Bootstrap tree #543, logLikelihood: -3432.330605
[00:13:18] [worker #0] Bootstrap tree #545, logLikelihood: -3185.643404
[00:13:21] [worker #0] Bootstrap tree #547, logLikelihood: -3065.616363
[00:13:24] [worker #0] Bootstrap tree #549, logLikelihood: -3076.564188
[00:13:27] [worker #0] Bootstrap tree #551, logLikelihood: -3114.394285
[00:13:27] [worker #1] Bootstrap tree #552, logLikelihood: -3356.022758
[00:13:30] [worker #1] Bootstrap tree #554, logLikelihood: -3347.826613
[00:13:31] [worker #0] Bootstrap tree #553, logLikelihood: -3101.857043
[00:13:32] [worker #1] Bootstrap tree #556, logLikelihood: -2893.171013
[00:13:34] [worker #0] Bootstrap tree #555, logLikelihood: -3067.644134
[00:13:34] [worker #1] Bootstrap tree #558, logLikelihood: -3230.716712
[00:13:36] [worker #1] Bootstrap tree #560, logLikelihood: -3126.163666
[00:13:36] [worker #0] Bootstrap tree #557, logLikelihood: -2984.757087
[00:13:38] [worker #1] Bootstrap tree #562, logLikelihood: -3184.454021
[00:13:39] [worker #0] Bootstrap tree #559, logLikelihood: -2814.221810
[00:13:41] [worker #1] Bootstrap tree #564, logLikelihood: -3249.433419
[00:13:41] [worker #0] Bootstrap tree #561, logLikelihood: -2723.883208
[00:13:43] [worker #1] Bootstrap tree #566, logLikelihood: -2969.587347
[00:13:44] [worker #0] Bootstrap tree #563, logLikelihood: -3281.320114
[00:13:45] [worker #1] Bootstrap tree #568, logLikelihood: -2979.757460
[00:13:48] [worker #0] Bootstrap tree #565, logLikelihood: -3393.880681
[00:13:48] [worker #1] Bootstrap tree #570, logLikelihood: -3384.072805
[00:13:50] [worker #1] Bootstrap tree #572, logLikelihood: -3127.251654
[00:13:50] [worker #0] Bootstrap tree #567, logLikelihood: -2935.327609
[00:13:52] [worker #1] Bootstrap tree #574, logLikelihood: -3123.614660
[00:13:53] [worker #0] Bootstrap tree #569, logLikelihood: -3111.453697
[00:13:54] [worker #1] Bootstrap tree #576, logLikelihood: -3165.396181
[00:13:57] [worker #1] Bootstrap tree #578, logLikelihood: -3071.215515
[00:13:57] [worker #0] Bootstrap tree #571, logLikelihood: -3116.383272
[00:13:59] [worker #1] Bootstrap tree #580, logLikelihood: -3401.655344
[00:13:59] [worker #0] Bootstrap tree #573, logLikelihood: -3288.157306
[00:14:01] [worker #1] Bootstrap tree #582, logLikelihood: -3081.717174
[00:14:02] [worker #0] Bootstrap tree #575, logLikelihood: -3150.968927
[00:14:04] [worker #1] Bootstrap tree #584, logLikelihood: -3002.740911
[00:14:05] [worker #0] Bootstrap tree #577, logLikelihood: -3131.384695
[00:14:06] [worker #1] Bootstrap tree #586, logLikelihood: -3347.362240
[00:14:08] [worker #0] Bootstrap tree #579, logLikelihood: -3286.329594
[00:14:09] [worker #1] Bootstrap tree #588, logLikelihood: -3489.674023
[00:14:11] [worker #1] Bootstrap tree #590, logLikelihood: -3387.930842
[00:14:12] [worker #0] Bootstrap tree #581, logLikelihood: -3181.258970
[00:14:13] [worker #1] Bootstrap tree #592, logLikelihood: -2972.602678
[00:14:15] [worker #0] Bootstrap tree #583, logLikelihood: -3280.341319
[00:14:16] [worker #1] Bootstrap tree #594, logLikelihood: -3609.211209
[00:14:18] [worker #1] Bootstrap tree #596, logLikelihood: -3275.496223
[00:14:18] [worker #0] Bootstrap tree #585, logLikelihood: -3070.357543
[00:14:20] [worker #0] Bootstrap tree #587, logLikelihood: -3214.649760
[00:14:20] [worker #1] Bootstrap tree #598, logLikelihood: -3202.679522
[00:14:23] [worker #1] Bootstrap tree #600, logLikelihood: -2814.443829
[00:14:24] [worker #0] Bootstrap tree #589, logLikelihood: -3385.239213
[00:14:27] [worker #0] Bootstrap tree #591, logLikelihood: -2995.263684
[00:14:29] [worker #0] Bootstrap tree #593, logLikelihood: -2960.568476
[00:14:32] [worker #0] Bootstrap tree #595, logLikelihood: -3073.406421
[00:14:35] [worker #0] Bootstrap tree #597, logLikelihood: -3263.137687
[00:14:38] [worker #0] Bootstrap tree #599, logLikelihood: -3291.171711
[00:14:41] [worker #1] Bootstrap tree #602, logLikelihood: -3247.110394
[00:14:42] [worker #0] Bootstrap tree #601, logLikelihood: -3194.525813
[00:14:44] [worker #1] Bootstrap tree #604, logLikelihood: -3445.602531
[00:14:45] [worker #0] Bootstrap tree #603, logLikelihood: -3339.895758
[00:14:46] [worker #1] Bootstrap tree #606, logLikelihood: -3020.932544
[00:14:48] [worker #0] Bootstrap tree #605, logLikelihood: -3098.182919
[00:14:49] [worker #1] Bootstrap tree #608, logLikelihood: -3228.908447
[00:14:51] [worker #1] Bootstrap tree #610, logLikelihood: -3239.491141
[00:14:53] [worker #0] Bootstrap tree #607, logLikelihood: -3239.708073
[00:14:53] [worker #1] Bootstrap tree #612, logLikelihood: -3143.269803
[00:14:55] [worker #1] Bootstrap tree #614, logLikelihood: -3033.840203
[00:14:56] [worker #0] Bootstrap tree #609, logLikelihood: -2963.570658
[00:14:57] [worker #1] Bootstrap tree #616, logLikelihood: -3229.398296
[00:14:59] [worker #0] Bootstrap tree #611, logLikelihood: -2949.244034
[00:14:59] [worker #1] Bootstrap tree #618, logLikelihood: -3102.406871
[00:15:02] [worker #0] Bootstrap tree #613, logLikelihood: -3454.784860
[00:15:02] [worker #1] Bootstrap tree #620, logLikelihood: -3303.122850
[00:15:05] [worker #1] Bootstrap tree #622, logLikelihood: -3026.762359
[00:15:05] [worker #0] Bootstrap tree #615, logLikelihood: -3194.351790
[00:15:07] [worker #1] Bootstrap tree #624, logLikelihood: -3211.246106
[00:15:08] [worker #0] Bootstrap tree #617, logLikelihood: -2978.369297
[00:15:09] [worker #1] Bootstrap tree #626, logLikelihood: -2898.165535
[00:15:11] [worker #1] Bootstrap tree #628, logLikelihood: -2848.089060
[00:15:11] [worker #0] Bootstrap tree #619, logLikelihood: -3364.949337
[00:15:14] [worker #1] Bootstrap tree #630, logLikelihood: -3402.384883
[00:15:15] [worker #0] Bootstrap tree #621, logLikelihood: -3287.751408
[00:15:17] [worker #1] Bootstrap tree #632, logLikelihood: -2984.679272
[00:15:17] [worker #0] Bootstrap tree #623, logLikelihood: -3344.636375
[00:15:20] [worker #1] Bootstrap tree #634, logLikelihood: -3116.749439
[00:15:20] [worker #0] Bootstrap tree #625, logLikelihood: -2967.666398
[00:15:22] [worker #1] Bootstrap tree #636, logLikelihood: -3350.515736
[00:15:23] [worker #0] Bootstrap tree #627, logLikelihood: -3232.372751
[00:15:25] [worker #1] Bootstrap tree #638, logLikelihood: -3327.403065
[00:15:27] [worker #0] Bootstrap tree #629, logLikelihood: -2691.485439
[00:15:28] [worker #1] Bootstrap tree #640, logLikelihood: -2849.214703
[00:15:30] [worker #0] Bootstrap tree #631, logLikelihood: -2747.103778
[00:15:30] [worker #1] Bootstrap tree #642, logLikelihood: -3403.919363
[00:15:33] [worker #1] Bootstrap tree #644, logLikelihood: -3429.548042
[00:15:33] [worker #0] Bootstrap tree #633, logLikelihood: -3101.087179
[00:15:36] [worker #1] Bootstrap tree #646, logLikelihood: -3349.569142
[00:15:36] [worker #0] Bootstrap tree #635, logLikelihood: -3414.519087
[00:15:38] [worker #1] Bootstrap tree #648, logLikelihood: -2963.666360
[00:15:40] [worker #0] Bootstrap tree #637, logLikelihood: -3433.535467
[00:15:40] [worker #1] Bootstrap tree #650, logLikelihood: -2996.292422
[00:15:43] [worker #0] Bootstrap tree #639, logLikelihood: -3281.216609
[00:15:45] [worker #0] Bootstrap tree #641, logLikelihood: -3143.206545
[00:15:49] [worker #0] Bootstrap tree #643, logLikelihood: -3185.762910
[00:15:52] [worker #0] Bootstrap tree #645, logLikelihood: -3011.340930
[00:15:54] [worker #0] Bootstrap tree #647, logLikelihood: -2845.686260
[00:15:57] [worker #0] Bootstrap tree #649, logLikelihood: -3110.257490
[00:16:00] [worker #1] Bootstrap tree #652, logLikelihood: -3067.450872
[00:16:01] [worker #0] Bootstrap tree #651, logLikelihood: -3112.627547
[00:16:03] [worker #1] Bootstrap tree #654, logLikelihood: -3256.162273
[00:16:04] [worker #0] Bootstrap tree #653, logLikelihood: -3085.510310
[00:16:05] [worker #1] Bootstrap tree #656, logLikelihood: -2667.736589
[00:16:07] [worker #0] Bootstrap tree #655, logLikelihood: -2786.927054
[00:16:07] [worker #1] Bootstrap tree #658, logLikelihood: -3287.059857
[00:16:09] [worker #1] Bootstrap tree #660, logLikelihood: -3043.360793
[00:16:10] [worker #0] Bootstrap tree #657, logLikelihood: -3012.305344
[00:16:12] [worker #1] Bootstrap tree #662, logLikelihood: -2958.340319
[00:16:12] [worker #0] Bootstrap tree #659, logLikelihood: -3036.566118
[00:16:14] [worker #1] Bootstrap tree #664, logLikelihood: -2948.093095
[00:16:15] [worker #0] Bootstrap tree #661, logLikelihood: -3499.292559
[00:16:16] [worker #1] Bootstrap tree #666, logLikelihood: -3051.427398
[00:16:18] [worker #0] Bootstrap tree #663, logLikelihood: -3219.790537
[00:16:18] [worker #1] Bootstrap tree #668, logLikelihood: -3203.217707
[00:16:21] [worker #1] Bootstrap tree #670, logLikelihood: -2986.627101
[00:16:21] [worker #0] Bootstrap tree #665, logLikelihood: -3151.061679
[00:16:23] [worker #1] Bootstrap tree #672, logLikelihood: -3057.031076
[00:16:24] [worker #0] Bootstrap tree #667, logLikelihood: -3223.299573
[00:16:26] [worker #1] Bootstrap tree #674, logLikelihood: -3324.929614
[00:16:27] [worker #0] Bootstrap tree #669, logLikelihood: -3378.451317
[00:16:28] [worker #1] Bootstrap tree #676, logLikelihood: -3065.346043
[00:16:30] [worker #0] Bootstrap tree #671, logLikelihood: -3233.347981
[00:16:31] [worker #1] Bootstrap tree #678, logLikelihood: -3259.480229
[00:16:32] [worker #0] Bootstrap tree #673, logLikelihood: -3281.845193
[00:16:34] [worker #1] Bootstrap tree #680, logLikelihood: -3038.983116
[00:16:36] [worker #0] Bootstrap tree #675, logLikelihood: -3114.936995
[00:16:37] [worker #1] Bootstrap tree #682, logLikelihood: -3151.785262
[00:16:39] [worker #0] Bootstrap tree #677, logLikelihood: -3310.094389
[00:16:39] [worker #1] Bootstrap tree #684, logLikelihood: -2976.769084
[00:16:41] [worker #1] Bootstrap tree #686, logLikelihood: -3425.614991
[00:16:42] [worker #0] Bootstrap tree #679, logLikelihood: -3126.440018
[00:16:45] [worker #1] Bootstrap tree #688, logLikelihood: -3194.482653
[00:16:45] [worker #0] Bootstrap tree #681, logLikelihood: -3371.517815
[00:16:48] [worker #0] Bootstrap tree #683, logLikelihood: -3382.303800
[00:16:48] [worker #1] Bootstrap tree #690, logLikelihood: -2939.992426
[00:16:51] [worker #1] Bootstrap tree #692, logLikelihood: -3153.523168
[00:16:51] [worker #0] Bootstrap tree #685, logLikelihood: -3183.390192
[00:16:53] [worker #1] Bootstrap tree #694, logLikelihood: -3048.417381
[00:16:54] [worker #0] Bootstrap tree #687, logLikelihood: -3360.847529
[00:16:57] [worker #1] Bootstrap tree #696, logLikelihood: -3284.874638
[00:16:57] [worker #0] Bootstrap tree #689, logLikelihood: -3168.865314
[00:16:59] [worker #1] Bootstrap tree #698, logLikelihood: -3519.944718
[00:17:00] [worker #0] Bootstrap tree #691, logLikelihood: -2880.352690
[00:17:01] [worker #1] Bootstrap tree #700, logLikelihood: -3080.244112
[00:17:03] [worker #0] Bootstrap tree #693, logLikelihood: -3286.277408
[00:17:05] [worker #0] Bootstrap tree #695, logLikelihood: -2988.635274
[00:17:08] [worker #0] Bootstrap tree #697, logLikelihood: -3085.610060
[00:17:11] [worker #0] Bootstrap tree #699, logLikelihood: -3363.058115
[00:17:18] [worker #0] Bootstrap tree #701, logLikelihood: -2992.576031
[00:17:18] [worker #1] Bootstrap tree #702, logLikelihood: -3281.920152
[00:17:20] [worker #1] Bootstrap tree #704, logLikelihood: -2979.716943
[00:17:22] [worker #0] Bootstrap tree #703, logLikelihood: -3150.517038
[00:17:22] [worker #1] Bootstrap tree #706, logLikelihood: -3364.964296
[00:17:25] [worker #1] Bootstrap tree #708, logLikelihood: -3082.419238
[00:17:25] [worker #0] Bootstrap tree #705, logLikelihood: -3176.901433
[00:17:27] [worker #1] Bootstrap tree #710, logLikelihood: -3097.941892
[00:17:28] [worker #0] Bootstrap tree #707, logLikelihood: -3411.526633
[00:17:29] [worker #1] Bootstrap tree #712, logLikelihood: -3011.592363
[00:17:31] [worker #0] Bootstrap tree #709, logLikelihood: -2895.956479
[00:17:32] [worker #1] Bootstrap tree #714, logLikelihood: -3332.831649
[00:17:34] [worker #0] Bootstrap tree #711, logLikelihood: -3181.901585
[00:17:35] [worker #1] Bootstrap tree #716, logLikelihood: -2879.146767
[00:17:37] [worker #0] Bootstrap tree #713, logLikelihood: -3160.038542
[00:17:38] [worker #1] Bootstrap tree #718, logLikelihood: -2940.388736
[00:17:39] [worker #0] Bootstrap tree #715, logLikelihood: -2894.765093
[00:17:40] [worker #1] Bootstrap tree #720, logLikelihood: -3137.547697
[00:17:42] [worker #0] Bootstrap tree #717, logLikelihood: -3076.062444
[00:17:43] [worker #1] Bootstrap tree #722, logLikelihood: -3220.246591
[00:17:45] [worker #1] Bootstrap tree #724, logLikelihood: -2935.720245
[00:17:46] [worker #0] Bootstrap tree #719, logLikelihood: -3704.874041
[00:17:47] [worker #1] Bootstrap tree #726, logLikelihood: -3085.782582
[00:17:48] [worker #0] Bootstrap tree #721, logLikelihood: -3199.872860
[00:17:50] [worker #1] Bootstrap tree #728, logLikelihood: -3103.011174
[00:17:51] [worker #0] Bootstrap tree #723, logLikelihood: -3176.308253
[00:17:52] [worker #1] Bootstrap tree #730, logLikelihood: -3167.400142
[00:17:54] [worker #0] Bootstrap tree #725, logLikelihood: -3272.777300
[00:17:55] [worker #1] Bootstrap tree #732, logLikelihood: -3322.404505
[00:17:57] [worker #1] Bootstrap tree #734, logLikelihood: -3293.894860
[00:17:58] [worker #0] Bootstrap tree #727, logLikelihood: -2772.847274
[00:17:59] [worker #1] Bootstrap tree #736, logLikelihood: -2790.979880
[00:18:01] [worker #0] Bootstrap tree #729, logLikelihood: -3172.514467
[00:18:01] [worker #1] Bootstrap tree #738, logLikelihood: -2800.242453
[00:18:03] [worker #1] Bootstrap tree #740, logLikelihood: -3499.956497
[00:18:04] [worker #0] Bootstrap tree #731, logLikelihood: -3398.764586
[00:18:05] [worker #1] Bootstrap tree #742, logLikelihood: -2782.152006
[00:18:07] [worker #0] Bootstrap tree #733, logLikelihood: -2640.677763
[00:18:08] [worker #1] Bootstrap tree #744, logLikelihood: -3045.117208
[00:18:10] [worker #1] Bootstrap tree #746, logLikelihood: -3199.950779
[00:18:10] [worker #0] Bootstrap tree #735, logLikelihood: -3012.418921
[00:18:12] [worker #1] Bootstrap tree #748, logLikelihood: -2834.230956
[00:18:13] [worker #0] Bootstrap tree #737, logLikelihood: -3475.141273
[00:18:16] [worker #1] Bootstrap tree #750, logLikelihood: -3128.133166
[00:18:17] [worker #0] Bootstrap tree #739, logLikelihood: -3332.969960
[00:18:20] [worker #0] Bootstrap tree #741, logLikelihood: -3334.434519
[00:18:23] [worker #0] Bootstrap tree #743, logLikelihood: -3349.904537
[00:18:26] [worker #0] Bootstrap tree #745, logLikelihood: -3186.076405
[00:18:29] [worker #0] Bootstrap tree #747, logLikelihood: -2974.636391
[00:18:32] [worker #0] Bootstrap tree #749, logLikelihood: -3079.984484
[00:18:36] [worker #1] Bootstrap tree #752, logLikelihood: -3174.059233
[00:18:37] [worker #0] Bootstrap tree #751, logLikelihood: -3187.953546
[00:18:38] [worker #1] Bootstrap tree #754, logLikelihood: -3109.432487
[00:18:40] [worker #0] Bootstrap tree #753, logLikelihood: -3476.721807
[00:18:40] [worker #1] Bootstrap tree #756, logLikelihood: -3134.641234
[00:18:44] [worker #1] Bootstrap tree #758, logLikelihood: -3065.042134
[00:18:45] [worker #0] Bootstrap tree #755, logLikelihood: -3426.336685
[00:18:46] [worker #1] Bootstrap tree #760, logLikelihood: -3494.201874
[00:18:47] [worker #0] Bootstrap tree #757, logLikelihood: -3018.396719
[00:18:49] [worker #1] Bootstrap tree #762, logLikelihood: -2756.467474
[00:18:51] [worker #0] Bootstrap tree #759, logLikelihood: -3397.070678
[00:18:52] [worker #1] Bootstrap tree #764, logLikelihood: -3197.240709
[00:18:54] [worker #1] Bootstrap tree #766, logLikelihood: -3417.584925
[00:18:55] [worker #0] Bootstrap tree #761, logLikelihood: -2916.631700
[00:18:57] [worker #1] Bootstrap tree #768, logLikelihood: -3321.299505
[00:18:58] [worker #0] Bootstrap tree #763, logLikelihood: -3466.089798
[00:18:59] [worker #1] Bootstrap tree #770, logLikelihood: -3072.042516
[00:19:01] [worker #0] Bootstrap tree #765, logLikelihood: -2965.005345
[00:19:02] [worker #1] Bootstrap tree #772, logLikelihood: -3502.248766
[00:19:04] [worker #0] Bootstrap tree #767, logLikelihood: -3267.126995
[00:19:06] [worker #1] Bootstrap tree #774, logLikelihood: -3158.905752
[00:19:07] [worker #0] Bootstrap tree #769, logLikelihood: -3230.240351
[00:19:07] [worker #1] Bootstrap tree #776, logLikelihood: -2924.761199
[00:19:10] [worker #0] Bootstrap tree #771, logLikelihood: -3275.664065
[00:19:10] [worker #1] Bootstrap tree #778, logLikelihood: -3079.677863
[00:19:12] [worker #1] Bootstrap tree #780, logLikelihood: -3056.993351
[00:19:13] [worker #0] Bootstrap tree #773, logLikelihood: -3433.535120
[00:19:14] [worker #1] Bootstrap tree #782, logLikelihood: -3364.832499
[00:19:16] [worker #0] Bootstrap tree #775, logLikelihood: -3130.886183
[00:19:18] [worker #1] Bootstrap tree #784, logLikelihood: -3107.569471
[00:19:19] [worker #0] Bootstrap tree #777, logLikelihood: -3061.523618
[00:19:20] [worker #1] Bootstrap tree #786, logLikelihood: -3263.496684
[00:19:22] [worker #1] Bootstrap tree #788, logLikelihood: -3330.180319
[00:19:22] [worker #0] Bootstrap tree #779, logLikelihood: -3284.581407
[00:19:25] [worker #1] Bootstrap tree #790, logLikelihood: -3153.638268
[00:19:26] [worker #0] Bootstrap tree #781, logLikelihood: -3073.825508
[00:19:27] [worker #1] Bootstrap tree #792, logLikelihood: -3456.321146
[00:19:28] [worker #0] Bootstrap tree #783, logLikelihood: -3295.518877
[00:19:30] [worker #1] Bootstrap tree #794, logLikelihood: -3266.583644
[00:19:32] [worker #0] Bootstrap tree #785, logLikelihood: -3373.730167
[00:19:32] [worker #1] Bootstrap tree #796, logLikelihood: -3238.277272
[00:19:34] [worker #0] Bootstrap tree #787, logLikelihood: -3008.691796
[00:19:35] [worker #1] Bootstrap tree #798, logLikelihood: -3327.568483
[00:19:37] [worker #1] Bootstrap tree #800, logLikelihood: -2943.545296
[00:19:38] [worker #0] Bootstrap tree #789, logLikelihood: -3196.303411
[00:19:43] [worker #0] Bootstrap tree #791, logLikelihood: -3261.210434
[00:19:46] [worker #0] Bootstrap tree #793, logLikelihood: -3148.066650
[00:19:49] [worker #0] Bootstrap tree #795, logLikelihood: -3237.692531
[00:19:52] [worker #0] Bootstrap tree #797, logLikelihood: -3430.337345
[00:19:55] [worker #0] Bootstrap tree #799, logLikelihood: -2986.596498
[00:19:59] [worker #1] Bootstrap tree #802, logLikelihood: -3401.965778
[00:19:59] [worker #0] Bootstrap tree #801, logLikelihood: -3182.002315
[00:20:01] [worker #1] Bootstrap tree #804, logLikelihood: -3073.588215
[00:20:02] [worker #0] Bootstrap tree #803, logLikelihood: -3478.740431
[00:20:04] [worker #1] Bootstrap tree #806, logLikelihood: -3305.629161
[00:20:05] [worker #0] Bootstrap tree #805, logLikelihood: -2982.753072
[00:20:06] [worker #1] Bootstrap tree #808, logLikelihood: -3083.875966
[00:20:07] [worker #0] Bootstrap tree #807, logLikelihood: -3227.937767
[00:20:09] [worker #1] Bootstrap tree #810, logLikelihood: -3056.362349
[00:20:10] [worker #0] Bootstrap tree #809, logLikelihood: -3213.445204
[00:20:11] [worker #1] Bootstrap tree #812, logLikelihood: -3376.265163
[00:20:13] [worker #0] Bootstrap tree #811, logLikelihood: -3016.627052
[00:20:14] [worker #1] Bootstrap tree #814, logLikelihood: -2898.277827
[00:20:16] [worker #1] Bootstrap tree #816, logLikelihood: -3303.873388
[00:20:16] [worker #0] Bootstrap tree #813, logLikelihood: -3586.119462
[00:20:19] [worker #1] Bootstrap tree #818, logLikelihood: -3011.723446
[00:20:19] [worker #0] Bootstrap tree #815, logLikelihood: -3135.650765
[00:20:21] [worker #1] Bootstrap tree #820, logLikelihood: -3277.444944
[00:20:23] [worker #0] Bootstrap tree #817, logLikelihood: -3295.398616
[00:20:24] [worker #1] Bootstrap tree #822, logLikelihood: -3210.393957
[00:20:26] [worker #0] Bootstrap tree #819, logLikelihood: -3178.470014
[00:20:27] [worker #1] Bootstrap tree #824, logLikelihood: -3466.800084
[00:20:30] [worker #0] Bootstrap tree #821, logLikelihood: -3498.837613
[00:20:30] [worker #1] Bootstrap tree #826, logLikelihood: -3331.311894
[00:20:33] [worker #0] Bootstrap tree #823, logLikelihood: -3353.654268
[00:20:33] [worker #1] Bootstrap tree #828, logLikelihood: -3239.052318
[00:20:36] [worker #1] Bootstrap tree #830, logLikelihood: -2892.680377
[00:20:36] [worker #0] Bootstrap tree #825, logLikelihood: -2972.357595
[00:20:38] [worker #1] Bootstrap tree #832, logLikelihood: -3049.251250
[00:20:39] [worker #0] Bootstrap tree #827, logLikelihood: -3282.030321
[00:20:40] [worker #1] Bootstrap tree #834, logLikelihood: -3192.268774
[00:20:42] [worker #0] Bootstrap tree #829, logLikelihood: -2982.560585
[00:20:43] [worker #1] Bootstrap tree #836, logLikelihood: -3598.815721
[00:20:45] [worker #0] Bootstrap tree #831, logLikelihood: -3202.382550
[00:20:46] [worker #1] Bootstrap tree #838, logLikelihood: -3081.980606
[00:20:48] [worker #1] Bootstrap tree #840, logLikelihood: -3170.855108
[00:20:48] [worker #0] Bootstrap tree #833, logLikelihood: -3069.321086
[00:20:50] [worker #1] Bootstrap tree #842, logLikelihood: -3357.037273
[00:20:51] [worker #0] Bootstrap tree #835, logLikelihood: -3080.124910
[00:20:53] [worker #1] Bootstrap tree #844, logLikelihood: -3144.416124
[00:20:54] [worker #0] Bootstrap tree #837, logLikelihood: -2998.491955
[00:20:56] [worker #1] Bootstrap tree #846, logLikelihood: -2799.438612
[00:20:57] [worker #0] Bootstrap tree #839, logLikelihood: -3346.447052
[00:20:58] [worker #1] Bootstrap tree #848, logLikelihood: -2903.983405
[00:21:00] [worker #1] Bootstrap tree #850, logLikelihood: -3471.187408
[00:21:00] [worker #0] Bootstrap tree #841, logLikelihood: -3160.006746
[00:21:03] [worker #0] Bootstrap tree #843, logLikelihood: -3275.302833
[00:21:06] [worker #0] Bootstrap tree #845, logLikelihood: -3211.076928
[00:21:08] [worker #0] Bootstrap tree #847, logLikelihood: -3270.316662
[00:21:11] [worker #0] Bootstrap tree #849, logLikelihood: -3074.900708
[00:21:15] [worker #0] Bootstrap tree #851, logLikelihood: -3086.040011
[00:21:16] [worker #1] Bootstrap tree #852, logLikelihood: -3196.791269
[00:21:18] [worker #1] Bootstrap tree #854, logLikelihood: -3099.790971
[00:21:18] [worker #0] Bootstrap tree #853, logLikelihood: -3306.026451
[00:21:20] [worker #1] Bootstrap tree #856, logLikelihood: -3091.794469
[00:21:21] [worker #0] Bootstrap tree #855, logLikelihood: -3108.222720
[00:21:23] [worker #1] Bootstrap tree #858, logLikelihood: -3531.937385
[00:21:24] [worker #0] Bootstrap tree #857, logLikelihood: -3261.686573
[00:21:25] [worker #1] Bootstrap tree #860, logLikelihood: -3428.805551
[00:21:28] [worker #0] Bootstrap tree #859, logLikelihood: -3386.469092
[00:21:28] [worker #1] Bootstrap tree #862, logLikelihood: -3231.662858
[00:21:31] [worker #0] Bootstrap tree #861, logLikelihood: -3045.143102
[00:21:31] [worker #1] Bootstrap tree #864, logLikelihood: -2967.191788
[00:21:33] [worker #0] Bootstrap tree #863, logLikelihood: -3021.760647
[00:21:34] [worker #1] Bootstrap tree #866, logLikelihood: -3158.036153
[00:21:36] [worker #1] Bootstrap tree #868, logLikelihood: -3151.477203
[00:21:37] [worker #0] Bootstrap tree #865, logLikelihood: -3099.997740
[00:21:38] [worker #1] Bootstrap tree #870, logLikelihood: -3413.776167
[00:21:40] [worker #0] Bootstrap tree #867, logLikelihood: -3102.356364
[00:21:41] [worker #1] Bootstrap tree #872, logLikelihood: -3281.906594
[00:21:43] [worker #0] Bootstrap tree #869, logLikelihood: -3240.456676
[00:21:43] [worker #1] Bootstrap tree #874, logLikelihood: -3496.593851
[00:21:45] [worker #1] Bootstrap tree #876, logLikelihood: -3031.006278
[00:21:47] [worker #0] Bootstrap tree #871, logLikelihood: -3292.127664
[00:21:48] [worker #1] Bootstrap tree #878, logLikelihood: -3272.002465
[00:21:49] [worker #0] Bootstrap tree #873, logLikelihood: -3383.906742
[00:21:50] [worker #1] Bootstrap tree #880, logLikelihood: -3353.217842
[00:21:52] [worker #0] Bootstrap tree #875, logLikelihood: -3082.474549
[00:21:53] [worker #1] Bootstrap tree #882, logLikelihood: -3195.258121
[00:21:55] [worker #1] Bootstrap tree #884, logLikelihood: -3212.780621
[00:21:55] [worker #0] Bootstrap tree #877, logLikelihood: -3116.061258
[00:21:58] [worker #1] Bootstrap tree #886, logLikelihood: -3154.124384
[00:21:58] [worker #0] Bootstrap tree #879, logLikelihood: -3074.601885
[00:22:00] [worker #1] Bootstrap tree #888, logLikelihood: -2936.342133
[00:22:01] [worker #0] Bootstrap tree #881, logLikelihood: -2983.079899
[00:22:02] [worker #1] Bootstrap tree #890, logLikelihood: -3103.072796
[00:22:05] [worker #0] Bootstrap tree #883, logLikelihood: -3075.030772
[00:22:05] [worker #1] Bootstrap tree #892, logLikelihood: -2877.968719
[00:22:07] [worker #1] Bootstrap tree #894, logLikelihood: -3322.565231
[00:22:07] [worker #0] Bootstrap tree #885, logLikelihood: -3064.578626
[00:22:10] [worker #1] Bootstrap tree #896, logLikelihood: -2911.729029
[00:22:10] [worker #0] Bootstrap tree #887, logLikelihood: -3387.275405
[00:22:13] [worker #1] Bootstrap tree #898, logLikelihood: -3069.431865
[00:22:13] [worker #0] Bootstrap tree #889, logLikelihood: -3125.440119
[00:22:16] [worker #1] Bootstrap tree #900, logLikelihood: -3417.786051
[00:22:17] [worker #0] Bootstrap tree #891, logLikelihood: -3310.195231
[00:22:20] [worker #0] Bootstrap tree #893, logLikelihood: -2823.983188
[00:22:23] [worker #0] Bootstrap tree #895, logLikelihood: -3335.024346
[00:22:26] [worker #0] Bootstrap tree #897, logLikelihood: -3534.487957
[00:22:35] [worker #0] Bootstrap tree #899, logLikelihood: -3153.260669
[00:22:38] [worker #1] Bootstrap tree #902, logLikelihood: -2952.771287
[00:22:39] [worker #0] Bootstrap tree #901, logLikelihood: -3503.790550
[00:22:40] [worker #1] Bootstrap tree #904, logLikelihood: -3581.403895
[00:22:42] [worker #0] Bootstrap tree #903, logLikelihood: -2939.419696
[00:22:42] [worker #1] Bootstrap tree #906, logLikelihood: -3218.612232
[00:22:45] [worker #0] Bootstrap tree #905, logLikelihood: -3289.266683
[00:22:46] [worker #1] Bootstrap tree #908, logLikelihood: -2996.255161
[00:22:48] [worker #0] Bootstrap tree #907, logLikelihood: -3321.736590
[00:22:48] [worker #1] Bootstrap tree #910, logLikelihood: -3119.746519
[00:22:51] [worker #1] Bootstrap tree #912, logLikelihood: -3110.927106
[00:22:51] [worker #0] Bootstrap tree #909, logLikelihood: -3524.869891
[00:22:54] [worker #1] Bootstrap tree #914, logLikelihood: -3192.029623
[00:22:54] [worker #0] Bootstrap tree #911, logLikelihood: -3234.294612
[00:22:56] [worker #1] Bootstrap tree #916, logLikelihood: -3521.463397
[00:22:57] [worker #0] Bootstrap tree #913, logLikelihood: -3263.190398
[00:22:58] [worker #1] Bootstrap tree #918, logLikelihood: -2922.292322
[00:23:00] [worker #0] Bootstrap tree #915, logLikelihood: -3256.704002
[00:23:01] [worker #1] Bootstrap tree #920, logLikelihood: -3336.994420
[00:23:03] [worker #0] Bootstrap tree #917, logLikelihood: -3044.087343
[00:23:04] [worker #1] Bootstrap tree #922, logLikelihood: -3357.863040
[00:23:06] [worker #0] Bootstrap tree #919, logLikelihood: -3143.349007
[00:23:06] [worker #1] Bootstrap tree #924, logLikelihood: -3068.909009
[00:23:09] [worker #1] Bootstrap tree #926, logLikelihood: -3449.378494
[00:23:09] [worker #0] Bootstrap tree #921, logLikelihood: -3035.551415
[00:23:11] [worker #1] Bootstrap tree #928, logLikelihood: -3085.520316
[00:23:12] [worker #0] Bootstrap tree #923, logLikelihood: -3391.229030
[00:23:13] [worker #1] Bootstrap tree #930, logLikelihood: -2661.189058
[00:23:15] [worker #0] Bootstrap tree #925, logLikelihood: -3227.080015
[00:23:16] [worker #1] Bootstrap tree #932, logLikelihood: -3365.045853
[00:23:18] [worker #1] Bootstrap tree #934, logLikelihood: -3258.830586
[00:23:19] [worker #0] Bootstrap tree #927, logLikelihood: -3219.678742
[00:23:21] [worker #1] Bootstrap tree #936, logLikelihood: -3014.235290
[00:23:22] [worker #0] Bootstrap tree #929, logLikelihood: -3341.023455
[00:23:23] [worker #1] Bootstrap tree #938, logLikelihood: -3456.853291
[00:23:24] [worker #0] Bootstrap tree #931, logLikelihood: -3195.099344
[00:23:26] [worker #1] Bootstrap tree #940, logLikelihood: -3298.288517
[00:23:28] [worker #0] Bootstrap tree #933, logLikelihood: -3438.835542
[00:23:29] [worker #1] Bootstrap tree #942, logLikelihood: -3236.331426
[00:23:31] [worker #0] Bootstrap tree #935, logLikelihood: -3052.974400
[00:23:31] [worker #1] Bootstrap tree #944, logLikelihood: -3179.511535
[00:23:34] [worker #1] Bootstrap tree #946, logLikelihood: -3688.072304
[00:23:35] [worker #0] Bootstrap tree #937, logLikelihood: -3354.715286
[00:23:36] [worker #1] Bootstrap tree #948, logLikelihood: -3413.821409
[00:23:38] [worker #0] Bootstrap tree #939, logLikelihood: -3633.412777
[00:23:40] [worker #1] Bootstrap tree #950, logLikelihood: -3170.944623
[00:23:41] [worker #0] Bootstrap tree #941, logLikelihood: -3169.093636
[00:23:44] [worker #0] Bootstrap tree #943, logLikelihood: -3163.375147
[00:23:47] [worker #0] Bootstrap tree #945, logLikelihood: -2893.994269
[00:23:49] [worker #0] Bootstrap tree #947, logLikelihood: -3211.513942
[00:23:57] [worker #0] Bootstrap tree #949, logLikelihood: -3024.000249
[00:24:01] [worker #1] Bootstrap tree #952, logLikelihood: -3355.855400
[00:24:03] [worker #0] Bootstrap tree #951, logLikelihood: -3267.212235
[00:24:04] [worker #1] Bootstrap tree #954, logLikelihood: -3199.643375
[00:24:06] [worker #0] Bootstrap tree #953, logLikelihood: -3412.775446
[00:24:06] [worker #1] Bootstrap tree #956, logLikelihood: -3435.059243
[00:24:08] [worker #1] Bootstrap tree #958, logLikelihood: -3167.819885
[00:24:09] [worker #0] Bootstrap tree #955, logLikelihood: -3327.253645
[00:24:11] [worker #1] Bootstrap tree #960, logLikelihood: -2935.967310
[00:24:13] [worker #1] Bootstrap tree #962, logLikelihood: -3157.753833
[00:24:13] [worker #0] Bootstrap tree #957, logLikelihood: -3076.543619
[00:24:16] [worker #1] Bootstrap tree #964, logLikelihood: -2996.518725
[00:24:16] [worker #0] Bootstrap tree #959, logLikelihood: -3266.714928
[00:24:18] [worker #1] Bootstrap tree #966, logLikelihood: -3364.564893
[00:24:19] [worker #0] Bootstrap tree #961, logLikelihood: -3253.152849
[00:24:21] [worker #1] Bootstrap tree #968, logLikelihood: -3156.348145
[00:24:22] [worker #0] Bootstrap tree #963, logLikelihood: -3397.487196
[00:24:23] [worker #1] Bootstrap tree #970, logLikelihood: -3172.085007
[00:24:25] [worker #1] Bootstrap tree #972, logLikelihood: -3074.400459
[00:24:26] [worker #0] Bootstrap tree #965, logLikelihood: -3144.247177
[00:24:28] [worker #1] Bootstrap tree #974, logLikelihood: -3210.315883
[00:24:29] [worker #0] Bootstrap tree #967, logLikelihood: -3402.167772
[00:24:30] [worker #1] Bootstrap tree #976, logLikelihood: -2793.174635
[00:24:32] [worker #0] Bootstrap tree #969, logLikelihood: -3200.184121
[00:24:33] [worker #1] Bootstrap tree #978, logLikelihood: -3230.138104
[00:24:35] [worker #0] Bootstrap tree #971, logLikelihood: -3231.510268
[00:24:36] [worker #1] Bootstrap tree #980, logLikelihood: -2938.508783
[00:24:39] [worker #1] Bootstrap tree #982, logLikelihood: -3444.650176
[00:24:39] [worker #0] Bootstrap tree #973, logLikelihood: -3409.730761
[00:24:41] [worker #1] Bootstrap tree #984, logLikelihood: -3242.632222
[00:24:42] [worker #0] Bootstrap tree #975, logLikelihood: -3095.116316
[00:24:44] [worker #1] Bootstrap tree #986, logLikelihood: -3304.105754
[00:24:45] [worker #0] Bootstrap tree #977, logLikelihood: -3129.712846
[00:24:47] [worker #1] Bootstrap tree #988, logLikelihood: -2774.024864
[00:24:49] [worker #0] Bootstrap tree #979, logLikelihood: -3303.623209
[00:24:49] [worker #1] Bootstrap tree #990, logLikelihood: -3087.432161
[00:24:51] [worker #0] Bootstrap tree #981, logLikelihood: -3074.146843
[00:24:52] [worker #1] Bootstrap tree #992, logLikelihood: -3503.877050
[00:24:54] [worker #1] Bootstrap tree #994, logLikelihood: -3051.773852
[00:24:54] [worker #0] Bootstrap tree #983, logLikelihood: -2817.062178
[00:24:56] [worker #1] Bootstrap tree #996, logLikelihood: -3250.164099
[00:24:58] [worker #0] Bootstrap tree #985, logLikelihood: -2894.428416
[00:24:58] [worker #1] Bootstrap tree #998, logLikelihood: -2860.378986
[00:25:01] [worker #1] Bootstrap tree #1000, logLikelihood: -3128.218180
[00:25:01] [worker #0] Bootstrap tree #987, logLikelihood: -3256.889001
[00:25:04] [worker #0] Bootstrap tree #989, logLikelihood: -3705.811325
[00:25:07] [worker #0] Bootstrap tree #991, logLikelihood: -3573.374893
[00:25:11] [worker #0] Bootstrap tree #993, logLikelihood: -3319.280420
[00:25:14] [worker #0] Bootstrap tree #995, logLikelihood: -3166.772989
[00:25:16] [worker #0] Bootstrap tree #997, logLikelihood: -3237.285269
[00:25:19] [worker #0] Bootstrap tree #999, logLikelihood: -3163.121809

Optimized model parameters:

   Partition 0: noname
   Rate heterogeneity: GAMMA (4 cats, mean),  alpha: 0.671076 (ML),  weights&rates: (0.250000,0.068024) (0.250000,0.349557) (0.250000,0.913660) (0.250000,2.668759) 
   P-inv (ML): 0.350840
   Base frequencies (ML): 0.273767 0.158584 0.167289 0.400361 
   Substitution rates (ML): 4.197020 12.768639 3.148646 2.773189 12.768639 1.000000 


Final LogLikelihood: -3234.314951

AIC score: 6692.629902 / AICc score: 6865.999766 / BIC score: 7090.994645
Free parameters (model + branch lengths): 112

WARNING: Best ML tree contains 8 near-zero branches!

Best ML tree with collapsed near-zero branches saved to: /global/home/users/cbrook/raxml-ng/RdRpphylo/T3.raxml.bestTreeCollapsed
Best ML tree saved to: /global/home/users/cbrook/raxml-ng/RdRpphylo/T3.raxml.bestTree
All ML trees saved to: /global/home/users/cbrook/raxml-ng/RdRpphylo/T3.raxml.mlTrees
Best ML tree with Felsenstein bootstrap (FBP) support values saved to: /global/home/users/cbrook/raxml-ng/RdRpphylo/T3.raxml.supportFBP
Best ML tree with Transfer bootstrap (TBE) support values saved to: /global/home/users/cbrook/raxml-ng/RdRpphylo/T3.raxml.supportTBE
Optimized model saved to: /global/home/users/cbrook/raxml-ng/RdRpphylo/T3.raxml.bestModel
Bootstrap trees saved to: /global/home/users/cbrook/raxml-ng/RdRpphylo/T3.raxml.bootstraps

Execution log saved to: /global/home/users/cbrook/raxml-ng/RdRpphylo/T3.raxml.log

Analysis started: 25-Aug-2021 11:08:42 / finished: 25-Aug-2021 11:34:04

Elapsed time: 1521.591 seconds

Consumed energy: 29.039 Wh

