
RAxML-NG v. 1.0.0-master released on 07.08.2020 by The Exelixis Lab.
Developed by: Alexey M. Kozlov and Alexandros Stamatakis.
Contributors: Diego Darriba, Tomas Flouri, Benoit Morel, Sarah Lutteropp, Ben Bettisworth.
Latest version: https://github.com/amkozlov/raxml-ng
Questions/problems/suggestions? Please visit: https://groups.google.com/forum/#!forum/raxml

System: Intel(R) Xeon(R) Gold 6130 CPU @ 2.10GHz, 32 cores, 93 GB RAM

RAxML-NG was called at 28-Aug-2021 05:49:26 as follows:

/global/home/users/cbrook/raxml-ng/raxml-ng-mpi --all --msa S-Gene-Translation-Alignment.fasta --data-type AA --model WAG+I+G4+F --prefix T3 --seed 1 --threads 8 --bs-metric fbp,tbe

Analysis options:
  run mode: ML tree search + bootstrapping (Felsenstein Bootstrap + Transfer Bootstrap)
  start tree(s): random (10) + parsimony (10)
  bootstrap replicates: max: 1000 + bootstopping (autoMRE, cutoff: 0.030000)
  random seed: 1
  tip-inner: OFF
  pattern compression: ON
  per-rate scalers: OFF
  site repeats: ON
  branch lengths: proportional (ML estimate, algorithm: NR-FAST)
  SIMD kernels: AVX2
  parallelization: coarse-grained (auto), PTHREADS (8 threads), thread pinning: ON

[00:00:00] Reading alignment from file: S-Gene-Translation-Alignment.fasta
[00:00:00] Loaded alignment with 40 taxa and 1706 sites

WARNING: Sequences EF065513_1_HKU_9_1_Rousettus_leschenaulti_China_S and NC_009021_1_HKU9_Rousettus_leschenaulti_China_S are exactly identical!
WARNING: Sequences KU762338_1_GCCDC1_356_Rousettus_leschenaulti_China_S and NC_030886_GCCDC1_356_Rousettus_leschenaulti_China_S are exactly identical!
WARNING: Duplicate sequences found: 2

NOTE: Reduced alignment (with duplicates and gap-only sites/taxa removed) 
NOTE: was saved to: /global/home/users/cbrook/raxml-ng/AA_S/T3.raxml.reduced.phy

Alignment comprises 1 partitions and 1529 patterns

Partition 0: noname
Model: WAG+FC+I+G4m
Alignment sites / patterns: 1706 / 1529
Gaps: 24.01 %
Invariant sites: 17.58 %


NOTE: Binary MSA file created: T3.raxml.rba

Parallelization scheme autoconfig: 1 worker(s) x 8 thread(s)

Parallel reduction/worker buffer size: 1 KB  / 0 KB

[00:00:00] Generating 10 random starting tree(s) with 40 taxa
[00:00:00] Generating 10 parsimony starting tree(s) with 40 taxa
[00:00:00] Data distribution: max. partitions/sites/weight per thread: 1 / 192 / 15360
[00:00:00] Data distribution: max. searches per worker: 1020

Starting ML tree search with 20 distinct starting trees

[00:00:16] ML tree search #1, logLikelihood: -52573.221916
[00:00:33] ML tree search #2, logLikelihood: -52573.222533
[00:00:49] ML tree search #3, logLikelihood: -52573.226023
[00:01:06] ML tree search #4, logLikelihood: -52573.221929
[00:01:23] ML tree search #5, logLikelihood: -52573.222212
[00:01:39] ML tree search #6, logLikelihood: -52573.222214
[00:01:54] ML tree search #7, logLikelihood: -52573.224727
[00:02:11] ML tree search #8, logLikelihood: -52573.221941
[00:02:25] ML tree search #9, logLikelihood: -52573.226183
[00:02:40] ML tree search #10, logLikelihood: -52573.221956
[00:02:52] ML tree search #11, logLikelihood: -52573.221860
[00:03:04] ML tree search #12, logLikelihood: -52573.221857
[00:03:17] ML tree search #13, logLikelihood: -52573.221872
[00:03:28] ML tree search #14, logLikelihood: -52573.221912
[00:03:41] ML tree search #15, logLikelihood: -52573.221951
[00:03:52] ML tree search #16, logLikelihood: -52573.221873
[00:04:05] ML tree search #17, logLikelihood: -52573.222022
[00:04:14] ML tree search #18, logLikelihood: -52573.221883
[00:04:27] ML tree search #19, logLikelihood: -52573.221921
[00:04:41] ML tree search #20, logLikelihood: -52573.226901

[00:04:41] ML tree search completed, best tree logLH: -52573.221857

[00:04:41] Starting bootstrapping analysis with 1000 replicates.

[00:04:53] Bootstrap tree #1, logLikelihood: -53706.961810
[00:05:06] Bootstrap tree #2, logLikelihood: -52527.555656
[00:05:17] Bootstrap tree #3, logLikelihood: -52706.280596
[00:05:28] Bootstrap tree #4, logLikelihood: -51906.944249
[00:05:41] Bootstrap tree #5, logLikelihood: -51928.471372
[00:05:53] Bootstrap tree #6, logLikelihood: -51095.267767
[00:06:03] Bootstrap tree #7, logLikelihood: -51529.970801
[00:06:14] Bootstrap tree #8, logLikelihood: -52630.703260
[00:06:27] Bootstrap tree #9, logLikelihood: -50769.584210
[00:06:38] Bootstrap tree #10, logLikelihood: -51711.105587
[00:06:51] Bootstrap tree #11, logLikelihood: -52906.304987
[00:07:04] Bootstrap tree #12, logLikelihood: -53045.729863
[00:07:15] Bootstrap tree #13, logLikelihood: -52713.042797
[00:07:26] Bootstrap tree #14, logLikelihood: -52119.643976
[00:07:38] Bootstrap tree #15, logLikelihood: -50549.348594
[00:07:48] Bootstrap tree #16, logLikelihood: -51589.627908
[00:08:04] Bootstrap tree #17, logLikelihood: -53933.086738
[00:08:14] Bootstrap tree #18, logLikelihood: -52423.850320
[00:08:25] Bootstrap tree #19, logLikelihood: -52664.674108
[00:08:35] Bootstrap tree #20, logLikelihood: -52707.090527
[00:08:45] Bootstrap tree #21, logLikelihood: -52542.703060
[00:08:57] Bootstrap tree #22, logLikelihood: -53041.166294
[00:09:07] Bootstrap tree #23, logLikelihood: -52414.056839
[00:09:20] Bootstrap tree #24, logLikelihood: -51698.918168
[00:09:31] Bootstrap tree #25, logLikelihood: -53455.483923
[00:09:43] Bootstrap tree #26, logLikelihood: -51292.702883
[00:09:56] Bootstrap tree #27, logLikelihood: -53017.319125
[00:10:09] Bootstrap tree #28, logLikelihood: -52716.309291
[00:10:23] Bootstrap tree #29, logLikelihood: -52394.267623
[00:10:34] Bootstrap tree #30, logLikelihood: -53087.537800
[00:10:47] Bootstrap tree #31, logLikelihood: -53082.566954
[00:10:58] Bootstrap tree #32, logLikelihood: -55013.478928
[00:11:11] Bootstrap tree #33, logLikelihood: -52914.715467
[00:11:23] Bootstrap tree #34, logLikelihood: -52656.931445
[00:11:33] Bootstrap tree #35, logLikelihood: -51705.232811
[00:11:44] Bootstrap tree #36, logLikelihood: -52691.980918
[00:11:56] Bootstrap tree #37, logLikelihood: -50965.677217
[00:12:08] Bootstrap tree #38, logLikelihood: -53157.654452
[00:12:20] Bootstrap tree #39, logLikelihood: -52832.164934
[00:12:31] Bootstrap tree #40, logLikelihood: -53735.580178
[00:12:45] Bootstrap tree #41, logLikelihood: -52598.100681
[00:12:58] Bootstrap tree #42, logLikelihood: -51307.018526
[00:13:08] Bootstrap tree #43, logLikelihood: -50486.889579
[00:13:19] Bootstrap tree #44, logLikelihood: -52761.168463
[00:13:30] Bootstrap tree #45, logLikelihood: -52674.700300
[00:13:42] Bootstrap tree #46, logLikelihood: -51894.402125
[00:13:54] Bootstrap tree #47, logLikelihood: -53248.860164
[00:14:05] Bootstrap tree #48, logLikelihood: -52262.188182
[00:14:16] Bootstrap tree #49, logLikelihood: -51451.174480
[00:14:27] Bootstrap tree #50, logLikelihood: -52923.293098
[00:14:40] Bootstrap tree #51, logLikelihood: -53238.570755
[00:14:52] Bootstrap tree #52, logLikelihood: -52977.002004
[00:15:06] Bootstrap tree #53, logLikelihood: -52394.733827
[00:15:19] Bootstrap tree #54, logLikelihood: -52114.649129
[00:15:30] Bootstrap tree #55, logLikelihood: -51794.419341
[00:15:42] Bootstrap tree #56, logLikelihood: -52075.890587
[00:15:54] Bootstrap tree #57, logLikelihood: -53194.328730
[00:16:05] Bootstrap tree #58, logLikelihood: -52587.970258
[00:16:18] Bootstrap tree #59, logLikelihood: -53061.817765
[00:16:28] Bootstrap tree #60, logLikelihood: -51852.394831
[00:16:40] Bootstrap tree #61, logLikelihood: -51671.973390
[00:16:50] Bootstrap tree #62, logLikelihood: -54838.819928
[00:17:05] Bootstrap tree #63, logLikelihood: -51717.204157
[00:17:18] Bootstrap tree #64, logLikelihood: -51930.104111
[00:17:28] Bootstrap tree #65, logLikelihood: -51683.876769
[00:17:40] Bootstrap tree #66, logLikelihood: -51003.917055
[00:17:53] Bootstrap tree #67, logLikelihood: -52965.896468
[00:18:05] Bootstrap tree #68, logLikelihood: -53045.293761
[00:18:16] Bootstrap tree #69, logLikelihood: -52814.408104
[00:18:29] Bootstrap tree #70, logLikelihood: -51250.490923
[00:18:41] Bootstrap tree #71, logLikelihood: -53100.893870
[00:18:52] Bootstrap tree #72, logLikelihood: -52840.917740
[00:19:04] Bootstrap tree #73, logLikelihood: -52021.097164
[00:19:17] Bootstrap tree #74, logLikelihood: -52261.214008
[00:19:28] Bootstrap tree #75, logLikelihood: -52269.784122
[00:19:41] Bootstrap tree #76, logLikelihood: -51842.269228
[00:19:56] Bootstrap tree #77, logLikelihood: -51647.590371
[00:20:07] Bootstrap tree #78, logLikelihood: -51912.525997
[00:20:18] Bootstrap tree #79, logLikelihood: -53503.918893
[00:20:28] Bootstrap tree #80, logLikelihood: -52435.415945
[00:20:39] Bootstrap tree #81, logLikelihood: -49890.910013
[00:20:51] Bootstrap tree #82, logLikelihood: -53057.701788
[00:21:03] Bootstrap tree #83, logLikelihood: -53620.252992
[00:21:16] Bootstrap tree #84, logLikelihood: -53226.043063
[00:21:27] Bootstrap tree #85, logLikelihood: -50965.115403
[00:21:38] Bootstrap tree #86, logLikelihood: -54030.790298
[00:21:49] Bootstrap tree #87, logLikelihood: -51118.106577
[00:22:00] Bootstrap tree #88, logLikelihood: -52633.895522
[00:22:10] Bootstrap tree #89, logLikelihood: -51955.044749
[00:22:23] Bootstrap tree #90, logLikelihood: -52781.472135
[00:22:33] Bootstrap tree #91, logLikelihood: -52072.699204
[00:22:45] Bootstrap tree #92, logLikelihood: -52573.913928
[00:22:59] Bootstrap tree #93, logLikelihood: -52282.610649
[00:23:12] Bootstrap tree #94, logLikelihood: -52893.236894
[00:23:23] Bootstrap tree #95, logLikelihood: -51601.325869
[00:23:34] Bootstrap tree #96, logLikelihood: -53513.847063
[00:23:45] Bootstrap tree #97, logLikelihood: -54004.712801
[00:23:57] Bootstrap tree #98, logLikelihood: -52968.735505
[00:24:09] Bootstrap tree #99, logLikelihood: -51212.375794
[00:24:21] Bootstrap tree #100, logLikelihood: -53120.443707
[00:24:31] Bootstrap tree #101, logLikelihood: -53385.675115
[00:24:44] Bootstrap tree #102, logLikelihood: -52457.254590
[00:24:56] Bootstrap tree #103, logLikelihood: -52375.722757
[00:25:07] Bootstrap tree #104, logLikelihood: -51742.053439
[00:25:17] Bootstrap tree #105, logLikelihood: -52888.329470
[00:25:28] Bootstrap tree #106, logLikelihood: -53443.467119
[00:25:41] Bootstrap tree #107, logLikelihood: -52872.438391
[00:25:54] Bootstrap tree #108, logLikelihood: -52047.072778
[00:26:06] Bootstrap tree #109, logLikelihood: -53071.862257
[00:26:20] Bootstrap tree #110, logLikelihood: -52459.298424
[00:26:31] Bootstrap tree #111, logLikelihood: -51541.426223
[00:26:41] Bootstrap tree #112, logLikelihood: -52248.170239
[00:26:51] Bootstrap tree #113, logLikelihood: -51648.966171
[00:27:01] Bootstrap tree #114, logLikelihood: -50931.909724
[00:27:12] Bootstrap tree #115, logLikelihood: -52362.587170
[00:27:25] Bootstrap tree #116, logLikelihood: -50955.261053
[00:27:39] Bootstrap tree #117, logLikelihood: -52158.389238
[00:27:50] Bootstrap tree #118, logLikelihood: -54015.271476
[00:28:01] Bootstrap tree #119, logLikelihood: -52130.609132
[00:28:13] Bootstrap tree #120, logLikelihood: -53163.497675
[00:28:25] Bootstrap tree #121, logLikelihood: -51164.648559
[00:28:36] Bootstrap tree #122, logLikelihood: -51128.584577
[00:28:48] Bootstrap tree #123, logLikelihood: -52575.054960
[00:29:01] Bootstrap tree #124, logLikelihood: -51676.256327
[00:29:11] Bootstrap tree #125, logLikelihood: -52485.506582
[00:29:22] Bootstrap tree #126, logLikelihood: -53042.895119
[00:29:34] Bootstrap tree #127, logLikelihood: -49389.332650
[00:29:46] Bootstrap tree #128, logLikelihood: -52966.438652
[00:29:57] Bootstrap tree #129, logLikelihood: -53835.917939
[00:30:10] Bootstrap tree #130, logLikelihood: -53846.248395
[00:30:20] Bootstrap tree #131, logLikelihood: -51214.448180
[00:30:32] Bootstrap tree #132, logLikelihood: -52304.968031
[00:30:44] Bootstrap tree #133, logLikelihood: -52523.039507
[00:30:57] Bootstrap tree #134, logLikelihood: -52353.428574
[00:31:06] Bootstrap tree #135, logLikelihood: -51454.576230
[00:31:20] Bootstrap tree #136, logLikelihood: -53875.060623
[00:31:32] Bootstrap tree #137, logLikelihood: -51505.553112
[00:31:45] Bootstrap tree #138, logLikelihood: -53436.746383
[00:31:55] Bootstrap tree #139, logLikelihood: -52080.214905
[00:32:06] Bootstrap tree #140, logLikelihood: -51822.549735
[00:32:20] Bootstrap tree #141, logLikelihood: -52305.035993
[00:32:32] Bootstrap tree #142, logLikelihood: -52769.942185
[00:32:44] Bootstrap tree #143, logLikelihood: -53153.586183
[00:32:57] Bootstrap tree #144, logLikelihood: -52499.654579
[00:33:09] Bootstrap tree #145, logLikelihood: -52063.450364
[00:33:21] Bootstrap tree #146, logLikelihood: -52983.392963
[00:33:33] Bootstrap tree #147, logLikelihood: -52004.419882
[00:33:45] Bootstrap tree #148, logLikelihood: -53461.157518
[00:33:57] Bootstrap tree #149, logLikelihood: -52612.684732
[00:34:09] Bootstrap tree #150, logLikelihood: -53185.762074
[00:34:19] Bootstrap tree #151, logLikelihood: -53597.262229
[00:34:31] Bootstrap tree #152, logLikelihood: -52256.245517
[00:34:41] Bootstrap tree #153, logLikelihood: -54245.284564
[00:34:54] Bootstrap tree #154, logLikelihood: -51954.855283
[00:35:06] Bootstrap tree #155, logLikelihood: -52578.047464
[00:35:18] Bootstrap tree #156, logLikelihood: -53575.611570
[00:35:30] Bootstrap tree #157, logLikelihood: -51794.906013
[00:35:42] Bootstrap tree #158, logLikelihood: -51057.330451
[00:35:55] Bootstrap tree #159, logLikelihood: -51887.973351
[00:36:08] Bootstrap tree #160, logLikelihood: -53704.579015
[00:36:23] Bootstrap tree #161, logLikelihood: -53752.057219
[00:36:33] Bootstrap tree #162, logLikelihood: -51984.826858
[00:36:45] Bootstrap tree #163, logLikelihood: -51874.069683
[00:36:57] Bootstrap tree #164, logLikelihood: -53864.580023
[00:37:07] Bootstrap tree #165, logLikelihood: -52375.479625
[00:37:17] Bootstrap tree #166, logLikelihood: -52157.102172
[00:37:28] Bootstrap tree #167, logLikelihood: -52219.925118
[00:37:43] Bootstrap tree #168, logLikelihood: -52335.387080
[00:37:53] Bootstrap tree #169, logLikelihood: -52148.666393
[00:38:04] Bootstrap tree #170, logLikelihood: -51860.475563
[00:38:16] Bootstrap tree #171, logLikelihood: -52192.377808
[00:38:27] Bootstrap tree #172, logLikelihood: -51514.880943
[00:38:36] Bootstrap tree #173, logLikelihood: -51861.613846
[00:38:48] Bootstrap tree #174, logLikelihood: -51768.968607
[00:39:01] Bootstrap tree #175, logLikelihood: -51237.480941
[00:39:11] Bootstrap tree #176, logLikelihood: -52144.894442
[00:39:22] Bootstrap tree #177, logLikelihood: -52378.344478
[00:39:34] Bootstrap tree #178, logLikelihood: -52148.428771
[00:39:44] Bootstrap tree #179, logLikelihood: -53417.556693
[00:39:55] Bootstrap tree #180, logLikelihood: -50915.318679
[00:40:08] Bootstrap tree #181, logLikelihood: -51477.478962
[00:40:21] Bootstrap tree #182, logLikelihood: -52569.576985
[00:40:34] Bootstrap tree #183, logLikelihood: -52756.655659
[00:40:46] Bootstrap tree #184, logLikelihood: -52298.846859
[00:40:57] Bootstrap tree #185, logLikelihood: -52214.407054
[00:41:08] Bootstrap tree #186, logLikelihood: -51742.899483
[00:41:18] Bootstrap tree #187, logLikelihood: -51200.138963
[00:41:29] Bootstrap tree #188, logLikelihood: -52194.826993
[00:41:41] Bootstrap tree #189, logLikelihood: -52289.967896
[00:41:52] Bootstrap tree #190, logLikelihood: -53132.832845
[00:42:03] Bootstrap tree #191, logLikelihood: -52545.158557
[00:42:15] Bootstrap tree #192, logLikelihood: -51501.150227
[00:42:26] Bootstrap tree #193, logLikelihood: -53036.204873
[00:42:40] Bootstrap tree #194, logLikelihood: -52478.202680
[00:42:51] Bootstrap tree #195, logLikelihood: -53320.932358
[00:43:06] Bootstrap tree #196, logLikelihood: -52987.854229
[00:43:17] Bootstrap tree #197, logLikelihood: -52282.353701
[00:43:31] Bootstrap tree #198, logLikelihood: -52768.352116
[00:43:42] Bootstrap tree #199, logLikelihood: -52798.510630
[00:43:55] Bootstrap tree #200, logLikelihood: -52014.383340
[00:44:09] Bootstrap tree #201, logLikelihood: -52158.754638
[00:44:20] Bootstrap tree #202, logLikelihood: -52962.049298
[00:44:33] Bootstrap tree #203, logLikelihood: -53228.899445
[00:44:44] Bootstrap tree #204, logLikelihood: -51777.309156
[00:44:54] Bootstrap tree #205, logLikelihood: -52455.371429
[00:45:06] Bootstrap tree #206, logLikelihood: -51988.645994
[00:45:16] Bootstrap tree #207, logLikelihood: -51316.239191
[00:45:26] Bootstrap tree #208, logLikelihood: -53365.776317
[00:45:38] Bootstrap tree #209, logLikelihood: -53527.576412
[00:45:49] Bootstrap tree #210, logLikelihood: -51639.418406
[00:45:59] Bootstrap tree #211, logLikelihood: -51784.165829
[00:46:11] Bootstrap tree #212, logLikelihood: -52126.156200
[00:46:24] Bootstrap tree #213, logLikelihood: -52244.388056
[00:46:38] Bootstrap tree #214, logLikelihood: -53412.628691
[00:46:51] Bootstrap tree #215, logLikelihood: -52156.857497
[00:47:01] Bootstrap tree #216, logLikelihood: -50510.200122
[00:47:11] Bootstrap tree #217, logLikelihood: -52273.208962
[00:47:23] Bootstrap tree #218, logLikelihood: -52082.025103
[00:47:36] Bootstrap tree #219, logLikelihood: -51550.858904
[00:47:49] Bootstrap tree #220, logLikelihood: -53511.460305
[00:48:01] Bootstrap tree #221, logLikelihood: -52980.682668
[00:48:14] Bootstrap tree #222, logLikelihood: -52470.205031
[00:48:28] Bootstrap tree #223, logLikelihood: -52038.866738
[00:48:40] Bootstrap tree #224, logLikelihood: -53715.756265
[00:48:54] Bootstrap tree #225, logLikelihood: -53190.448351
[00:49:04] Bootstrap tree #226, logLikelihood: -51275.211785
[00:49:15] Bootstrap tree #227, logLikelihood: -54172.351443
[00:49:25] Bootstrap tree #228, logLikelihood: -52645.431365
[00:49:38] Bootstrap tree #229, logLikelihood: -51266.719700
[00:49:48] Bootstrap tree #230, logLikelihood: -51251.089294
[00:49:58] Bootstrap tree #231, logLikelihood: -52798.029281
[00:50:10] Bootstrap tree #232, logLikelihood: -52503.977632
[00:50:24] Bootstrap tree #233, logLikelihood: -52740.268389
[00:50:39] Bootstrap tree #234, logLikelihood: -52251.978110
[00:50:53] Bootstrap tree #235, logLikelihood: -52636.434752
[00:51:05] Bootstrap tree #236, logLikelihood: -52546.308341
[00:51:15] Bootstrap tree #237, logLikelihood: -52513.418005
[00:51:29] Bootstrap tree #238, logLikelihood: -53537.617610
[00:51:39] Bootstrap tree #239, logLikelihood: -52489.588016
[00:51:50] Bootstrap tree #240, logLikelihood: -52734.609499
[00:52:02] Bootstrap tree #241, logLikelihood: -51622.460406
[00:52:12] Bootstrap tree #242, logLikelihood: -54209.537323
[00:52:28] Bootstrap tree #243, logLikelihood: -52516.043402
[00:52:39] Bootstrap tree #244, logLikelihood: -54164.694079
[00:52:51] Bootstrap tree #245, logLikelihood: -52312.449324
[00:53:03] Bootstrap tree #246, logLikelihood: -52766.993705
[00:53:16] Bootstrap tree #247, logLikelihood: -52619.759058
[00:53:26] Bootstrap tree #248, logLikelihood: -52401.017541
[00:53:37] Bootstrap tree #249, logLikelihood: -51649.725966
[00:53:49] Bootstrap tree #250, logLikelihood: -52762.529819
[00:54:01] Bootstrap tree #251, logLikelihood: -52644.420863
[00:54:15] Bootstrap tree #252, logLikelihood: -51926.575482
[00:54:26] Bootstrap tree #253, logLikelihood: -52153.373773
[00:54:37] Bootstrap tree #254, logLikelihood: -52401.242986
[00:54:48] Bootstrap tree #255, logLikelihood: -53532.919116
[00:54:58] Bootstrap tree #256, logLikelihood: -52157.249204
[00:55:11] Bootstrap tree #257, logLikelihood: -52136.510905
[00:55:21] Bootstrap tree #258, logLikelihood: -53077.638479
[00:55:35] Bootstrap tree #259, logLikelihood: -52931.375498
[00:55:46] Bootstrap tree #260, logLikelihood: -52719.536594
[00:55:56] Bootstrap tree #261, logLikelihood: -53446.471261
[00:56:14] Bootstrap tree #262, logLikelihood: -51746.004245
[00:56:29] Bootstrap tree #263, logLikelihood: -52502.938044
[00:56:42] Bootstrap tree #264, logLikelihood: -53941.612807
[00:56:54] Bootstrap tree #265, logLikelihood: -52595.237306
[00:57:06] Bootstrap tree #266, logLikelihood: -53978.494735
[00:57:17] Bootstrap tree #267, logLikelihood: -53707.512024
[00:57:34] Bootstrap tree #268, logLikelihood: -53067.018034
[00:57:45] Bootstrap tree #269, logLikelihood: -53649.770844
[00:57:55] Bootstrap tree #270, logLikelihood: -52629.351496
[00:58:06] Bootstrap tree #271, logLikelihood: -52360.982179
[00:58:17] Bootstrap tree #272, logLikelihood: -52622.967054
[00:58:27] Bootstrap tree #273, logLikelihood: -51298.997906
[00:58:39] Bootstrap tree #274, logLikelihood: -50471.545849
[00:58:52] Bootstrap tree #275, logLikelihood: -51206.128338
[00:59:04] Bootstrap tree #276, logLikelihood: -52181.260221
[00:59:15] Bootstrap tree #277, logLikelihood: -53013.301376
[00:59:28] Bootstrap tree #278, logLikelihood: -52183.878047
[00:59:43] Bootstrap tree #279, logLikelihood: -51808.002409
[00:59:57] Bootstrap tree #280, logLikelihood: -53975.171516
[01:00:10] Bootstrap tree #281, logLikelihood: -53424.979785
[01:00:23] Bootstrap tree #282, logLikelihood: -51844.210533
[01:00:42] Bootstrap tree #283, logLikelihood: -51380.997436
[01:00:54] Bootstrap tree #284, logLikelihood: -52612.300634
[01:01:08] Bootstrap tree #285, logLikelihood: -53439.053607
[01:01:21] Bootstrap tree #286, logLikelihood: -51063.898083
[01:01:36] Bootstrap tree #287, logLikelihood: -52572.247698
[01:01:49] Bootstrap tree #288, logLikelihood: -52477.362532
[01:02:04] Bootstrap tree #289, logLikelihood: -53870.348266
[01:02:18] Bootstrap tree #290, logLikelihood: -52436.548045
[01:02:35] Bootstrap tree #291, logLikelihood: -54209.376554
[01:02:50] Bootstrap tree #292, logLikelihood: -51586.174739
[01:03:05] Bootstrap tree #293, logLikelihood: -54020.093232
[01:03:19] Bootstrap tree #294, logLikelihood: -51712.257121
[01:03:31] Bootstrap tree #295, logLikelihood: -52853.857818
[01:03:45] Bootstrap tree #296, logLikelihood: -53414.306939
[01:03:57] Bootstrap tree #297, logLikelihood: -52492.299856
[01:04:11] Bootstrap tree #298, logLikelihood: -51077.765528
[01:04:25] Bootstrap tree #299, logLikelihood: -53206.253506
[01:04:43] Bootstrap tree #300, logLikelihood: -53004.952467
[01:04:58] Bootstrap tree #301, logLikelihood: -52050.651063
[01:05:12] Bootstrap tree #302, logLikelihood: -53032.049196
[01:05:25] Bootstrap tree #303, logLikelihood: -53147.806711
[01:05:39] Bootstrap tree #304, logLikelihood: -52215.690936
[01:05:51] Bootstrap tree #305, logLikelihood: -53574.134268
[01:06:05] Bootstrap tree #306, logLikelihood: -52738.332440
[01:06:18] Bootstrap tree #307, logLikelihood: -52701.834032
[01:06:31] Bootstrap tree #308, logLikelihood: -52618.205927
[01:06:45] Bootstrap tree #309, logLikelihood: -53917.132775
[01:07:00] Bootstrap tree #310, logLikelihood: -51538.565117
[01:07:13] Bootstrap tree #311, logLikelihood: -53341.646265
[01:07:25] Bootstrap tree #312, logLikelihood: -51305.171959
[01:07:39] Bootstrap tree #313, logLikelihood: -51479.318875
[01:07:52] Bootstrap tree #314, logLikelihood: -51532.698367
[01:08:06] Bootstrap tree #315, logLikelihood: -53051.327970
[01:08:17] Bootstrap tree #316, logLikelihood: -50461.265657
[01:08:31] Bootstrap tree #317, logLikelihood: -53347.704374
[01:08:44] Bootstrap tree #318, logLikelihood: -52597.545899
[01:08:59] Bootstrap tree #319, logLikelihood: -51440.089624
[01:09:12] Bootstrap tree #320, logLikelihood: -54420.799860
[01:09:28] Bootstrap tree #321, logLikelihood: -53073.837061
[01:09:43] Bootstrap tree #322, logLikelihood: -51588.193542
[01:09:58] Bootstrap tree #323, logLikelihood: -51493.344356
[01:10:11] Bootstrap tree #324, logLikelihood: -54273.865111
[01:10:22] Bootstrap tree #325, logLikelihood: -53851.782491
[01:10:38] Bootstrap tree #326, logLikelihood: -52724.137678
[01:10:52] Bootstrap tree #327, logLikelihood: -53544.246486
[01:11:05] Bootstrap tree #328, logLikelihood: -51309.233319
[01:11:18] Bootstrap tree #329, logLikelihood: -51475.770712
[01:11:32] Bootstrap tree #330, logLikelihood: -52080.912540
[01:11:45] Bootstrap tree #331, logLikelihood: -53757.018670
[01:12:01] Bootstrap tree #332, logLikelihood: -53879.222884
[01:12:15] Bootstrap tree #333, logLikelihood: -52152.459464
[01:12:27] Bootstrap tree #334, logLikelihood: -53867.231602
[01:12:41] Bootstrap tree #335, logLikelihood: -52667.746435
[01:12:56] Bootstrap tree #336, logLikelihood: -52507.144338
[01:13:12] Bootstrap tree #337, logLikelihood: -52791.956455
[01:13:24] Bootstrap tree #338, logLikelihood: -52968.610567
[01:13:39] Bootstrap tree #339, logLikelihood: -53362.512868
[01:13:54] Bootstrap tree #340, logLikelihood: -53737.671491
[01:14:08] Bootstrap tree #341, logLikelihood: -51680.319794
[01:14:21] Bootstrap tree #342, logLikelihood: -53058.678188
[01:14:37] Bootstrap tree #343, logLikelihood: -52202.420608
[01:14:49] Bootstrap tree #344, logLikelihood: -53050.033557
[01:15:04] Bootstrap tree #345, logLikelihood: -52047.216177
[01:15:19] Bootstrap tree #346, logLikelihood: -53678.195485
[01:15:30] Bootstrap tree #347, logLikelihood: -53300.256411
[01:15:42] Bootstrap tree #348, logLikelihood: -52711.305225
[01:15:54] Bootstrap tree #349, logLikelihood: -52458.752928
[01:16:05] Bootstrap tree #350, logLikelihood: -53823.576719
[01:16:21] Bootstrap tree #351, logLikelihood: -52843.519195
[01:16:37] Bootstrap tree #352, logLikelihood: -52276.088398
[01:16:52] Bootstrap tree #353, logLikelihood: -53935.548420
[01:17:03] Bootstrap tree #354, logLikelihood: -52432.931477
[01:17:15] Bootstrap tree #355, logLikelihood: -50810.518088
[01:17:29] Bootstrap tree #356, logLikelihood: -52458.273180
[01:17:41] Bootstrap tree #357, logLikelihood: -52526.022655
[01:17:55] Bootstrap tree #358, logLikelihood: -51296.465941
[01:18:05] Bootstrap tree #359, logLikelihood: -52396.594821
[01:18:22] Bootstrap tree #360, logLikelihood: -51772.953588
[01:18:33] Bootstrap tree #361, logLikelihood: -52996.052880
[01:18:46] Bootstrap tree #362, logLikelihood: -53371.583744
[01:18:58] Bootstrap tree #363, logLikelihood: -52365.512691
[01:19:13] Bootstrap tree #364, logLikelihood: -52740.548622
[01:19:26] Bootstrap tree #365, logLikelihood: -51582.209301
[01:19:43] Bootstrap tree #366, logLikelihood: -52161.028150
[01:19:58] Bootstrap tree #367, logLikelihood: -53187.977119
[01:20:13] Bootstrap tree #368, logLikelihood: -54037.737569
[01:20:26] Bootstrap tree #369, logLikelihood: -51826.175779
[01:20:40] Bootstrap tree #370, logLikelihood: -53211.812736
[01:20:50] Bootstrap tree #371, logLikelihood: -52896.854493
[01:21:01] Bootstrap tree #372, logLikelihood: -52501.113796
[01:21:13] Bootstrap tree #373, logLikelihood: -52250.548978
[01:21:25] Bootstrap tree #374, logLikelihood: -53641.768675
[01:21:38] Bootstrap tree #375, logLikelihood: -52607.490077
[01:21:49] Bootstrap tree #376, logLikelihood: -52758.845886
[01:22:01] Bootstrap tree #377, logLikelihood: -52868.167209
[01:22:13] Bootstrap tree #378, logLikelihood: -51900.491114
[01:22:23] Bootstrap tree #379, logLikelihood: -52633.751205
[01:22:37] Bootstrap tree #380, logLikelihood: -53630.831876
[01:22:51] Bootstrap tree #381, logLikelihood: -53534.239187
[01:23:05] Bootstrap tree #382, logLikelihood: -51501.065411
[01:23:20] Bootstrap tree #383, logLikelihood: -53028.485107
[01:23:33] Bootstrap tree #384, logLikelihood: -52556.113612
[01:23:46] Bootstrap tree #385, logLikelihood: -52414.885137
[01:23:57] Bootstrap tree #386, logLikelihood: -53513.087229
[01:24:09] Bootstrap tree #387, logLikelihood: -52174.528009
[01:24:21] Bootstrap tree #388, logLikelihood: -53257.265431
[01:24:35] Bootstrap tree #389, logLikelihood: -52417.716546
[01:24:46] Bootstrap tree #390, logLikelihood: -50820.742560
[01:24:58] Bootstrap tree #391, logLikelihood: -54142.706947
[01:25:11] Bootstrap tree #392, logLikelihood: -52771.003848
[01:25:23] Bootstrap tree #393, logLikelihood: -52919.254387
[01:25:34] Bootstrap tree #394, logLikelihood: -53123.806939
[01:25:49] Bootstrap tree #395, logLikelihood: -53000.323205
[01:26:01] Bootstrap tree #396, logLikelihood: -54380.757584
[01:26:13] Bootstrap tree #397, logLikelihood: -51004.452623
[01:26:24] Bootstrap tree #398, logLikelihood: -50918.169647
[01:26:35] Bootstrap tree #399, logLikelihood: -51475.960018
[01:26:48] Bootstrap tree #400, logLikelihood: -52144.927228
[01:27:00] Bootstrap tree #401, logLikelihood: -51575.880851
[01:27:12] Bootstrap tree #402, logLikelihood: -51953.467712
[01:27:25] Bootstrap tree #403, logLikelihood: -51291.899062
[01:27:39] Bootstrap tree #404, logLikelihood: -54196.053797
[01:27:52] Bootstrap tree #405, logLikelihood: -53276.081202
[01:28:04] Bootstrap tree #406, logLikelihood: -51352.413881
[01:28:19] Bootstrap tree #407, logLikelihood: -52248.001138
[01:28:31] Bootstrap tree #408, logLikelihood: -53385.800722
[01:28:42] Bootstrap tree #409, logLikelihood: -52163.632586
[01:28:53] Bootstrap tree #410, logLikelihood: -51760.632737
[01:29:03] Bootstrap tree #411, logLikelihood: -51165.962150
[01:29:16] Bootstrap tree #412, logLikelihood: -53827.611854
[01:29:28] Bootstrap tree #413, logLikelihood: -52061.896240
[01:29:38] Bootstrap tree #414, logLikelihood: -52114.003380
[01:29:48] Bootstrap tree #415, logLikelihood: -51243.449178
[01:30:01] Bootstrap tree #416, logLikelihood: -52683.708685
[01:30:12] Bootstrap tree #417, logLikelihood: -52405.387109
[01:30:23] Bootstrap tree #418, logLikelihood: -53027.982290
[01:30:34] Bootstrap tree #419, logLikelihood: -51247.824549
[01:30:48] Bootstrap tree #420, logLikelihood: -53059.100284
[01:31:00] Bootstrap tree #421, logLikelihood: -52690.555171
[01:31:13] Bootstrap tree #422, logLikelihood: -52612.673454
[01:31:26] Bootstrap tree #423, logLikelihood: -52241.016901
[01:31:40] Bootstrap tree #424, logLikelihood: -54219.245978
[01:31:53] Bootstrap tree #425, logLikelihood: -51052.265407
[01:32:03] Bootstrap tree #426, logLikelihood: -52314.533286
[01:32:16] Bootstrap tree #427, logLikelihood: -51187.944333
[01:32:26] Bootstrap tree #428, logLikelihood: -52482.319182
[01:32:38] Bootstrap tree #429, logLikelihood: -50780.647076
[01:32:50] Bootstrap tree #430, logLikelihood: -53163.116531
[01:33:02] Bootstrap tree #431, logLikelihood: -53847.229470
[01:33:15] Bootstrap tree #432, logLikelihood: -52257.889306
[01:33:26] Bootstrap tree #433, logLikelihood: -53206.920324
[01:33:40] Bootstrap tree #434, logLikelihood: -52411.354182
[01:33:52] Bootstrap tree #435, logLikelihood: -51991.965658
[01:34:05] Bootstrap tree #436, logLikelihood: -53347.591168
[01:34:16] Bootstrap tree #437, logLikelihood: -52871.134157
[01:34:27] Bootstrap tree #438, logLikelihood: -51405.503488
[01:34:41] Bootstrap tree #439, logLikelihood: -50365.623549
[01:34:53] Bootstrap tree #440, logLikelihood: -51397.522026
[01:35:04] Bootstrap tree #441, logLikelihood: -50950.421051
[01:35:15] Bootstrap tree #442, logLikelihood: -53721.853071
[01:35:26] Bootstrap tree #443, logLikelihood: -53406.750579
[01:35:36] Bootstrap tree #444, logLikelihood: -52060.306718
[01:35:49] Bootstrap tree #445, logLikelihood: -51445.180453
[01:36:01] Bootstrap tree #446, logLikelihood: -52416.461654
[01:36:14] Bootstrap tree #447, logLikelihood: -51208.398874
[01:36:25] Bootstrap tree #448, logLikelihood: -50894.827591
[01:36:37] Bootstrap tree #449, logLikelihood: -52653.464643
[01:36:52] Bootstrap tree #450, logLikelihood: -52880.411688
[01:37:04] Bootstrap tree #451, logLikelihood: -53911.697852
[01:37:15] Bootstrap tree #452, logLikelihood: -53450.594726
[01:37:27] Bootstrap tree #453, logLikelihood: -52654.828617
[01:37:38] Bootstrap tree #454, logLikelihood: -52106.357999
[01:37:50] Bootstrap tree #455, logLikelihood: -52595.205990
[01:38:01] Bootstrap tree #456, logLikelihood: -53202.139083
[01:38:20] Bootstrap tree #457, logLikelihood: -53550.612619
[01:38:29] Bootstrap tree #458, logLikelihood: -53640.913800
[01:38:42] Bootstrap tree #459, logLikelihood: -52139.187423
[01:38:52] Bootstrap tree #460, logLikelihood: -53208.175334
[01:39:03] Bootstrap tree #461, logLikelihood: -53147.814865
[01:39:14] Bootstrap tree #462, logLikelihood: -52540.443893
[01:39:26] Bootstrap tree #463, logLikelihood: -52498.011159
[01:39:41] Bootstrap tree #464, logLikelihood: -51946.259666
[01:39:55] Bootstrap tree #465, logLikelihood: -51231.876076
[01:40:09] Bootstrap tree #466, logLikelihood: -51290.702561
[01:40:21] Bootstrap tree #467, logLikelihood: -53156.140375
[01:40:33] Bootstrap tree #468, logLikelihood: -52578.690977
[01:40:48] Bootstrap tree #469, logLikelihood: -54022.738153
[01:40:58] Bootstrap tree #470, logLikelihood: -53567.901475
[01:41:12] Bootstrap tree #471, logLikelihood: -54407.172712
[01:41:23] Bootstrap tree #472, logLikelihood: -52542.127616
[01:41:35] Bootstrap tree #473, logLikelihood: -53533.544792
[01:41:49] Bootstrap tree #474, logLikelihood: -51981.550272
[01:42:01] Bootstrap tree #475, logLikelihood: -50524.075081
[01:42:12] Bootstrap tree #476, logLikelihood: -53754.512782
[01:42:23] Bootstrap tree #477, logLikelihood: -53259.919867
[01:42:37] Bootstrap tree #478, logLikelihood: -52726.082945
[01:42:48] Bootstrap tree #479, logLikelihood: -52841.190217
[01:42:59] Bootstrap tree #480, logLikelihood: -53248.129938
[01:43:13] Bootstrap tree #481, logLikelihood: -53621.174190
[01:43:25] Bootstrap tree #482, logLikelihood: -50524.981867
[01:43:36] Bootstrap tree #483, logLikelihood: -52171.194920
[01:43:49] Bootstrap tree #484, logLikelihood: -52820.268066
[01:44:00] Bootstrap tree #485, logLikelihood: -51788.382117
[01:44:12] Bootstrap tree #486, logLikelihood: -51705.790256
[01:44:24] Bootstrap tree #487, logLikelihood: -52499.006496
[01:44:36] Bootstrap tree #488, logLikelihood: -52304.265101
[01:44:49] Bootstrap tree #489, logLikelihood: -52401.580449
[01:45:01] Bootstrap tree #490, logLikelihood: -53580.910877
[01:45:14] Bootstrap tree #491, logLikelihood: -52585.705675
[01:45:26] Bootstrap tree #492, logLikelihood: -53037.928263
[01:45:38] Bootstrap tree #493, logLikelihood: -52587.309174
[01:45:49] Bootstrap tree #494, logLikelihood: -53415.385836
[01:46:03] Bootstrap tree #495, logLikelihood: -52807.809437
[01:46:16] Bootstrap tree #496, logLikelihood: -51670.751294
[01:46:26] Bootstrap tree #497, logLikelihood: -52551.619577
[01:46:40] Bootstrap tree #498, logLikelihood: -51819.627053
[01:46:51] Bootstrap tree #499, logLikelihood: -52481.562571
[01:47:02] Bootstrap tree #500, logLikelihood: -53594.263208
[01:47:12] Bootstrap tree #501, logLikelihood: -53305.119070
[01:47:24] Bootstrap tree #502, logLikelihood: -54141.852951
[01:47:39] Bootstrap tree #503, logLikelihood: -52808.270128
[01:47:49] Bootstrap tree #504, logLikelihood: -51238.855543
[01:48:00] Bootstrap tree #505, logLikelihood: -52675.266847
[01:48:13] Bootstrap tree #506, logLikelihood: -53893.387156
[01:48:25] Bootstrap tree #507, logLikelihood: -52641.964556
[01:48:39] Bootstrap tree #508, logLikelihood: -52814.756723
[01:48:52] Bootstrap tree #509, logLikelihood: -53372.735911
[01:49:05] Bootstrap tree #510, logLikelihood: -54020.490761
[01:49:17] Bootstrap tree #511, logLikelihood: -53361.829300
[01:49:28] Bootstrap tree #512, logLikelihood: -53709.340383
[01:49:40] Bootstrap tree #513, logLikelihood: -53315.650093
[01:49:56] Bootstrap tree #514, logLikelihood: -51251.894465
[01:50:12] Bootstrap tree #515, logLikelihood: -53132.256530
[01:50:24] Bootstrap tree #516, logLikelihood: -54554.875388
[01:50:34] Bootstrap tree #517, logLikelihood: -52810.325438
[01:50:49] Bootstrap tree #518, logLikelihood: -53317.651704
[01:51:02] Bootstrap tree #519, logLikelihood: -52044.077058
[01:51:13] Bootstrap tree #520, logLikelihood: -52453.597671
[01:51:25] Bootstrap tree #521, logLikelihood: -52328.107612
[01:51:38] Bootstrap tree #522, logLikelihood: -55086.700442
[01:51:50] Bootstrap tree #523, logLikelihood: -52490.979480
[01:52:05] Bootstrap tree #524, logLikelihood: -54164.052668
[01:52:16] Bootstrap tree #525, logLikelihood: -52653.551650
[01:52:26] Bootstrap tree #526, logLikelihood: -51734.550336
[01:52:40] Bootstrap tree #527, logLikelihood: -51713.834665
[01:52:51] Bootstrap tree #528, logLikelihood: -52351.466973
[01:53:02] Bootstrap tree #529, logLikelihood: -53277.270786
[01:53:14] Bootstrap tree #530, logLikelihood: -53483.762400
[01:53:25] Bootstrap tree #531, logLikelihood: -51302.517190
[01:53:36] Bootstrap tree #532, logLikelihood: -53383.801994
[01:53:47] Bootstrap tree #533, logLikelihood: -51780.235453
[01:54:02] Bootstrap tree #534, logLikelihood: -52852.689543
[01:54:14] Bootstrap tree #535, logLikelihood: -52416.382751
[01:54:27] Bootstrap tree #536, logLikelihood: -52893.958285
[01:54:39] Bootstrap tree #537, logLikelihood: -52371.984915
[01:54:50] Bootstrap tree #538, logLikelihood: -52833.756623
[01:55:00] Bootstrap tree #539, logLikelihood: -51855.036129
[01:55:12] Bootstrap tree #540, logLikelihood: -50864.918665
[01:55:24] Bootstrap tree #541, logLikelihood: -52072.922312
[01:55:38] Bootstrap tree #542, logLikelihood: -54093.742664
[01:55:50] Bootstrap tree #543, logLikelihood: -53419.836384
[01:56:02] Bootstrap tree #544, logLikelihood: -54129.837476
[01:56:15] Bootstrap tree #545, logLikelihood: -52373.916822
[01:56:26] Bootstrap tree #546, logLikelihood: -51941.128613
[01:56:38] Bootstrap tree #547, logLikelihood: -54288.773019
[01:56:51] Bootstrap tree #548, logLikelihood: -52494.655338
[01:57:02] Bootstrap tree #549, logLikelihood: -52931.791374
[01:57:14] Bootstrap tree #550, logLikelihood: -52926.182282
[01:57:30] Bootstrap tree #551, logLikelihood: -52702.586223
[01:57:42] Bootstrap tree #552, logLikelihood: -52530.376874
[01:57:59] Bootstrap tree #553, logLikelihood: -53068.779463
[01:58:13] Bootstrap tree #554, logLikelihood: -51636.741559
[01:58:26] Bootstrap tree #555, logLikelihood: -51211.179469
[01:58:42] Bootstrap tree #556, logLikelihood: -52627.236425
[01:58:55] Bootstrap tree #557, logLikelihood: -50958.326885
[01:59:11] Bootstrap tree #558, logLikelihood: -53056.307429
[01:59:24] Bootstrap tree #559, logLikelihood: -52741.874974
[01:59:37] Bootstrap tree #560, logLikelihood: -52847.709108
[01:59:50] Bootstrap tree #561, logLikelihood: -51925.766137
[02:00:06] Bootstrap tree #562, logLikelihood: -53586.792707
[02:00:20] Bootstrap tree #563, logLikelihood: -51139.626041
[02:00:36] Bootstrap tree #564, logLikelihood: -52978.554096
[02:00:53] Bootstrap tree #565, logLikelihood: -53045.123017
[02:01:06] Bootstrap tree #566, logLikelihood: -52923.647317
[02:01:19] Bootstrap tree #567, logLikelihood: -53579.070297
[02:01:33] Bootstrap tree #568, logLikelihood: -53468.073211
[02:01:49] Bootstrap tree #569, logLikelihood: -53822.874168
[02:02:03] Bootstrap tree #570, logLikelihood: -52493.211926
[02:02:16] Bootstrap tree #571, logLikelihood: -53722.489558
[02:02:32] Bootstrap tree #572, logLikelihood: -52561.745319
[02:02:46] Bootstrap tree #573, logLikelihood: -52092.420303
[02:03:00] Bootstrap tree #574, logLikelihood: -53813.912344
[02:03:14] Bootstrap tree #575, logLikelihood: -52272.693226
[02:03:31] Bootstrap tree #576, logLikelihood: -54125.071504
[02:03:48] Bootstrap tree #577, logLikelihood: -50183.196101
[02:04:01] Bootstrap tree #578, logLikelihood: -54317.324687
[02:04:14] Bootstrap tree #579, logLikelihood: -53934.312456
[02:04:25] Bootstrap tree #580, logLikelihood: -51343.485864
[02:04:38] Bootstrap tree #581, logLikelihood: -51767.259712
[02:04:53] Bootstrap tree #582, logLikelihood: -53848.134914
[02:05:06] Bootstrap tree #583, logLikelihood: -51223.604655
[02:05:18] Bootstrap tree #584, logLikelihood: -53708.647509
[02:05:30] Bootstrap tree #585, logLikelihood: -53414.706492
[02:05:43] Bootstrap tree #586, logLikelihood: -52364.230429
[02:05:58] Bootstrap tree #587, logLikelihood: -51880.123927
[02:06:13] Bootstrap tree #588, logLikelihood: -51789.318057
[02:06:27] Bootstrap tree #589, logLikelihood: -53511.032045
[02:06:38] Bootstrap tree #590, logLikelihood: -51653.721176
[02:06:51] Bootstrap tree #591, logLikelihood: -54899.101982
[02:07:04] Bootstrap tree #592, logLikelihood: -52565.748392
[02:07:19] Bootstrap tree #593, logLikelihood: -51459.274373
[02:07:31] Bootstrap tree #594, logLikelihood: -52437.853312
[02:07:46] Bootstrap tree #595, logLikelihood: -53118.360474
[02:07:58] Bootstrap tree #596, logLikelihood: -51471.143254
[02:08:13] Bootstrap tree #597, logLikelihood: -52600.123727
[02:08:29] Bootstrap tree #598, logLikelihood: -51267.161414
[02:08:41] Bootstrap tree #599, logLikelihood: -52667.667755
[02:08:55] Bootstrap tree #600, logLikelihood: -51224.044014
[02:09:10] Bootstrap tree #601, logLikelihood: -53792.839090
[02:09:20] Bootstrap tree #602, logLikelihood: -53446.179426
[02:09:34] Bootstrap tree #603, logLikelihood: -53316.169522
[02:09:48] Bootstrap tree #604, logLikelihood: -53490.937282
[02:10:01] Bootstrap tree #605, logLikelihood: -51644.918943
[02:10:16] Bootstrap tree #606, logLikelihood: -53591.026765
[02:10:27] Bootstrap tree #607, logLikelihood: -52414.862189
[02:10:43] Bootstrap tree #608, logLikelihood: -52360.601797
[02:10:58] Bootstrap tree #609, logLikelihood: -53274.078235
[02:11:12] Bootstrap tree #610, logLikelihood: -53185.618904
[02:11:24] Bootstrap tree #611, logLikelihood: -51732.630730
[02:11:38] Bootstrap tree #612, logLikelihood: -52838.532491
[02:11:53] Bootstrap tree #613, logLikelihood: -51819.460057
[02:12:06] Bootstrap tree #614, logLikelihood: -50798.819025
[02:12:20] Bootstrap tree #615, logLikelihood: -50606.900439
[02:12:35] Bootstrap tree #616, logLikelihood: -52464.766892
[02:12:49] Bootstrap tree #617, logLikelihood: -53371.356884
[02:13:03] Bootstrap tree #618, logLikelihood: -53375.527234
[02:13:18] Bootstrap tree #619, logLikelihood: -53334.969408
[02:13:33] Bootstrap tree #620, logLikelihood: -50402.135476
[02:13:45] Bootstrap tree #621, logLikelihood: -52976.186653
[02:13:59] Bootstrap tree #622, logLikelihood: -51894.176192
[02:14:14] Bootstrap tree #623, logLikelihood: -52135.354722
[02:14:27] Bootstrap tree #624, logLikelihood: -52928.504679
[02:14:41] Bootstrap tree #625, logLikelihood: -52125.353588
[02:14:58] Bootstrap tree #626, logLikelihood: -51576.287407
[02:15:10] Bootstrap tree #627, logLikelihood: -51875.160954
[02:15:23] Bootstrap tree #628, logLikelihood: -52276.996126
[02:15:35] Bootstrap tree #629, logLikelihood: -53938.765375
[02:15:51] Bootstrap tree #630, logLikelihood: -53285.039989
[02:16:06] Bootstrap tree #631, logLikelihood: -51926.598454
[02:16:20] Bootstrap tree #632, logLikelihood: -52295.245182
[02:16:33] Bootstrap tree #633, logLikelihood: -52300.661548
[02:16:46] Bootstrap tree #634, logLikelihood: -53962.132122
[02:17:03] Bootstrap tree #635, logLikelihood: -52962.624599
[02:17:16] Bootstrap tree #636, logLikelihood: -51472.703350
[02:17:31] Bootstrap tree #637, logLikelihood: -51111.806368
[02:17:46] Bootstrap tree #638, logLikelihood: -52198.406706
[02:18:02] Bootstrap tree #639, logLikelihood: -53106.497807
[02:18:18] Bootstrap tree #640, logLikelihood: -52393.576421
[02:18:37] Bootstrap tree #641, logLikelihood: -52477.210439
[02:18:50] Bootstrap tree #642, logLikelihood: -52472.727340
[02:19:06] Bootstrap tree #643, logLikelihood: -51349.511733
[02:19:19] Bootstrap tree #644, logLikelihood: -53304.431953
[02:19:30] Bootstrap tree #645, logLikelihood: -52428.325602
[02:19:41] Bootstrap tree #646, logLikelihood: -52351.152358
[02:19:54] Bootstrap tree #647, logLikelihood: -51806.404370
[02:20:07] Bootstrap tree #648, logLikelihood: -51868.407056
[02:20:19] Bootstrap tree #649, logLikelihood: -51337.497203
[02:20:29] Bootstrap tree #650, logLikelihood: -52533.879254
[02:20:43] Bootstrap tree #651, logLikelihood: -53899.568481
[02:20:55] Bootstrap tree #652, logLikelihood: -52621.726372
[02:21:07] Bootstrap tree #653, logLikelihood: -52157.634221
[02:21:19] Bootstrap tree #654, logLikelihood: -53008.437932
[02:21:31] Bootstrap tree #655, logLikelihood: -52605.183276
[02:21:44] Bootstrap tree #656, logLikelihood: -49940.939098
[02:21:55] Bootstrap tree #657, logLikelihood: -50214.626302
[02:22:06] Bootstrap tree #658, logLikelihood: -51238.193080
[02:22:18] Bootstrap tree #659, logLikelihood: -52215.232270
[02:22:30] Bootstrap tree #660, logLikelihood: -52075.305130
[02:22:42] Bootstrap tree #661, logLikelihood: -51233.660564
[02:22:54] Bootstrap tree #662, logLikelihood: -51955.170606
[02:23:05] Bootstrap tree #663, logLikelihood: -51023.898383
[02:23:17] Bootstrap tree #664, logLikelihood: -51643.722130
[02:23:28] Bootstrap tree #665, logLikelihood: -53146.875754
[02:23:43] Bootstrap tree #666, logLikelihood: -52245.482993
[02:23:54] Bootstrap tree #667, logLikelihood: -53879.311768
[02:24:05] Bootstrap tree #668, logLikelihood: -52966.857309
[02:24:18] Bootstrap tree #669, logLikelihood: -52811.236290
[02:24:28] Bootstrap tree #670, logLikelihood: -51879.728233
[02:24:39] Bootstrap tree #671, logLikelihood: -54410.081569
[02:24:51] Bootstrap tree #672, logLikelihood: -51954.126031
[02:25:02] Bootstrap tree #673, logLikelihood: -53115.226264
[02:25:12] Bootstrap tree #674, logLikelihood: -52986.282955
[02:25:25] Bootstrap tree #675, logLikelihood: -52976.346590
[02:25:38] Bootstrap tree #676, logLikelihood: -53049.494604
[02:25:49] Bootstrap tree #677, logLikelihood: -51901.160324
[02:26:04] Bootstrap tree #678, logLikelihood: -51297.539461
[02:26:14] Bootstrap tree #679, logLikelihood: -52061.502526
[02:26:26] Bootstrap tree #680, logLikelihood: -52378.071391
[02:26:37] Bootstrap tree #681, logLikelihood: -51825.136192
[02:26:51] Bootstrap tree #682, logLikelihood: -51816.171138
[02:27:04] Bootstrap tree #683, logLikelihood: -51874.271457
[02:27:15] Bootstrap tree #684, logLikelihood: -51865.794723
[02:27:27] Bootstrap tree #685, logLikelihood: -52720.295414
[02:27:40] Bootstrap tree #686, logLikelihood: -52144.790130
[02:27:51] Bootstrap tree #687, logLikelihood: -51825.898909
[02:28:03] Bootstrap tree #688, logLikelihood: -50637.913806
[02:28:17] Bootstrap tree #689, logLikelihood: -52625.080328
[02:28:30] Bootstrap tree #690, logLikelihood: -51776.812220
[02:28:41] Bootstrap tree #691, logLikelihood: -52871.008350
[02:28:59] Bootstrap tree #692, logLikelihood: -52371.481672
[02:29:11] Bootstrap tree #693, logLikelihood: -52619.655384
[02:29:24] Bootstrap tree #694, logLikelihood: -54253.941358
[02:29:37] Bootstrap tree #695, logLikelihood: -52924.606281
[02:29:48] Bootstrap tree #696, logLikelihood: -52361.303759
[02:29:59] Bootstrap tree #697, logLikelihood: -52970.390733
[02:30:10] Bootstrap tree #698, logLikelihood: -53914.422343
[02:30:21] Bootstrap tree #699, logLikelihood: -51665.087690
[02:30:34] Bootstrap tree #700, logLikelihood: -53896.566006
[02:30:48] Bootstrap tree #701, logLikelihood: -51407.556232
[02:31:00] Bootstrap tree #702, logLikelihood: -52299.053352
[02:31:11] Bootstrap tree #703, logLikelihood: -52208.061798
[02:31:23] Bootstrap tree #704, logLikelihood: -52815.432699
[02:31:34] Bootstrap tree #705, logLikelihood: -52681.881750
[02:31:47] Bootstrap tree #706, logLikelihood: -53269.664083
[02:31:59] Bootstrap tree #707, logLikelihood: -52264.571244
[02:32:09] Bootstrap tree #708, logLikelihood: -50599.167638
[02:32:21] Bootstrap tree #709, logLikelihood: -52003.726918
[02:32:35] Bootstrap tree #710, logLikelihood: -51729.673510
[02:32:46] Bootstrap tree #711, logLikelihood: -52435.816348
[02:32:58] Bootstrap tree #712, logLikelihood: -53881.575452
[02:33:10] Bootstrap tree #713, logLikelihood: -54240.917710
[02:33:23] Bootstrap tree #714, logLikelihood: -51602.455824
[02:33:35] Bootstrap tree #715, logLikelihood: -51121.144584
[02:33:48] Bootstrap tree #716, logLikelihood: -52412.855237
[02:34:01] Bootstrap tree #717, logLikelihood: -53364.745417
[02:34:12] Bootstrap tree #718, logLikelihood: -52560.999169
[02:34:23] Bootstrap tree #719, logLikelihood: -52424.279139
[02:34:37] Bootstrap tree #720, logLikelihood: -52437.876106
[02:34:50] Bootstrap tree #721, logLikelihood: -52545.195446
[02:35:00] Bootstrap tree #722, logLikelihood: -53622.529361
[02:35:11] Bootstrap tree #723, logLikelihood: -51943.213129
[02:35:23] Bootstrap tree #724, logLikelihood: -53386.626500
[02:35:34] Bootstrap tree #725, logLikelihood: -52787.527675
[02:35:48] Bootstrap tree #726, logLikelihood: -54034.594816
[02:36:01] Bootstrap tree #727, logLikelihood: -51670.697756
[02:36:15] Bootstrap tree #728, logLikelihood: -51573.908351
[02:36:26] Bootstrap tree #729, logLikelihood: -51932.722575
[02:36:38] Bootstrap tree #730, logLikelihood: -53201.272561
[02:36:51] Bootstrap tree #731, logLikelihood: -51371.560424
[02:37:04] Bootstrap tree #732, logLikelihood: -51529.798296
[02:37:16] Bootstrap tree #733, logLikelihood: -51387.596999
[02:37:27] Bootstrap tree #734, logLikelihood: -52825.052714
[02:37:38] Bootstrap tree #735, logLikelihood: -52080.294206
[02:37:53] Bootstrap tree #736, logLikelihood: -52706.490671
[02:38:03] Bootstrap tree #737, logLikelihood: -53357.703337
[02:38:16] Bootstrap tree #738, logLikelihood: -53111.481112
[02:38:29] Bootstrap tree #739, logLikelihood: -55424.693184
[02:38:41] Bootstrap tree #740, logLikelihood: -54651.655673
[02:38:55] Bootstrap tree #741, logLikelihood: -53798.647804
[02:39:06] Bootstrap tree #742, logLikelihood: -52429.491269
[02:39:18] Bootstrap tree #743, logLikelihood: -53090.178177
[02:39:29] Bootstrap tree #744, logLikelihood: -52934.065723
[02:39:41] Bootstrap tree #745, logLikelihood: -52853.108786
[02:39:53] Bootstrap tree #746, logLikelihood: -52885.934916
[02:40:04] Bootstrap tree #747, logLikelihood: -52964.770596
[02:40:20] Bootstrap tree #748, logLikelihood: -53260.758025
[02:40:31] Bootstrap tree #749, logLikelihood: -52041.388165
[02:40:43] Bootstrap tree #750, logLikelihood: -50969.719457
[02:40:57] Bootstrap tree #751, logLikelihood: -52299.601821
[02:41:13] Bootstrap tree #752, logLikelihood: -52857.947393
[02:41:24] Bootstrap tree #753, logLikelihood: -51898.838685
[02:41:34] Bootstrap tree #754, logLikelihood: -51210.348733
[02:41:46] Bootstrap tree #755, logLikelihood: -54204.952311
[02:41:57] Bootstrap tree #756, logLikelihood: -51487.124523
[02:42:10] Bootstrap tree #757, logLikelihood: -52277.635270
[02:42:21] Bootstrap tree #758, logLikelihood: -53646.078569
[02:42:32] Bootstrap tree #759, logLikelihood: -53894.830672
[02:42:44] Bootstrap tree #760, logLikelihood: -52737.444673
[02:42:56] Bootstrap tree #761, logLikelihood: -51427.675793
[02:43:08] Bootstrap tree #762, logLikelihood: -50284.276806
[02:43:21] Bootstrap tree #763, logLikelihood: -53683.391509
[02:43:35] Bootstrap tree #764, logLikelihood: -51351.112930
[02:43:46] Bootstrap tree #765, logLikelihood: -51863.185307
[02:43:58] Bootstrap tree #766, logLikelihood: -52871.172454
[02:44:09] Bootstrap tree #767, logLikelihood: -52484.154332
[02:44:20] Bootstrap tree #768, logLikelihood: -51885.510716
[02:44:32] Bootstrap tree #769, logLikelihood: -51422.919516
[02:44:43] Bootstrap tree #770, logLikelihood: -50819.791357
[02:44:56] Bootstrap tree #771, logLikelihood: -52339.184721
[02:45:08] Bootstrap tree #772, logLikelihood: -53033.552806
[02:45:19] Bootstrap tree #773, logLikelihood: -52293.363511
[02:45:31] Bootstrap tree #774, logLikelihood: -52574.836380
[02:45:42] Bootstrap tree #775, logLikelihood: -52001.657810
[02:45:55] Bootstrap tree #776, logLikelihood: -51720.180718
[02:46:09] Bootstrap tree #777, logLikelihood: -53360.025672
[02:46:21] Bootstrap tree #778, logLikelihood: -51240.315509
[02:46:33] Bootstrap tree #779, logLikelihood: -52140.659391
[02:46:46] Bootstrap tree #780, logLikelihood: -53706.916878
[02:46:59] Bootstrap tree #781, logLikelihood: -53078.805401
[02:47:11] Bootstrap tree #782, logLikelihood: -52543.515377
[02:47:23] Bootstrap tree #783, logLikelihood: -51187.322891
[02:47:36] Bootstrap tree #784, logLikelihood: -51139.514924
[02:47:49] Bootstrap tree #785, logLikelihood: -52926.714060
[02:48:03] Bootstrap tree #786, logLikelihood: -54048.875989
[02:48:16] Bootstrap tree #787, logLikelihood: -51885.737950
[02:48:33] Bootstrap tree #788, logLikelihood: -52586.037568
[02:48:44] Bootstrap tree #789, logLikelihood: -53491.784097
[02:48:54] Bootstrap tree #790, logLikelihood: -52556.063635
[02:49:08] Bootstrap tree #791, logLikelihood: -53434.099812
[02:49:20] Bootstrap tree #792, logLikelihood: -52836.586575
[02:49:35] Bootstrap tree #793, logLikelihood: -53635.438916
[02:49:46] Bootstrap tree #794, logLikelihood: -53296.649043
[02:49:56] Bootstrap tree #795, logLikelihood: -52405.343925
[02:50:10] Bootstrap tree #796, logLikelihood: -51439.379604
[02:50:24] Bootstrap tree #797, logLikelihood: -52839.449317
[02:50:35] Bootstrap tree #798, logLikelihood: -51664.625150
[02:50:48] Bootstrap tree #799, logLikelihood: -52149.105235
[02:51:04] Bootstrap tree #800, logLikelihood: -52451.732809
[02:51:16] Bootstrap tree #801, logLikelihood: -53769.272393
[02:51:30] Bootstrap tree #802, logLikelihood: -51717.145701
[02:51:44] Bootstrap tree #803, logLikelihood: -52398.378834
[02:51:57] Bootstrap tree #804, logLikelihood: -52480.329523
[02:52:09] Bootstrap tree #805, logLikelihood: -53368.712273
[02:52:22] Bootstrap tree #806, logLikelihood: -51788.240728
[02:52:35] Bootstrap tree #807, logLikelihood: -52280.576919
[02:52:46] Bootstrap tree #808, logLikelihood: -51383.102035
[02:52:59] Bootstrap tree #809, logLikelihood: -52919.932967
[02:53:12] Bootstrap tree #810, logLikelihood: -52398.830574
[02:53:24] Bootstrap tree #811, logLikelihood: -52758.146598
[02:53:38] Bootstrap tree #812, logLikelihood: -53535.550219
[02:53:50] Bootstrap tree #813, logLikelihood: -53284.415349
[02:54:02] Bootstrap tree #814, logLikelihood: -52306.006920
[02:54:12] Bootstrap tree #815, logLikelihood: -50978.552712
[02:54:30] Bootstrap tree #816, logLikelihood: -52385.605804
[02:54:41] Bootstrap tree #817, logLikelihood: -53299.464696
[02:54:51] Bootstrap tree #818, logLikelihood: -50953.977486
[02:55:04] Bootstrap tree #819, logLikelihood: -51460.091299
[02:55:16] Bootstrap tree #820, logLikelihood: -52846.775859
[02:55:27] Bootstrap tree #821, logLikelihood: -52439.572578
[02:55:42] Bootstrap tree #822, logLikelihood: -53139.018820
[02:55:56] Bootstrap tree #823, logLikelihood: -53306.384828
[02:56:11] Bootstrap tree #824, logLikelihood: -53207.755321
[02:56:21] Bootstrap tree #825, logLikelihood: -52529.082860
[02:56:32] Bootstrap tree #826, logLikelihood: -52721.809137
[02:56:47] Bootstrap tree #827, logLikelihood: -51420.245534
[02:56:58] Bootstrap tree #828, logLikelihood: -51427.970230
[02:57:15] Bootstrap tree #829, logLikelihood: -51630.493855
[02:57:26] Bootstrap tree #830, logLikelihood: -51703.170983
[02:57:39] Bootstrap tree #831, logLikelihood: -51467.656904
[02:57:49] Bootstrap tree #832, logLikelihood: -52913.025064
[02:58:02] Bootstrap tree #833, logLikelihood: -52332.975918
[02:58:14] Bootstrap tree #834, logLikelihood: -51900.513498
[02:58:25] Bootstrap tree #835, logLikelihood: -53274.462279
[02:58:37] Bootstrap tree #836, logLikelihood: -51937.849724
[02:58:47] Bootstrap tree #837, logLikelihood: -52433.296467
[02:58:58] Bootstrap tree #838, logLikelihood: -52529.776934
[02:59:10] Bootstrap tree #839, logLikelihood: -52108.878531
[02:59:21] Bootstrap tree #840, logLikelihood: -53586.291749
[02:59:33] Bootstrap tree #841, logLikelihood: -52181.825493
[02:59:47] Bootstrap tree #842, logLikelihood: -52696.535805
[02:59:58] Bootstrap tree #843, logLikelihood: -50956.403909
[03:00:10] Bootstrap tree #844, logLikelihood: -52631.575645
[03:00:24] Bootstrap tree #845, logLikelihood: -53261.604207
[03:00:36] Bootstrap tree #846, logLikelihood: -53002.088471
[03:00:48] Bootstrap tree #847, logLikelihood: -52223.237892
[03:00:59] Bootstrap tree #848, logLikelihood: -53645.664631
[03:01:11] Bootstrap tree #849, logLikelihood: -52647.802766
[03:01:24] Bootstrap tree #850, logLikelihood: -52802.558709
[03:01:40] Bootstrap tree #851, logLikelihood: -54849.653266
[03:01:50] Bootstrap tree #852, logLikelihood: -52955.918099
[03:02:02] Bootstrap tree #853, logLikelihood: -54216.217566
[03:02:17] Bootstrap tree #854, logLikelihood: -53237.763558
[03:02:29] Bootstrap tree #855, logLikelihood: -53701.845265
[03:02:43] Bootstrap tree #856, logLikelihood: -52430.425892
[03:03:00] Bootstrap tree #857, logLikelihood: -50724.001262
[03:03:13] Bootstrap tree #858, logLikelihood: -53041.024830
[03:03:27] Bootstrap tree #859, logLikelihood: -54447.868479
[03:03:38] Bootstrap tree #860, logLikelihood: -53443.720035
[03:03:51] Bootstrap tree #861, logLikelihood: -53303.200371
[03:04:06] Bootstrap tree #862, logLikelihood: -52845.461158
[03:04:19] Bootstrap tree #863, logLikelihood: -51959.087470
[03:04:34] Bootstrap tree #864, logLikelihood: -52566.719385
[03:04:45] Bootstrap tree #865, logLikelihood: -52988.601236
[03:04:57] Bootstrap tree #866, logLikelihood: -52286.999293
[03:05:09] Bootstrap tree #867, logLikelihood: -52947.146391
[03:05:22] Bootstrap tree #868, logLikelihood: -53811.659646
[03:05:35] Bootstrap tree #869, logLikelihood: -53395.596429
[03:05:47] Bootstrap tree #870, logLikelihood: -53599.228892
[03:06:01] Bootstrap tree #871, logLikelihood: -52052.600245
[03:06:13] Bootstrap tree #872, logLikelihood: -53570.773036
[03:06:24] Bootstrap tree #873, logLikelihood: -52765.592321
[03:06:34] Bootstrap tree #874, logLikelihood: -52411.319510
[03:06:50] Bootstrap tree #875, logLikelihood: -51924.581892
[03:07:02] Bootstrap tree #876, logLikelihood: -52160.143789
[03:07:13] Bootstrap tree #877, logLikelihood: -51928.433732
[03:07:26] Bootstrap tree #878, logLikelihood: -52097.903326
[03:07:36] Bootstrap tree #879, logLikelihood: -53529.199802
[03:07:51] Bootstrap tree #880, logLikelihood: -52552.589617
[03:08:02] Bootstrap tree #881, logLikelihood: -52579.352878
[03:08:15] Bootstrap tree #882, logLikelihood: -53020.216038
[03:08:27] Bootstrap tree #883, logLikelihood: -51014.574798
[03:08:39] Bootstrap tree #884, logLikelihood: -51971.549629
[03:08:52] Bootstrap tree #885, logLikelihood: -51223.403266
[03:09:03] Bootstrap tree #886, logLikelihood: -52522.552213
[03:09:18] Bootstrap tree #887, logLikelihood: -53795.674712
[03:09:30] Bootstrap tree #888, logLikelihood: -54002.176166
[03:09:42] Bootstrap tree #889, logLikelihood: -52792.350386
[03:09:53] Bootstrap tree #890, logLikelihood: -54142.350147
[03:10:07] Bootstrap tree #891, logLikelihood: -52126.035361
[03:10:18] Bootstrap tree #892, logLikelihood: -52428.640749
[03:10:32] Bootstrap tree #893, logLikelihood: -53208.555987
[03:10:44] Bootstrap tree #894, logLikelihood: -53715.914536
[03:10:58] Bootstrap tree #895, logLikelihood: -52765.007473
[03:11:10] Bootstrap tree #896, logLikelihood: -52458.134058
[03:11:21] Bootstrap tree #897, logLikelihood: -51551.641750
[03:11:35] Bootstrap tree #898, logLikelihood: -53150.142003
[03:11:47] Bootstrap tree #899, logLikelihood: -53741.526329
[03:11:58] Bootstrap tree #900, logLikelihood: -51674.018176
[03:12:10] Bootstrap tree #901, logLikelihood: -52668.937010
[03:12:22] Bootstrap tree #902, logLikelihood: -52732.655994
[03:12:35] Bootstrap tree #903, logLikelihood: -52331.727407
[03:12:48] Bootstrap tree #904, logLikelihood: -53013.248142
[03:13:05] Bootstrap tree #905, logLikelihood: -52554.213225
[03:13:16] Bootstrap tree #906, logLikelihood: -52582.278842
[03:13:27] Bootstrap tree #907, logLikelihood: -52971.995679
[03:13:40] Bootstrap tree #908, logLikelihood: -53126.061933
[03:13:53] Bootstrap tree #909, logLikelihood: -52445.204756
[03:14:07] Bootstrap tree #910, logLikelihood: -51448.667912
[03:14:19] Bootstrap tree #911, logLikelihood: -51025.969037
[03:14:29] Bootstrap tree #912, logLikelihood: -53087.384688
[03:14:43] Bootstrap tree #913, logLikelihood: -53234.485361
[03:14:58] Bootstrap tree #914, logLikelihood: -52661.187850
[03:15:09] Bootstrap tree #915, logLikelihood: -53917.026757
[03:15:21] Bootstrap tree #916, logLikelihood: -53949.558303
[03:15:32] Bootstrap tree #917, logLikelihood: -52524.379873
[03:15:48] Bootstrap tree #918, logLikelihood: -52507.311009
[03:16:01] Bootstrap tree #919, logLikelihood: -52522.810354
[03:16:13] Bootstrap tree #920, logLikelihood: -52724.247540
[03:16:26] Bootstrap tree #921, logLikelihood: -52650.051903
[03:16:39] Bootstrap tree #922, logLikelihood: -53716.249999
[03:16:51] Bootstrap tree #923, logLikelihood: -52130.730149
[03:17:04] Bootstrap tree #924, logLikelihood: -53342.002747
[03:17:19] Bootstrap tree #925, logLikelihood: -51843.698181
[03:17:36] Bootstrap tree #926, logLikelihood: -51483.844118
[03:17:48] Bootstrap tree #927, logLikelihood: -51076.058530
[03:18:00] Bootstrap tree #928, logLikelihood: -51147.487503
[03:18:12] Bootstrap tree #929, logLikelihood: -51355.027611
[03:18:22] Bootstrap tree #930, logLikelihood: -51864.459142
[03:18:36] Bootstrap tree #931, logLikelihood: -52019.699313
[03:18:50] Bootstrap tree #932, logLikelihood: -53396.939330
[03:19:02] Bootstrap tree #933, logLikelihood: -53355.999683
[03:19:14] Bootstrap tree #934, logLikelihood: -52301.207688
[03:19:26] Bootstrap tree #935, logLikelihood: -52715.805760
[03:19:39] Bootstrap tree #936, logLikelihood: -53511.640314
[03:19:50] Bootstrap tree #937, logLikelihood: -52783.463587
[03:20:01] Bootstrap tree #938, logLikelihood: -50831.985278
[03:20:14] Bootstrap tree #939, logLikelihood: -52352.452686
[03:20:28] Bootstrap tree #940, logLikelihood: -52065.039489
[03:20:43] Bootstrap tree #941, logLikelihood: -51322.874269
[03:20:58] Bootstrap tree #942, logLikelihood: -52175.394200
[03:21:11] Bootstrap tree #943, logLikelihood: -51628.909130
[03:21:24] Bootstrap tree #944, logLikelihood: -53067.969340
[03:21:38] Bootstrap tree #945, logLikelihood: -52889.547551
[03:21:49] Bootstrap tree #946, logLikelihood: -54302.526867
[03:22:00] Bootstrap tree #947, logLikelihood: -52958.613878
[03:22:14] Bootstrap tree #948, logLikelihood: -53036.981588
[03:22:25] Bootstrap tree #949, logLikelihood: -53314.275336
[03:22:38] Bootstrap tree #950, logLikelihood: -53420.638210
[03:22:51] Bootstrap tree #951, logLikelihood: -53283.523516
[03:23:04] Bootstrap tree #952, logLikelihood: -52076.788893
[03:23:18] Bootstrap tree #953, logLikelihood: -52114.553690
[03:23:32] Bootstrap tree #954, logLikelihood: -54619.350903
[03:23:46] Bootstrap tree #955, logLikelihood: -52225.189308
[03:23:59] Bootstrap tree #956, logLikelihood: -53118.949940
[03:24:11] Bootstrap tree #957, logLikelihood: -52073.080950
[03:24:23] Bootstrap tree #958, logLikelihood: -52305.733464
[03:24:34] Bootstrap tree #959, logLikelihood: -52514.453729
[03:24:46] Bootstrap tree #960, logLikelihood: -52501.673465
[03:24:58] Bootstrap tree #961, logLikelihood: -50726.414110
[03:25:12] Bootstrap tree #962, logLikelihood: -52251.307950
[03:25:25] Bootstrap tree #963, logLikelihood: -53095.832326
[03:25:37] Bootstrap tree #964, logLikelihood: -51936.836280
[03:25:51] Bootstrap tree #965, logLikelihood: -52034.497136
[03:26:04] Bootstrap tree #966, logLikelihood: -53371.142474
[03:26:14] Bootstrap tree #967, logLikelihood: -51716.461750
[03:26:26] Bootstrap tree #968, logLikelihood: -52103.672958
[03:26:37] Bootstrap tree #969, logLikelihood: -51972.121864
[03:26:50] Bootstrap tree #970, logLikelihood: -51894.180124
[03:27:00] Bootstrap tree #971, logLikelihood: -52230.701285
[03:27:13] Bootstrap tree #972, logLikelihood: -52602.537230
[03:27:27] Bootstrap tree #973, logLikelihood: -52413.742625
[03:27:38] Bootstrap tree #974, logLikelihood: -52764.618400
[03:27:50] Bootstrap tree #975, logLikelihood: -52064.773212
[03:28:03] Bootstrap tree #976, logLikelihood: -51261.174820
[03:28:14] Bootstrap tree #977, logLikelihood: -54745.333262
[03:28:28] Bootstrap tree #978, logLikelihood: -52418.378029
[03:28:39] Bootstrap tree #979, logLikelihood: -53265.069419
[03:28:50] Bootstrap tree #980, logLikelihood: -52815.897749
[03:29:03] Bootstrap tree #981, logLikelihood: -52498.655538
[03:29:15] Bootstrap tree #982, logLikelihood: -52299.352534
[03:29:30] Bootstrap tree #983, logLikelihood: -52311.191691
[03:29:43] Bootstrap tree #984, logLikelihood: -54016.444596
[03:29:58] Bootstrap tree #985, logLikelihood: -51452.122022
[03:30:10] Bootstrap tree #986, logLikelihood: -53032.563521
[03:30:23] Bootstrap tree #987, logLikelihood: -50655.742141
[03:30:37] Bootstrap tree #988, logLikelihood: -53277.858549
[03:30:48] Bootstrap tree #989, logLikelihood: -52545.493711
[03:31:00] Bootstrap tree #990, logLikelihood: -51212.093305
[03:31:12] Bootstrap tree #991, logLikelihood: -53552.082419
[03:31:24] Bootstrap tree #992, logLikelihood: -51212.845316
[03:31:36] Bootstrap tree #993, logLikelihood: -52530.397666
[03:31:51] Bootstrap tree #994, logLikelihood: -52741.459117
[03:32:04] Bootstrap tree #995, logLikelihood: -52165.268256
[03:32:18] Bootstrap tree #996, logLikelihood: -52240.700751
[03:32:29] Bootstrap tree #997, logLikelihood: -52019.325941
[03:32:42] Bootstrap tree #998, logLikelihood: -52292.661329
[03:32:54] Bootstrap tree #999, logLikelihood: -52566.835328
[03:33:07] Bootstrap tree #1000, logLikelihood: -53410.856579

Optimized model parameters:

   Partition 0: noname
   Rate heterogeneity: GAMMA (4 cats, mean),  alpha: 1.282315 (ML),  weights&rates: (0.250000,0.189654) (0.250000,0.547799) (0.250000,1.034595) (0.250000,2.227952) 
   P-inv (ML): 0.064010
   Base frequencies (empirical): 0.069093 0.031374 0.073393 0.046126 0.034344 0.043793 0.028443 0.062999 0.013402 0.052123 0.089726 0.033842 0.016815 0.052393 0.046473 0.086910 0.074781 0.009507 0.052567 0.081897 
   Substitution rates (model): 0.551571 0.509848 0.738998 1.027040 0.908598 1.582850 1.416720 0.316954 0.193335 0.397915 0.906265 0.893496 0.210494 1.438550 3.370790 2.121110 0.113133 0.240735 2.006010 0.635346 0.147304 0.528191 3.035500 0.439157 0.584665 2.137150 0.186979 0.497671 5.351420 0.683162 0.102711 0.679489 1.224190 0.554413 1.163920 0.381533 0.251849 5.429420 0.265256 1.543640 0.947198 1.125560 3.956290 0.554236 0.131528 3.012010 0.198221 0.096162 0.195081 3.974230 2.030060 0.071917 1.086000 0.196246 0.030295 0.616783 6.174160 0.865584 0.930676 0.039437 0.084805 0.479855 0.103754 0.046730 0.423984 1.071760 0.374866 0.129767 0.325711 0.152335 0.098818 0.021352 0.306674 0.248972 0.170135 0.384287 0.074034 0.390482 0.398020 0.109404 1.407660 0.512984 0.717070 0.543833 1.002140 5.469470 0.330052 4.294110 0.113917 0.869489 3.894900 1.545260 0.099921 0.933372 1.028870 0.857928 0.215737 0.227710 0.301281 0.567717 0.570025 0.127395 0.154263 2.584430 0.315124 0.081134 0.682355 0.704939 0.822765 0.156557 0.196303 0.588731 0.249410 0.030450 0.061304 0.373558 0.174100 0.049931 0.243570 1.341820 0.225833 0.336983 0.103604 0.187247 0.138190 0.499462 0.890432 0.404141 0.679371 0.696198 0.740169 0.473307 0.262569 3.873440 0.118358 3.170970 0.323832 4.257460 1.059470 0.099929 0.319440 1.458160 0.212483 0.420170 7.821300 0.257555 4.854020 2.115170 0.415844 0.344739 0.326622 0.665309 0.398618 1.800340 0.934276 0.088836 0.556896 0.967130 1.386980 0.137505 0.133264 0.305434 1.190630 0.171329 0.493905 1.516120 0.515706 0.428437 2.058450 0.161444 0.545931 0.171903 1.529640 6.454280 0.649892 1.613280 0.795384 0.139405 0.216046 0.314887 4.378020 0.523742 0.786993 0.232739 0.110864 0.291148 1.388230 2.485390 0.365369 0.314730 


Final LogLikelihood: -52573.221857

AIC score: 105342.443715 / AICc score: 105354.518388 / BIC score: 105875.750574
Free parameters (model + branch lengths): 98

WARNING: Best ML tree contains 1 near-zero branches!

Best ML tree with collapsed near-zero branches saved to: /global/home/users/cbrook/raxml-ng/AA_S/T3.raxml.bestTreeCollapsed
Best ML tree saved to: /global/home/users/cbrook/raxml-ng/AA_S/T3.raxml.bestTree
All ML trees saved to: /global/home/users/cbrook/raxml-ng/AA_S/T3.raxml.mlTrees
Best ML tree with Felsenstein bootstrap (FBP) support values saved to: /global/home/users/cbrook/raxml-ng/AA_S/T3.raxml.supportFBP
Best ML tree with Transfer bootstrap (TBE) support values saved to: /global/home/users/cbrook/raxml-ng/AA_S/T3.raxml.supportTBE
Optimized model saved to: /global/home/users/cbrook/raxml-ng/AA_S/T3.raxml.bestModel
Bootstrap trees saved to: /global/home/users/cbrook/raxml-ng/AA_S/T3.raxml.bootstraps

Execution log saved to: /global/home/users/cbrook/raxml-ng/AA_S/T3.raxml.log

Analysis started: 28-Aug-2021 05:49:26 / finished: 28-Aug-2021 09:22:34

Elapsed time: 12788.003 seconds

Consumed energy: 615.576 Wh (= 3 km in an electric car, or 15 km with an e-scooter!)

