
RAxML-NG v. 1.0.0-master released on 07.08.2020 by The Exelixis Lab.
Developed by: Alexey M. Kozlov and Alexandros Stamatakis.
Contributors: Diego Darriba, Tomas Flouri, Benoit Morel, Sarah Lutteropp, Ben Bettisworth.
Latest version: https://github.com/amkozlov/raxml-ng
Questions/problems/suggestions? Please visit: https://groups.google.com/forum/#!forum/raxml

System: Intel(R) Xeon(R) CPU E5-2670 v3 @ 2.30GHz, 24 cores, 62 GB RAM

RAxML-NG was called at 22-Aug-2021 07:50:57 as follows:

/global/home/users/cbrook/raxml-ng/raxml-ng-mpi --all --msa Translation_BatCoV_E_Alignment.fasta --data-type AA --model LG+G --prefix T3 --seed 1 --threads 2 --bs-metric fbp,tbe

Analysis options:
  run mode: ML tree search + bootstrapping (Felsenstein Bootstrap + Transfer Bootstrap)
  start tree(s): random (10) + parsimony (10)
  bootstrap replicates: max: 1000 + bootstopping (autoMRE, cutoff: 0.030000)
  random seed: 1
  tip-inner: OFF
  pattern compression: ON
  per-rate scalers: OFF
  site repeats: ON
  branch lengths: proportional (ML estimate, algorithm: NR-FAST)
  SIMD kernels: AVX2
  parallelization: coarse-grained (auto), PTHREADS (2 threads), thread pinning: ON

[00:00:00] Reading alignment from file: Translation_BatCoV_E_Alignment.fasta
[00:00:00] Loaded alignment with 34 taxa and 110 sites

WARNING: Sequences Mus_musculus_NC_001846_1_MHV_A59_E and Mus_musculus_NC_048217_1_MHV_E are exactly identical!
WARNING: Sequences Bos_taurus_NC_038294_1_Betacoronavirus_1_E and Homo_sapiens_NC_019843_3_MERS_E are exactly identical!
WARNING: Sequences EF065513_1_HKU_9_1_Rousettus_leschenaulti_China_E and NC_009021_1_HKU9_Rousettus_leschenaulti_China_E are exactly identical!
WARNING: Sequences EF065515_1_HKU_9_3_Rousettus_leschenaulti_China_E and HM211098_1_HKU_9_5_1_Rhinolphus_sinicus_China_E are exactly identical!
WARNING: Sequences EF065515_1_HKU_9_3_Rousettus_leschenaulti_China_E and HM211100_1_HKU_9_10_1_Rousettus_leschenaulti_China_E are exactly identical!
WARNING: Sequences KU762338_1_GCCDC1_356_Rousettus_leschenaulti_China_E and MT350598_1_GCCDC1_Eonycteris_spelaea_Singapore_E are exactly identical!
WARNING: Sequences KU762338_1_GCCDC1_356_Rousettus_leschenaulti_China_E and NC_030886_GCCDC1_356_Rousettus_leschenaulti_China_E are exactly identical!
WARNING: Sequences Rousettus_madagascariensis_RR034B_232_fecRa_MIZ178_E and Rousettus_madagascariensis_RR034B_288_fecRa_MIZ240_E are exactly identical!
WARNING: Duplicate sequences found: 8

NOTE: Reduced alignment (with duplicates and gap-only sites/taxa removed) 
NOTE: was saved to: /global/home/users/cbrook/raxml-ng/batCoV_aa_E/T3.raxml.reduced.phy

Alignment comprises 1 partitions and 101 patterns

Partition 0: noname
Model: LG+G4m
Alignment sites / patterns: 110 / 101
Gaps: 27.22 %
Invariant sites: 20.00 %


NOTE: Binary MSA file created: T3.raxml.rba

Parallelization scheme autoconfig: 2 worker(s) x 1 thread(s)

Parallel reduction/worker buffer size: 1 KB  / 0 KB

[00:00:00] Generating 10 random starting tree(s) with 34 taxa
[00:00:00] Generating 10 parsimony starting tree(s) with 34 taxa
[00:00:00] Data distribution: max. partitions/sites/weight per thread: 1 / 101 / 8080
[00:00:00] Data distribution: max. searches per worker: 510

Starting ML tree search with 20 distinct starting trees

[00:00:07] [worker #1] ML tree search #2, logLikelihood: -2435.768069
[00:00:07] [worker #0] ML tree search #1, logLikelihood: -2435.767937
[00:00:13] [worker #0] ML tree search #3, logLikelihood: -2435.396948
[00:00:13] [worker #1] ML tree search #4, logLikelihood: -2435.767973
[00:00:20] [worker #0] ML tree search #5, logLikelihood: -2435.767991
[00:00:20] [worker #1] ML tree search #6, logLikelihood: -2435.397072
[00:00:26] [worker #1] ML tree search #8, logLikelihood: -2435.767944
[00:00:26] [worker #0] ML tree search #7, logLikelihood: -2435.768018
[00:00:32] [worker #0] ML tree search #9, logLikelihood: -2435.768061
[00:00:32] [worker #1] ML tree search #10, logLikelihood: -2435.397018
[00:00:37] [worker #0] ML tree search #11, logLikelihood: -2435.396915
[00:00:37] [worker #1] ML tree search #12, logLikelihood: -2435.479020
[00:00:42] [worker #0] ML tree search #13, logLikelihood: -2435.396917
[00:00:42] [worker #1] ML tree search #14, logLikelihood: -2435.767932
[00:00:47] [worker #1] ML tree search #16, logLikelihood: -2435.396912
[00:00:47] [worker #0] ML tree search #15, logLikelihood: -2435.396909
[00:00:52] [worker #1] ML tree search #18, logLikelihood: -2435.396910
[00:00:54] [worker #0] ML tree search #17, logLikelihood: -2435.397307
[00:00:56] [worker #1] ML tree search #20, logLikelihood: -2435.396911
[00:01:00] [worker #0] ML tree search #19, logLikelihood: -2435.768164

[00:01:00] ML tree search completed, best tree logLH: -2435.396909

[00:01:00] Starting bootstrapping analysis with 1000 replicates.

[00:01:04] [worker #1] Bootstrap tree #2, logLikelihood: -2365.276541
[00:01:05] [worker #0] Bootstrap tree #1, logLikelihood: -2265.316643
[00:01:09] [worker #1] Bootstrap tree #4, logLikelihood: -2484.333135
[00:01:09] [worker #0] Bootstrap tree #3, logLikelihood: -2243.775506
[00:01:14] [worker #1] Bootstrap tree #6, logLikelihood: -2358.100345
[00:01:14] [worker #0] Bootstrap tree #5, logLikelihood: -2374.986634
[00:01:18] [worker #0] Bootstrap tree #7, logLikelihood: -2329.950886
[00:01:20] [worker #1] Bootstrap tree #8, logLikelihood: -2333.273829
[00:01:22] [worker #0] Bootstrap tree #9, logLikelihood: -2271.873261
[00:01:25] [worker #1] Bootstrap tree #10, logLikelihood: -2441.780411
[00:01:26] [worker #0] Bootstrap tree #11, logLikelihood: -2256.649430
[00:01:30] [worker #1] Bootstrap tree #12, logLikelihood: -2540.120584
[00:01:32] [worker #0] Bootstrap tree #13, logLikelihood: -2298.091903
[00:01:35] [worker #1] Bootstrap tree #14, logLikelihood: -2435.665982
[00:01:36] [worker #0] Bootstrap tree #15, logLikelihood: -2647.087403
[00:01:40] [worker #1] Bootstrap tree #16, logLikelihood: -2530.252259
[00:01:42] [worker #0] Bootstrap tree #17, logLikelihood: -2230.790066
[00:01:45] [worker #1] Bootstrap tree #18, logLikelihood: -2391.108259
[00:01:46] [worker #0] Bootstrap tree #19, logLikelihood: -2419.347853
[00:01:49] [worker #1] Bootstrap tree #20, logLikelihood: -2633.079608
[00:01:51] [worker #0] Bootstrap tree #21, logLikelihood: -2540.176541
[00:01:53] [worker #1] Bootstrap tree #22, logLikelihood: -2334.154186
[00:01:56] [worker #0] Bootstrap tree #23, logLikelihood: -2380.265713
[00:01:59] [worker #1] Bootstrap tree #24, logLikelihood: -2350.229165
[00:02:00] [worker #0] Bootstrap tree #25, logLikelihood: -2420.469875
[00:02:04] [worker #1] Bootstrap tree #26, logLikelihood: -2564.681669
[00:02:05] [worker #0] Bootstrap tree #27, logLikelihood: -2549.466310
[00:02:11] [worker #1] Bootstrap tree #28, logLikelihood: -2424.948875
[00:02:11] [worker #0] Bootstrap tree #29, logLikelihood: -2365.051693
[00:02:16] [worker #0] Bootstrap tree #31, logLikelihood: -2343.702126
[00:02:16] [worker #1] Bootstrap tree #30, logLikelihood: -2485.958298
[00:02:21] [worker #1] Bootstrap tree #32, logLikelihood: -2390.712779
[00:02:21] [worker #0] Bootstrap tree #33, logLikelihood: -2571.597502
[00:02:26] [worker #1] Bootstrap tree #34, logLikelihood: -2652.099208
[00:02:28] [worker #0] Bootstrap tree #35, logLikelihood: -2623.556159
[00:02:30] [worker #1] Bootstrap tree #36, logLikelihood: -2218.102929
[00:02:32] [worker #0] Bootstrap tree #37, logLikelihood: -2272.493721
[00:02:34] [worker #1] Bootstrap tree #38, logLikelihood: -2326.937369
[00:02:37] [worker #0] Bootstrap tree #39, logLikelihood: -2202.453350
[00:02:39] [worker #1] Bootstrap tree #40, logLikelihood: -2458.440678
[00:02:42] [worker #0] Bootstrap tree #41, logLikelihood: -2405.653511
[00:02:45] [worker #1] Bootstrap tree #42, logLikelihood: -2353.962039
[00:02:46] [worker #0] Bootstrap tree #43, logLikelihood: -2561.719826
[00:02:49] [worker #1] Bootstrap tree #44, logLikelihood: -2589.427472
[00:02:50] [worker #0] Bootstrap tree #45, logLikelihood: -2263.476324
[00:02:55] [worker #1] Bootstrap tree #46, logLikelihood: -2431.167849
[00:02:55] [worker #0] Bootstrap tree #47, logLikelihood: -2381.905323
[00:02:59] [worker #1] Bootstrap tree #48, logLikelihood: -2454.108449
[00:03:00] [worker #0] Bootstrap tree #49, logLikelihood: -2180.415552
[00:03:04] [worker #1] Bootstrap tree #50, logLikelihood: -2480.502552
[00:03:09] [worker #1] Bootstrap tree #52, logLikelihood: -2188.180818
[00:03:10] [worker #0] Bootstrap tree #51, logLikelihood: -2345.717721
[00:03:13] [worker #1] Bootstrap tree #54, logLikelihood: -2430.786485
[00:03:14] [worker #0] Bootstrap tree #53, logLikelihood: -2238.782582
[00:03:19] [worker #1] Bootstrap tree #56, logLikelihood: -2326.708834
[00:03:19] [worker #0] Bootstrap tree #55, logLikelihood: -2229.443471
[00:03:22] [worker #1] Bootstrap tree #58, logLikelihood: -2157.922065
[00:03:25] [worker #0] Bootstrap tree #57, logLikelihood: -2394.243585
[00:03:26] [worker #1] Bootstrap tree #60, logLikelihood: -2555.444064
[00:03:31] [worker #0] Bootstrap tree #59, logLikelihood: -2554.231973
[00:03:31] [worker #1] Bootstrap tree #62, logLikelihood: -2522.463096
[00:03:35] [worker #1] Bootstrap tree #64, logLikelihood: -2568.177396
[00:03:36] [worker #0] Bootstrap tree #61, logLikelihood: -2408.650707
[00:03:40] [worker #1] Bootstrap tree #66, logLikelihood: -2534.575248
[00:03:43] [worker #0] Bootstrap tree #63, logLikelihood: -2418.475073
[00:03:44] [worker #1] Bootstrap tree #68, logLikelihood: -2365.012036
[00:03:48] [worker #0] Bootstrap tree #65, logLikelihood: -2282.766211
[00:03:50] [worker #1] Bootstrap tree #70, logLikelihood: -2583.466381
[00:03:52] [worker #0] Bootstrap tree #67, logLikelihood: -2495.833350
[00:03:54] [worker #1] Bootstrap tree #72, logLikelihood: -1985.359616
[00:03:56] [worker #0] Bootstrap tree #69, logLikelihood: -2404.324006
[00:03:58] [worker #1] Bootstrap tree #74, logLikelihood: -2150.731746
[00:04:02] [worker #0] Bootstrap tree #71, logLikelihood: -2512.999520
[00:04:02] [worker #1] Bootstrap tree #76, logLikelihood: -2064.455886
[00:04:06] [worker #1] Bootstrap tree #78, logLikelihood: -2556.129885
[00:04:08] [worker #0] Bootstrap tree #73, logLikelihood: -2317.926108
[00:04:10] [worker #1] Bootstrap tree #80, logLikelihood: -2409.139237
[00:04:13] [worker #0] Bootstrap tree #75, logLikelihood: -2319.865344
[00:04:15] [worker #1] Bootstrap tree #82, logLikelihood: -2436.951140
[00:04:19] [worker #0] Bootstrap tree #77, logLikelihood: -2411.353417
[00:04:20] [worker #1] Bootstrap tree #84, logLikelihood: -2348.329980
[00:04:23] [worker #0] Bootstrap tree #79, logLikelihood: -2109.210859
[00:04:24] [worker #1] Bootstrap tree #86, logLikelihood: -2626.989636
[00:04:28] [worker #0] Bootstrap tree #81, logLikelihood: -2275.216980
[00:04:28] [worker #1] Bootstrap tree #88, logLikelihood: -2468.317847
[00:04:33] [worker #1] Bootstrap tree #90, logLikelihood: -2262.501891
[00:04:33] [worker #0] Bootstrap tree #83, logLikelihood: -2501.624556
[00:04:38] [worker #1] Bootstrap tree #92, logLikelihood: -2188.880823
[00:04:38] [worker #0] Bootstrap tree #85, logLikelihood: -2398.663448
[00:04:44] [worker #1] Bootstrap tree #94, logLikelihood: -2419.128546
[00:04:44] [worker #0] Bootstrap tree #87, logLikelihood: -2442.697986
[00:04:48] [worker #1] Bootstrap tree #96, logLikelihood: -2521.817922
[00:04:49] [worker #0] Bootstrap tree #89, logLikelihood: -2348.198419
[00:04:53] [worker #1] Bootstrap tree #98, logLikelihood: -2446.046521
[00:04:53] [worker #0] Bootstrap tree #91, logLikelihood: -2495.606942
[00:04:58] [worker #0] Bootstrap tree #93, logLikelihood: -2470.761855
[00:04:59] [worker #1] Bootstrap tree #100, logLikelihood: -2333.990164
[00:05:07] [worker #0] Bootstrap tree #95, logLikelihood: -2372.152613
[00:05:12] [worker #0] Bootstrap tree #97, logLikelihood: -2461.114610
[00:05:17] [worker #0] Bootstrap tree #99, logLikelihood: -2248.232978
[00:05:22] [worker #1] Bootstrap tree #102, logLikelihood: -2282.499986
[00:05:22] [worker #0] Bootstrap tree #101, logLikelihood: -2308.852346
[00:05:25] [worker #1] Bootstrap tree #104, logLikelihood: -2283.903109
[00:05:28] [worker #0] Bootstrap tree #103, logLikelihood: -2348.508039
[00:05:30] [worker #1] Bootstrap tree #106, logLikelihood: -2337.023922
[00:05:34] [worker #0] Bootstrap tree #105, logLikelihood: -2346.405573
[00:05:35] [worker #1] Bootstrap tree #108, logLikelihood: -2598.892666
[00:05:39] [worker #0] Bootstrap tree #107, logLikelihood: -2366.394009
[00:05:39] [worker #1] Bootstrap tree #110, logLikelihood: -2536.312423
[00:05:43] [worker #0] Bootstrap tree #109, logLikelihood: -2262.315735
[00:05:45] [worker #1] Bootstrap tree #112, logLikelihood: -2456.543904
[00:05:49] [worker #0] Bootstrap tree #111, logLikelihood: -2621.526894
[00:05:49] [worker #1] Bootstrap tree #114, logLikelihood: -2291.747695
[00:05:53] [worker #1] Bootstrap tree #116, logLikelihood: -2439.057756
[00:05:55] [worker #0] Bootstrap tree #113, logLikelihood: -2595.480732
[00:05:59] [worker #1] Bootstrap tree #118, logLikelihood: -2633.145796
[00:06:00] [worker #0] Bootstrap tree #115, logLikelihood: -2560.037735
[00:06:03] [worker #1] Bootstrap tree #120, logLikelihood: -2446.530123
[00:06:04] [worker #0] Bootstrap tree #117, logLikelihood: -2181.914797
[00:06:09] [worker #0] Bootstrap tree #119, logLikelihood: -2209.739091
[00:06:11] [worker #1] Bootstrap tree #122, logLikelihood: -2441.453546
[00:06:15] [worker #1] Bootstrap tree #124, logLikelihood: -2548.357977
[00:06:16] [worker #0] Bootstrap tree #121, logLikelihood: -2321.965396
[00:06:20] [worker #1] Bootstrap tree #126, logLikelihood: -2328.971471
[00:06:23] [worker #0] Bootstrap tree #123, logLikelihood: -2546.505532
[00:06:25] [worker #1] Bootstrap tree #128, logLikelihood: -2383.429082
[00:06:28] [worker #0] Bootstrap tree #125, logLikelihood: -2406.036586
[00:06:30] [worker #1] Bootstrap tree #130, logLikelihood: -2496.765534
[00:06:33] [worker #0] Bootstrap tree #127, logLikelihood: -2080.947179
[00:06:35] [worker #1] Bootstrap tree #132, logLikelihood: -2371.911580
[00:06:38] [worker #0] Bootstrap tree #129, logLikelihood: -2069.603765
[00:06:40] [worker #1] Bootstrap tree #134, logLikelihood: -2342.263754
[00:06:42] [worker #0] Bootstrap tree #131, logLikelihood: -2372.968570
[00:06:45] [worker #1] Bootstrap tree #136, logLikelihood: -2363.375798
[00:06:47] [worker #0] Bootstrap tree #133, logLikelihood: -2307.104721
[00:06:50] [worker #1] Bootstrap tree #138, logLikelihood: -2404.134046
[00:06:55] [worker #1] Bootstrap tree #140, logLikelihood: -2622.509829
[00:06:58] [worker #0] Bootstrap tree #135, logLikelihood: -2399.079356
[00:06:59] [worker #1] Bootstrap tree #142, logLikelihood: -2531.847180
[00:07:03] [worker #0] Bootstrap tree #137, logLikelihood: -2460.020310
[00:07:05] [worker #1] Bootstrap tree #144, logLikelihood: -2340.452014
[00:07:09] [worker #0] Bootstrap tree #139, logLikelihood: -2515.098892
[00:07:12] [worker #1] Bootstrap tree #146, logLikelihood: -2427.440710
[00:07:13] [worker #0] Bootstrap tree #141, logLikelihood: -2725.385203
[00:07:15] [worker #1] Bootstrap tree #148, logLikelihood: -2380.137226
[00:07:19] [worker #0] Bootstrap tree #143, logLikelihood: -2646.674619
[00:07:23] [worker #1] Bootstrap tree #150, logLikelihood: -2208.643513
[00:07:25] [worker #0] Bootstrap tree #145, logLikelihood: -2497.399022
[00:07:33] [worker #0] Bootstrap tree #147, logLikelihood: -2522.566574
[00:07:37] [worker #0] Bootstrap tree #149, logLikelihood: -2552.072013
[00:07:43] [worker #0] Bootstrap tree #151, logLikelihood: -2170.803592
[00:07:44] [worker #1] Bootstrap tree #152, logLikelihood: -2503.224152
[00:07:48] [worker #0] Bootstrap tree #153, logLikelihood: -2678.796305
[00:07:48] [worker #1] Bootstrap tree #154, logLikelihood: -2313.418600
[00:07:52] [worker #1] Bootstrap tree #156, logLikelihood: -2516.508580
[00:07:55] [worker #0] Bootstrap tree #155, logLikelihood: -2184.942037
[00:07:57] [worker #1] Bootstrap tree #158, logLikelihood: -2405.428578
[00:07:58] [worker #0] Bootstrap tree #157, logLikelihood: -2088.166813
[00:08:03] [worker #1] Bootstrap tree #160, logLikelihood: -2596.890524
[00:08:06] [worker #0] Bootstrap tree #159, logLikelihood: -2284.578787
[00:08:08] [worker #1] Bootstrap tree #162, logLikelihood: -2537.800207
[00:08:11] [worker #0] Bootstrap tree #161, logLikelihood: -2344.685634
[00:08:14] [worker #1] Bootstrap tree #164, logLikelihood: -2320.525405
[00:08:16] [worker #0] Bootstrap tree #163, logLikelihood: -2252.450944
[00:08:20] [worker #0] Bootstrap tree #165, logLikelihood: -2351.809411
[00:08:20] [worker #1] Bootstrap tree #166, logLikelihood: -2439.735360
[00:08:25] [worker #1] Bootstrap tree #168, logLikelihood: -2361.184787
[00:08:26] [worker #0] Bootstrap tree #167, logLikelihood: -2307.522278
[00:08:29] [worker #1] Bootstrap tree #170, logLikelihood: -2417.790261
[00:08:31] [worker #0] Bootstrap tree #169, logLikelihood: -2238.593156
[00:08:34] [worker #1] Bootstrap tree #172, logLikelihood: -2369.316221
[00:08:36] [worker #0] Bootstrap tree #171, logLikelihood: -2435.422990
[00:08:38] [worker #1] Bootstrap tree #174, logLikelihood: -2397.065292
[00:08:40] [worker #0] Bootstrap tree #173, logLikelihood: -2360.961660
[00:08:44] [worker #1] Bootstrap tree #176, logLikelihood: -2481.542418
[00:08:45] [worker #0] Bootstrap tree #175, logLikelihood: -2491.465561
[00:08:48] [worker #1] Bootstrap tree #178, logLikelihood: -2230.676708
[00:08:50] [worker #0] Bootstrap tree #177, logLikelihood: -2430.407656
[00:08:52] [worker #1] Bootstrap tree #180, logLikelihood: -2218.868054
[00:08:54] [worker #0] Bootstrap tree #179, logLikelihood: -2256.013516
[00:08:57] [worker #1] Bootstrap tree #182, logLikelihood: -2372.382036
[00:08:59] [worker #0] Bootstrap tree #181, logLikelihood: -2229.319353
[00:09:01] [worker #1] Bootstrap tree #184, logLikelihood: -2241.885976
[00:09:04] [worker #0] Bootstrap tree #183, logLikelihood: -2638.732333
[00:09:09] [worker #1] Bootstrap tree #186, logLikelihood: -2262.737705
[00:09:09] [worker #0] Bootstrap tree #185, logLikelihood: -2291.017177
[00:09:15] [worker #0] Bootstrap tree #187, logLikelihood: -2157.036100
[00:09:16] [worker #1] Bootstrap tree #188, logLikelihood: -2358.339165
[00:09:21] [worker #1] Bootstrap tree #190, logLikelihood: -2560.132307
[00:09:22] [worker #0] Bootstrap tree #189, logLikelihood: -2475.003423
[00:09:26] [worker #0] Bootstrap tree #191, logLikelihood: -2344.082182
[00:09:26] [worker #1] Bootstrap tree #192, logLikelihood: -2402.352498
[00:09:31] [worker #1] Bootstrap tree #194, logLikelihood: -2517.909967
[00:09:31] [worker #0] Bootstrap tree #193, logLikelihood: -2343.917573
[00:09:35] [worker #1] Bootstrap tree #196, logLikelihood: -2404.217660
[00:09:36] [worker #0] Bootstrap tree #195, logLikelihood: -2391.600434
[00:09:41] [worker #0] Bootstrap tree #197, logLikelihood: -2419.621769
[00:09:42] [worker #1] Bootstrap tree #198, logLikelihood: -2122.349645
[00:09:46] [worker #0] Bootstrap tree #199, logLikelihood: -2267.262895
[00:09:47] [worker #1] Bootstrap tree #200, logLikelihood: -2718.149075
[00:09:51] [worker #0] Bootstrap tree #201, logLikelihood: -2445.422868
[00:09:51] [worker #1] Bootstrap tree #202, logLikelihood: -2460.407014
[00:09:56] [worker #1] Bootstrap tree #204, logLikelihood: -2349.697260
[00:09:57] [worker #0] Bootstrap tree #203, logLikelihood: -2531.708168
[00:10:03] [worker #1] Bootstrap tree #206, logLikelihood: -2577.218095
[00:10:04] [worker #0] Bootstrap tree #205, logLikelihood: -2244.255597
[00:10:11] [worker #0] Bootstrap tree #207, logLikelihood: -2717.017018
[00:10:11] [worker #1] Bootstrap tree #208, logLikelihood: -2533.388294
[00:10:16] [worker #1] Bootstrap tree #210, logLikelihood: -2269.625220
[00:10:16] [worker #0] Bootstrap tree #209, logLikelihood: -2453.807385
[00:10:20] [worker #1] Bootstrap tree #212, logLikelihood: -2368.957308
[00:10:20] [worker #0] Bootstrap tree #211, logLikelihood: -2263.966018
[00:10:25] [worker #1] Bootstrap tree #214, logLikelihood: -2415.103067
[00:10:25] [worker #0] Bootstrap tree #213, logLikelihood: -2444.844669
[00:10:29] [worker #1] Bootstrap tree #216, logLikelihood: -2428.436785
[00:10:31] [worker #0] Bootstrap tree #215, logLikelihood: -2550.767191
[00:10:34] [worker #1] Bootstrap tree #218, logLikelihood: -2449.991963
[00:10:36] [worker #0] Bootstrap tree #217, logLikelihood: -2381.543901
[00:10:39] [worker #1] Bootstrap tree #220, logLikelihood: -2495.903772
[00:10:43] [worker #0] Bootstrap tree #219, logLikelihood: -2329.451493
[00:10:43] [worker #1] Bootstrap tree #222, logLikelihood: -2499.249425
[00:10:47] [worker #1] Bootstrap tree #224, logLikelihood: -2460.558091
[00:10:48] [worker #0] Bootstrap tree #221, logLikelihood: -2486.209099
[00:10:52] [worker #0] Bootstrap tree #223, logLikelihood: -2043.652551
[00:10:52] [worker #1] Bootstrap tree #226, logLikelihood: -2528.308414
[00:10:57] [worker #0] Bootstrap tree #225, logLikelihood: -2520.258233
[00:10:58] [worker #1] Bootstrap tree #228, logLikelihood: -2296.612061
[00:11:03] [worker #1] Bootstrap tree #230, logLikelihood: -2336.271065
[00:11:04] [worker #0] Bootstrap tree #227, logLikelihood: -2165.531324
[00:11:07] [worker #1] Bootstrap tree #232, logLikelihood: -2134.260814
[00:11:10] [worker #0] Bootstrap tree #229, logLikelihood: -2723.241363
[00:11:12] [worker #1] Bootstrap tree #234, logLikelihood: -2249.729415
[00:11:15] [worker #0] Bootstrap tree #231, logLikelihood: -2241.713823
[00:11:19] [worker #1] Bootstrap tree #236, logLikelihood: -2630.364641
[00:11:20] [worker #0] Bootstrap tree #233, logLikelihood: -2167.676344
[00:11:24] [worker #1] Bootstrap tree #238, logLikelihood: -2521.464811
[00:11:24] [worker #0] Bootstrap tree #235, logLikelihood: -2343.989541
[00:11:28] [worker #1] Bootstrap tree #240, logLikelihood: -2229.341686
[00:11:30] [worker #0] Bootstrap tree #237, logLikelihood: -2453.652814
[00:11:33] [worker #1] Bootstrap tree #242, logLikelihood: -2273.885572
[00:11:35] [worker #0] Bootstrap tree #239, logLikelihood: -2343.810149
[00:11:39] [worker #1] Bootstrap tree #244, logLikelihood: -2193.700194
[00:11:40] [worker #0] Bootstrap tree #241, logLikelihood: -2291.634494
[00:11:43] [worker #1] Bootstrap tree #246, logLikelihood: -2552.107194
[00:11:45] [worker #0] Bootstrap tree #243, logLikelihood: -2630.353598
[00:11:48] [worker #1] Bootstrap tree #248, logLikelihood: -2412.980397
[00:11:50] [worker #0] Bootstrap tree #245, logLikelihood: -2209.204717
[00:11:53] [worker #1] Bootstrap tree #250, logLikelihood: -2506.466445
[00:11:56] [worker #0] Bootstrap tree #247, logLikelihood: -2486.889925
[00:12:00] [worker #0] Bootstrap tree #249, logLikelihood: -2296.595193
[00:12:05] [worker #0] Bootstrap tree #251, logLikelihood: -2396.734191
[00:12:05] [worker #1] Bootstrap tree #252, logLikelihood: -2547.057533
[00:12:09] [worker #0] Bootstrap tree #253, logLikelihood: -2347.355128
[00:12:10] [worker #1] Bootstrap tree #254, logLikelihood: -2628.088398
[00:12:15] [worker #1] Bootstrap tree #256, logLikelihood: -2556.157969
[00:12:16] [worker #0] Bootstrap tree #255, logLikelihood: -2327.239887
[00:12:19] [worker #1] Bootstrap tree #258, logLikelihood: -2091.069314
[00:12:21] [worker #0] Bootstrap tree #257, logLikelihood: -2163.263110
[00:12:23] [worker #1] Bootstrap tree #260, logLikelihood: -2521.743107
[00:12:25] [worker #0] Bootstrap tree #259, logLikelihood: -2372.926798
[00:12:29] [worker #1] Bootstrap tree #262, logLikelihood: -2769.338601
[00:12:31] [worker #0] Bootstrap tree #261, logLikelihood: -2503.242684
[00:12:33] [worker #1] Bootstrap tree #264, logLikelihood: -2304.440504
[00:12:36] [worker #0] Bootstrap tree #263, logLikelihood: -2396.528486
[00:12:37] [worker #1] Bootstrap tree #266, logLikelihood: -2378.923646
[00:12:41] [worker #0] Bootstrap tree #265, logLikelihood: -2329.286433
[00:12:43] [worker #1] Bootstrap tree #268, logLikelihood: -2534.972694
[00:12:48] [worker #1] Bootstrap tree #270, logLikelihood: -2431.064089
[00:12:49] [worker #0] Bootstrap tree #267, logLikelihood: -2284.394057
[00:12:53] [worker #1] Bootstrap tree #272, logLikelihood: -2411.553857
[00:12:54] [worker #0] Bootstrap tree #269, logLikelihood: -2452.095166
[00:12:58] [worker #1] Bootstrap tree #274, logLikelihood: -2573.681852
[00:13:00] [worker #0] Bootstrap tree #271, logLikelihood: -2449.201615
[00:13:04] [worker #1] Bootstrap tree #276, logLikelihood: -2224.036963
[00:13:05] [worker #0] Bootstrap tree #273, logLikelihood: -2363.009642
[00:13:08] [worker #1] Bootstrap tree #278, logLikelihood: -2670.937961
[00:13:10] [worker #0] Bootstrap tree #275, logLikelihood: -2219.332484
[00:13:14] [worker #1] Bootstrap tree #280, logLikelihood: -2300.162424
[00:13:15] [worker #0] Bootstrap tree #277, logLikelihood: -2487.561415
[00:13:18] [worker #1] Bootstrap tree #282, logLikelihood: -2353.941762
[00:13:20] [worker #0] Bootstrap tree #279, logLikelihood: -2384.012106
[00:13:22] [worker #1] Bootstrap tree #284, logLikelihood: -2557.657589
[00:13:25] [worker #0] Bootstrap tree #281, logLikelihood: -2262.784484
[00:13:27] [worker #1] Bootstrap tree #286, logLikelihood: -2384.536678
[00:13:30] [worker #0] Bootstrap tree #283, logLikelihood: -2243.503482
[00:13:31] [worker #1] Bootstrap tree #288, logLikelihood: -2304.632924
[00:13:33] [worker #0] Bootstrap tree #285, logLikelihood: -2156.423460
[00:13:35] [worker #1] Bootstrap tree #290, logLikelihood: -2321.276020
[00:13:39] [worker #0] Bootstrap tree #287, logLikelihood: -2427.494850
[00:13:40] [worker #1] Bootstrap tree #292, logLikelihood: -2280.639139
[00:13:44] [worker #0] Bootstrap tree #289, logLikelihood: -2357.730733
[00:13:48] [worker #0] Bootstrap tree #291, logLikelihood: -2373.361298
[00:13:49] [worker #1] Bootstrap tree #294, logLikelihood: -2426.403511
[00:13:53] [worker #0] Bootstrap tree #293, logLikelihood: -2493.399550
[00:13:55] [worker #1] Bootstrap tree #296, logLikelihood: -2539.621152
[00:13:58] [worker #0] Bootstrap tree #295, logLikelihood: -2725.482780
[00:14:00] [worker #1] Bootstrap tree #298, logLikelihood: -2528.995295
[00:14:02] [worker #0] Bootstrap tree #297, logLikelihood: -2323.981669
[00:14:04] [worker #1] Bootstrap tree #300, logLikelihood: -2442.133797
[00:14:08] [worker #0] Bootstrap tree #299, logLikelihood: -2525.035679
[00:14:13] [worker #1] Bootstrap tree #302, logLikelihood: -2306.867808
[00:14:13] [worker #0] Bootstrap tree #301, logLikelihood: -2405.418156
[00:14:18] [worker #1] Bootstrap tree #304, logLikelihood: -2432.456540
[00:14:19] [worker #0] Bootstrap tree #303, logLikelihood: -2433.739859
[00:14:22] [worker #1] Bootstrap tree #306, logLikelihood: -2560.807282
[00:14:24] [worker #0] Bootstrap tree #305, logLikelihood: -2490.238079
[00:14:28] [worker #1] Bootstrap tree #308, logLikelihood: -2429.836537
[00:14:32] [worker #0] Bootstrap tree #307, logLikelihood: -2255.015270
[00:14:33] [worker #1] Bootstrap tree #310, logLikelihood: -2474.380011
[00:14:36] [worker #0] Bootstrap tree #309, logLikelihood: -2410.519994
[00:14:39] [worker #1] Bootstrap tree #312, logLikelihood: -2467.261629
[00:14:42] [worker #0] Bootstrap tree #311, logLikelihood: -2474.205033
[00:14:43] [worker #1] Bootstrap tree #314, logLikelihood: -2317.952521
[00:14:47] [worker #0] Bootstrap tree #313, logLikelihood: -2129.871936
[00:14:48] [worker #1] Bootstrap tree #316, logLikelihood: -2585.125862
[00:14:52] [worker #0] Bootstrap tree #315, logLikelihood: -2229.997860
[00:14:52] [worker #1] Bootstrap tree #318, logLikelihood: -2059.680407
[00:14:56] [worker #0] Bootstrap tree #317, logLikelihood: -2309.320206
[00:14:56] [worker #1] Bootstrap tree #320, logLikelihood: -2223.276841
[00:15:00] [worker #1] Bootstrap tree #322, logLikelihood: -2231.071168
[00:15:03] [worker #0] Bootstrap tree #319, logLikelihood: -2252.856144
[00:15:05] [worker #1] Bootstrap tree #324, logLikelihood: -2367.683008
[00:15:08] [worker #0] Bootstrap tree #321, logLikelihood: -2578.844782
[00:15:10] [worker #1] Bootstrap tree #326, logLikelihood: -2337.195035
[00:15:13] [worker #0] Bootstrap tree #323, logLikelihood: -2655.245677
[00:15:14] [worker #1] Bootstrap tree #328, logLikelihood: -2490.889829
[00:15:18] [worker #0] Bootstrap tree #325, logLikelihood: -2188.287103
[00:15:19] [worker #1] Bootstrap tree #330, logLikelihood: -2387.472217
[00:15:23] [worker #0] Bootstrap tree #327, logLikelihood: -2441.725594
[00:15:24] [worker #1] Bootstrap tree #332, logLikelihood: -2438.793127
[00:15:28] [worker #0] Bootstrap tree #329, logLikelihood: -2176.666657
[00:15:29] [worker #1] Bootstrap tree #334, logLikelihood: -2500.506970
[00:15:33] [worker #1] Bootstrap tree #336, logLikelihood: -2324.936270
[00:15:36] [worker #0] Bootstrap tree #331, logLikelihood: -2571.370647
[00:15:37] [worker #1] Bootstrap tree #338, logLikelihood: -2316.879202
[00:15:41] [worker #1] Bootstrap tree #340, logLikelihood: -2786.053177
[00:15:42] [worker #0] Bootstrap tree #333, logLikelihood: -2207.363263
[00:15:46] [worker #0] Bootstrap tree #335, logLikelihood: -2036.236462
[00:15:47] [worker #1] Bootstrap tree #342, logLikelihood: -2517.357031
[00:15:51] [worker #0] Bootstrap tree #337, logLikelihood: -2390.389149
[00:15:52] [worker #1] Bootstrap tree #344, logLikelihood: -2431.888927
[00:15:56] [worker #0] Bootstrap tree #339, logLikelihood: -2235.122855
[00:15:57] [worker #1] Bootstrap tree #346, logLikelihood: -2392.957284
[00:16:00] [worker #0] Bootstrap tree #341, logLikelihood: -2436.919568
[00:16:01] [worker #1] Bootstrap tree #348, logLikelihood: -2440.610251
[00:16:06] [worker #1] Bootstrap tree #350, logLikelihood: -2319.942842
[00:16:08] [worker #0] Bootstrap tree #343, logLikelihood: -2512.738056
[00:16:12] [worker #0] Bootstrap tree #345, logLikelihood: -2678.044731
[00:16:18] [worker #0] Bootstrap tree #347, logLikelihood: -2455.494405
[00:16:23] [worker #0] Bootstrap tree #349, logLikelihood: -2325.972264
[00:16:27] [worker #0] Bootstrap tree #351, logLikelihood: -2284.522589
[00:16:28] [worker #1] Bootstrap tree #352, logLikelihood: -2256.903490
[00:16:32] [worker #0] Bootstrap tree #353, logLikelihood: -2415.256443
[00:16:34] [worker #1] Bootstrap tree #354, logLikelihood: -2442.630938
[00:16:36] [worker #0] Bootstrap tree #355, logLikelihood: -2451.546965
[00:16:39] [worker #1] Bootstrap tree #356, logLikelihood: -2597.222454
[00:16:43] [worker #1] Bootstrap tree #358, logLikelihood: -2410.087786
[00:16:44] [worker #0] Bootstrap tree #357, logLikelihood: -2422.000801
[00:16:49] [worker #1] Bootstrap tree #360, logLikelihood: -2344.845737
[00:16:50] [worker #0] Bootstrap tree #359, logLikelihood: -2608.385585
[00:16:54] [worker #1] Bootstrap tree #362, logLikelihood: -2355.200939
[00:16:56] [worker #0] Bootstrap tree #361, logLikelihood: -2419.733972
[00:17:00] [worker #1] Bootstrap tree #364, logLikelihood: -2324.949092
[00:17:01] [worker #0] Bootstrap tree #363, logLikelihood: -2583.689591
[00:17:05] [worker #1] Bootstrap tree #366, logLikelihood: -2312.677203
[00:17:06] [worker #0] Bootstrap tree #365, logLikelihood: -2435.638987
[00:17:11] [worker #1] Bootstrap tree #368, logLikelihood: -2542.287105
[00:17:11] [worker #0] Bootstrap tree #367, logLikelihood: -2403.315645
[00:17:16] [worker #1] Bootstrap tree #370, logLikelihood: -2352.134716
[00:17:18] [worker #0] Bootstrap tree #369, logLikelihood: -2525.955753
[00:17:20] [worker #1] Bootstrap tree #372, logLikelihood: -2557.231310
[00:17:23] [worker #0] Bootstrap tree #371, logLikelihood: -2355.397886
[00:17:25] [worker #1] Bootstrap tree #374, logLikelihood: -2327.184999
[00:17:28] [worker #0] Bootstrap tree #373, logLikelihood: -2455.666173
[00:17:30] [worker #1] Bootstrap tree #376, logLikelihood: -2693.716351
[00:17:33] [worker #0] Bootstrap tree #375, logLikelihood: -2558.103168
[00:17:38] [worker #0] Bootstrap tree #377, logLikelihood: -2296.481413
[00:17:39] [worker #1] Bootstrap tree #378, logLikelihood: -2602.176565
[00:17:42] [worker #0] Bootstrap tree #379, logLikelihood: -2506.413770
[00:17:43] [worker #1] Bootstrap tree #380, logLikelihood: -2096.147567
[00:17:49] [worker #0] Bootstrap tree #381, logLikelihood: -2595.626657
[00:17:49] [worker #1] Bootstrap tree #382, logLikelihood: -2372.198484
[00:17:53] [worker #1] Bootstrap tree #384, logLikelihood: -2543.067351
[00:17:54] [worker #0] Bootstrap tree #383, logLikelihood: -2471.806283
[00:17:58] [worker #1] Bootstrap tree #386, logLikelihood: -2412.256757
[00:17:58] [worker #0] Bootstrap tree #385, logLikelihood: -2408.660412
[00:18:03] [worker #1] Bootstrap tree #388, logLikelihood: -2505.067023
[00:18:04] [worker #0] Bootstrap tree #387, logLikelihood: -2172.669045
[00:18:07] [worker #1] Bootstrap tree #390, logLikelihood: -2685.807149
[00:18:08] [worker #0] Bootstrap tree #389, logLikelihood: -2373.372766
[00:18:12] [worker #1] Bootstrap tree #392, logLikelihood: -2677.519952
[00:18:14] [worker #0] Bootstrap tree #391, logLikelihood: -2693.502520
[00:18:17] [worker #1] Bootstrap tree #394, logLikelihood: -2231.104975
[00:18:19] [worker #0] Bootstrap tree #393, logLikelihood: -2555.994960
[00:18:21] [worker #1] Bootstrap tree #396, logLikelihood: -2415.089404
[00:18:24] [worker #0] Bootstrap tree #395, logLikelihood: -2265.427093
[00:18:25] [worker #1] Bootstrap tree #398, logLikelihood: -2307.732538
[00:18:29] [worker #0] Bootstrap tree #397, logLikelihood: -2501.123683
[00:18:29] [worker #1] Bootstrap tree #400, logLikelihood: -2400.995158
[00:18:34] [worker #0] Bootstrap tree #399, logLikelihood: -2451.106008
[00:18:39] [worker #0] Bootstrap tree #401, logLikelihood: -2338.507874
[00:18:41] [worker #1] Bootstrap tree #402, logLikelihood: -2541.765381
[00:18:45] [worker #0] Bootstrap tree #403, logLikelihood: -2133.161987
[00:18:46] [worker #1] Bootstrap tree #404, logLikelihood: -2329.022014
[00:18:50] [worker #1] Bootstrap tree #406, logLikelihood: -2221.885204
[00:18:53] [worker #0] Bootstrap tree #405, logLikelihood: -2486.872169
[00:18:54] [worker #1] Bootstrap tree #408, logLikelihood: -2554.614373
[00:18:58] [worker #0] Bootstrap tree #407, logLikelihood: -2342.536073
[00:18:59] [worker #1] Bootstrap tree #410, logLikelihood: -2425.633833
[00:19:03] [worker #0] Bootstrap tree #409, logLikelihood: -2082.033432
[00:19:03] [worker #1] Bootstrap tree #412, logLikelihood: -2106.753852
[00:19:07] [worker #1] Bootstrap tree #414, logLikelihood: -2435.196503
[00:19:10] [worker #0] Bootstrap tree #411, logLikelihood: -2471.193126
[00:19:13] [worker #1] Bootstrap tree #416, logLikelihood: -2632.516458
[00:19:15] [worker #0] Bootstrap tree #413, logLikelihood: -2210.855983
[00:19:17] [worker #1] Bootstrap tree #418, logLikelihood: -2317.000861
[00:19:20] [worker #0] Bootstrap tree #415, logLikelihood: -2239.049040
[00:19:21] [worker #1] Bootstrap tree #420, logLikelihood: -2481.455041
[00:19:25] [worker #0] Bootstrap tree #417, logLikelihood: -2427.318008
[00:19:25] [worker #1] Bootstrap tree #422, logLikelihood: -2427.777076
[00:19:29] [worker #1] Bootstrap tree #424, logLikelihood: -2723.806490
[00:19:31] [worker #0] Bootstrap tree #419, logLikelihood: -2406.778653
[00:19:34] [worker #1] Bootstrap tree #426, logLikelihood: -2315.091776
[00:19:36] [worker #0] Bootstrap tree #421, logLikelihood: -2326.533032
[00:19:38] [worker #1] Bootstrap tree #428, logLikelihood: -2457.472444
[00:19:42] [worker #0] Bootstrap tree #423, logLikelihood: -2434.752954
[00:19:43] [worker #1] Bootstrap tree #430, logLikelihood: -2529.858433
[00:19:46] [worker #0] Bootstrap tree #425, logLikelihood: -2279.379896
[00:19:48] [worker #1] Bootstrap tree #432, logLikelihood: -2377.810912
[00:19:51] [worker #0] Bootstrap tree #427, logLikelihood: -2487.619715
[00:19:52] [worker #1] Bootstrap tree #434, logLikelihood: -2304.930857
[00:19:56] [worker #0] Bootstrap tree #429, logLikelihood: -2439.949386
[00:19:57] [worker #1] Bootstrap tree #436, logLikelihood: -2278.741263
[00:20:01] [worker #0] Bootstrap tree #431, logLikelihood: -2401.612332
[00:20:02] [worker #1] Bootstrap tree #438, logLikelihood: -2553.857511
[00:20:06] [worker #0] Bootstrap tree #433, logLikelihood: -2413.932204
[00:20:07] [worker #1] Bootstrap tree #440, logLikelihood: -2331.375229
[00:20:12] [worker #1] Bootstrap tree #442, logLikelihood: -2602.366283
[00:20:12] [worker #0] Bootstrap tree #435, logLikelihood: -2486.524971
[00:20:16] [worker #1] Bootstrap tree #444, logLikelihood: -2309.808581
[00:20:16] [worker #0] Bootstrap tree #437, logLikelihood: -2564.536895
[00:20:20] [worker #1] Bootstrap tree #446, logLikelihood: -2151.359796
[00:20:21] [worker #0] Bootstrap tree #439, logLikelihood: -2415.013481
[00:20:25] [worker #1] Bootstrap tree #448, logLikelihood: -2453.159801
[00:20:27] [worker #0] Bootstrap tree #441, logLikelihood: -2539.584544
[00:20:30] [worker #1] Bootstrap tree #450, logLikelihood: -2439.326928
[00:20:32] [worker #0] Bootstrap tree #443, logLikelihood: -2680.344731
[00:20:37] [worker #0] Bootstrap tree #445, logLikelihood: -2365.484421
[00:20:41] [worker #0] Bootstrap tree #447, logLikelihood: -2431.329360
[00:20:46] [worker #0] Bootstrap tree #449, logLikelihood: -2563.764454
[00:20:51] [worker #1] Bootstrap tree #452, logLikelihood: -2238.307412
[00:20:51] [worker #0] Bootstrap tree #451, logLikelihood: -2311.367501
[00:20:55] [worker #1] Bootstrap tree #454, logLikelihood: -2252.899882
[00:20:57] [worker #0] Bootstrap tree #453, logLikelihood: -2453.796533
[00:21:00] [worker #1] Bootstrap tree #456, logLikelihood: -2372.154967
[00:21:02] [worker #0] Bootstrap tree #455, logLikelihood: -2205.728556
[00:21:04] [worker #1] Bootstrap tree #458, logLikelihood: -2493.825360
[00:21:06] [worker #0] Bootstrap tree #457, logLikelihood: -2439.330268
[00:21:08] [worker #1] Bootstrap tree #460, logLikelihood: -2343.792470
[00:21:11] [worker #0] Bootstrap tree #459, logLikelihood: -2307.133232
[00:21:12] [worker #1] Bootstrap tree #462, logLikelihood: -2336.649048
[00:21:16] [worker #0] Bootstrap tree #461, logLikelihood: -2351.166269
[00:21:17] [worker #1] Bootstrap tree #464, logLikelihood: -1993.263189
[00:21:21] [worker #1] Bootstrap tree #466, logLikelihood: -2345.965131
[00:21:25] [worker #0] Bootstrap tree #463, logLikelihood: -2551.172845
[00:21:25] [worker #1] Bootstrap tree #468, logLikelihood: -2603.972701
[00:21:30] [worker #1] Bootstrap tree #470, logLikelihood: -1993.994500
[00:21:30] [worker #0] Bootstrap tree #465, logLikelihood: -2311.063632
[00:21:34] [worker #1] Bootstrap tree #472, logLikelihood: -2396.307279
[00:21:36] [worker #0] Bootstrap tree #467, logLikelihood: -2527.438556
[00:21:38] [worker #1] Bootstrap tree #474, logLikelihood: -2279.099695
[00:21:41] [worker #0] Bootstrap tree #469, logLikelihood: -2351.020580
[00:21:43] [worker #1] Bootstrap tree #476, logLikelihood: -2471.494628
[00:21:49] [worker #1] Bootstrap tree #478, logLikelihood: -2635.217744
[00:21:49] [worker #0] Bootstrap tree #471, logLikelihood: -2550.561891
[00:21:54] [worker #0] Bootstrap tree #473, logLikelihood: -2140.215754
[00:21:54] [worker #1] Bootstrap tree #480, logLikelihood: -2570.277815
[00:21:59] [worker #1] Bootstrap tree #482, logLikelihood: -2541.780683
[00:21:59] [worker #0] Bootstrap tree #475, logLikelihood: -2358.497852
[00:22:03] [worker #1] Bootstrap tree #484, logLikelihood: -2174.747746
[00:22:05] [worker #0] Bootstrap tree #477, logLikelihood: -2302.426689
[00:22:07] [worker #1] Bootstrap tree #486, logLikelihood: -2192.385702
[00:22:10] [worker #0] Bootstrap tree #479, logLikelihood: -2317.066872
[00:22:12] [worker #1] Bootstrap tree #488, logLikelihood: -2429.967791
[00:22:17] [worker #1] Bootstrap tree #490, logLikelihood: -2630.248167
[00:22:18] [worker #0] Bootstrap tree #481, logLikelihood: -2643.746949
[00:22:22] [worker #1] Bootstrap tree #492, logLikelihood: -2172.513664
[00:22:23] [worker #0] Bootstrap tree #483, logLikelihood: -2436.860168
[00:22:27] [worker #1] Bootstrap tree #494, logLikelihood: -2512.153929
[00:22:29] [worker #0] Bootstrap tree #485, logLikelihood: -2219.296030
[00:22:31] [worker #1] Bootstrap tree #496, logLikelihood: -2648.948721
[00:22:33] [worker #0] Bootstrap tree #487, logLikelihood: -2440.353205
[00:22:36] [worker #1] Bootstrap tree #498, logLikelihood: -2440.419026
[00:22:40] [worker #0] Bootstrap tree #489, logLikelihood: -2103.238711
[00:22:41] [worker #1] Bootstrap tree #500, logLikelihood: -2227.481048
[00:22:46] [worker #0] Bootstrap tree #491, logLikelihood: -2473.734458
[00:22:52] [worker #0] Bootstrap tree #493, logLikelihood: -2259.434838
[00:22:56] [worker #0] Bootstrap tree #495, logLikelihood: -2650.190175
[00:23:01] [worker #0] Bootstrap tree #497, logLikelihood: -2210.662409
[00:23:06] [worker #0] Bootstrap tree #499, logLikelihood: -2299.607869
[00:23:10] [worker #1] Bootstrap tree #502, logLikelihood: -2553.987084
[00:23:10] [worker #0] Bootstrap tree #501, logLikelihood: -2195.387491
[00:23:15] [worker #1] Bootstrap tree #504, logLikelihood: -2247.089133
[00:23:16] [worker #0] Bootstrap tree #503, logLikelihood: -2447.981682
[00:23:20] [worker #1] Bootstrap tree #506, logLikelihood: -2301.284150
[00:23:20] [worker #0] Bootstrap tree #505, logLikelihood: -2442.563820
[00:23:24] [worker #1] Bootstrap tree #508, logLikelihood: -2360.191258
[00:23:25] [worker #0] Bootstrap tree #507, logLikelihood: -2452.095065
[00:23:30] [worker #1] Bootstrap tree #510, logLikelihood: -2463.396883
[00:23:31] [worker #0] Bootstrap tree #509, logLikelihood: -2499.367764
[00:23:36] [worker #0] Bootstrap tree #511, logLikelihood: -2463.821505
[00:23:37] [worker #1] Bootstrap tree #512, logLikelihood: -2489.287104
[00:23:41] [worker #0] Bootstrap tree #513, logLikelihood: -2440.540530
[00:23:43] [worker #1] Bootstrap tree #514, logLikelihood: -2223.316919
[00:23:46] [worker #0] Bootstrap tree #515, logLikelihood: -2432.135736
[00:23:47] [worker #1] Bootstrap tree #516, logLikelihood: -2384.995450
[00:23:51] [worker #0] Bootstrap tree #517, logLikelihood: -2405.968630
[00:23:51] [worker #1] Bootstrap tree #518, logLikelihood: -2554.466167
[00:23:56] [worker #0] Bootstrap tree #519, logLikelihood: -2281.730116
[00:23:56] [worker #1] Bootstrap tree #520, logLikelihood: -2497.493621
[00:24:00] [worker #0] Bootstrap tree #521, logLikelihood: -2542.785332
[00:24:01] [worker #1] Bootstrap tree #522, logLikelihood: -2399.699942
[00:24:06] [worker #0] Bootstrap tree #523, logLikelihood: -2361.498473
[00:24:07] [worker #1] Bootstrap tree #524, logLikelihood: -2740.104992
[00:24:11] [worker #0] Bootstrap tree #525, logLikelihood: -2398.643426
[00:24:12] [worker #1] Bootstrap tree #526, logLikelihood: -1933.254154
[00:24:16] [worker #1] Bootstrap tree #528, logLikelihood: -2495.129946
[00:24:16] [worker #0] Bootstrap tree #527, logLikelihood: -2366.162636
[00:24:20] [worker #1] Bootstrap tree #530, logLikelihood: -2317.655635
[00:24:20] [worker #0] Bootstrap tree #529, logLikelihood: -2554.830624
[00:24:25] [worker #1] Bootstrap tree #532, logLikelihood: -2401.517529
[00:24:26] [worker #0] Bootstrap tree #531, logLikelihood: -2286.826426
[00:24:29] [worker #1] Bootstrap tree #534, logLikelihood: -2488.798204
[00:24:31] [worker #0] Bootstrap tree #533, logLikelihood: -2442.613070
[00:24:35] [worker #1] Bootstrap tree #536, logLikelihood: -2583.766543
[00:24:39] [worker #0] Bootstrap tree #535, logLikelihood: -2379.422005
[00:24:40] [worker #1] Bootstrap tree #538, logLikelihood: -2462.717923
[00:24:45] [worker #1] Bootstrap tree #540, logLikelihood: -2350.666997
[00:24:45] [worker #0] Bootstrap tree #537, logLikelihood: -2028.179368
[00:24:49] [worker #1] Bootstrap tree #542, logLikelihood: -2414.538906
[00:24:50] [worker #0] Bootstrap tree #539, logLikelihood: -2604.103861
[00:24:53] [worker #1] Bootstrap tree #544, logLikelihood: -2340.628760
[00:24:55] [worker #0] Bootstrap tree #541, logLikelihood: -2476.742138
[00:24:58] [worker #1] Bootstrap tree #546, logLikelihood: -2432.939968
[00:25:02] [worker #0] Bootstrap tree #543, logLikelihood: -2520.836995
[00:25:02] [worker #1] Bootstrap tree #548, logLikelihood: -2292.142852
[00:25:06] [worker #1] Bootstrap tree #550, logLikelihood: -2412.536486
[00:25:07] [worker #0] Bootstrap tree #545, logLikelihood: -2419.945382
[00:25:11] [worker #0] Bootstrap tree #547, logLikelihood: -2592.567714
[00:25:19] [worker #0] Bootstrap tree #549, logLikelihood: -2508.399568
[00:25:24] [worker #1] Bootstrap tree #552, logLikelihood: -2422.920618
[00:25:25] [worker #0] Bootstrap tree #551, logLikelihood: -2389.810826
[00:25:28] [worker #1] Bootstrap tree #554, logLikelihood: -2487.034008
[00:25:30] [worker #0] Bootstrap tree #553, logLikelihood: -2345.756456
[00:25:33] [worker #1] Bootstrap tree #556, logLikelihood: -2325.354702
[00:25:35] [worker #0] Bootstrap tree #555, logLikelihood: -2439.085420
[00:25:38] [worker #1] Bootstrap tree #558, logLikelihood: -2635.803407
[00:25:39] [worker #0] Bootstrap tree #557, logLikelihood: -2437.408113
[00:25:42] [worker #1] Bootstrap tree #560, logLikelihood: -2387.884501
[00:25:45] [worker #0] Bootstrap tree #559, logLikelihood: -2260.170692
[00:25:47] [worker #1] Bootstrap tree #562, logLikelihood: -2414.967677
[00:25:50] [worker #0] Bootstrap tree #561, logLikelihood: -2375.070313
[00:25:52] [worker #1] Bootstrap tree #564, logLikelihood: -2304.234637
[00:25:55] [worker #0] Bootstrap tree #563, logLikelihood: -2396.422195
[00:25:56] [worker #1] Bootstrap tree #566, logLikelihood: -2440.559605
[00:26:00] [worker #0] Bootstrap tree #565, logLikelihood: -2539.083016
[00:26:01] [worker #1] Bootstrap tree #568, logLikelihood: -2345.335011
[00:26:06] [worker #0] Bootstrap tree #567, logLikelihood: -2246.032772
[00:26:06] [worker #1] Bootstrap tree #570, logLikelihood: -2504.264800
[00:26:10] [worker #1] Bootstrap tree #572, logLikelihood: -2050.263254
[00:26:11] [worker #0] Bootstrap tree #569, logLikelihood: -2189.636620
[00:26:15] [worker #1] Bootstrap tree #574, logLikelihood: -2325.679739
[00:26:17] [worker #0] Bootstrap tree #571, logLikelihood: -2306.675039
[00:26:20] [worker #1] Bootstrap tree #576, logLikelihood: -2319.822202
[00:26:22] [worker #0] Bootstrap tree #573, logLikelihood: -2547.768511
[00:26:25] [worker #1] Bootstrap tree #578, logLikelihood: -2367.515401
[00:26:27] [worker #0] Bootstrap tree #575, logLikelihood: -2032.996253
[00:26:30] [worker #1] Bootstrap tree #580, logLikelihood: -2416.094957
[00:26:34] [worker #0] Bootstrap tree #577, logLikelihood: -2248.860364
[00:26:35] [worker #1] Bootstrap tree #582, logLikelihood: -2212.783560
[00:26:38] [worker #0] Bootstrap tree #579, logLikelihood: -2468.379131
[00:26:40] [worker #1] Bootstrap tree #584, logLikelihood: -2338.838032
[00:26:43] [worker #0] Bootstrap tree #581, logLikelihood: -2462.416861
[00:26:45] [worker #1] Bootstrap tree #586, logLikelihood: -2244.131881
[00:26:48] [worker #0] Bootstrap tree #583, logLikelihood: -2300.293190
[00:26:50] [worker #1] Bootstrap tree #588, logLikelihood: -2726.884990
[00:26:55] [worker #1] Bootstrap tree #590, logLikelihood: -2531.526179
[00:26:55] [worker #0] Bootstrap tree #585, logLikelihood: -2508.915978
[00:26:59] [worker #0] Bootstrap tree #587, logLikelihood: -2219.679019
[00:26:59] [worker #1] Bootstrap tree #592, logLikelihood: -2515.746452
[00:27:04] [worker #1] Bootstrap tree #594, logLikelihood: -2565.816636
[00:27:05] [worker #0] Bootstrap tree #589, logLikelihood: -2475.511749
[00:27:08] [worker #1] Bootstrap tree #596, logLikelihood: -2390.089019
[00:27:10] [worker #0] Bootstrap tree #591, logLikelihood: -2169.714214
[00:27:14] [worker #1] Bootstrap tree #598, logLikelihood: -2386.223700
[00:27:15] [worker #0] Bootstrap tree #593, logLikelihood: -2278.480700
[00:27:18] [worker #1] Bootstrap tree #600, logLikelihood: -2315.001083
[00:27:19] [worker #0] Bootstrap tree #595, logLikelihood: -2551.421764
[00:27:25] [worker #0] Bootstrap tree #597, logLikelihood: -2535.426437
[00:27:30] [worker #0] Bootstrap tree #599, logLikelihood: -2312.449471
[00:27:34] [worker #1] Bootstrap tree #602, logLikelihood: -2014.680949
[00:27:36] [worker #0] Bootstrap tree #601, logLikelihood: -2282.391743
[00:27:39] [worker #1] Bootstrap tree #604, logLikelihood: -2328.236423
[00:27:42] [worker #0] Bootstrap tree #603, logLikelihood: -2201.304667
[00:27:44] [worker #1] Bootstrap tree #606, logLikelihood: -2334.500646
[00:27:48] [worker #0] Bootstrap tree #605, logLikelihood: -2329.508777
[00:27:48] [worker #1] Bootstrap tree #608, logLikelihood: -2344.048676
[00:27:52] [worker #0] Bootstrap tree #607, logLikelihood: -2392.202159
[00:27:53] [worker #1] Bootstrap tree #610, logLikelihood: -2572.521985
[00:27:57] [worker #0] Bootstrap tree #609, logLikelihood: -2382.520378
[00:27:57] [worker #1] Bootstrap tree #612, logLikelihood: -2321.842563
[00:28:01] [worker #1] Bootstrap tree #614, logLikelihood: -2213.328531
[00:28:02] [worker #0] Bootstrap tree #611, logLikelihood: -2264.373369
[00:28:06] [worker #1] Bootstrap tree #616, logLikelihood: -2350.797818
[00:28:07] [worker #0] Bootstrap tree #613, logLikelihood: -2695.671312
[00:28:10] [worker #1] Bootstrap tree #618, logLikelihood: -2318.379666
[00:28:12] [worker #0] Bootstrap tree #615, logLikelihood: -2520.522080
[00:28:16] [worker #1] Bootstrap tree #620, logLikelihood: -2444.550690
[00:28:17] [worker #0] Bootstrap tree #617, logLikelihood: -2281.965157
[00:28:20] [worker #1] Bootstrap tree #622, logLikelihood: -2373.854457
[00:28:21] [worker #0] Bootstrap tree #619, logLikelihood: -2172.490331
[00:28:24] [worker #1] Bootstrap tree #624, logLikelihood: -2413.724666
[00:28:26] [worker #0] Bootstrap tree #621, logLikelihood: -2586.136469
[00:28:30] [worker #1] Bootstrap tree #626, logLikelihood: -2133.320548
[00:28:31] [worker #0] Bootstrap tree #623, logLikelihood: -2534.889869
[00:28:35] [worker #1] Bootstrap tree #628, logLikelihood: -2493.949481
[00:28:36] [worker #0] Bootstrap tree #625, logLikelihood: -2320.619271
[00:28:40] [worker #1] Bootstrap tree #630, logLikelihood: -2269.051418
[00:28:44] [worker #1] Bootstrap tree #632, logLikelihood: -2467.366562
[00:28:44] [worker #0] Bootstrap tree #627, logLikelihood: -2471.576202
[00:28:49] [worker #0] Bootstrap tree #629, logLikelihood: -2344.851647
[00:28:49] [worker #1] Bootstrap tree #634, logLikelihood: -2695.765460
[00:28:53] [worker #0] Bootstrap tree #631, logLikelihood: -2419.941041
[00:28:54] [worker #1] Bootstrap tree #636, logLikelihood: -2353.708865
[00:28:58] [worker #0] Bootstrap tree #633, logLikelihood: -2340.887679
[00:29:00] [worker #1] Bootstrap tree #638, logLikelihood: -2367.041000
[00:29:02] [worker #0] Bootstrap tree #635, logLikelihood: -2508.886167
[00:29:04] [worker #1] Bootstrap tree #640, logLikelihood: -1977.567310
[00:29:08] [worker #0] Bootstrap tree #637, logLikelihood: -2543.224418
[00:29:10] [worker #1] Bootstrap tree #642, logLikelihood: -2620.261616
[00:29:13] [worker #0] Bootstrap tree #639, logLikelihood: -2618.027534
[00:29:14] [worker #1] Bootstrap tree #644, logLikelihood: -2445.246055
[00:29:18] [worker #0] Bootstrap tree #641, logLikelihood: -2413.774407
[00:29:18] [worker #1] Bootstrap tree #646, logLikelihood: -2157.073960
[00:29:22] [worker #1] Bootstrap tree #648, logLikelihood: -2329.572752
[00:29:24] [worker #0] Bootstrap tree #643, logLikelihood: -2162.780722
[00:29:27] [worker #1] Bootstrap tree #650, logLikelihood: -2127.047471
[00:29:28] [worker #0] Bootstrap tree #645, logLikelihood: -2368.567937
[00:29:33] [worker #0] Bootstrap tree #647, logLikelihood: -2166.008098
[00:29:39] [worker #0] Bootstrap tree #649, logLikelihood: -2361.077148
[00:29:45] [worker #1] Bootstrap tree #652, logLikelihood: -2402.120664
[00:29:46] [worker #0] Bootstrap tree #651, logLikelihood: -2102.807774
[00:29:49] [worker #1] Bootstrap tree #654, logLikelihood: -2288.279235
[00:29:52] [worker #0] Bootstrap tree #653, logLikelihood: -2454.146647
[00:29:54] [worker #1] Bootstrap tree #656, logLikelihood: -2300.336540
[00:29:58] [worker #0] Bootstrap tree #655, logLikelihood: -2544.416542
[00:29:59] [worker #1] Bootstrap tree #658, logLikelihood: -2581.585893
[00:30:03] [worker #0] Bootstrap tree #657, logLikelihood: -2076.268243
[00:30:04] [worker #1] Bootstrap tree #660, logLikelihood: -2438.295811
[00:30:08] [worker #0] Bootstrap tree #659, logLikelihood: -2167.258249
[00:30:09] [worker #1] Bootstrap tree #662, logLikelihood: -2297.695169
[00:30:14] [worker #0] Bootstrap tree #661, logLikelihood: -2612.387486
[00:30:15] [worker #1] Bootstrap tree #664, logLikelihood: -2295.817553
[00:30:19] [worker #0] Bootstrap tree #663, logLikelihood: -2507.072396
[00:30:20] [worker #1] Bootstrap tree #666, logLikelihood: -2488.962640
[00:30:25] [worker #1] Bootstrap tree #668, logLikelihood: -2066.158663
[00:30:25] [worker #0] Bootstrap tree #665, logLikelihood: -2525.278872
[00:30:30] [worker #1] Bootstrap tree #670, logLikelihood: -2424.366210
[00:30:31] [worker #0] Bootstrap tree #667, logLikelihood: -2334.458144
[00:30:35] [worker #1] Bootstrap tree #672, logLikelihood: -2332.825087
[00:30:37] [worker #0] Bootstrap tree #669, logLikelihood: -2245.060205
[00:30:40] [worker #1] Bootstrap tree #674, logLikelihood: -2290.143000
[00:30:42] [worker #0] Bootstrap tree #671, logLikelihood: -2413.035133
[00:30:45] [worker #1] Bootstrap tree #676, logLikelihood: -2564.669498
[00:30:49] [worker #0] Bootstrap tree #673, logLikelihood: -2263.548667
[00:30:51] [worker #1] Bootstrap tree #678, logLikelihood: -2540.092677
[00:30:55] [worker #0] Bootstrap tree #675, logLikelihood: -2511.753122
[00:30:58] [worker #1] Bootstrap tree #680, logLikelihood: -2524.879699
[00:31:00] [worker #0] Bootstrap tree #677, logLikelihood: -2419.799215
[00:31:02] [worker #1] Bootstrap tree #682, logLikelihood: -2307.317151
[00:31:05] [worker #0] Bootstrap tree #679, logLikelihood: -2327.880243
[00:31:07] [worker #1] Bootstrap tree #684, logLikelihood: -2432.739763
[00:31:11] [worker #0] Bootstrap tree #681, logLikelihood: -2477.110301
[00:31:12] [worker #1] Bootstrap tree #686, logLikelihood: -2339.736054
[00:31:17] [worker #0] Bootstrap tree #683, logLikelihood: -2425.700796
[00:31:17] [worker #1] Bootstrap tree #688, logLikelihood: -2294.184080
[00:31:22] [worker #1] Bootstrap tree #690, logLikelihood: -2499.992993
[00:31:23] [worker #0] Bootstrap tree #685, logLikelihood: -2323.277756
[00:31:26] [worker #1] Bootstrap tree #692, logLikelihood: -2424.104186
[00:31:28] [worker #0] Bootstrap tree #687, logLikelihood: -2540.222975
[00:31:31] [worker #1] Bootstrap tree #694, logLikelihood: -2346.154277
[00:31:32] [worker #0] Bootstrap tree #689, logLikelihood: -2372.209900
[00:31:37] [worker #1] Bootstrap tree #696, logLikelihood: -2607.494551
[00:31:37] [worker #0] Bootstrap tree #691, logLikelihood: -2250.257872
[00:31:41] [worker #1] Bootstrap tree #698, logLikelihood: -2461.102991
[00:31:43] [worker #0] Bootstrap tree #693, logLikelihood: -2194.344757
[00:31:46] [worker #1] Bootstrap tree #700, logLikelihood: -2356.163352
[00:31:48] [worker #0] Bootstrap tree #695, logLikelihood: -2281.665086
[00:31:53] [worker #0] Bootstrap tree #697, logLikelihood: -2410.367069
[00:32:01] [worker #0] Bootstrap tree #699, logLikelihood: -2350.366009
[00:32:06] [worker #1] Bootstrap tree #702, logLikelihood: -2511.201961
[00:32:07] [worker #0] Bootstrap tree #701, logLikelihood: -2159.662381
[00:32:10] [worker #1] Bootstrap tree #704, logLikelihood: -2110.210474
[00:32:13] [worker #0] Bootstrap tree #703, logLikelihood: -2159.472573
[00:32:14] [worker #1] Bootstrap tree #706, logLikelihood: -2399.950202
[00:32:17] [worker #0] Bootstrap tree #705, logLikelihood: -2457.987978
[00:32:19] [worker #1] Bootstrap tree #708, logLikelihood: -2280.672410
[00:32:24] [worker #1] Bootstrap tree #710, logLikelihood: -2539.587205
[00:32:24] [worker #0] Bootstrap tree #707, logLikelihood: -2346.781040
[00:32:30] [worker #0] Bootstrap tree #709, logLikelihood: -2130.495561
[00:32:32] [worker #1] Bootstrap tree #712, logLikelihood: -2490.474552
[00:32:34] [worker #0] Bootstrap tree #711, logLikelihood: -2170.870528
[00:32:37] [worker #1] Bootstrap tree #714, logLikelihood: -2027.157806
[00:32:40] [worker #0] Bootstrap tree #713, logLikelihood: -2302.475839
[00:32:42] [worker #1] Bootstrap tree #716, logLikelihood: -2104.367946
[00:32:46] [worker #0] Bootstrap tree #715, logLikelihood: -2543.488102
[00:32:46] [worker #1] Bootstrap tree #718, logLikelihood: -2457.292889
[00:32:50] [worker #0] Bootstrap tree #717, logLikelihood: -2579.344308
[00:32:52] [worker #1] Bootstrap tree #720, logLikelihood: -2136.484284
[00:32:57] [worker #1] Bootstrap tree #722, logLikelihood: -2467.309330
[00:32:58] [worker #0] Bootstrap tree #719, logLikelihood: -2484.766933
[00:33:02] [worker #1] Bootstrap tree #724, logLikelihood: -2362.132451
[00:33:03] [worker #0] Bootstrap tree #721, logLikelihood: -2596.992411
[00:33:06] [worker #1] Bootstrap tree #726, logLikelihood: -2373.468825
[00:33:08] [worker #0] Bootstrap tree #723, logLikelihood: -2536.451794
[00:33:12] [worker #1] Bootstrap tree #728, logLikelihood: -2510.779091
[00:33:13] [worker #0] Bootstrap tree #725, logLikelihood: -2405.869737
[00:33:16] [worker #1] Bootstrap tree #730, logLikelihood: -2577.206862
[00:33:19] [worker #0] Bootstrap tree #727, logLikelihood: -2249.997477
[00:33:21] [worker #1] Bootstrap tree #732, logLikelihood: -2342.258320
[00:33:24] [worker #0] Bootstrap tree #729, logLikelihood: -2364.196641
[00:33:26] [worker #1] Bootstrap tree #734, logLikelihood: -2318.492037
[00:33:29] [worker #0] Bootstrap tree #731, logLikelihood: -2358.206547
[00:33:30] [worker #1] Bootstrap tree #736, logLikelihood: -2147.428199
[00:33:34] [worker #0] Bootstrap tree #733, logLikelihood: -2416.668505
[00:33:36] [worker #1] Bootstrap tree #738, logLikelihood: -2368.162567
[00:33:39] [worker #0] Bootstrap tree #735, logLikelihood: -2305.905689
[00:33:40] [worker #1] Bootstrap tree #740, logLikelihood: -2461.049537
[00:33:44] [worker #0] Bootstrap tree #737, logLikelihood: -2541.288710
[00:33:45] [worker #1] Bootstrap tree #742, logLikelihood: -2098.747288
[00:33:49] [worker #0] Bootstrap tree #739, logLikelihood: -2390.968608
[00:33:50] [worker #1] Bootstrap tree #744, logLikelihood: -2204.010972
[00:33:54] [worker #1] Bootstrap tree #746, logLikelihood: -2070.698821
[00:33:55] [worker #0] Bootstrap tree #741, logLikelihood: -2403.239399
[00:34:00] [worker #1] Bootstrap tree #748, logLikelihood: -2364.840858
[00:34:01] [worker #0] Bootstrap tree #743, logLikelihood: -2165.903932
[00:34:04] [worker #1] Bootstrap tree #750, logLikelihood: -2263.333548
[00:34:06] [worker #0] Bootstrap tree #745, logLikelihood: -2512.956256
[00:34:11] [worker #0] Bootstrap tree #747, logLikelihood: -2409.372105
[00:34:17] [worker #0] Bootstrap tree #749, logLikelihood: -2207.736879
[00:34:22] [worker #1] Bootstrap tree #752, logLikelihood: -2295.323200
[00:34:23] [worker #0] Bootstrap tree #751, logLikelihood: -2490.124136
[00:34:27] [worker #1] Bootstrap tree #754, logLikelihood: -2430.509250
[00:34:28] [worker #0] Bootstrap tree #753, logLikelihood: -2571.901109
[00:34:33] [worker #1] Bootstrap tree #756, logLikelihood: -2512.151084
[00:34:34] [worker #0] Bootstrap tree #755, logLikelihood: -2331.857929
[00:34:39] [worker #1] Bootstrap tree #758, logLikelihood: -2367.857593
[00:34:39] [worker #0] Bootstrap tree #757, logLikelihood: -2416.159462
[00:34:44] [worker #1] Bootstrap tree #760, logLikelihood: -2392.560165
[00:34:45] [worker #0] Bootstrap tree #759, logLikelihood: -2478.622646
[00:34:48] [worker #1] Bootstrap tree #762, logLikelihood: -2381.275772
[00:34:49] [worker #0] Bootstrap tree #761, logLikelihood: -2354.332647
[00:34:54] [worker #1] Bootstrap tree #764, logLikelihood: -2686.095737
[00:34:55] [worker #0] Bootstrap tree #763, logLikelihood: -2575.595126
[00:34:59] [worker #1] Bootstrap tree #766, logLikelihood: -2489.714888
[00:35:01] [worker #0] Bootstrap tree #765, logLikelihood: -2597.853361
[00:35:04] [worker #1] Bootstrap tree #768, logLikelihood: -2084.414582
[00:35:05] [worker #0] Bootstrap tree #767, logLikelihood: -2554.027872
[00:35:08] [worker #1] Bootstrap tree #770, logLikelihood: -2512.517341
[00:35:10] [worker #0] Bootstrap tree #769, logLikelihood: -2273.582044
[00:35:14] [worker #1] Bootstrap tree #772, logLikelihood: -2341.684497
[00:35:15] [worker #0] Bootstrap tree #771, logLikelihood: -2425.816772
[00:35:19] [worker #1] Bootstrap tree #774, logLikelihood: -2437.571408
[00:35:21] [worker #0] Bootstrap tree #773, logLikelihood: -2620.531725
[00:35:24] [worker #1] Bootstrap tree #776, logLikelihood: -2631.502432
[00:35:27] [worker #0] Bootstrap tree #775, logLikelihood: -2444.601203
[00:35:29] [worker #1] Bootstrap tree #778, logLikelihood: -2545.250734
[00:35:33] [worker #0] Bootstrap tree #777, logLikelihood: -2373.209781
[00:35:34] [worker #1] Bootstrap tree #780, logLikelihood: -2547.551217
[00:35:38] [worker #1] Bootstrap tree #782, logLikelihood: -2557.949115
[00:35:40] [worker #0] Bootstrap tree #779, logLikelihood: -2264.183413
[00:35:43] [worker #1] Bootstrap tree #784, logLikelihood: -2258.901160
[00:35:45] [worker #0] Bootstrap tree #781, logLikelihood: -2295.796114
[00:35:49] [worker #1] Bootstrap tree #786, logLikelihood: -2135.370988
[00:35:51] [worker #0] Bootstrap tree #783, logLikelihood: -2478.896248
[00:35:53] [worker #1] Bootstrap tree #788, logLikelihood: -2283.887625
[00:35:57] [worker #0] Bootstrap tree #785, logLikelihood: -2697.178336
[00:35:58] [worker #1] Bootstrap tree #790, logLikelihood: -2468.200696
[00:36:02] [worker #0] Bootstrap tree #787, logLikelihood: -2286.786870
[00:36:02] [worker #1] Bootstrap tree #792, logLikelihood: -2537.452038
[00:36:07] [worker #1] Bootstrap tree #794, logLikelihood: -2319.547408
[00:36:07] [worker #0] Bootstrap tree #789, logLikelihood: -2540.027766
[00:36:11] [worker #1] Bootstrap tree #796, logLikelihood: -2224.791313
[00:36:13] [worker #0] Bootstrap tree #791, logLikelihood: -2331.735745
[00:36:17] [worker #1] Bootstrap tree #798, logLikelihood: -2540.541411
[00:36:19] [worker #0] Bootstrap tree #793, logLikelihood: -2469.228880
[00:36:21] [worker #1] Bootstrap tree #800, logLikelihood: -2165.048638
[00:36:24] [worker #0] Bootstrap tree #795, logLikelihood: -2531.300684
[00:36:29] [worker #0] Bootstrap tree #797, logLikelihood: -2547.747956
[00:36:34] [worker #0] Bootstrap tree #799, logLikelihood: -2131.282597
[00:36:39] [worker #1] Bootstrap tree #802, logLikelihood: -2363.170744
[00:36:41] [worker #0] Bootstrap tree #801, logLikelihood: -2512.512092
[00:36:43] [worker #1] Bootstrap tree #804, logLikelihood: -2615.207240
[00:36:46] [worker #0] Bootstrap tree #803, logLikelihood: -2379.655363
[00:36:48] [worker #1] Bootstrap tree #806, logLikelihood: -2469.519029
[00:36:50] [worker #0] Bootstrap tree #805, logLikelihood: -2288.715883
[00:36:53] [worker #1] Bootstrap tree #808, logLikelihood: -2453.183970
[00:36:56] [worker #0] Bootstrap tree #807, logLikelihood: -2287.293990
[00:36:57] [worker #1] Bootstrap tree #810, logLikelihood: -2322.859020
[00:37:02] [worker #1] Bootstrap tree #812, logLikelihood: -2478.178465
[00:37:02] [worker #0] Bootstrap tree #809, logLikelihood: -2427.545066
[00:37:06] [worker #1] Bootstrap tree #814, logLikelihood: -2321.765764
[00:37:07] [worker #0] Bootstrap tree #811, logLikelihood: -2052.715666
[00:37:11] [worker #1] Bootstrap tree #816, logLikelihood: -2309.039716
[00:37:12] [worker #0] Bootstrap tree #813, logLikelihood: -2531.204613
[00:37:16] [worker #1] Bootstrap tree #818, logLikelihood: -2228.836307
[00:37:17] [worker #0] Bootstrap tree #815, logLikelihood: -2353.830862
[00:37:21] [worker #1] Bootstrap tree #820, logLikelihood: -2288.463129
[00:37:23] [worker #0] Bootstrap tree #817, logLikelihood: -2494.234293
[00:37:26] [worker #1] Bootstrap tree #822, logLikelihood: -2564.376086
[00:37:28] [worker #0] Bootstrap tree #819, logLikelihood: -2543.835128
[00:37:31] [worker #1] Bootstrap tree #824, logLikelihood: -2577.156608
[00:37:34] [worker #0] Bootstrap tree #821, logLikelihood: -2348.469460
[00:37:39] [worker #1] Bootstrap tree #826, logLikelihood: -2212.482268
[00:37:40] [worker #0] Bootstrap tree #823, logLikelihood: -2368.189976
[00:37:42] [worker #1] Bootstrap tree #828, logLikelihood: -2284.633129
[00:37:45] [worker #0] Bootstrap tree #825, logLikelihood: -2603.616470
[00:37:47] [worker #1] Bootstrap tree #830, logLikelihood: -2197.208365
[00:37:50] [worker #0] Bootstrap tree #827, logLikelihood: -2408.768510
[00:37:52] [worker #1] Bootstrap tree #832, logLikelihood: -2516.109501
[00:37:55] [worker #0] Bootstrap tree #829, logLikelihood: -2519.681237
[00:37:56] [worker #1] Bootstrap tree #834, logLikelihood: -2394.223300
[00:38:01] [worker #1] Bootstrap tree #836, logLikelihood: -2257.517116
[00:38:02] [worker #0] Bootstrap tree #831, logLikelihood: -2293.390303
[00:38:06] [worker #1] Bootstrap tree #838, logLikelihood: -2160.267210
[00:38:08] [worker #0] Bootstrap tree #833, logLikelihood: -2157.547400
[00:38:12] [worker #1] Bootstrap tree #840, logLikelihood: -2463.016554
[00:38:13] [worker #0] Bootstrap tree #835, logLikelihood: -2230.698703
[00:38:17] [worker #1] Bootstrap tree #842, logLikelihood: -2406.824930
[00:38:19] [worker #0] Bootstrap tree #837, logLikelihood: -2384.604004
[00:38:21] [worker #1] Bootstrap tree #844, logLikelihood: -2374.685042
[00:38:24] [worker #0] Bootstrap tree #839, logLikelihood: -2445.501879
[00:38:26] [worker #1] Bootstrap tree #846, logLikelihood: -2337.260867
[00:38:29] [worker #0] Bootstrap tree #841, logLikelihood: -2357.475938
[00:38:31] [worker #1] Bootstrap tree #848, logLikelihood: -2216.826201
[00:38:34] [worker #0] Bootstrap tree #843, logLikelihood: -2558.165336
[00:38:36] [worker #1] Bootstrap tree #850, logLikelihood: -2503.255416
[00:38:39] [worker #0] Bootstrap tree #845, logLikelihood: -2435.289549
[00:38:44] [worker #0] Bootstrap tree #847, logLikelihood: -2410.687213
[00:38:49] [worker #0] Bootstrap tree #849, logLikelihood: -2309.571703
[00:38:56] [worker #0] Bootstrap tree #851, logLikelihood: -2685.078137
[00:38:57] [worker #1] Bootstrap tree #852, logLikelihood: -2201.147397
[00:39:01] [worker #0] Bootstrap tree #853, logLikelihood: -2278.622984
[00:39:03] [worker #1] Bootstrap tree #854, logLikelihood: -2228.843880
[00:39:06] [worker #0] Bootstrap tree #855, logLikelihood: -2159.592814
[00:39:07] [worker #1] Bootstrap tree #856, logLikelihood: -2350.336783
[00:39:11] [worker #1] Bootstrap tree #858, logLikelihood: -2568.211787
[00:39:12] [worker #0] Bootstrap tree #857, logLikelihood: -2415.781012
[00:39:15] [worker #1] Bootstrap tree #860, logLikelihood: -2310.492650
[00:39:18] [worker #0] Bootstrap tree #859, logLikelihood: -2692.872980
[00:39:23] [worker #0] Bootstrap tree #861, logLikelihood: -2479.852453
[00:39:23] [worker #1] Bootstrap tree #862, logLikelihood: -2347.205822
[00:39:28] [worker #0] Bootstrap tree #863, logLikelihood: -2604.740316
[00:39:29] [worker #1] Bootstrap tree #864, logLikelihood: -2430.056324
[00:39:33] [worker #0] Bootstrap tree #865, logLikelihood: -2229.189814
[00:39:33] [worker #1] Bootstrap tree #866, logLikelihood: -2346.727871
[00:39:38] [worker #1] Bootstrap tree #868, logLikelihood: -2448.119031
[00:39:39] [worker #0] Bootstrap tree #867, logLikelihood: -2601.120618
[00:39:43] [worker #1] Bootstrap tree #870, logLikelihood: -2437.348244
[00:39:44] [worker #0] Bootstrap tree #869, logLikelihood: -2617.396910
[00:39:48] [worker #1] Bootstrap tree #872, logLikelihood: -2457.462019
[00:39:51] [worker #0] Bootstrap tree #871, logLikelihood: -2378.607009
[00:39:53] [worker #1] Bootstrap tree #874, logLikelihood: -2507.624413
[00:39:57] [worker #0] Bootstrap tree #873, logLikelihood: -2190.406661
[00:39:57] [worker #1] Bootstrap tree #876, logLikelihood: -2254.089445
[00:40:02] [worker #0] Bootstrap tree #875, logLikelihood: -2544.707062
[00:40:04] [worker #1] Bootstrap tree #878, logLikelihood: -2474.101693
[00:40:08] [worker #0] Bootstrap tree #877, logLikelihood: -2446.344973
[00:40:08] [worker #1] Bootstrap tree #880, logLikelihood: -2358.137379
[00:40:12] [worker #1] Bootstrap tree #882, logLikelihood: -2508.572302
[00:40:13] [worker #0] Bootstrap tree #879, logLikelihood: -2387.945732
[00:40:17] [worker #1] Bootstrap tree #884, logLikelihood: -2107.783426
[00:40:21] [worker #1] Bootstrap tree #886, logLikelihood: -2379.321480
[00:40:24] [worker #0] Bootstrap tree #881, logLikelihood: -2381.475028
[00:40:25] [worker #1] Bootstrap tree #888, logLikelihood: -2340.385151
[00:40:30] [worker #0] Bootstrap tree #883, logLikelihood: -2327.080822
[00:40:30] [worker #1] Bootstrap tree #890, logLikelihood: -2625.426427
[00:40:35] [worker #1] Bootstrap tree #892, logLikelihood: -2229.931761
[00:40:35] [worker #0] Bootstrap tree #885, logLikelihood: -2223.254230
[00:40:40] [worker #1] Bootstrap tree #894, logLikelihood: -2485.188564
[00:40:40] [worker #0] Bootstrap tree #887, logLikelihood: -2310.140952
[00:40:44] [worker #1] Bootstrap tree #896, logLikelihood: -2087.334773
[00:40:46] [worker #0] Bootstrap tree #889, logLikelihood: -2487.453813
[00:40:49] [worker #1] Bootstrap tree #898, logLikelihood: -2367.640941
[00:40:52] [worker #0] Bootstrap tree #891, logLikelihood: -2301.096781
[00:40:53] [worker #1] Bootstrap tree #900, logLikelihood: -2462.960330
[00:40:57] [worker #0] Bootstrap tree #893, logLikelihood: -2179.295536
[00:41:03] [worker #0] Bootstrap tree #895, logLikelihood: -2300.097692
[00:41:08] [worker #0] Bootstrap tree #897, logLikelihood: -2481.917541
[00:41:13] [worker #0] Bootstrap tree #899, logLikelihood: -2345.983802
[00:41:18] [worker #1] Bootstrap tree #902, logLikelihood: -2407.966465
[00:41:20] [worker #0] Bootstrap tree #901, logLikelihood: -2435.763030
[00:41:23] [worker #1] Bootstrap tree #904, logLikelihood: -2554.062550
[00:41:25] [worker #0] Bootstrap tree #903, logLikelihood: -2246.564405
[00:41:27] [worker #1] Bootstrap tree #906, logLikelihood: -2592.365036
[00:41:31] [worker #0] Bootstrap tree #905, logLikelihood: -2477.728203
[00:41:31] [worker #1] Bootstrap tree #908, logLikelihood: -2461.893167
[00:41:36] [worker #0] Bootstrap tree #907, logLikelihood: -2269.187893
[00:41:36] [worker #1] Bootstrap tree #910, logLikelihood: -2461.116705
[00:41:41] [worker #1] Bootstrap tree #912, logLikelihood: -2407.706140
[00:41:42] [worker #0] Bootstrap tree #909, logLikelihood: -2648.819586
[00:41:47] [worker #0] Bootstrap tree #911, logLikelihood: -2623.550771
[00:41:49] [worker #1] Bootstrap tree #914, logLikelihood: -2302.595273
[00:41:53] [worker #1] Bootstrap tree #916, logLikelihood: -2567.628077
[00:41:54] [worker #0] Bootstrap tree #913, logLikelihood: -2548.032904
[00:41:58] [worker #1] Bootstrap tree #918, logLikelihood: -2310.463001
[00:41:58] [worker #0] Bootstrap tree #915, logLikelihood: -2290.579499
[00:42:02] [worker #1] Bootstrap tree #920, logLikelihood: -2566.963594
[00:42:04] [worker #0] Bootstrap tree #917, logLikelihood: -2739.128890
[00:42:06] [worker #1] Bootstrap tree #922, logLikelihood: -2346.515686
[00:42:09] [worker #0] Bootstrap tree #919, logLikelihood: -2506.116996
[00:42:11] [worker #1] Bootstrap tree #924, logLikelihood: -2346.586001
[00:42:14] [worker #0] Bootstrap tree #921, logLikelihood: -2282.570739
[00:42:15] [worker #1] Bootstrap tree #926, logLikelihood: -2648.571614
[00:42:20] [worker #1] Bootstrap tree #928, logLikelihood: -2339.848926
[00:42:21] [worker #0] Bootstrap tree #923, logLikelihood: -2371.457542
[00:42:24] [worker #1] Bootstrap tree #930, logLikelihood: -2299.612926
[00:42:27] [worker #0] Bootstrap tree #925, logLikelihood: -2227.259872
[00:42:29] [worker #1] Bootstrap tree #932, logLikelihood: -2492.532524
[00:42:34] [worker #1] Bootstrap tree #934, logLikelihood: -2357.549863
[00:42:34] [worker #0] Bootstrap tree #927, logLikelihood: -2521.266976
[00:42:39] [worker #0] Bootstrap tree #929, logLikelihood: -2174.503549
[00:42:39] [worker #1] Bootstrap tree #936, logLikelihood: -2307.231770
[00:42:43] [worker #1] Bootstrap tree #938, logLikelihood: -2496.719406
[00:42:44] [worker #0] Bootstrap tree #931, logLikelihood: -2490.226398
[00:42:48] [worker #1] Bootstrap tree #940, logLikelihood: -2356.241298
[00:42:50] [worker #0] Bootstrap tree #933, logLikelihood: -2510.708075
[00:42:52] [worker #1] Bootstrap tree #942, logLikelihood: -2361.102069
[00:42:56] [worker #0] Bootstrap tree #935, logLikelihood: -2303.366306
[00:42:56] [worker #1] Bootstrap tree #944, logLikelihood: -2237.167831
[00:43:00] [worker #1] Bootstrap tree #946, logLikelihood: -2561.696598
[00:43:01] [worker #0] Bootstrap tree #937, logLikelihood: -2150.936068
[00:43:05] [worker #1] Bootstrap tree #948, logLikelihood: -2485.686404
[00:43:07] [worker #0] Bootstrap tree #939, logLikelihood: -2446.170085
[00:43:10] [worker #1] Bootstrap tree #950, logLikelihood: -2294.678550
[00:43:12] [worker #0] Bootstrap tree #941, logLikelihood: -2273.944861
[00:43:17] [worker #0] Bootstrap tree #943, logLikelihood: -2397.069258
[00:43:24] [worker #0] Bootstrap tree #945, logLikelihood: -2545.524153
[00:43:30] [worker #0] Bootstrap tree #947, logLikelihood: -2557.327585
[00:43:35] [worker #0] Bootstrap tree #949, logLikelihood: -2555.531099
[00:43:40] [worker #1] Bootstrap tree #952, logLikelihood: -2610.435585
[00:43:41] [worker #0] Bootstrap tree #951, logLikelihood: -2436.080435
[00:43:46] [worker #1] Bootstrap tree #954, logLikelihood: -2740.941180
[00:43:50] [worker #0] Bootstrap tree #953, logLikelihood: -2483.304342
[00:43:50] [worker #1] Bootstrap tree #956, logLikelihood: -2520.845620
[00:43:55] [worker #1] Bootstrap tree #958, logLikelihood: -2288.585929
[00:43:55] [worker #0] Bootstrap tree #955, logLikelihood: -2541.982738
[00:44:00] [worker #1] Bootstrap tree #960, logLikelihood: -2548.407795
[00:44:01] [worker #0] Bootstrap tree #957, logLikelihood: -2264.438363
[00:44:07] [worker #0] Bootstrap tree #959, logLikelihood: -2347.265867
[00:44:07] [worker #1] Bootstrap tree #962, logLikelihood: -2382.189346
[00:44:11] [worker #1] Bootstrap tree #964, logLikelihood: -2093.499995
[00:44:11] [worker #0] Bootstrap tree #961, logLikelihood: -2438.366998
[00:44:17] [worker #0] Bootstrap tree #963, logLikelihood: -2578.733437
[00:44:18] [worker #1] Bootstrap tree #966, logLikelihood: -2172.111391
[00:44:23] [worker #0] Bootstrap tree #965, logLikelihood: -2251.003380
[00:44:25] [worker #1] Bootstrap tree #968, logLikelihood: -2250.937668
[00:44:28] [worker #0] Bootstrap tree #967, logLikelihood: -2327.920291
[00:44:30] [worker #1] Bootstrap tree #970, logLikelihood: -2453.819319
[00:44:33] [worker #0] Bootstrap tree #969, logLikelihood: -2497.236363
[00:44:35] [worker #1] Bootstrap tree #972, logLikelihood: -1936.472801
[00:44:39] [worker #1] Bootstrap tree #974, logLikelihood: -2374.721603
[00:44:39] [worker #0] Bootstrap tree #971, logLikelihood: -2298.749459
[00:44:44] [worker #0] Bootstrap tree #973, logLikelihood: -2458.789658
[00:44:47] [worker #1] Bootstrap tree #976, logLikelihood: -2507.804309
[00:44:51] [worker #0] Bootstrap tree #975, logLikelihood: -2471.847346
[00:44:51] [worker #1] Bootstrap tree #978, logLikelihood: -2428.541125
[00:44:56] [worker #1] Bootstrap tree #980, logLikelihood: -2119.263868
[00:44:56] [worker #0] Bootstrap tree #977, logLikelihood: -2404.351758
[00:45:01] [worker #0] Bootstrap tree #979, logLikelihood: -2464.121384
[00:45:01] [worker #1] Bootstrap tree #982, logLikelihood: -2547.180970
[00:45:06] [worker #1] Bootstrap tree #984, logLikelihood: -2570.481127
[00:45:11] [worker #1] Bootstrap tree #986, logLikelihood: -2249.623596
[00:45:11] [worker #0] Bootstrap tree #981, logLikelihood: -2349.568060
[00:45:15] [worker #1] Bootstrap tree #988, logLikelihood: -2409.624643
[00:45:17] [worker #0] Bootstrap tree #983, logLikelihood: -2475.194527
[00:45:20] [worker #1] Bootstrap tree #990, logLikelihood: -2645.840562
[00:45:22] [worker #0] Bootstrap tree #985, logLikelihood: -2481.174011
[00:45:27] [worker #0] Bootstrap tree #987, logLikelihood: -2339.447156
[00:45:27] [worker #1] Bootstrap tree #992, logLikelihood: -2470.168558
[00:45:32] [worker #1] Bootstrap tree #994, logLikelihood: -2074.192498
[00:45:33] [worker #0] Bootstrap tree #989, logLikelihood: -2518.802726
[00:45:38] [worker #1] Bootstrap tree #996, logLikelihood: -2280.946807
[00:45:38] [worker #0] Bootstrap tree #991, logLikelihood: -2471.692860
[00:45:44] [worker #0] Bootstrap tree #993, logLikelihood: -2443.862659
[00:45:45] [worker #1] Bootstrap tree #998, logLikelihood: -2114.429484
[00:45:49] [worker #0] Bootstrap tree #995, logLikelihood: -2631.851679
[00:45:49] [worker #1] Bootstrap tree #1000, logLikelihood: -2347.239945
[00:45:54] [worker #0] Bootstrap tree #997, logLikelihood: -2372.607545
[00:46:00] [worker #0] Bootstrap tree #999, logLikelihood: -2116.974730

Optimized model parameters:

   Partition 0: noname
   Rate heterogeneity: GAMMA (4 cats, mean),  alpha: 2.311589 (ML),  weights&rates: (0.250000,0.327833) (0.250000,0.684524) (0.250000,1.076137) (0.250000,1.911506) 
   Base frequencies (model): 0.079066 0.055941 0.041977 0.053052 0.012937 0.040767 0.071586 0.057337 0.022355 0.062157 0.099081 0.064600 0.022951 0.042302 0.044040 0.061197 0.053287 0.012066 0.034155 0.069147 
   Substitution rates (model): 0.425093 0.276818 0.395144 2.489084 0.969894 1.038545 2.066040 0.358858 0.149830 0.395337 0.536518 1.124035 0.253701 1.177651 4.727182 2.139501 0.180717 0.218959 2.547870 0.751878 0.123954 0.534551 2.807908 0.363970 0.390192 2.426601 0.126991 0.301848 6.326067 0.484133 0.052722 0.332533 0.858151 0.578987 0.593607 0.314440 0.170887 5.076149 0.528768 1.695752 0.541712 1.437645 4.509238 0.191503 0.068427 2.145078 0.371004 0.089525 0.161787 4.008358 2.000679 0.045376 0.612025 0.083688 0.062556 0.523386 5.243870 0.844926 0.927114 0.010690 0.015076 0.282959 0.025548 0.017416 0.394456 1.240275 0.425860 0.029890 0.135107 0.037967 0.084808 0.003499 0.569265 0.640543 0.320627 0.594007 0.013266 0.893680 1.105251 0.075382 2.784478 1.143480 0.670128 1.165532 1.959291 4.128591 0.267959 4.813505 0.072854 0.582457 3.234294 1.672569 0.035855 0.624294 1.223828 1.080136 0.236199 0.257336 0.210332 0.348847 0.423881 0.044265 0.069673 1.807177 0.173735 0.018811 0.419409 0.611973 0.604545 0.077852 0.120037 0.245034 0.311484 0.008705 0.044261 0.296636 0.139538 0.089586 0.196961 1.739990 0.129836 0.268491 0.054679 0.076701 0.108882 0.366317 0.697264 0.442472 0.682139 0.508851 0.990012 0.584262 0.597054 5.306834 0.119013 4.145067 0.159069 4.273607 1.112727 0.078281 0.064105 1.033739 0.111660 0.232523 10.649107 0.137500 6.312358 2.592692 0.249060 0.182287 0.302936 0.619632 0.299648 1.702745 0.656604 0.023918 0.390322 0.748683 1.136863 0.049906 0.131932 0.185202 1.798853 0.099849 0.346960 2.020366 0.696175 0.481306 1.898718 0.094464 0.361819 0.165001 2.457121 7.803902 0.654683 1.338132 0.571468 0.095131 0.089613 0.296501 6.472279 0.248862 0.400547 0.098369 0.140825 0.245841 2.188158 3.151815 0.189510 0.249313 


Final LogLikelihood: -2435.396909

AIC score: 5002.793819 / AICc score: 5208.468237 / BIC score: 5181.025523
Free parameters (model + branch lengths): 66

WARNING: Best ML tree contains 4 near-zero branches!

Best ML tree with collapsed near-zero branches saved to: /global/home/users/cbrook/raxml-ng/batCoV_aa_E/T3.raxml.bestTreeCollapsed
Best ML tree saved to: /global/home/users/cbrook/raxml-ng/batCoV_aa_E/T3.raxml.bestTree
All ML trees saved to: /global/home/users/cbrook/raxml-ng/batCoV_aa_E/T3.raxml.mlTrees
Best ML tree with Felsenstein bootstrap (FBP) support values saved to: /global/home/users/cbrook/raxml-ng/batCoV_aa_E/T3.raxml.supportFBP
Best ML tree with Transfer bootstrap (TBE) support values saved to: /global/home/users/cbrook/raxml-ng/batCoV_aa_E/T3.raxml.supportTBE
Optimized model saved to: /global/home/users/cbrook/raxml-ng/batCoV_aa_E/T3.raxml.bestModel
Bootstrap trees saved to: /global/home/users/cbrook/raxml-ng/batCoV_aa_E/T3.raxml.bootstraps

Execution log saved to: /global/home/users/cbrook/raxml-ng/batCoV_aa_E/T3.raxml.log

Analysis started: 22-Aug-2021 07:50:57 / finished: 22-Aug-2021 08:36:58

Elapsed time: 2761.445 seconds

Consumed energy: 58.581 Wh

