
RAxML-NG v. 1.0.0-master released on 07.08.2020 by The Exelixis Lab.
Developed by: Alexey M. Kozlov and Alexandros Stamatakis.
Contributors: Diego Darriba, Tomas Flouri, Benoit Morel, Sarah Lutteropp, Ben Bettisworth.
Latest version: https://github.com/amkozlov/raxml-ng
Questions/problems/suggestions? Please visit: https://groups.google.com/forum/#!forum/raxml

System: Intel(R) Xeon(R) Gold 6130 CPU @ 2.10GHz, 32 cores, 93 GB RAM

RAxML-NG was called at 28-Aug-2021 05:45:49 as follows:

/global/home/users/cbrook/raxml-ng/raxml-ng-mpi --all --msa M-Gene-Translation-Alignment.fasta --data-type AA --model LG+I+G4 --prefix T3 --seed 1 --threads 11 --bs-metric fbp,tbe

Analysis options:
  run mode: ML tree search + bootstrapping (Felsenstein Bootstrap + Transfer Bootstrap)
  start tree(s): random (10) + parsimony (10)
  bootstrap replicates: max: 1000 + bootstopping (autoMRE, cutoff: 0.030000)
  random seed: 1
  tip-inner: OFF
  pattern compression: ON
  per-rate scalers: OFF
  site repeats: ON
  branch lengths: proportional (ML estimate, algorithm: NR-FAST)
  SIMD kernels: AVX2
  parallelization: coarse-grained (auto), PTHREADS (11 threads), thread pinning: ON

[00:00:00] Reading alignment from file: M-Gene-Translation-Alignment.fasta
[00:00:00] Loaded alignment with 40 taxa and 242 sites

WARNING: Sequences Bos_taurus_NC_038294_1_Betacoronavirus_1_M and Homo_sapiens_NC_019843_3_MERS_M are exactly identical!
WARNING: Sequences EF065513_1_HKU_9_1_Rousettus_leschenaulti_China_M and NC_009021_1_HKU9_Rousettus_leschenaulti_China_M are exactly identical!
WARNING: Sequences EF065515_1_HKU_9_3_Rousettus_leschenaulti_China_M and HM211098_1_HKU_9_5_1_Rhinolphus_sinicus_China_M are exactly identical!
WARNING: Sequences EF065515_1_HKU_9_3_Rousettus_leschenaulti_China_M and HM211100_1_HKU_9_10_1_Rousettus_leschenaulti_China_M are exactly identical!
WARNING: Sequences KU762338_1_GCCDC1_356_Rousettus_leschenaulti_China_M and NC_030886_GCCDC1_356_Rousettus_leschenaulti_China_M are exactly identical!
WARNING: Duplicate sequences found: 5

NOTE: Reduced alignment (with duplicates and gap-only sites/taxa removed) 
NOTE: was saved to: /global/home/users/cbrook/raxml-ng/AA_M/T3.raxml.reduced.phy

Alignment comprises 1 partitions and 229 patterns

Partition 0: noname
Model: LG+I+G4m
Alignment sites / patterns: 242 / 229
Gaps: 8.49 %
Invariant sites: 15.70 %


NOTE: Binary MSA file created: T3.raxml.rba

Parallelization scheme autoconfig: 11 worker(s) x 1 thread(s)

Parallel reduction/worker buffer size: 1 KB  / 0 KB

[00:00:00] Generating 10 random starting tree(s) with 40 taxa
[00:00:00] Generating 10 parsimony starting tree(s) with 40 taxa
[00:00:00] Data distribution: max. partitions/sites/weight per thread: 1 / 229 / 18320
[00:00:00] Data distribution: max. searches per worker: 93

Starting ML tree search with 20 distinct starting trees

[00:00:12] [worker #10] ML tree search #11, logLikelihood: -5689.888849
[00:00:12] [worker #2] ML tree search #3, logLikelihood: -5689.888277
[00:00:12] [worker #3] ML tree search #4, logLikelihood: -5690.128929
[00:00:13] [worker #8] ML tree search #9, logLikelihood: -5690.128589
[00:00:13] [worker #9] ML tree search #10, logLikelihood: -5689.888304
[00:00:15] [worker #7] ML tree search #8, logLikelihood: -5690.128532
[00:00:15] [worker #5] ML tree search #6, logLikelihood: -5689.888528
[00:00:15] [worker #4] ML tree search #5, logLikelihood: -5690.129333
[00:00:15] [worker #6] ML tree search #7, logLikelihood: -5689.889764
[00:00:16] [worker #1] ML tree search #2, logLikelihood: -5689.888773
[00:00:20] [worker #0] ML tree search #1, logLikelihood: -5689.888945
[00:00:23] [worker #7] ML tree search #19, logLikelihood: -5689.888325
[00:00:25] [worker #3] ML tree search #15, logLikelihood: -5689.888339
[00:00:25] [worker #1] ML tree search #13, logLikelihood: -5689.888255
[00:00:25] [worker #5] ML tree search #17, logLikelihood: -5689.888334
[00:00:26] [worker #2] ML tree search #14, logLikelihood: -5690.129170
[00:00:26] [worker #8] ML tree search #20, logLikelihood: -5690.129503
[00:00:27] [worker #6] ML tree search #18, logLikelihood: -5689.890047
[00:00:28] [worker #4] ML tree search #16, logLikelihood: -5689.889005
[00:00:32] [worker #0] ML tree search #12, logLikelihood: -5689.888952

[00:00:32] ML tree search completed, best tree logLH: -5689.888255

[00:00:32] Starting bootstrapping analysis with 1000 replicates.

[00:00:40] [worker #4] Bootstrap tree #5, logLikelihood: -5586.029734
[00:00:40] [worker #6] Bootstrap tree #7, logLikelihood: -5498.388665
[00:00:40] [worker #2] Bootstrap tree #3, logLikelihood: -5524.905468
[00:00:40] [worker #9] Bootstrap tree #10, logLikelihood: -5069.338641
[00:00:41] [worker #8] Bootstrap tree #9, logLikelihood: -5090.395124
[00:00:41] [worker #5] Bootstrap tree #6, logLikelihood: -5653.666871
[00:00:41] [worker #3] Bootstrap tree #4, logLikelihood: -5866.447957
[00:00:41] [worker #1] Bootstrap tree #2, logLikelihood: -5693.778561
[00:00:42] [worker #7] Bootstrap tree #8, logLikelihood: -5882.912327
[00:00:42] [worker #10] Bootstrap tree #11, logLikelihood: -5877.217712
[00:00:44] [worker #0] Bootstrap tree #1, logLikelihood: -5602.446039
[00:00:48] [worker #8] Bootstrap tree #20, logLikelihood: -5553.148544
[00:00:48] [worker #2] Bootstrap tree #14, logLikelihood: -5771.466142
[00:00:49] [worker #7] Bootstrap tree #19, logLikelihood: -5459.624613
[00:00:49] [worker #3] Bootstrap tree #15, logLikelihood: -6107.285875
[00:00:49] [worker #1] Bootstrap tree #13, logLikelihood: -5134.811272
[00:00:50] [worker #4] Bootstrap tree #16, logLikelihood: -5119.941828
[00:00:50] [worker #9] Bootstrap tree #21, logLikelihood: -5227.271879
[00:00:50] [worker #5] Bootstrap tree #17, logLikelihood: -5593.580280
[00:00:51] [worker #6] Bootstrap tree #18, logLikelihood: -5831.459377
[00:00:53] [worker #10] Bootstrap tree #22, logLikelihood: -5253.954067
[00:00:53] [worker #0] Bootstrap tree #12, logLikelihood: -5636.649716
[00:00:57] [worker #1] Bootstrap tree #24, logLikelihood: -5835.580660
[00:00:57] [worker #3] Bootstrap tree #26, logLikelihood: -5282.469476
[00:00:57] [worker #7] Bootstrap tree #30, logLikelihood: -5709.411264
[00:00:57] [worker #2] Bootstrap tree #25, logLikelihood: -5719.582528
[00:00:59] [worker #8] Bootstrap tree #31, logLikelihood: -5459.623709
[00:00:59] [worker #9] Bootstrap tree #32, logLikelihood: -5518.271136
[00:01:00] [worker #4] Bootstrap tree #27, logLikelihood: -5385.003296
[00:01:00] [worker #6] Bootstrap tree #29, logLikelihood: -5574.838913
[00:01:01] [worker #10] Bootstrap tree #33, logLikelihood: -5944.377310
[00:01:01] [worker #5] Bootstrap tree #28, logLikelihood: -5735.802089
[00:01:03] [worker #0] Bootstrap tree #23, logLikelihood: -5384.428710
[00:01:05] [worker #3] Bootstrap tree #37, logLikelihood: -5198.288446
[00:01:05] [worker #7] Bootstrap tree #41, logLikelihood: -5452.278492
[00:01:06] [worker #1] Bootstrap tree #35, logLikelihood: -5931.301203
[00:01:06] [worker #2] Bootstrap tree #36, logLikelihood: -5371.615840
[00:01:09] [worker #9] Bootstrap tree #43, logLikelihood: -5603.483082
[00:01:09] [worker #6] Bootstrap tree #40, logLikelihood: -5633.650574
[00:01:10] [worker #5] Bootstrap tree #39, logLikelihood: -5766.226232
[00:01:10] [worker #4] Bootstrap tree #38, logLikelihood: -5477.069282
[00:01:11] [worker #8] Bootstrap tree #42, logLikelihood: -5621.742853
[00:01:11] [worker #10] Bootstrap tree #44, logLikelihood: -5444.709911
[00:01:15] [worker #1] Bootstrap tree #46, logLikelihood: -5813.281981
[00:01:15] [worker #3] Bootstrap tree #48, logLikelihood: -5933.004018
[00:01:15] [worker #2] Bootstrap tree #47, logLikelihood: -6132.130350
[00:01:17] [worker #0] Bootstrap tree #34, logLikelihood: -5667.118018
[00:01:18] [worker #4] Bootstrap tree #49, logLikelihood: -5675.301095
[00:01:20] [worker #5] Bootstrap tree #50, logLikelihood: -5354.873484
[00:01:26] [worker #0] Bootstrap tree #45, logLikelihood: -5513.302215
[00:01:35] [worker #9] Bootstrap tree #54, logLikelihood: -5423.905653
[00:01:35] [worker #8] Bootstrap tree #53, logLikelihood: -5138.107034
[00:01:35] [worker #6] Bootstrap tree #51, logLikelihood: -6084.919314
[00:01:35] [worker #5] Bootstrap tree #61, logLikelihood: -5420.511797
[00:01:36] [worker #7] Bootstrap tree #52, logLikelihood: -5793.756638
[00:01:36] [worker #10] Bootstrap tree #55, logLikelihood: -5576.507630
[00:01:36] [worker #1] Bootstrap tree #57, logLikelihood: -5446.998277
[00:01:36] [worker #4] Bootstrap tree #60, logLikelihood: -5532.965145
[00:01:36] [worker #2] Bootstrap tree #58, logLikelihood: -5535.436224
[00:01:37] [worker #3] Bootstrap tree #59, logLikelihood: -5967.157674
[00:01:38] [worker #0] Bootstrap tree #56, logLikelihood: -5625.439315
[00:01:42] [worker #9] Bootstrap tree #65, logLikelihood: -5581.909594
[00:01:44] [worker #5] Bootstrap tree #72, logLikelihood: -5682.647167
[00:01:44] [worker #7] Bootstrap tree #63, logLikelihood: -5842.890352
[00:01:45] [worker #10] Bootstrap tree #66, logLikelihood: -5598.586269
[00:01:45] [worker #1] Bootstrap tree #68, logLikelihood: -5819.945583
[00:01:45] [worker #8] Bootstrap tree #64, logLikelihood: -6025.608812
[00:01:45] [worker #4] Bootstrap tree #71, logLikelihood: -5639.153597
[00:01:46] [worker #6] Bootstrap tree #62, logLikelihood: -5404.747646
[00:01:46] [worker #2] Bootstrap tree #69, logLikelihood: -5468.394293
[00:01:47] [worker #3] Bootstrap tree #70, logLikelihood: -5704.934721
[00:01:48] [worker #0] Bootstrap tree #67, logLikelihood: -5271.802506
[00:01:52] [worker #9] Bootstrap tree #76, logLikelihood: -5370.371371
[00:01:52] [worker #5] Bootstrap tree #83, logLikelihood: -5891.566404
[00:01:54] [worker #4] Bootstrap tree #82, logLikelihood: -5404.722224
[00:01:54] [worker #1] Bootstrap tree #79, logLikelihood: -5390.723659
[00:01:55] [worker #2] Bootstrap tree #80, logLikelihood: -5724.955897
[00:01:55] [worker #7] Bootstrap tree #74, logLikelihood: -5508.625942
[00:01:55] [worker #10] Bootstrap tree #77, logLikelihood: -5310.926445
[00:01:55] [worker #8] Bootstrap tree #75, logLikelihood: -5311.560195
[00:01:55] [worker #6] Bootstrap tree #73, logLikelihood: -5978.909046
[00:01:58] [worker #0] Bootstrap tree #78, logLikelihood: -5689.809855
[00:01:59] [worker #3] Bootstrap tree #81, logLikelihood: -5708.060367
[00:02:01] [worker #5] Bootstrap tree #94, logLikelihood: -5403.627333
[00:02:02] [worker #9] Bootstrap tree #87, logLikelihood: -5600.060063
[00:02:03] [worker #2] Bootstrap tree #91, logLikelihood: -5871.759449
[00:02:03] [worker #1] Bootstrap tree #90, logLikelihood: -6125.606737
[00:02:03] [worker #10] Bootstrap tree #88, logLikelihood: -6027.139798
[00:02:04] [worker #6] Bootstrap tree #84, logLikelihood: -5871.638283
[00:02:05] [worker #7] Bootstrap tree #85, logLikelihood: -5348.265976
[00:02:05] [worker #8] Bootstrap tree #86, logLikelihood: -5553.292436
[00:02:07] [worker #4] Bootstrap tree #93, logLikelihood: -6108.800983
[00:02:08] [worker #3] Bootstrap tree #92, logLikelihood: -5394.544528
[00:02:08] [worker #0] Bootstrap tree #89, logLikelihood: -5634.241633
[00:02:11] [worker #9] Bootstrap tree #98, logLikelihood: -5646.698201
[00:02:13] [worker #6] Bootstrap tree #95, logLikelihood: -5799.468233
[00:02:13] [worker #10] Bootstrap tree #99, logLikelihood: -5683.251274
[00:02:14] [worker #7] Bootstrap tree #96, logLikelihood: -5851.844540
[00:02:15] [worker #8] Bootstrap tree #97, logLikelihood: -5668.268924
[00:02:17] [worker #0] Bootstrap tree #100, logLikelihood: -5699.703434
[00:02:25] [worker #5] Bootstrap tree #105, logLikelihood: -5623.244198
[00:02:25] [worker #10] Bootstrap tree #110, logLikelihood: -5726.437853
[00:02:26] [worker #0] Bootstrap tree #111, logLikelihood: -5524.837790
[00:02:26] [worker #8] Bootstrap tree #108, logLikelihood: -5939.009961
[00:02:26] [worker #4] Bootstrap tree #104, logLikelihood: -5482.427891
[00:02:27] [worker #2] Bootstrap tree #102, logLikelihood: -5875.739631
[00:02:27] [worker #3] Bootstrap tree #103, logLikelihood: -5892.310909
[00:02:28] [worker #7] Bootstrap tree #107, logLikelihood: -5467.652835
[00:02:28] [worker #9] Bootstrap tree #109, logLikelihood: -5607.393302
[00:02:28] [worker #1] Bootstrap tree #101, logLikelihood: -5975.425323
[00:02:28] [worker #6] Bootstrap tree #106, logLikelihood: -5176.964238
[00:02:34] [worker #4] Bootstrap tree #115, logLikelihood: -5405.953847
[00:02:34] [worker #2] Bootstrap tree #113, logLikelihood: -5173.663978
[00:02:34] [worker #5] Bootstrap tree #116, logLikelihood: -5571.681231
[00:02:35] [worker #0] Bootstrap tree #122, logLikelihood: -5739.207705
[00:02:37] [worker #6] Bootstrap tree #117, logLikelihood: -5494.158854
[00:02:37] [worker #8] Bootstrap tree #119, logLikelihood: -5425.817530
[00:02:37] [worker #10] Bootstrap tree #121, logLikelihood: -5355.054242
[00:02:38] [worker #7] Bootstrap tree #118, logLikelihood: -5894.744478
[00:02:38] [worker #1] Bootstrap tree #112, logLikelihood: -5296.484143
[00:02:39] [worker #9] Bootstrap tree #120, logLikelihood: -5691.796075
[00:02:44] [worker #3] Bootstrap tree #114, logLikelihood: -5437.820970
[00:02:45] [worker #0] Bootstrap tree #133, logLikelihood: -5686.110747
[00:02:45] [worker #4] Bootstrap tree #126, logLikelihood: -6103.693902
[00:02:45] [worker #5] Bootstrap tree #127, logLikelihood: -5418.501006
[00:02:45] [worker #2] Bootstrap tree #124, logLikelihood: -5648.241156
[00:02:45] [worker #7] Bootstrap tree #129, logLikelihood: -5337.859446
[00:02:46] [worker #6] Bootstrap tree #128, logLikelihood: -5502.268294
[00:02:46] [worker #10] Bootstrap tree #132, logLikelihood: -5697.269322
[00:02:46] [worker #8] Bootstrap tree #130, logLikelihood: -5737.204632
[00:02:47] [worker #1] Bootstrap tree #123, logLikelihood: -5553.886883
[00:02:49] [worker #9] Bootstrap tree #131, logLikelihood: -5522.500241
[00:02:53] [worker #3] Bootstrap tree #125, logLikelihood: -5638.879852
[00:02:54] [worker #0] Bootstrap tree #144, logLikelihood: -5487.382321
[00:02:54] [worker #10] Bootstrap tree #143, logLikelihood: -5365.375034
[00:02:54] [worker #4] Bootstrap tree #137, logLikelihood: -5094.391771
[00:02:55] [worker #6] Bootstrap tree #139, logLikelihood: -5424.433860
[00:02:55] [worker #7] Bootstrap tree #140, logLikelihood: -5784.651286
[00:02:55] [worker #5] Bootstrap tree #138, logLikelihood: -5683.273516
[00:02:56] [worker #8] Bootstrap tree #141, logLikelihood: -6008.358645
[00:02:56] [worker #2] Bootstrap tree #135, logLikelihood: -5394.502954
[00:02:59] [worker #9] Bootstrap tree #142, logLikelihood: -5923.142656
[00:02:59] [worker #1] Bootstrap tree #134, logLikelihood: -5414.480769
[00:03:00] [worker #3] Bootstrap tree #136, logLikelihood: -5508.126405
[00:03:03] [worker #4] Bootstrap tree #148, logLikelihood: -6033.902965
[00:03:03] [worker #5] Bootstrap tree #149, logLikelihood: -5711.767888
[00:03:04] [worker #2] Bootstrap tree #146, logLikelihood: -5668.818888
[00:03:04] [worker #6] Bootstrap tree #150, logLikelihood: -5461.167626
[00:03:07] [worker #1] Bootstrap tree #145, logLikelihood: -5771.446889
[00:03:09] [worker #3] Bootstrap tree #147, logLikelihood: -5436.610126
[00:03:16] [worker #5] Bootstrap tree #160, logLikelihood: -6299.320777
[00:03:17] [worker #7] Bootstrap tree #151, logLikelihood: -5215.648337
[00:03:17] [worker #9] Bootstrap tree #153, logLikelihood: -5894.608465
[00:03:17] [worker #2] Bootstrap tree #157, logLikelihood: -5813.078317
[00:03:17] [worker #1] Bootstrap tree #156, logLikelihood: -5670.876399
[00:03:18] [worker #3] Bootstrap tree #158, logLikelihood: -5387.163845
[00:03:18] [worker #10] Bootstrap tree #154, logLikelihood: -5603.563103
[00:03:18] [worker #8] Bootstrap tree #152, logLikelihood: -6062.336622
[00:03:19] [worker #0] Bootstrap tree #155, logLikelihood: -5788.456092
[00:03:20] [worker #4] Bootstrap tree #159, logLikelihood: -5331.986038
[00:03:20] [worker #6] Bootstrap tree #161, logLikelihood: -5744.643536
[00:03:25] [worker #9] Bootstrap tree #164, logLikelihood: -5375.099172
[00:03:26] [worker #3] Bootstrap tree #169, logLikelihood: -5447.857861
[00:03:26] [worker #1] Bootstrap tree #167, logLikelihood: -5899.351812
[00:03:27] [worker #0] Bootstrap tree #166, logLikelihood: -5526.114016
[00:03:27] [worker #8] Bootstrap tree #163, logLikelihood: -5383.768502
[00:03:27] [worker #7] Bootstrap tree #162, logLikelihood: -5531.853685
[00:03:27] [worker #10] Bootstrap tree #165, logLikelihood: -5489.424667
[00:03:27] [worker #5] Bootstrap tree #171, logLikelihood: -5915.711845
[00:03:28] [worker #2] Bootstrap tree #168, logLikelihood: -6014.534578
[00:03:29] [worker #6] Bootstrap tree #172, logLikelihood: -5670.904029
[00:03:29] [worker #4] Bootstrap tree #170, logLikelihood: -5448.088039
[00:03:34] [worker #9] Bootstrap tree #175, logLikelihood: -5951.362369
[00:03:35] [worker #10] Bootstrap tree #176, logLikelihood: -5686.399239
[00:03:35] [worker #7] Bootstrap tree #173, logLikelihood: -5615.313245
[00:03:36] [worker #3] Bootstrap tree #180, logLikelihood: -5661.123989
[00:03:36] [worker #5] Bootstrap tree #182, logLikelihood: -5467.186408
[00:03:36] [worker #1] Bootstrap tree #178, logLikelihood: -5604.480473
[00:03:37] [worker #0] Bootstrap tree #177, logLikelihood: -5625.300596
[00:03:38] [worker #8] Bootstrap tree #174, logLikelihood: -5225.526160
[00:03:38] [worker #4] Bootstrap tree #181, logLikelihood: -5627.025566
[00:03:39] [worker #6] Bootstrap tree #183, logLikelihood: -5936.895345
[00:03:41] [worker #2] Bootstrap tree #179, logLikelihood: -5210.535496
[00:03:43] [worker #9] Bootstrap tree #186, logLikelihood: -5426.484608
[00:03:44] [worker #7] Bootstrap tree #184, logLikelihood: -5866.434400
[00:03:45] [worker #5] Bootstrap tree #193, logLikelihood: -5632.257784
[00:03:45] [worker #3] Bootstrap tree #191, logLikelihood: -5398.511090
[00:03:45] [worker #10] Bootstrap tree #187, logLikelihood: -5402.156412
[00:03:45] [worker #1] Bootstrap tree #189, logLikelihood: -5513.536561
[00:03:46] [worker #0] Bootstrap tree #188, logLikelihood: -5956.852656
[00:03:46] [worker #4] Bootstrap tree #192, logLikelihood: -5357.488333
[00:03:47] [worker #8] Bootstrap tree #185, logLikelihood: -5244.671395
[00:03:48] [worker #6] Bootstrap tree #194, logLikelihood: -5807.408805
[00:03:50] [worker #2] Bootstrap tree #190, logLikelihood: -5315.919356
[00:03:53] [worker #9] Bootstrap tree #197, logLikelihood: -5600.436707
[00:03:53] [worker #1] Bootstrap tree #200, logLikelihood: -5214.771993
[00:03:53] [worker #7] Bootstrap tree #195, logLikelihood: -5544.284230
[00:03:54] [worker #10] Bootstrap tree #198, logLikelihood: -5804.443704
[00:03:56] [worker #8] Bootstrap tree #196, logLikelihood: -5577.096498
[00:03:58] [worker #0] Bootstrap tree #199, logLikelihood: -5811.321609
[00:04:06] [worker #2] Bootstrap tree #201, logLikelihood: -5333.355369
[00:04:07] [worker #4] Bootstrap tree #203, logLikelihood: -5841.924293
[00:04:07] [worker #1] Bootstrap tree #211, logLikelihood: -5470.368105
[00:04:07] [worker #5] Bootstrap tree #204, logLikelihood: -5625.416836
[00:04:08] [worker #10] Bootstrap tree #209, logLikelihood: -5779.650769
[00:04:08] [worker #7] Bootstrap tree #206, logLikelihood: -5537.006211
[00:04:08] [worker #0] Bootstrap tree #210, logLikelihood: -5667.123588
[00:04:08] [worker #3] Bootstrap tree #202, logLikelihood: -5908.288321
[00:04:09] [worker #9] Bootstrap tree #208, logLikelihood: -5662.527046
[00:04:10] [worker #6] Bootstrap tree #205, logLikelihood: -5852.999391
[00:04:10] [worker #8] Bootstrap tree #207, logLikelihood: -5671.760092
[00:04:15] [worker #2] Bootstrap tree #212, logLikelihood: -5241.813086
[00:04:18] [worker #0] Bootstrap tree #221, logLikelihood: -5486.085643
[00:04:18] [worker #1] Bootstrap tree #222, logLikelihood: -5557.677740
[00:04:18] [worker #7] Bootstrap tree #217, logLikelihood: -6091.627278
[00:04:18] [worker #8] Bootstrap tree #218, logLikelihood: -5484.246975
[00:04:18] [worker #3] Bootstrap tree #213, logLikelihood: -5491.882975
[00:04:18] [worker #6] Bootstrap tree #216, logLikelihood: -5766.148713
[00:04:18] [worker #4] Bootstrap tree #214, logLikelihood: -5188.669857
[00:04:19] [worker #10] Bootstrap tree #220, logLikelihood: -6038.958671
[00:04:19] [worker #5] Bootstrap tree #215, logLikelihood: -5730.630051
[00:04:20] [worker #9] Bootstrap tree #219, logLikelihood: -5736.217392
[00:04:23] [worker #2] Bootstrap tree #223, logLikelihood: -5330.794505
[00:04:26] [worker #8] Bootstrap tree #229, logLikelihood: -5208.114717
[00:04:26] [worker #6] Bootstrap tree #227, logLikelihood: -5576.314098
[00:04:26] [worker #4] Bootstrap tree #225, logLikelihood: -5765.235485
[00:04:27] [worker #1] Bootstrap tree #233, logLikelihood: -5827.332441
[00:04:27] [worker #7] Bootstrap tree #228, logLikelihood: -5383.391647
[00:04:27] [worker #10] Bootstrap tree #231, logLikelihood: -5617.757817
[00:04:27] [worker #5] Bootstrap tree #226, logLikelihood: -5784.046278
[00:04:28] [worker #0] Bootstrap tree #232, logLikelihood: -5624.388271
[00:04:28] [worker #3] Bootstrap tree #224, logLikelihood: -5418.544439
[00:04:29] [worker #9] Bootstrap tree #230, logLikelihood: -5381.163078
[00:04:31] [worker #2] Bootstrap tree #234, logLikelihood: -5176.188367
[00:04:35] [worker #8] Bootstrap tree #240, logLikelihood: -6208.830535
[00:04:36] [worker #7] Bootstrap tree #239, logLikelihood: -5847.614933
[00:04:37] [worker #1] Bootstrap tree #244, logLikelihood: -5488.947979
[00:04:37] [worker #9] Bootstrap tree #241, logLikelihood: -5137.572172
[00:04:37] [worker #3] Bootstrap tree #235, logLikelihood: -6069.142619
[00:04:37] [worker #0] Bootstrap tree #243, logLikelihood: -5590.206769
[00:04:37] [worker #6] Bootstrap tree #238, logLikelihood: -5893.544835
[00:04:39] [worker #5] Bootstrap tree #237, logLikelihood: -6004.962822
[00:04:39] [worker #2] Bootstrap tree #245, logLikelihood: -5660.561171
[00:04:39] [worker #10] Bootstrap tree #242, logLikelihood: -5948.538533
[00:04:40] [worker #4] Bootstrap tree #236, logLikelihood: -6272.007593
[00:04:44] [worker #7] Bootstrap tree #250, logLikelihood: -5387.129949
[00:04:46] [worker #6] Bootstrap tree #249, logLikelihood: -5513.405023
[00:04:47] [worker #3] Bootstrap tree #246, logLikelihood: -5669.032376
[00:04:48] [worker #5] Bootstrap tree #248, logLikelihood: -5405.213816
[00:04:49] [worker #4] Bootstrap tree #247, logLikelihood: -5480.155210
[00:04:57] [worker #1] Bootstrap tree #255, logLikelihood: -5447.244689
[00:04:57] [worker #6] Bootstrap tree #260, logLikelihood: -5770.469393
[00:04:57] [worker #5] Bootstrap tree #259, logLikelihood: -5738.834105
[00:04:58] [worker #4] Bootstrap tree #258, logLikelihood: -5324.505579
[00:04:58] [worker #9] Bootstrap tree #252, logLikelihood: -5147.632258
[00:04:58] [worker #10] Bootstrap tree #253, logLikelihood: -5694.109411
[00:04:58] [worker #7] Bootstrap tree #261, logLikelihood: -5741.788018
[00:04:58] [worker #3] Bootstrap tree #257, logLikelihood: -5599.784640
[00:04:59] [worker #8] Bootstrap tree #251, logLikelihood: -5534.350345
[00:04:59] [worker #2] Bootstrap tree #256, logLikelihood: -5727.113545
[00:05:01] [worker #0] Bootstrap tree #254, logLikelihood: -5650.990469
[00:05:06] [worker #4] Bootstrap tree #269, logLikelihood: -5287.528940
[00:05:06] [worker #6] Bootstrap tree #271, logLikelihood: -5533.924652
[00:05:06] [worker #9] Bootstrap tree #263, logLikelihood: -5897.383450
[00:05:07] [worker #3] Bootstrap tree #268, logLikelihood: -5421.166077
[00:05:07] [worker #10] Bootstrap tree #264, logLikelihood: -5601.953378
[00:05:07] [worker #7] Bootstrap tree #272, logLikelihood: -5892.181577
[00:05:08] [worker #1] Bootstrap tree #266, logLikelihood: -5715.197724
[00:05:08] [worker #8] Bootstrap tree #262, logLikelihood: -5980.369919
[00:05:08] [worker #5] Bootstrap tree #270, logLikelihood: -5339.804797
[00:05:11] [worker #0] Bootstrap tree #265, logLikelihood: -5622.033014
[00:05:11] [worker #2] Bootstrap tree #267, logLikelihood: -5413.342951
[00:05:15] [worker #6] Bootstrap tree #282, logLikelihood: -5794.274368
[00:05:16] [worker #4] Bootstrap tree #280, logLikelihood: -5474.559210
[00:05:16] [worker #7] Bootstrap tree #283, logLikelihood: -5537.722840
[00:05:16] [worker #1] Bootstrap tree #277, logLikelihood: -5883.763412
[00:05:17] [worker #8] Bootstrap tree #273, logLikelihood: -5817.336532
[00:05:18] [worker #9] Bootstrap tree #274, logLikelihood: -5708.578324
[00:05:18] [worker #5] Bootstrap tree #281, logLikelihood: -5308.884041
[00:05:19] [worker #3] Bootstrap tree #279, logLikelihood: -5518.004965
[00:05:19] [worker #10] Bootstrap tree #275, logLikelihood: -5563.969643
[00:05:21] [worker #2] Bootstrap tree #278, logLikelihood: -5452.584387
[00:05:21] [worker #0] Bootstrap tree #276, logLikelihood: -5989.062146
[00:05:23] [worker #6] Bootstrap tree #293, logLikelihood: -5714.197886
[00:05:24] [worker #4] Bootstrap tree #291, logLikelihood: -5829.688869
[00:05:25] [worker #7] Bootstrap tree #294, logLikelihood: -5513.415422
[00:05:26] [worker #8] Bootstrap tree #284, logLikelihood: -5947.975830
[00:05:26] [worker #1] Bootstrap tree #288, logLikelihood: -5882.206051
[00:05:26] [worker #9] Bootstrap tree #285, logLikelihood: -5728.012141
[00:05:27] [worker #5] Bootstrap tree #292, logLikelihood: -5855.060833
[00:05:27] [worker #10] Bootstrap tree #286, logLikelihood: -5279.920740
[00:05:29] [worker #2] Bootstrap tree #289, logLikelihood: -5321.975640
[00:05:30] [worker #3] Bootstrap tree #290, logLikelihood: -5495.395841
[00:05:31] [worker #0] Bootstrap tree #287, logLikelihood: -5411.269970
[00:05:33] [worker #9] Bootstrap tree #296, logLikelihood: -5694.830286
[00:05:34] [worker #1] Bootstrap tree #299, logLikelihood: -5465.728215
[00:05:35] [worker #8] Bootstrap tree #295, logLikelihood: -6027.128685
[00:05:35] [worker #10] Bootstrap tree #297, logLikelihood: -5302.940390
[00:05:39] [worker #2] Bootstrap tree #300, logLikelihood: -5657.781946
[00:05:40] [worker #0] Bootstrap tree #298, logLikelihood: -5499.634561
[00:05:49] [worker #5] Bootstrap tree #303, logLikelihood: -5527.590423
[00:05:49] [worker #4] Bootstrap tree #302, logLikelihood: -5234.741715
[00:05:49] [worker #1] Bootstrap tree #310, logLikelihood: -5524.517017
[00:05:49] [worker #8] Bootstrap tree #306, logLikelihood: -5649.544838
[00:05:50] [worker #3] Bootstrap tree #301, logLikelihood: -5788.512306
[00:05:50] [worker #10] Bootstrap tree #308, logLikelihood: -5462.018496
[00:05:50] [worker #9] Bootstrap tree #307, logLikelihood: -5948.799433
[00:05:51] [worker #0] Bootstrap tree #309, logLikelihood: -5428.628826
[00:05:51] [worker #2] Bootstrap tree #311, logLikelihood: -5987.372377
[00:05:51] [worker #7] Bootstrap tree #305, logLikelihood: -5793.489081
[00:05:51] [worker #6] Bootstrap tree #304, logLikelihood: -5672.119479
[00:05:57] [worker #5] Bootstrap tree #314, logLikelihood: -5855.127312
[00:05:57] [worker #4] Bootstrap tree #313, logLikelihood: -5605.517599
[00:05:58] [worker #10] Bootstrap tree #319, logLikelihood: -5984.718863
[00:05:59] [worker #2] Bootstrap tree #322, logLikelihood: -5260.523256
[00:05:59] [worker #1] Bootstrap tree #321, logLikelihood: -5555.384173
[00:05:59] [worker #8] Bootstrap tree #317, logLikelihood: -5752.397018
[00:05:59] [worker #3] Bootstrap tree #312, logLikelihood: -5681.030486
[00:05:59] [worker #0] Bootstrap tree #320, logLikelihood: -5781.186719
[00:06:00] [worker #9] Bootstrap tree #318, logLikelihood: -5558.149371
[00:06:01] [worker #6] Bootstrap tree #315, logLikelihood: -5225.529425
[00:06:04] [worker #7] Bootstrap tree #316, logLikelihood: -5893.270511
[00:06:05] [worker #5] Bootstrap tree #325, logLikelihood: -5664.676646
[00:06:07] [worker #2] Bootstrap tree #333, logLikelihood: -5190.737035
[00:06:07] [worker #4] Bootstrap tree #324, logLikelihood: -5882.655607
[00:06:08] [worker #3] Bootstrap tree #323, logLikelihood: -5297.721434
[00:06:08] [worker #1] Bootstrap tree #332, logLikelihood: -5789.648246
[00:06:09] [worker #9] Bootstrap tree #329, logLikelihood: -5527.125122
[00:06:09] [worker #6] Bootstrap tree #326, logLikelihood: -5481.096632
[00:06:10] [worker #0] Bootstrap tree #331, logLikelihood: -5961.192540
[00:06:12] [worker #8] Bootstrap tree #328, logLikelihood: -5297.791767
[00:06:12] [worker #10] Bootstrap tree #330, logLikelihood: -5465.016495
[00:06:13] [worker #7] Bootstrap tree #327, logLikelihood: -5704.819893
[00:06:15] [worker #2] Bootstrap tree #344, logLikelihood: -5847.049900
[00:06:15] [worker #3] Bootstrap tree #334, logLikelihood: -5579.097961
[00:06:17] [worker #1] Bootstrap tree #343, logLikelihood: -5554.321485
[00:06:17] [worker #4] Bootstrap tree #335, logLikelihood: -5258.054673
[00:06:17] [worker #5] Bootstrap tree #336, logLikelihood: -5879.366003
[00:06:17] [worker #9] Bootstrap tree #340, logLikelihood: -5676.499149
[00:06:18] [worker #6] Bootstrap tree #337, logLikelihood: -5583.975611
[00:06:20] [worker #8] Bootstrap tree #339, logLikelihood: -5489.553847
[00:06:21] [worker #0] Bootstrap tree #342, logLikelihood: -5442.650431
[00:06:22] [worker #7] Bootstrap tree #338, logLikelihood: -5573.068105
[00:06:25] [worker #10] Bootstrap tree #341, logLikelihood: -5734.604707
[00:06:27] [worker #5] Bootstrap tree #347, logLikelihood: -5891.689305
[00:06:27] [worker #3] Bootstrap tree #345, logLikelihood: -5639.206937
[00:06:27] [worker #4] Bootstrap tree #346, logLikelihood: -5372.524552
[00:06:29] [worker #8] Bootstrap tree #350, logLikelihood: -5728.313707
[00:06:30] [worker #7] Bootstrap tree #349, logLikelihood: -5576.915678
[00:06:31] [worker #6] Bootstrap tree #348, logLikelihood: -5616.090252
[00:06:39] [worker #6] Bootstrap tree #359, logLikelihood: -5405.214389
[00:06:39] [worker #9] Bootstrap tree #351, logLikelihood: -5186.345536
[00:06:39] [worker #2] Bootstrap tree #355, logLikelihood: -5730.487398
[00:06:39] [worker #8] Bootstrap tree #361, logLikelihood: -5341.285151
[00:06:39] [worker #1] Bootstrap tree #354, logLikelihood: -5511.317190
[00:06:40] [worker #10] Bootstrap tree #352, logLikelihood: -6142.426722
[00:06:40] [worker #5] Bootstrap tree #358, logLikelihood: -5544.666344
[00:06:41] [worker #4] Bootstrap tree #357, logLikelihood: -5718.787784
[00:06:41] [worker #3] Bootstrap tree #356, logLikelihood: -5445.180534
[00:06:42] [worker #0] Bootstrap tree #353, logLikelihood: -6271.745760
[00:06:42] [worker #7] Bootstrap tree #360, logLikelihood: -5324.406367
[00:06:47] [worker #9] Bootstrap tree #362, logLikelihood: -5568.334247
[00:06:48] [worker #2] Bootstrap tree #366, logLikelihood: -5858.477039
[00:06:48] [worker #8] Bootstrap tree #372, logLikelihood: -5444.118954
[00:06:48] [worker #6] Bootstrap tree #370, logLikelihood: -6033.699962
[00:06:49] [worker #5] Bootstrap tree #369, logLikelihood: -5349.001546
[00:06:49] [worker #1] Bootstrap tree #365, logLikelihood: -5678.887928
[00:06:50] [worker #10] Bootstrap tree #363, logLikelihood: -5641.807403
[00:06:50] [worker #3] Bootstrap tree #367, logLikelihood: -5720.789766
[00:06:50] [worker #4] Bootstrap tree #368, logLikelihood: -5672.097601
[00:06:51] [worker #7] Bootstrap tree #371, logLikelihood: -5702.205333
[00:06:51] [worker #0] Bootstrap tree #364, logLikelihood: -5718.189932
[00:06:56] [worker #9] Bootstrap tree #373, logLikelihood: -5785.889374
[00:06:57] [worker #6] Bootstrap tree #381, logLikelihood: -5730.203332
[00:06:57] [worker #2] Bootstrap tree #377, logLikelihood: -5787.935417
[00:06:58] [worker #8] Bootstrap tree #383, logLikelihood: -5166.614090
[00:06:58] [worker #1] Bootstrap tree #376, logLikelihood: -5612.689707
[00:06:59] [worker #10] Bootstrap tree #374, logLikelihood: -5792.750765
[00:06:59] [worker #4] Bootstrap tree #379, logLikelihood: -5564.121989
[00:06:59] [worker #5] Bootstrap tree #380, logLikelihood: -5611.666992
[00:07:00] [worker #3] Bootstrap tree #378, logLikelihood: -5587.437701
[00:07:01] [worker #7] Bootstrap tree #382, logLikelihood: -5676.354746
[00:07:01] [worker #0] Bootstrap tree #375, logLikelihood: -5653.506859
[00:07:04] [worker #9] Bootstrap tree #384, logLikelihood: -5456.464301
[00:07:06] [worker #2] Bootstrap tree #388, logLikelihood: -5573.010750
[00:07:07] [worker #6] Bootstrap tree #392, logLikelihood: -5438.751348
[00:07:08] [worker #4] Bootstrap tree #390, logLikelihood: -6369.415521
[00:07:08] [worker #5] Bootstrap tree #391, logLikelihood: -6025.899481
[00:07:08] [worker #8] Bootstrap tree #394, logLikelihood: -5792.652862
[00:07:08] [worker #3] Bootstrap tree #389, logLikelihood: -5352.333874
[00:07:08] [worker #10] Bootstrap tree #385, logLikelihood: -5632.655450
[00:07:08] [worker #1] Bootstrap tree #387, logLikelihood: -5403.516249
[00:07:10] [worker #7] Bootstrap tree #393, logLikelihood: -5555.018025
[00:07:10] [worker #0] Bootstrap tree #386, logLikelihood: -5334.518232
[00:07:15] [worker #2] Bootstrap tree #399, logLikelihood: -5884.635466
[00:07:15] [worker #9] Bootstrap tree #395, logLikelihood: -5839.580237
[00:07:16] [worker #10] Bootstrap tree #396, logLikelihood: -5602.747432
[00:07:17] [worker #1] Bootstrap tree #398, logLikelihood: -5684.387585
[00:07:18] [worker #3] Bootstrap tree #400, logLikelihood: -5844.858547
[00:07:21] [worker #0] Bootstrap tree #397, logLikelihood: -6080.531184
[00:07:29] [worker #9] Bootstrap tree #406, logLikelihood: -5629.771692
[00:07:31] [worker #3] Bootstrap tree #411, logLikelihood: -6040.163931
[00:07:31] [worker #7] Bootstrap tree #404, logLikelihood: -5331.844450
[00:07:31] [worker #10] Bootstrap tree #407, logLikelihood: -5380.632383
[00:07:31] [worker #1] Bootstrap tree #409, logLikelihood: -5708.583247
[00:07:31] [worker #4] Bootstrap tree #401, logLikelihood: -5765.514764
[00:07:31] [worker #8] Bootstrap tree #405, logLikelihood: -5376.504212
[00:07:32] [worker #0] Bootstrap tree #408, logLikelihood: -5500.503676
[00:07:33] [worker #5] Bootstrap tree #402, logLikelihood: -5608.764172
[00:07:33] [worker #6] Bootstrap tree #403, logLikelihood: -5461.079673
[00:07:35] [worker #2] Bootstrap tree #410, logLikelihood: -6268.491033
[00:07:37] [worker #9] Bootstrap tree #417, logLikelihood: -6059.376062
[00:07:38] [worker #7] Bootstrap tree #415, logLikelihood: -5676.021570
[00:07:41] [worker #8] Bootstrap tree #416, logLikelihood: -5790.124799
[00:07:42] [worker #1] Bootstrap tree #420, logLikelihood: -5580.324444
[00:07:42] [worker #10] Bootstrap tree #418, logLikelihood: -5698.820044
[00:07:42] [worker #3] Bootstrap tree #422, logLikelihood: -5462.932707
[00:07:42] [worker #5] Bootstrap tree #413, logLikelihood: -5543.207216
[00:07:42] [worker #4] Bootstrap tree #412, logLikelihood: -5508.289738
[00:07:42] [worker #0] Bootstrap tree #419, logLikelihood: -5466.447964
[00:07:44] [worker #2] Bootstrap tree #421, logLikelihood: -5009.068403
[00:07:46] [worker #6] Bootstrap tree #414, logLikelihood: -5904.147176
[00:07:48] [worker #8] Bootstrap tree #427, logLikelihood: -5719.855776
[00:07:49] [worker #9] Bootstrap tree #428, logLikelihood: -5558.772071
[00:07:49] [worker #7] Bootstrap tree #426, logLikelihood: -5826.733245
[00:07:50] [worker #4] Bootstrap tree #423, logLikelihood: -5660.670469
[00:07:51] [worker #10] Bootstrap tree #429, logLikelihood: -5883.577573
[00:07:51] [worker #1] Bootstrap tree #431, logLikelihood: -5659.527221
[00:07:51] [worker #3] Bootstrap tree #433, logLikelihood: -5874.702577
[00:07:52] [worker #5] Bootstrap tree #424, logLikelihood: -5714.842446
[00:07:52] [worker #2] Bootstrap tree #432, logLikelihood: -5859.123389
[00:07:53] [worker #0] Bootstrap tree #430, logLikelihood: -5606.839418
[00:07:54] [worker #6] Bootstrap tree #425, logLikelihood: -5323.492936
[00:07:58] [worker #4] Bootstrap tree #434, logLikelihood: -5436.267566
[00:07:58] [worker #8] Bootstrap tree #438, logLikelihood: -5792.201975
[00:07:59] [worker #7] Bootstrap tree #437, logLikelihood: -5713.089093
[00:08:00] [worker #1] Bootstrap tree #442, logLikelihood: -6052.619753
[00:08:00] [worker #5] Bootstrap tree #435, logLikelihood: -5810.636435
[00:08:00] [worker #9] Bootstrap tree #439, logLikelihood: -5766.209774
[00:08:01] [worker #10] Bootstrap tree #440, logLikelihood: -5606.560427
[00:08:02] [worker #3] Bootstrap tree #444, logLikelihood: -5385.577277
[00:08:02] [worker #6] Bootstrap tree #436, logLikelihood: -5636.305324
[00:08:04] [worker #2] Bootstrap tree #443, logLikelihood: -5606.924192
[00:08:04] [worker #0] Bootstrap tree #441, logLikelihood: -5821.139185
[00:08:07] [worker #4] Bootstrap tree #445, logLikelihood: -6101.619563
[00:08:07] [worker #8] Bootstrap tree #449, logLikelihood: -5031.684758
[00:08:08] [worker #9] Bootstrap tree #450, logLikelihood: -5905.564649
[00:08:10] [worker #5] Bootstrap tree #446, logLikelihood: -5396.262025
[00:08:11] [worker #6] Bootstrap tree #447, logLikelihood: -5468.411889
[00:08:14] [worker #7] Bootstrap tree #448, logLikelihood: -6030.507020
[00:08:22] [worker #10] Bootstrap tree #451, logLikelihood: -5723.913614
[00:08:23] [worker #7] Bootstrap tree #459, logLikelihood: -6038.990763
[00:08:23] [worker #5] Bootstrap tree #457, logLikelihood: -5688.984892
[00:08:23] [worker #9] Bootstrap tree #461, logLikelihood: -5809.036059
[00:08:24] [worker #0] Bootstrap tree #452, logLikelihood: -5098.160100
[00:08:24] [worker #6] Bootstrap tree #458, logLikelihood: -5447.154493
[00:08:24] [worker #1] Bootstrap tree #453, logLikelihood: -5363.912151
[00:08:24] [worker #8] Bootstrap tree #460, logLikelihood: -5767.152129
[00:08:25] [worker #4] Bootstrap tree #456, logLikelihood: -5926.598263
[00:08:25] [worker #3] Bootstrap tree #455, logLikelihood: -5803.248516
[00:08:26] [worker #2] Bootstrap tree #454, logLikelihood: -6191.043022
[00:08:30] [worker #10] Bootstrap tree #462, logLikelihood: -6114.103845
[00:08:33] [worker #4] Bootstrap tree #467, logLikelihood: -5424.907280
[00:08:33] [worker #9] Bootstrap tree #472, logLikelihood: -5664.756207
[00:08:33] [worker #0] Bootstrap tree #463, logLikelihood: -5376.949326
[00:08:34] [worker #1] Bootstrap tree #464, logLikelihood: -5848.804024
[00:08:34] [worker #6] Bootstrap tree #469, logLikelihood: -5515.142895
[00:08:34] [worker #8] Bootstrap tree #471, logLikelihood: -6059.384981
[00:08:35] [worker #5] Bootstrap tree #468, logLikelihood: -6155.064155
[00:08:36] [worker #3] Bootstrap tree #466, logLikelihood: -5979.789923
[00:08:36] [worker #7] Bootstrap tree #470, logLikelihood: -5425.061888
[00:08:39] [worker #2] Bootstrap tree #465, logLikelihood: -5393.637549
[00:08:41] [worker #4] Bootstrap tree #478, logLikelihood: -5622.681658
[00:08:42] [worker #10] Bootstrap tree #473, logLikelihood: -5801.534376
[00:08:42] [worker #9] Bootstrap tree #483, logLikelihood: -5743.838939
[00:08:43] [worker #6] Bootstrap tree #480, logLikelihood: -5571.005276
[00:08:43] [worker #8] Bootstrap tree #482, logLikelihood: -5678.313898
[00:08:43] [worker #1] Bootstrap tree #475, logLikelihood: -5402.542009
[00:08:43] [worker #0] Bootstrap tree #474, logLikelihood: -5841.550991
[00:08:44] [worker #3] Bootstrap tree #477, logLikelihood: -5693.528813
[00:08:45] [worker #5] Bootstrap tree #479, logLikelihood: -5759.901908
[00:08:46] [worker #7] Bootstrap tree #481, logLikelihood: -5763.108079
[00:08:47] [worker #2] Bootstrap tree #476, logLikelihood: -5393.252950
[00:08:50] [worker #4] Bootstrap tree #489, logLikelihood: -5477.311580
[00:08:51] [worker #9] Bootstrap tree #494, logLikelihood: -5530.880867
[00:08:53] [worker #6] Bootstrap tree #491, logLikelihood: -5822.093502
[00:08:53] [worker #8] Bootstrap tree #493, logLikelihood: -5559.251343
[00:08:54] [worker #5] Bootstrap tree #490, logLikelihood: -5602.864619
[00:08:54] [worker #3] Bootstrap tree #488, logLikelihood: -6025.863497
[00:08:54] [worker #1] Bootstrap tree #486, logLikelihood: -5940.992144
[00:08:55] [worker #10] Bootstrap tree #484, logLikelihood: -6156.014372
[00:08:55] [worker #7] Bootstrap tree #492, logLikelihood: -5045.963916
[00:08:55] [worker #0] Bootstrap tree #485, logLikelihood: -5801.009038
[00:08:58] [worker #2] Bootstrap tree #487, logLikelihood: -5446.765477
[00:08:58] [worker #4] Bootstrap tree #500, logLikelihood: -6030.247548
[00:09:02] [worker #3] Bootstrap tree #499, logLikelihood: -4973.370965
[00:09:03] [worker #1] Bootstrap tree #497, logLikelihood: -6308.278559
[00:09:04] [worker #0] Bootstrap tree #496, logLikelihood: -5774.088023
[00:09:05] [worker #10] Bootstrap tree #495, logLikelihood: -5867.998438
[00:09:07] [worker #2] Bootstrap tree #498, logLikelihood: -5535.865600
[00:09:15] [worker #5] Bootstrap tree #501, logLikelihood: -5547.066966
[00:09:16] [worker #6] Bootstrap tree #502, logLikelihood: -5503.066479
[00:09:16] [worker #4] Bootstrap tree #511, logLikelihood: -5898.219952
[00:09:16] [worker #8] Bootstrap tree #504, logLikelihood: -5641.798921
[00:09:16] [worker #3] Bootstrap tree #510, logLikelihood: -5699.183978
[00:09:17] [worker #0] Bootstrap tree #507, logLikelihood: -5270.589621
[00:09:17] [worker #10] Bootstrap tree #506, logLikelihood: -5766.361376
[00:09:18] [worker #9] Bootstrap tree #505, logLikelihood: -5996.173250
[00:09:18] [worker #1] Bootstrap tree #508, logLikelihood: -5545.301948
[00:09:19] [worker #2] Bootstrap tree #509, logLikelihood: -6108.689659
[00:09:19] [worker #7] Bootstrap tree #503, logLikelihood: -6019.054770
[00:09:24] [worker #5] Bootstrap tree #512, logLikelihood: -5535.598724
[00:09:24] [worker #6] Bootstrap tree #513, logLikelihood: -5813.362290
[00:09:25] [worker #4] Bootstrap tree #522, logLikelihood: -6008.322711
[00:09:26] [worker #9] Bootstrap tree #516, logLikelihood: -5256.599674
[00:09:26] [worker #10] Bootstrap tree #517, logLikelihood: -5299.811487
[00:09:26] [worker #8] Bootstrap tree #515, logLikelihood: -5671.024062
[00:09:27] [worker #1] Bootstrap tree #519, logLikelihood: -5932.352451
[00:09:27] [worker #0] Bootstrap tree #518, logLikelihood: -5899.699676
[00:09:27] [worker #2] Bootstrap tree #520, logLikelihood: -5676.531371
[00:09:27] [worker #3] Bootstrap tree #521, logLikelihood: -5792.792111
[00:09:33] [worker #5] Bootstrap tree #523, logLikelihood: -5563.201281
[00:09:33] [worker #7] Bootstrap tree #514, logLikelihood: -5585.549468
[00:09:34] [worker #6] Bootstrap tree #524, logLikelihood: -5442.189543
[00:09:35] [worker #4] Bootstrap tree #533, logLikelihood: -5788.650597
[00:09:35] [worker #10] Bootstrap tree #528, logLikelihood: -5860.159886
[00:09:35] [worker #8] Bootstrap tree #526, logLikelihood: -5227.862815
[00:09:35] [worker #3] Bootstrap tree #532, logLikelihood: -5722.292589
[00:09:36] [worker #0] Bootstrap tree #529, logLikelihood: -5238.840667
[00:09:36] [worker #2] Bootstrap tree #531, logLikelihood: -5796.490441
[00:09:37] [worker #9] Bootstrap tree #527, logLikelihood: -5663.289204
[00:09:37] [worker #1] Bootstrap tree #530, logLikelihood: -5422.788876
[00:09:41] [worker #5] Bootstrap tree #534, logLikelihood: -5474.793633
[00:09:42] [worker #7] Bootstrap tree #525, logLikelihood: -5549.405437
[00:09:44] [worker #4] Bootstrap tree #544, logLikelihood: -5694.151794
[00:09:44] [worker #8] Bootstrap tree #537, logLikelihood: -5429.031419
[00:09:44] [worker #6] Bootstrap tree #535, logLikelihood: -5629.897263
[00:09:45] [worker #3] Bootstrap tree #543, logLikelihood: -5725.119661
[00:09:45] [worker #1] Bootstrap tree #541, logLikelihood: -5607.607231
[00:09:46] [worker #9] Bootstrap tree #538, logLikelihood: -5717.454688
[00:09:46] [worker #0] Bootstrap tree #540, logLikelihood: -5807.787948
[00:09:46] [worker #10] Bootstrap tree #539, logLikelihood: -5953.938379
[00:09:47] [worker #2] Bootstrap tree #542, logLikelihood: -5424.046798
[00:09:50] [worker #5] Bootstrap tree #545, logLikelihood: -5659.215323
[00:09:52] [worker #7] Bootstrap tree #536, logLikelihood: -5745.745044
[00:09:53] [worker #8] Bootstrap tree #548, logLikelihood: -5639.443954
[00:09:54] [worker #6] Bootstrap tree #546, logLikelihood: -5583.368993
[00:09:55] [worker #9] Bootstrap tree #549, logLikelihood: -5509.574224
[00:09:56] [worker #10] Bootstrap tree #550, logLikelihood: -5791.174366
[00:10:00] [worker #7] Bootstrap tree #547, logLikelihood: -5513.789746
[00:10:08] [worker #5] Bootstrap tree #556, logLikelihood: -5511.749340
[00:10:08] [worker #7] Bootstrap tree #558, logLikelihood: -5806.900358
[00:10:08] [worker #4] Bootstrap tree #555, logLikelihood: -5323.549539
[00:10:08] [worker #10] Bootstrap tree #561, logLikelihood: -5317.322331
[00:10:08] [worker #8] Bootstrap tree #559, logLikelihood: -5519.657126
[00:10:08] [worker #1] Bootstrap tree #552, logLikelihood: -6051.550156
[00:10:09] [worker #0] Bootstrap tree #551, logLikelihood: -5073.063197
[00:10:09] [worker #9] Bootstrap tree #560, logLikelihood: -5599.651878
[00:10:09] [worker #2] Bootstrap tree #553, logLikelihood: -5882.174201
[00:10:11] [worker #3] Bootstrap tree #554, logLikelihood: -5755.807017
[00:10:12] [worker #6] Bootstrap tree #557, logLikelihood: -5628.876072
[00:10:16] [worker #8] Bootstrap tree #570, logLikelihood: -6140.866845
[00:10:17] [worker #5] Bootstrap tree #567, logLikelihood: -5661.809444
[00:10:17] [worker #9] Bootstrap tree #571, logLikelihood: -5978.114107
[00:10:17] [worker #4] Bootstrap tree #566, logLikelihood: -5900.135159
[00:10:17] [worker #0] Bootstrap tree #562, logLikelihood: -5722.020592
[00:10:18] [worker #1] Bootstrap tree #563, logLikelihood: -5921.003791
[00:10:18] [worker #2] Bootstrap tree #564, logLikelihood: -5475.342428
[00:10:18] [worker #7] Bootstrap tree #569, logLikelihood: -5396.745591
[00:10:18] [worker #10] Bootstrap tree #572, logLikelihood: -5414.961842
[00:10:20] [worker #6] Bootstrap tree #568, logLikelihood: -5363.615565
[00:10:22] [worker #3] Bootstrap tree #565, logLikelihood: -5402.765696
[00:10:26] [worker #5] Bootstrap tree #578, logLikelihood: -5269.987538
[00:10:27] [worker #0] Bootstrap tree #573, logLikelihood: -5716.940984
[00:10:27] [worker #7] Bootstrap tree #580, logLikelihood: -5354.097617
[00:10:27] [worker #9] Bootstrap tree #582, logLikelihood: -5464.291717
[00:10:27] [worker #1] Bootstrap tree #574, logLikelihood: -5744.021781
[00:10:27] [worker #2] Bootstrap tree #575, logLikelihood: -5360.188321
[00:10:27] [worker #4] Bootstrap tree #577, logLikelihood: -5567.091241
[00:10:28] [worker #10] Bootstrap tree #583, logLikelihood: -5533.469968
[00:10:29] [worker #8] Bootstrap tree #581, logLikelihood: -5280.276089
[00:10:30] [worker #3] Bootstrap tree #576, logLikelihood: -5486.566464
[00:10:35] [worker #4] Bootstrap tree #588, logLikelihood: -5569.325223
[00:10:35] [worker #6] Bootstrap tree #579, logLikelihood: -5825.293331
[00:10:36] [worker #7] Bootstrap tree #591, logLikelihood: -5562.561762
[00:10:36] [worker #0] Bootstrap tree #584, logLikelihood: -5396.817271
[00:10:36] [worker #2] Bootstrap tree #586, logLikelihood: -5511.647538
[00:10:36] [worker #5] Bootstrap tree #589, logLikelihood: -5546.394122
[00:10:37] [worker #1] Bootstrap tree #585, logLikelihood: -5355.544491
[00:10:37] [worker #10] Bootstrap tree #594, logLikelihood: -6277.843756
[00:10:38] [worker #9] Bootstrap tree #593, logLikelihood: -5526.870276
[00:10:38] [worker #3] Bootstrap tree #587, logLikelihood: -5787.325414
[00:10:41] [worker #8] Bootstrap tree #592, logLikelihood: -5603.345616
[00:10:44] [worker #4] Bootstrap tree #599, logLikelihood: -5328.496751
[00:10:45] [worker #0] Bootstrap tree #595, logLikelihood: -5654.810662
[00:10:45] [worker #6] Bootstrap tree #590, logLikelihood: -5755.647865
[00:10:45] [worker #2] Bootstrap tree #597, logLikelihood: -5701.650370
[00:10:46] [worker #5] Bootstrap tree #600, logLikelihood: -5501.169810
[00:10:47] [worker #1] Bootstrap tree #596, logLikelihood: -5309.325661
[00:10:48] [worker #3] Bootstrap tree #598, logLikelihood: -5676.283137
[00:10:56] [worker #9] Bootstrap tree #604, logLikelihood: -5657.135484
[00:10:57] [worker #4] Bootstrap tree #610, logLikelihood: -5344.811386
[00:10:57] [worker #2] Bootstrap tree #608, logLikelihood: -5759.999364
[00:10:57] [worker #10] Bootstrap tree #605, logLikelihood: -5533.910601
[00:10:58] [worker #6] Bootstrap tree #601, logLikelihood: -5634.264165
[00:10:58] [worker #8] Bootstrap tree #603, logLikelihood: -5448.695882
[00:10:58] [worker #7] Bootstrap tree #602, logLikelihood: -5896.834281
[00:10:58] [worker #3] Bootstrap tree #609, logLikelihood: -5440.266933
[00:10:58] [worker #5] Bootstrap tree #611, logLikelihood: -6016.625133
[00:10:59] [worker #1] Bootstrap tree #607, logLikelihood: -5394.514148
[00:11:01] [worker #0] Bootstrap tree #606, logLikelihood: -5348.689514
[00:11:04] [worker #9] Bootstrap tree #615, logLikelihood: -5899.103979
[00:11:05] [worker #10] Bootstrap tree #616, logLikelihood: -6334.919831
[00:11:06] [worker #2] Bootstrap tree #619, logLikelihood: -5371.858755
[00:11:06] [worker #4] Bootstrap tree #621, logLikelihood: -5897.054159
[00:11:07] [worker #8] Bootstrap tree #614, logLikelihood: -5598.447714
[00:11:07] [worker #3] Bootstrap tree #620, logLikelihood: -5410.183807
[00:11:07] [worker #1] Bootstrap tree #618, logLikelihood: -5312.287952
[00:11:07] [worker #6] Bootstrap tree #612, logLikelihood: -5000.912166
[00:11:09] [worker #5] Bootstrap tree #622, logLikelihood: -5687.281536
[00:11:09] [worker #7] Bootstrap tree #613, logLikelihood: -5475.484883
[00:11:11] [worker #0] Bootstrap tree #617, logLikelihood: -5689.651258
[00:11:13] [worker #9] Bootstrap tree #626, logLikelihood: -5218.015573
[00:11:15] [worker #10] Bootstrap tree #627, logLikelihood: -5799.467358
[00:11:15] [worker #3] Bootstrap tree #631, logLikelihood: -5629.160762
[00:11:15] [worker #8] Bootstrap tree #625, logLikelihood: -5852.158136
[00:11:16] [worker #4] Bootstrap tree #632, logLikelihood: -5982.012944
[00:11:17] [worker #6] Bootstrap tree #623, logLikelihood: -5971.631251
[00:11:17] [worker #5] Bootstrap tree #633, logLikelihood: -5678.668799
[00:11:19] [worker #1] Bootstrap tree #629, logLikelihood: -5710.142298
[00:11:19] [worker #7] Bootstrap tree #624, logLikelihood: -5679.703995
[00:11:21] [worker #2] Bootstrap tree #630, logLikelihood: -5904.483788
[00:11:21] [worker #0] Bootstrap tree #628, logLikelihood: -5894.070646
[00:11:22] [worker #9] Bootstrap tree #637, logLikelihood: -5701.681012
[00:11:24] [worker #8] Bootstrap tree #636, logLikelihood: -5245.321684
[00:11:24] [worker #3] Bootstrap tree #642, logLikelihood: -5314.554318
[00:11:25] [worker #6] Bootstrap tree #634, logLikelihood: -5873.376108
[00:11:25] [worker #5] Bootstrap tree #644, logLikelihood: -5532.115942
[00:11:27] [worker #4] Bootstrap tree #643, logLikelihood: -5887.699506
[00:11:27] [worker #10] Bootstrap tree #638, logLikelihood: -5512.477882
[00:11:28] [worker #1] Bootstrap tree #640, logLikelihood: -5570.272852
[00:11:28] [worker #7] Bootstrap tree #635, logLikelihood: -5903.711428
[00:11:29] [worker #2] Bootstrap tree #641, logLikelihood: -5535.935174
[00:11:31] [worker #9] Bootstrap tree #648, logLikelihood: -5567.422144
[00:11:32] [worker #0] Bootstrap tree #639, logLikelihood: -5974.987534
[00:11:33] [worker #6] Bootstrap tree #645, logLikelihood: -5660.859666
[00:11:34] [worker #8] Bootstrap tree #647, logLikelihood: -5578.997619
[00:11:36] [worker #10] Bootstrap tree #649, logLikelihood: -6320.298484
[00:11:39] [worker #7] Bootstrap tree #646, logLikelihood: -5749.580441
[00:11:41] [worker #0] Bootstrap tree #650, logLikelihood: -5722.151204
[00:11:49] [worker #1] Bootstrap tree #651, logLikelihood: -5116.128346
[00:11:49] [worker #4] Bootstrap tree #654, logLikelihood: -5249.274927
[00:11:49] [worker #7] Bootstrap tree #657, logLikelihood: -5399.563130
[00:11:50] [worker #9] Bootstrap tree #659, logLikelihood: -5733.937352
[00:11:51] [worker #3] Bootstrap tree #653, logLikelihood: -5434.600387
[00:11:51] [worker #10] Bootstrap tree #660, logLikelihood: -5389.491085
[00:11:51] [worker #2] Bootstrap tree #652, logLikelihood: -5446.605702
[00:11:51] [worker #6] Bootstrap tree #656, logLikelihood: -5341.660495
[00:11:52] [worker #0] Bootstrap tree #661, logLikelihood: -5672.862499
[00:11:52] [worker #5] Bootstrap tree #655, logLikelihood: -5575.296490
[00:11:52] [worker #8] Bootstrap tree #658, logLikelihood: -5807.985028
[00:11:58] [worker #7] Bootstrap tree #668, logLikelihood: -5594.157238
[00:11:59] [worker #1] Bootstrap tree #662, logLikelihood: -5227.297711
[00:11:59] [worker #4] Bootstrap tree #665, logLikelihood: -5633.984591
[00:11:59] [worker #2] Bootstrap tree #663, logLikelihood: -5845.891877
[00:11:59] [worker #9] Bootstrap tree #670, logLikelihood: -5967.985800
[00:12:00] [worker #6] Bootstrap tree #667, logLikelihood: -5651.435056
[00:12:00] [worker #8] Bootstrap tree #669, logLikelihood: -5631.683999
[00:12:00] [worker #10] Bootstrap tree #671, logLikelihood: -5881.249009
[00:12:01] [worker #3] Bootstrap tree #664, logLikelihood: -5422.521069
[00:12:01] [worker #5] Bootstrap tree #666, logLikelihood: -5803.852528
[00:12:02] [worker #0] Bootstrap tree #672, logLikelihood: -5680.250168
[00:12:07] [worker #7] Bootstrap tree #679, logLikelihood: -5411.356752
[00:12:08] [worker #1] Bootstrap tree #673, logLikelihood: -5701.526255
[00:12:08] [worker #9] Bootstrap tree #681, logLikelihood: -5485.728572
[00:12:08] [worker #2] Bootstrap tree #674, logLikelihood: -6184.447146
[00:12:09] [worker #6] Bootstrap tree #678, logLikelihood: -5904.729480
[00:12:09] [worker #10] Bootstrap tree #682, logLikelihood: -5439.848853
[00:12:09] [worker #4] Bootstrap tree #676, logLikelihood: -5754.435131
[00:12:10] [worker #8] Bootstrap tree #680, logLikelihood: -5957.228728
[00:12:10] [worker #3] Bootstrap tree #675, logLikelihood: -5884.371463
[00:12:10] [worker #5] Bootstrap tree #677, logLikelihood: -5713.043779
[00:12:14] [worker #0] Bootstrap tree #683, logLikelihood: -5381.065469
[00:12:16] [worker #7] Bootstrap tree #690, logLikelihood: -5804.210348
[00:12:17] [worker #1] Bootstrap tree #684, logLikelihood: -5706.641816
[00:12:18] [worker #9] Bootstrap tree #692, logLikelihood: -5963.789555
[00:12:18] [worker #6] Bootstrap tree #689, logLikelihood: -5528.123573
[00:12:18] [worker #4] Bootstrap tree #687, logLikelihood: -5953.260757
[00:12:18] [worker #2] Bootstrap tree #685, logLikelihood: -5388.207354
[00:12:18] [worker #8] Bootstrap tree #691, logLikelihood: -5445.263653
[00:12:18] [worker #3] Bootstrap tree #686, logLikelihood: -6017.674681
[00:12:20] [worker #5] Bootstrap tree #688, logLikelihood: -6102.607594
[00:12:21] [worker #10] Bootstrap tree #693, logLikelihood: -5862.280809
[00:12:22] [worker #0] Bootstrap tree #694, logLikelihood: -5140.775976
[00:12:25] [worker #1] Bootstrap tree #695, logLikelihood: -5735.307313
[00:12:27] [worker #2] Bootstrap tree #696, logLikelihood: -5690.543004
[00:12:27] [worker #4] Bootstrap tree #698, logLikelihood: -5518.121465
[00:12:27] [worker #5] Bootstrap tree #699, logLikelihood: -5623.131523
[00:12:28] [worker #6] Bootstrap tree #700, logLikelihood: -6142.135121
[00:12:30] [worker #3] Bootstrap tree #697, logLikelihood: -5396.958742
[00:12:38] [worker #3] Bootstrap tree #708, logLikelihood: -5835.833853
[00:12:39] [worker #10] Bootstrap tree #704, logLikelihood: -5497.978950
[00:12:39] [worker #7] Bootstrap tree #701, logLikelihood: -5619.809860
[00:12:40] [worker #5] Bootstrap tree #710, logLikelihood: -5660.674821
[00:12:40] [worker #6] Bootstrap tree #711, logLikelihood: -5738.259467
[00:12:40] [worker #2] Bootstrap tree #707, logLikelihood: -5696.069175
[00:12:41] [worker #4] Bootstrap tree #709, logLikelihood: -5501.982558
[00:12:41] [worker #9] Bootstrap tree #703, logLikelihood: -5659.176834
[00:12:41] [worker #8] Bootstrap tree #702, logLikelihood: -5473.456294
[00:12:41] [worker #0] Bootstrap tree #705, logLikelihood: -5500.081827
[00:12:42] [worker #1] Bootstrap tree #706, logLikelihood: -5365.783171
[00:12:47] [worker #7] Bootstrap tree #712, logLikelihood: -5388.452257
[00:12:47] [worker #5] Bootstrap tree #721, logLikelihood: -5536.739238
[00:12:47] [worker #10] Bootstrap tree #715, logLikelihood: -6097.637301
[00:12:48] [worker #3] Bootstrap tree #719, logLikelihood: -5473.805086
[00:12:48] [worker #2] Bootstrap tree #718, logLikelihood: -5394.184748
[00:12:49] [worker #4] Bootstrap tree #720, logLikelihood: -5681.514484
[00:12:50] [worker #0] Bootstrap tree #716, logLikelihood: -5121.140813
[00:12:50] [worker #1] Bootstrap tree #717, logLikelihood: -5836.007207
[00:12:50] [worker #9] Bootstrap tree #714, logLikelihood: -5549.787291
[00:12:51] [worker #6] Bootstrap tree #722, logLikelihood: -5535.044367
[00:12:51] [worker #8] Bootstrap tree #713, logLikelihood: -5235.939746
[00:12:55] [worker #7] Bootstrap tree #723, logLikelihood: -6034.716627
[00:12:55] [worker #5] Bootstrap tree #732, logLikelihood: -5442.313457
[00:12:56] [worker #3] Bootstrap tree #730, logLikelihood: -5901.484584
[00:12:56] [worker #10] Bootstrap tree #726, logLikelihood: -5791.073789
[00:12:57] [worker #2] Bootstrap tree #729, logLikelihood: -6257.134016
[00:12:57] [worker #4] Bootstrap tree #731, logLikelihood: -5433.874482
[00:12:59] [worker #1] Bootstrap tree #728, logLikelihood: -5919.603712
[00:13:00] [worker #9] Bootstrap tree #725, logLikelihood: -5777.248390
[00:13:00] [worker #0] Bootstrap tree #727, logLikelihood: -5331.792672
[00:13:00] [worker #6] Bootstrap tree #733, logLikelihood: -5844.575459
[00:13:02] [worker #8] Bootstrap tree #724, logLikelihood: -5680.327493
[00:13:03] [worker #5] Bootstrap tree #743, logLikelihood: -5687.599377
[00:13:04] [worker #3] Bootstrap tree #741, logLikelihood: -5435.904760
[00:13:06] [worker #7] Bootstrap tree #734, logLikelihood: -5524.379084
[00:13:06] [worker #4] Bootstrap tree #742, logLikelihood: -5374.647689
[00:13:06] [worker #2] Bootstrap tree #740, logLikelihood: -5985.376562
[00:13:08] [worker #10] Bootstrap tree #737, logLikelihood: -5152.233538
[00:13:08] [worker #9] Bootstrap tree #736, logLikelihood: -5412.798097
[00:13:08] [worker #1] Bootstrap tree #739, logLikelihood: -5348.915937
[00:13:09] [worker #0] Bootstrap tree #738, logLikelihood: -5666.404446
[00:13:09] [worker #6] Bootstrap tree #744, logLikelihood: -6345.503006
[00:13:10] [worker #8] Bootstrap tree #735, logLikelihood: -5416.337148
[00:13:16] [worker #7] Bootstrap tree #745, logLikelihood: -5543.540140
[00:13:16] [worker #10] Bootstrap tree #748, logLikelihood: -5700.722879
[00:13:17] [worker #9] Bootstrap tree #747, logLikelihood: -5703.246397
[00:13:17] [worker #1] Bootstrap tree #750, logLikelihood: -5989.259578
[00:13:19] [worker #8] Bootstrap tree #746, logLikelihood: -5522.591200
[00:13:20] [worker #0] Bootstrap tree #749, logLikelihood: -5822.657404
[00:13:28] [worker #1] Bootstrap tree #761, logLikelihood: -5909.212845
[00:13:28] [worker #6] Bootstrap tree #755, logLikelihood: -5396.640918
[00:13:28] [worker #8] Bootstrap tree #757, logLikelihood: -5762.422873
[00:13:29] [worker #4] Bootstrap tree #753, logLikelihood: -5270.594812
[00:13:29] [worker #3] Bootstrap tree #752, logLikelihood: -5687.257763
[00:13:29] [worker #10] Bootstrap tree #759, logLikelihood: -5703.089723
[00:13:29] [worker #5] Bootstrap tree #754, logLikelihood: -5508.164350
[00:13:30] [worker #0] Bootstrap tree #760, logLikelihood: -6154.760082
[00:13:30] [worker #2] Bootstrap tree #751, logLikelihood: -5445.658279
[00:13:30] [worker #7] Bootstrap tree #756, logLikelihood: -5775.458032
[00:13:30] [worker #9] Bootstrap tree #758, logLikelihood: -6093.578245
[00:13:37] [worker #6] Bootstrap tree #766, logLikelihood: -5771.673664
[00:13:37] [worker #1] Bootstrap tree #772, logLikelihood: -5581.597657
[00:13:38] [worker #3] Bootstrap tree #763, logLikelihood: -5563.531032
[00:13:38] [worker #8] Bootstrap tree #768, logLikelihood: -5175.751185
[00:13:38] [worker #0] Bootstrap tree #771, logLikelihood: -5795.893948
[00:13:39] [worker #5] Bootstrap tree #765, logLikelihood: -5741.170844
[00:13:39] [worker #7] Bootstrap tree #767, logLikelihood: -5823.259193
[00:13:39] [worker #9] Bootstrap tree #769, logLikelihood: -5631.169744
[00:13:40] [worker #2] Bootstrap tree #762, logLikelihood: -5349.062469
[00:13:41] [worker #4] Bootstrap tree #764, logLikelihood: -5334.682628
[00:13:41] [worker #10] Bootstrap tree #770, logLikelihood: -5869.988816
[00:13:46] [worker #1] Bootstrap tree #783, logLikelihood: -5706.186067
[00:13:47] [worker #6] Bootstrap tree #777, logLikelihood: -5437.842055
[00:13:47] [worker #9] Bootstrap tree #780, logLikelihood: -5640.454847
[00:13:48] [worker #7] Bootstrap tree #778, logLikelihood: -5939.152296
[00:13:48] [worker #8] Bootstrap tree #779, logLikelihood: -5690.845542
[00:13:49] [worker #5] Bootstrap tree #776, logLikelihood: -5684.388052
[00:13:49] [worker #2] Bootstrap tree #773, logLikelihood: -5572.750113
[00:13:49] [worker #0] Bootstrap tree #782, logLikelihood: -5623.447920
[00:13:50] [worker #10] Bootstrap tree #781, logLikelihood: -5611.674457
[00:13:50] [worker #3] Bootstrap tree #774, logLikelihood: -5550.711187
[00:13:50] [worker #4] Bootstrap tree #775, logLikelihood: -6080.899614
[00:13:55] [worker #1] Bootstrap tree #794, logLikelihood: -5929.479417
[00:13:56] [worker #9] Bootstrap tree #791, logLikelihood: -6048.226311
[00:13:56] [worker #7] Bootstrap tree #789, logLikelihood: -5425.208137
[00:13:56] [worker #6] Bootstrap tree #788, logLikelihood: -6139.095422
[00:13:57] [worker #5] Bootstrap tree #787, logLikelihood: -5858.061297
[00:13:58] [worker #8] Bootstrap tree #790, logLikelihood: -5520.853447
[00:13:58] [worker #3] Bootstrap tree #785, logLikelihood: -5702.889612
[00:13:59] [worker #0] Bootstrap tree #793, logLikelihood: -5401.425992
[00:14:00] [worker #2] Bootstrap tree #784, logLikelihood: -5663.498837
[00:14:00] [worker #4] Bootstrap tree #786, logLikelihood: -5517.928610
[00:14:00] [worker #10] Bootstrap tree #792, logLikelihood: -5464.387710
[00:14:06] [worker #6] Bootstrap tree #799, logLikelihood: -5604.649083
[00:14:07] [worker #7] Bootstrap tree #800, logLikelihood: -5379.394055
[00:14:07] [worker #5] Bootstrap tree #798, logLikelihood: -5743.605287
[00:14:08] [worker #3] Bootstrap tree #796, logLikelihood: -5737.194379
[00:14:09] [worker #2] Bootstrap tree #795, logLikelihood: -5470.392761
[00:14:10] [worker #4] Bootstrap tree #797, logLikelihood: -5461.772167
[00:14:19] [worker #1] Bootstrap tree #805, logLikelihood: -5036.818211
[00:14:19] [worker #5] Bootstrap tree #809, logLikelihood: -5297.426794
[00:14:20] [worker #8] Bootstrap tree #801, logLikelihood: -5669.693507
[00:14:20] [worker #3] Bootstrap tree #807, logLikelihood: -5811.165526
[00:14:20] [worker #4] Bootstrap tree #808, logLikelihood: -5354.365671
[00:14:21] [worker #2] Bootstrap tree #806, logLikelihood: -5441.916359
[00:14:21] [worker #9] Bootstrap tree #802, logLikelihood: -5807.722992
[00:14:21] [worker #6] Bootstrap tree #810, logLikelihood: -5863.493053
[00:14:22] [worker #10] Bootstrap tree #803, logLikelihood: -5701.525544
[00:14:22] [worker #0] Bootstrap tree #804, logLikelihood: -5666.150184
[00:14:22] [worker #7] Bootstrap tree #811, logLikelihood: -5765.291601
[00:14:27] [worker #1] Bootstrap tree #816, logLikelihood: -5457.786060
[00:14:28] [worker #5] Bootstrap tree #820, logLikelihood: -6140.774948
[00:14:29] [worker #4] Bootstrap tree #819, logLikelihood: -5931.981681
[00:14:30] [worker #3] Bootstrap tree #818, logLikelihood: -4969.153480
[00:14:30] [worker #8] Bootstrap tree #812, logLikelihood: -5925.699632
[00:14:30] [worker #10] Bootstrap tree #814, logLikelihood: -5903.213115
[00:14:30] [worker #2] Bootstrap tree #817, logLikelihood: -5440.204368
[00:14:31] [worker #0] Bootstrap tree #815, logLikelihood: -5697.075862
[00:14:31] [worker #9] Bootstrap tree #813, logLikelihood: -5944.648159
[00:14:31] [worker #7] Bootstrap tree #822, logLikelihood: -5545.716503
[00:14:32] [worker #6] Bootstrap tree #821, logLikelihood: -5314.218345
[00:14:36] [worker #1] Bootstrap tree #827, logLikelihood: -5449.847504
[00:14:37] [worker #8] Bootstrap tree #823, logLikelihood: -5309.222333
[00:14:38] [worker #2] Bootstrap tree #828, logLikelihood: -5337.149272
[00:14:39] [worker #5] Bootstrap tree #831, logLikelihood: -5551.256677
[00:14:39] [worker #3] Bootstrap tree #829, logLikelihood: -5509.768697
[00:14:40] [worker #9] Bootstrap tree #824, logLikelihood: -5695.151056
[00:14:40] [worker #10] Bootstrap tree #825, logLikelihood: -5140.918646
[00:14:40] [worker #7] Bootstrap tree #833, logLikelihood: -5607.922081
[00:14:41] [worker #4] Bootstrap tree #830, logLikelihood: -5906.700349
[00:14:41] [worker #0] Bootstrap tree #826, logLikelihood: -5270.933833
[00:14:41] [worker #6] Bootstrap tree #832, logLikelihood: -5373.468816
[00:14:44] [worker #1] Bootstrap tree #838, logLikelihood: -5437.391435
[00:14:47] [worker #8] Bootstrap tree #834, logLikelihood: -5904.754360
[00:14:48] [worker #10] Bootstrap tree #836, logLikelihood: -5797.633727
[00:14:48] [worker #3] Bootstrap tree #840, logLikelihood: -5396.550851
[00:14:48] [worker #5] Bootstrap tree #842, logLikelihood: -5362.964853
[00:14:48] [worker #2] Bootstrap tree #839, logLikelihood: -5550.141770
[00:14:49] [worker #9] Bootstrap tree #835, logLikelihood: -5893.801878
[00:14:49] [worker #7] Bootstrap tree #844, logLikelihood: -5148.768752
[00:14:50] [worker #4] Bootstrap tree #841, logLikelihood: -5420.856212
[00:14:50] [worker #6] Bootstrap tree #843, logLikelihood: -5261.010262
[00:14:50] [worker #0] Bootstrap tree #837, logLikelihood: -5758.423120
[00:14:54] [worker #1] Bootstrap tree #849, logLikelihood: -6001.642682
[00:14:56] [worker #9] Bootstrap tree #846, logLikelihood: -5249.884163
[00:14:57] [worker #2] Bootstrap tree #850, logLikelihood: -5382.428288
[00:14:58] [worker #8] Bootstrap tree #845, logLikelihood: -5721.683977
[00:15:01] [worker #0] Bootstrap tree #848, logLikelihood: -5695.023060
[00:15:01] [worker #10] Bootstrap tree #847, logLikelihood: -5226.895283
[00:15:10] [worker #9] Bootstrap tree #857, logLikelihood: -6020.663293
[00:15:10] [worker #2] Bootstrap tree #861, logLikelihood: -5606.253587
[00:15:10] [worker #8] Bootstrap tree #856, logLikelihood: -5446.937595
[00:15:11] [worker #0] Bootstrap tree #859, logLikelihood: -5510.301964
[00:15:11] [worker #5] Bootstrap tree #853, logLikelihood: -5582.767323
[00:15:11] [worker #4] Bootstrap tree #852, logLikelihood: -5422.717295
[00:15:11] [worker #7] Bootstrap tree #855, logLikelihood: -5435.856559
[00:15:11] [worker #3] Bootstrap tree #851, logLikelihood: -6052.444189
[00:15:11] [worker #6] Bootstrap tree #854, logLikelihood: -5898.448466
[00:15:12] [worker #10] Bootstrap tree #858, logLikelihood: -5389.771069
[00:15:12] [worker #1] Bootstrap tree #860, logLikelihood: -6112.494633
[00:15:17] [worker #9] Bootstrap tree #868, logLikelihood: -5919.376184
[00:15:20] [worker #8] Bootstrap tree #867, logLikelihood: -5621.127983
[00:15:20] [worker #2] Bootstrap tree #872, logLikelihood: -5589.411774
[00:15:21] [worker #4] Bootstrap tree #863, logLikelihood: -5581.663160
[00:15:21] [worker #3] Bootstrap tree #862, logLikelihood: -5793.251044
[00:15:21] [worker #5] Bootstrap tree #864, logLikelihood: -5392.595703
[00:15:21] [worker #7] Bootstrap tree #866, logLikelihood: -5499.401041
[00:15:22] [worker #1] Bootstrap tree #871, logLikelihood: -5955.878873
[00:15:22] [worker #10] Bootstrap tree #869, logLikelihood: -5812.445405
[00:15:22] [worker #6] Bootstrap tree #865, logLikelihood: -5803.455860
[00:15:23] [worker #0] Bootstrap tree #870, logLikelihood: -5874.170458
[00:15:27] [worker #9] Bootstrap tree #879, logLikelihood: -6238.344906
[00:15:29] [worker #8] Bootstrap tree #878, logLikelihood: -5597.569356
[00:15:29] [worker #1] Bootstrap tree #882, logLikelihood: -5312.507179
[00:15:29] [worker #2] Bootstrap tree #883, logLikelihood: -5640.172935
[00:15:29] [worker #3] Bootstrap tree #873, logLikelihood: -5696.287111
[00:15:30] [worker #5] Bootstrap tree #875, logLikelihood: -5851.698044
[00:15:30] [worker #7] Bootstrap tree #877, logLikelihood: -5131.885063
[00:15:31] [worker #10] Bootstrap tree #880, logLikelihood: -5687.596063
[00:15:31] [worker #4] Bootstrap tree #874, logLikelihood: -5670.198832
[00:15:31] [worker #6] Bootstrap tree #876, logLikelihood: -5741.499194
[00:15:33] [worker #0] Bootstrap tree #881, logLikelihood: -5727.943197
[00:15:36] [worker #9] Bootstrap tree #890, logLikelihood: -5580.658204
[00:15:37] [worker #1] Bootstrap tree #893, logLikelihood: -5220.638632
[00:15:38] [worker #5] Bootstrap tree #886, logLikelihood: -5790.137555
[00:15:38] [worker #7] Bootstrap tree #888, logLikelihood: -5377.969082
[00:15:38] [worker #2] Bootstrap tree #894, logLikelihood: -5756.878661
[00:15:38] [worker #3] Bootstrap tree #884, logLikelihood: -5749.885133
[00:15:39] [worker #8] Bootstrap tree #889, logLikelihood: -5284.136630
[00:15:40] [worker #4] Bootstrap tree #885, logLikelihood: -5357.967097
[00:15:40] [worker #10] Bootstrap tree #891, logLikelihood: -5473.209821
[00:15:41] [worker #0] Bootstrap tree #892, logLikelihood: -5413.545402
[00:15:41] [worker #6] Bootstrap tree #887, logLikelihood: -5435.931292
[00:15:46] [worker #3] Bootstrap tree #895, logLikelihood: -5740.492874
[00:15:47] [worker #5] Bootstrap tree #897, logLikelihood: -5729.995373
[00:15:47] [worker #7] Bootstrap tree #899, logLikelihood: -5891.007820
[00:15:50] [worker #4] Bootstrap tree #896, logLikelihood: -5358.929951
[00:15:50] [worker #8] Bootstrap tree #900, logLikelihood: -6089.012664
[00:15:52] [worker #6] Bootstrap tree #898, logLikelihood: -5245.214556
[00:16:01] [worker #10] Bootstrap tree #902, logLikelihood: -5602.317851
[00:16:01] [worker #7] Bootstrap tree #910, logLikelihood: -5727.807847
[00:16:01] [worker #8] Bootstrap tree #911, logLikelihood: -5945.113978
[00:16:02] [worker #6] Bootstrap tree #909, logLikelihood: -5581.349150
[00:16:02] [worker #3] Bootstrap tree #906, logLikelihood: -5811.615669
[00:16:02] [worker #2] Bootstrap tree #905, logLikelihood: -5325.446854
[00:16:02] [worker #1] Bootstrap tree #904, logLikelihood: -4994.766240
[00:16:02] [worker #5] Bootstrap tree #908, logLikelihood: -5590.824628
[00:16:03] [worker #4] Bootstrap tree #907, logLikelihood: -5778.105664
[00:16:03] [worker #9] Bootstrap tree #901, logLikelihood: -5708.281761
[00:16:07] [worker #0] Bootstrap tree #903, logLikelihood: -5684.864006
[00:16:10] [worker #5] Bootstrap tree #919, logLikelihood: -5567.410218
[00:16:11] [worker #2] Bootstrap tree #916, logLikelihood: -5067.995993
[00:16:11] [worker #8] Bootstrap tree #922, logLikelihood: -5668.636128
[00:16:11] [worker #7] Bootstrap tree #921, logLikelihood: -5662.794942
[00:16:11] [worker #3] Bootstrap tree #917, logLikelihood: -6211.535742
[00:16:11] [worker #6] Bootstrap tree #920, logLikelihood: -5726.299436
[00:16:12] [worker #10] Bootstrap tree #913, logLikelihood: -5733.700989
[00:16:12] [worker #4] Bootstrap tree #918, logLikelihood: -6010.260430
[00:16:13] [worker #1] Bootstrap tree #915, logLikelihood: -5490.564063
[00:16:14] [worker #9] Bootstrap tree #912, logLikelihood: -5930.073896
[00:16:17] [worker #0] Bootstrap tree #914, logLikelihood: -5770.959213
[00:16:19] [worker #7] Bootstrap tree #932, logLikelihood: -6108.645201
[00:16:20] [worker #8] Bootstrap tree #933, logLikelihood: -5843.305287
[00:16:20] [worker #3] Bootstrap tree #928, logLikelihood: -5640.517582
[00:16:20] [worker #5] Bootstrap tree #930, logLikelihood: -5678.895893
[00:16:20] [worker #2] Bootstrap tree #927, logLikelihood: -5677.088901
[00:16:20] [worker #6] Bootstrap tree #931, logLikelihood: -5980.326108
[00:16:21] [worker #4] Bootstrap tree #929, logLikelihood: -5859.347378
[00:16:21] [worker #1] Bootstrap tree #926, logLikelihood: -5489.348314
[00:16:24] [worker #10] Bootstrap tree #924, logLikelihood: -5750.278943
[00:16:26] [worker #0] Bootstrap tree #925, logLikelihood: -5433.710035
[00:16:28] [worker #7] Bootstrap tree #943, logLikelihood: -5831.068799
[00:16:28] [worker #2] Bootstrap tree #938, logLikelihood: -5571.400825
[00:16:29] [worker #9] Bootstrap tree #923, logLikelihood: -5943.607659
[00:16:29] [worker #5] Bootstrap tree #941, logLikelihood: -4966.039335
[00:16:30] [worker #3] Bootstrap tree #939, logLikelihood: -5586.368571
[00:16:30] [worker #6] Bootstrap tree #942, logLikelihood: -5429.449624
[00:16:31] [worker #4] Bootstrap tree #940, logLikelihood: -5609.140079
[00:16:32] [worker #8] Bootstrap tree #944, logLikelihood: -6272.439401
[00:16:32] [worker #10] Bootstrap tree #935, logLikelihood: -5821.959903
[00:16:33] [worker #1] Bootstrap tree #937, logLikelihood: -6164.953646
[00:16:35] [worker #0] Bootstrap tree #936, logLikelihood: -5797.927345
[00:16:37] [worker #2] Bootstrap tree #949, logLikelihood: -5483.239117
[00:16:37] [worker #9] Bootstrap tree #934, logLikelihood: -5805.266525
[00:16:39] [worker #3] Bootstrap tree #950, logLikelihood: -5202.531932
[00:16:42] [worker #1] Bootstrap tree #948, logLikelihood: -5732.408725
[00:16:42] [worker #10] Bootstrap tree #946, logLikelihood: -5744.493386
[00:16:45] [worker #9] Bootstrap tree #945, logLikelihood: -5551.673021
[00:16:46] [worker #0] Bootstrap tree #947, logLikelihood: -5279.667972
[00:16:54] [worker #6] Bootstrap tree #953, logLikelihood: -5878.266995
[00:16:55] [worker #1] Bootstrap tree #959, logLikelihood: -5269.070091
[00:16:55] [worker #4] Bootstrap tree #951, logLikelihood: -5540.581986
[00:16:55] [worker #2] Bootstrap tree #960, logLikelihood: -5653.337292
[00:16:55] [worker #5] Bootstrap tree #952, logLikelihood: -5392.761319
[00:16:57] [worker #8] Bootstrap tree #955, logLikelihood: -5297.209969
[00:16:57] [worker #3] Bootstrap tree #961, logLikelihood: -5828.440306
[00:16:57] [worker #10] Bootstrap tree #957, logLikelihood: -5625.151961
[00:16:57] [worker #9] Bootstrap tree #956, logLikelihood: -5387.723739
[00:16:58] [worker #0] Bootstrap tree #958, logLikelihood: -5416.370741
[00:16:59] [worker #7] Bootstrap tree #954, logLikelihood: -6132.356994
[00:17:05] [worker #8] Bootstrap tree #966, logLikelihood: -5593.686919
[00:17:05] [worker #1] Bootstrap tree #970, logLikelihood: -5079.946136
[00:17:05] [worker #10] Bootstrap tree #968, logLikelihood: -5650.767335
[00:17:06] [worker #9] Bootstrap tree #967, logLikelihood: -5603.198985
[00:17:06] [worker #4] Bootstrap tree #962, logLikelihood: -5835.928096
[00:17:06] [worker #5] Bootstrap tree #963, logLikelihood: -6062.223575
[00:17:07] [worker #2] Bootstrap tree #971, logLikelihood: -5503.163552
[00:17:07] [worker #3] Bootstrap tree #972, logLikelihood: -5432.659283
[00:17:07] [worker #7] Bootstrap tree #965, logLikelihood: -5411.382742
[00:17:09] [worker #0] Bootstrap tree #969, logLikelihood: -5598.849405
[00:17:11] [worker #6] Bootstrap tree #964, logLikelihood: -5727.265604
[00:17:14] [worker #8] Bootstrap tree #977, logLikelihood: -5790.110666
[00:17:14] [worker #9] Bootstrap tree #978, logLikelihood: -5761.416344
[00:17:14] [worker #1] Bootstrap tree #981, logLikelihood: -5311.977598
[00:17:15] [worker #3] Bootstrap tree #983, logLikelihood: -5529.015251
[00:17:15] [worker #10] Bootstrap tree #979, logLikelihood: -5871.162815
[00:17:15] [worker #5] Bootstrap tree #974, logLikelihood: -5291.128571
[00:17:16] [worker #2] Bootstrap tree #982, logLikelihood: -5661.077721
[00:17:16] [worker #4] Bootstrap tree #973, logLikelihood: -5838.463520
[00:17:17] [worker #7] Bootstrap tree #976, logLikelihood: -5800.378774
[00:17:18] [worker #0] Bootstrap tree #980, logLikelihood: -5711.010649
[00:17:19] [worker #6] Bootstrap tree #975, logLikelihood: -5331.888100
[00:17:22] [worker #8] Bootstrap tree #988, logLikelihood: -5668.776406
[00:17:22] [worker #9] Bootstrap tree #989, logLikelihood: -5701.129829
[00:17:24] [worker #10] Bootstrap tree #990, logLikelihood: -5565.000638
[00:17:24] [worker #5] Bootstrap tree #985, logLikelihood: -5674.654382
[00:17:24] [worker #7] Bootstrap tree #987, logLikelihood: -5771.752055
[00:17:24] [worker #1] Bootstrap tree #992, logLikelihood: -5732.350302
[00:17:24] [worker #2] Bootstrap tree #993, logLikelihood: -5393.963376
[00:17:24] [worker #3] Bootstrap tree #994, logLikelihood: -5569.349105
[00:17:27] [worker #4] Bootstrap tree #984, logLikelihood: -5761.322986
[00:17:28] [worker #6] Bootstrap tree #986, logLikelihood: -5515.397724
[00:17:28] [worker #0] Bootstrap tree #991, logLikelihood: -5710.478352
[00:17:30] [worker #8] Bootstrap tree #999, logLikelihood: -5038.230494
[00:17:31] [worker #9] Bootstrap tree #1000, logLikelihood: -5559.875333
[00:17:34] [worker #5] Bootstrap tree #996, logLikelihood: -5703.504471
[00:17:34] [worker #7] Bootstrap tree #998, logLikelihood: -5356.511815
[00:17:35] [worker #4] Bootstrap tree #995, logLikelihood: -5927.344486
[00:17:36] [worker #6] Bootstrap tree #997, logLikelihood: -5827.018157

Optimized model parameters:

   Partition 0: noname
   Rate heterogeneity: GAMMA (4 cats, mean),  alpha: 1.237174 (ML),  weights&rates: (0.250000,0.181725) (0.250000,0.538034) (0.250000,1.030373) (0.250000,2.249868) 
   P-inv (ML): 0.034695
   Base frequencies (model): 0.079066 0.055941 0.041977 0.053052 0.012937 0.040767 0.071586 0.057337 0.022355 0.062157 0.099081 0.064600 0.022951 0.042302 0.044040 0.061197 0.053287 0.012066 0.034155 0.069147 
   Substitution rates (model): 0.425093 0.276818 0.395144 2.489084 0.969894 1.038545 2.066040 0.358858 0.149830 0.395337 0.536518 1.124035 0.253701 1.177651 4.727182 2.139501 0.180717 0.218959 2.547870 0.751878 0.123954 0.534551 2.807908 0.363970 0.390192 2.426601 0.126991 0.301848 6.326067 0.484133 0.052722 0.332533 0.858151 0.578987 0.593607 0.314440 0.170887 5.076149 0.528768 1.695752 0.541712 1.437645 4.509238 0.191503 0.068427 2.145078 0.371004 0.089525 0.161787 4.008358 2.000679 0.045376 0.612025 0.083688 0.062556 0.523386 5.243870 0.844926 0.927114 0.010690 0.015076 0.282959 0.025548 0.017416 0.394456 1.240275 0.425860 0.029890 0.135107 0.037967 0.084808 0.003499 0.569265 0.640543 0.320627 0.594007 0.013266 0.893680 1.105251 0.075382 2.784478 1.143480 0.670128 1.165532 1.959291 4.128591 0.267959 4.813505 0.072854 0.582457 3.234294 1.672569 0.035855 0.624294 1.223828 1.080136 0.236199 0.257336 0.210332 0.348847 0.423881 0.044265 0.069673 1.807177 0.173735 0.018811 0.419409 0.611973 0.604545 0.077852 0.120037 0.245034 0.311484 0.008705 0.044261 0.296636 0.139538 0.089586 0.196961 1.739990 0.129836 0.268491 0.054679 0.076701 0.108882 0.366317 0.697264 0.442472 0.682139 0.508851 0.990012 0.584262 0.597054 5.306834 0.119013 4.145067 0.159069 4.273607 1.112727 0.078281 0.064105 1.033739 0.111660 0.232523 10.649107 0.137500 6.312358 2.592692 0.249060 0.182287 0.302936 0.619632 0.299648 1.702745 0.656604 0.023918 0.390322 0.748683 1.136863 0.049906 0.131932 0.185202 1.798853 0.099849 0.346960 2.020366 0.696175 0.481306 1.898718 0.094464 0.361819 0.165001 2.457121 7.803902 0.654683 1.338132 0.571468 0.095131 0.089613 0.296501 6.472279 0.248862 0.400547 0.098369 0.140825 0.245841 2.188158 3.151815 0.189510 0.249313 


Final LogLikelihood: -5689.888255

AIC score: 11537.776510 / AICc score: 11615.801201 / BIC score: 11813.402590
Free parameters (model + branch lengths): 79

WARNING: Best ML tree contains 1 near-zero branches!

Best ML tree with collapsed near-zero branches saved to: /global/home/users/cbrook/raxml-ng/AA_M/T3.raxml.bestTreeCollapsed
Best ML tree saved to: /global/home/users/cbrook/raxml-ng/AA_M/T3.raxml.bestTree
All ML trees saved to: /global/home/users/cbrook/raxml-ng/AA_M/T3.raxml.mlTrees
Best ML tree with Felsenstein bootstrap (FBP) support values saved to: /global/home/users/cbrook/raxml-ng/AA_M/T3.raxml.supportFBP
Best ML tree with Transfer bootstrap (TBE) support values saved to: /global/home/users/cbrook/raxml-ng/AA_M/T3.raxml.supportTBE
Optimized model saved to: /global/home/users/cbrook/raxml-ng/AA_M/T3.raxml.bestModel
Bootstrap trees saved to: /global/home/users/cbrook/raxml-ng/AA_M/T3.raxml.bootstraps

Execution log saved to: /global/home/users/cbrook/raxml-ng/AA_M/T3.raxml.log

Analysis started: 28-Aug-2021 05:45:49 / finished: 28-Aug-2021 06:03:26

Elapsed time: 1057.556 seconds

Consumed energy: 51.643 Wh

