
RAxML-NG v. 1.0.0-master released on 07.08.2020 by The Exelixis Lab.
Developed by: Alexey M. Kozlov and Alexandros Stamatakis.
Contributors: Diego Darriba, Tomas Flouri, Benoit Morel, Sarah Lutteropp, Ben Bettisworth.
Latest version: https://github.com/amkozlov/raxml-ng
Questions/problems/suggestions? Please visit: https://groups.google.com/forum/#!forum/raxml

System: Intel(R) Xeon(R) CPU E5-2670 v3 @ 2.30GHz, 24 cores, 62 GB RAM

RAxML-NG was called at 22-Aug-2021 10:16:55 as follows:

/global/home/users/cbrook/raxml-ng/raxml-ng-mpi --all --msa Translation_BatCoV_S_Alignment.fasta --data-type AA --model WAG+G+I+F --prefix T3 --seed 1 --threads 8 --bs-metric fbp,tbe

Analysis options:
  run mode: ML tree search + bootstrapping (Felsenstein Bootstrap + Transfer Bootstrap)
  start tree(s): random (10) + parsimony (10)
  bootstrap replicates: max: 1000 + bootstopping (autoMRE, cutoff: 0.030000)
  random seed: 1
  tip-inner: OFF
  pattern compression: ON
  per-rate scalers: OFF
  site repeats: ON
  branch lengths: proportional (ML estimate, algorithm: NR-FAST)
  SIMD kernels: AVX2
  parallelization: coarse-grained (auto), PTHREADS (8 threads), thread pinning: ON

[00:00:00] Reading alignment from file: Translation_BatCoV_S_Alignment.fasta
[00:00:00] Loaded alignment with 34 taxa and 1744 sites

WARNING: Sequences EF065513_1_HKU_9_1_Rousettus_leschenaulti_China_S and NC_009021_1_HKU9_Rousettus_leschenaulti_China_S are exactly identical!
WARNING: Sequences KU762338_1_GCCDC1_356_Rousettus_leschenaulti_China_S and NC_030886_GCCDC1_356_Rousettus_leschenaulti_China_S are exactly identical!
WARNING: Duplicate sequences found: 2

NOTE: Reduced alignment (with duplicates and gap-only sites/taxa removed) 
NOTE: was saved to: /global/home/users/cbrook/raxml-ng/batCoV_S_test/T3.raxml.reduced.phy

Alignment comprises 1 partitions and 1565 patterns

Partition 0: noname
Model: WAG+FC+I+G4m
Alignment sites / patterns: 1744 / 1565
Gaps: 25.35 %
Invariant sites: 17.72 %


NOTE: Binary MSA file created: T3.raxml.rba

Parallelization scheme autoconfig: 1 worker(s) x 8 thread(s)

Parallel reduction/worker buffer size: 1 KB  / 0 KB

[00:00:00] Generating 10 random starting tree(s) with 34 taxa
[00:00:00] Generating 10 parsimony starting tree(s) with 34 taxa
[00:00:00] Data distribution: max. partitions/sites/weight per thread: 1 / 196 / 15680
[00:00:00] Data distribution: max. searches per worker: 1020

Starting ML tree search with 20 distinct starting trees

[00:00:15] ML tree search #1, logLikelihood: -48355.274681
[00:00:33] ML tree search #2, logLikelihood: -48355.274910
[00:00:49] ML tree search #3, logLikelihood: -48355.274778
[00:01:09] ML tree search #4, logLikelihood: -48355.275671
[00:01:26] ML tree search #5, logLikelihood: -48355.274744
[00:01:43] ML tree search #6, logLikelihood: -48355.274979
[00:01:59] ML tree search #7, logLikelihood: -48355.277319
[00:02:16] ML tree search #8, logLikelihood: -48355.274948
[00:02:34] ML tree search #9, logLikelihood: -48355.274979
[00:02:53] ML tree search #10, logLikelihood: -48355.274890
[00:03:07] ML tree search #11, logLikelihood: -48355.274663
[00:03:20] ML tree search #12, logLikelihood: -48355.274650
[00:03:38] ML tree search #13, logLikelihood: -48355.276342
[00:03:51] ML tree search #14, logLikelihood: -48355.274649
[00:04:03] ML tree search #15, logLikelihood: -48355.274641
[00:04:17] ML tree search #16, logLikelihood: -48355.274650
[00:04:32] ML tree search #17, logLikelihood: -48355.275917
[00:04:45] ML tree search #18, logLikelihood: -48355.274639
[00:04:58] ML tree search #19, logLikelihood: -48355.274675
[00:05:12] ML tree search #20, logLikelihood: -48355.274680

[00:05:12] ML tree search completed, best tree logLH: -48355.274639

[00:05:12] Starting bootstrapping analysis with 1000 replicates.

[00:05:24] Bootstrap tree #1, logLikelihood: -48301.873693
[00:05:38] Bootstrap tree #2, logLikelihood: -47414.492176
[00:05:50] Bootstrap tree #3, logLikelihood: -49753.314464
[00:06:02] Bootstrap tree #4, logLikelihood: -48656.325171
[00:06:13] Bootstrap tree #5, logLikelihood: -48997.748449
[00:06:24] Bootstrap tree #6, logLikelihood: -46854.147878
[00:06:37] Bootstrap tree #7, logLikelihood: -47884.619049
[00:06:48] Bootstrap tree #8, logLikelihood: -48849.539778
[00:07:00] Bootstrap tree #9, logLikelihood: -47904.097995
[00:07:11] Bootstrap tree #10, logLikelihood: -46453.755860
[00:07:21] Bootstrap tree #11, logLikelihood: -47627.873822
[00:07:31] Bootstrap tree #12, logLikelihood: -48277.656578
[00:07:44] Bootstrap tree #13, logLikelihood: -48987.143034
[00:07:56] Bootstrap tree #14, logLikelihood: -48697.179688
[00:08:06] Bootstrap tree #15, logLikelihood: -48086.684961
[00:08:18] Bootstrap tree #16, logLikelihood: -48733.406233
[00:08:30] Bootstrap tree #17, logLikelihood: -49022.368781
[00:08:43] Bootstrap tree #18, logLikelihood: -46832.898196
[00:08:54] Bootstrap tree #19, logLikelihood: -48047.821594
[00:09:04] Bootstrap tree #20, logLikelihood: -48006.701908
[00:09:15] Bootstrap tree #21, logLikelihood: -47944.608320
[00:09:29] Bootstrap tree #22, logLikelihood: -48696.093432
[00:09:42] Bootstrap tree #23, logLikelihood: -48081.382995
[00:09:55] Bootstrap tree #24, logLikelihood: -47934.876210
[00:10:08] Bootstrap tree #25, logLikelihood: -48564.363266
[00:10:19] Bootstrap tree #26, logLikelihood: -47890.918687
[00:10:31] Bootstrap tree #27, logLikelihood: -48272.265796
[00:10:41] Bootstrap tree #28, logLikelihood: -48504.545410
[00:10:54] Bootstrap tree #29, logLikelihood: -47255.508848
[00:11:05] Bootstrap tree #30, logLikelihood: -48281.336656
[00:11:15] Bootstrap tree #31, logLikelihood: -48547.607999
[00:11:27] Bootstrap tree #32, logLikelihood: -50379.968308
[00:11:38] Bootstrap tree #33, logLikelihood: -47847.821211
[00:11:49] Bootstrap tree #34, logLikelihood: -48401.003667
[00:12:02] Bootstrap tree #35, logLikelihood: -49564.664047
[00:12:13] Bootstrap tree #36, logLikelihood: -49149.567393
[00:12:25] Bootstrap tree #37, logLikelihood: -47198.932071
[00:12:37] Bootstrap tree #38, logLikelihood: -48270.223095
[00:12:48] Bootstrap tree #39, logLikelihood: -48079.476563
[00:13:00] Bootstrap tree #40, logLikelihood: -48333.378666
[00:13:12] Bootstrap tree #41, logLikelihood: -48738.029268
[00:13:23] Bootstrap tree #42, logLikelihood: -48249.371539
[00:13:34] Bootstrap tree #43, logLikelihood: -47124.579258
[00:13:46] Bootstrap tree #44, logLikelihood: -48697.948746
[00:13:59] Bootstrap tree #45, logLikelihood: -48702.243681
[00:14:12] Bootstrap tree #46, logLikelihood: -47731.753871
[00:14:26] Bootstrap tree #47, logLikelihood: -48560.717039
[00:14:39] Bootstrap tree #48, logLikelihood: -48239.458883
[00:14:52] Bootstrap tree #49, logLikelihood: -47502.658048
[00:15:04] Bootstrap tree #50, logLikelihood: -49985.936304
[00:15:15] Bootstrap tree #51, logLikelihood: -48057.191853
[00:15:27] Bootstrap tree #52, logLikelihood: -47421.574830
[00:15:41] Bootstrap tree #53, logLikelihood: -48997.613058
[00:15:58] Bootstrap tree #54, logLikelihood: -48601.579769
[00:16:11] Bootstrap tree #55, logLikelihood: -46976.471502
[00:16:23] Bootstrap tree #56, logLikelihood: -48435.991290
[00:16:37] Bootstrap tree #57, logLikelihood: -48948.571249
[00:16:53] Bootstrap tree #58, logLikelihood: -48162.696873
[00:17:07] Bootstrap tree #59, logLikelihood: -47074.353351
[00:17:19] Bootstrap tree #60, logLikelihood: -47339.633866
[00:17:32] Bootstrap tree #61, logLikelihood: -48674.677577
[00:17:44] Bootstrap tree #62, logLikelihood: -48950.990506
[00:17:55] Bootstrap tree #63, logLikelihood: -48299.085622
[00:18:09] Bootstrap tree #64, logLikelihood: -47153.789602
[00:18:20] Bootstrap tree #65, logLikelihood: -47860.949253
[00:18:32] Bootstrap tree #66, logLikelihood: -46200.772070
[00:18:42] Bootstrap tree #67, logLikelihood: -48029.126476
[00:18:55] Bootstrap tree #68, logLikelihood: -48621.762342
[00:19:05] Bootstrap tree #69, logLikelihood: -48550.251170
[00:19:16] Bootstrap tree #70, logLikelihood: -48376.749893
[00:19:27] Bootstrap tree #71, logLikelihood: -47963.561234
[00:19:38] Bootstrap tree #72, logLikelihood: -48167.380515
[00:19:49] Bootstrap tree #73, logLikelihood: -48240.693686
[00:20:04] Bootstrap tree #74, logLikelihood: -49070.749484
[00:20:18] Bootstrap tree #75, logLikelihood: -47101.137217
[00:20:27] Bootstrap tree #76, logLikelihood: -48721.404302
[00:20:42] Bootstrap tree #77, logLikelihood: -47768.422775
[00:20:54] Bootstrap tree #78, logLikelihood: -48322.881180
[00:21:06] Bootstrap tree #79, logLikelihood: -48050.599960
[00:21:19] Bootstrap tree #80, logLikelihood: -47844.876767
[00:21:29] Bootstrap tree #81, logLikelihood: -47123.767934
[00:21:40] Bootstrap tree #82, logLikelihood: -48394.505145
[00:21:51] Bootstrap tree #83, logLikelihood: -48136.881596
[00:22:03] Bootstrap tree #84, logLikelihood: -48959.272305
[00:22:15] Bootstrap tree #85, logLikelihood: -48240.150121
[00:22:26] Bootstrap tree #86, logLikelihood: -48330.811108
[00:22:43] Bootstrap tree #87, logLikelihood: -47882.471762
[00:22:54] Bootstrap tree #88, logLikelihood: -48007.138692
[00:23:06] Bootstrap tree #89, logLikelihood: -47313.193543
[00:23:17] Bootstrap tree #90, logLikelihood: -47423.867716
[00:23:30] Bootstrap tree #91, logLikelihood: -47743.438635
[00:23:45] Bootstrap tree #92, logLikelihood: -47820.816664
[00:23:57] Bootstrap tree #93, logLikelihood: -47489.899259
[00:24:12] Bootstrap tree #94, logLikelihood: -48254.057263
[00:24:23] Bootstrap tree #95, logLikelihood: -48002.296473
[00:24:37] Bootstrap tree #96, logLikelihood: -48464.666541
[00:24:48] Bootstrap tree #97, logLikelihood: -48247.649372
[00:24:58] Bootstrap tree #98, logLikelihood: -49164.716415
[00:25:08] Bootstrap tree #99, logLikelihood: -48042.858252
[00:25:23] Bootstrap tree #100, logLikelihood: -47243.823302
[00:25:33] Bootstrap tree #101, logLikelihood: -48664.906037
[00:25:46] Bootstrap tree #102, logLikelihood: -48612.104263
[00:25:59] Bootstrap tree #103, logLikelihood: -48054.801091
[00:26:12] Bootstrap tree #104, logLikelihood: -47950.414588
[00:26:24] Bootstrap tree #105, logLikelihood: -48229.244961
[00:26:36] Bootstrap tree #106, logLikelihood: -47801.127354
[00:26:48] Bootstrap tree #107, logLikelihood: -49032.579904
[00:27:00] Bootstrap tree #108, logLikelihood: -49279.423058
[00:27:11] Bootstrap tree #109, logLikelihood: -49358.052568
[00:27:24] Bootstrap tree #110, logLikelihood: -48072.371850
[00:27:33] Bootstrap tree #111, logLikelihood: -48774.477273
[00:27:45] Bootstrap tree #112, logLikelihood: -47907.480888
[00:28:00] Bootstrap tree #113, logLikelihood: -48411.802221
[00:28:11] Bootstrap tree #114, logLikelihood: -48200.272755
[00:28:24] Bootstrap tree #115, logLikelihood: -47791.870247
[00:28:36] Bootstrap tree #116, logLikelihood: -48227.202122
[00:28:46] Bootstrap tree #117, logLikelihood: -47010.665794
[00:29:02] Bootstrap tree #118, logLikelihood: -48577.775033
[00:29:15] Bootstrap tree #119, logLikelihood: -48542.257776
[00:29:29] Bootstrap tree #120, logLikelihood: -48663.040820
[00:29:44] Bootstrap tree #121, logLikelihood: -49242.787266
[00:29:57] Bootstrap tree #122, logLikelihood: -47142.460982
[00:30:09] Bootstrap tree #123, logLikelihood: -48035.059116
[00:30:20] Bootstrap tree #124, logLikelihood: -47763.686693
[00:30:31] Bootstrap tree #125, logLikelihood: -47939.893789
[00:30:43] Bootstrap tree #126, logLikelihood: -47042.820949
[00:30:56] Bootstrap tree #127, logLikelihood: -48355.103660
[00:31:09] Bootstrap tree #128, logLikelihood: -48125.391590
[00:31:20] Bootstrap tree #129, logLikelihood: -49344.195339
[00:31:33] Bootstrap tree #130, logLikelihood: -48477.994655
[00:31:48] Bootstrap tree #131, logLikelihood: -48456.097193
[00:32:01] Bootstrap tree #132, logLikelihood: -47327.320630
[00:32:12] Bootstrap tree #133, logLikelihood: -48621.044750
[00:32:23] Bootstrap tree #134, logLikelihood: -48842.427274
[00:32:33] Bootstrap tree #135, logLikelihood: -47723.029968
[00:32:43] Bootstrap tree #136, logLikelihood: -49910.175542
[00:32:54] Bootstrap tree #137, logLikelihood: -47855.945650
[00:33:09] Bootstrap tree #138, logLikelihood: -49583.105947
[00:33:23] Bootstrap tree #139, logLikelihood: -47894.235602
[00:33:34] Bootstrap tree #140, logLikelihood: -49333.559236
[00:33:47] Bootstrap tree #141, logLikelihood: -47470.992899
[00:33:59] Bootstrap tree #142, logLikelihood: -49229.788740
[00:34:09] Bootstrap tree #143, logLikelihood: -47951.857379
[00:34:21] Bootstrap tree #144, logLikelihood: -48713.775426
[00:34:33] Bootstrap tree #145, logLikelihood: -47629.236705
[00:34:44] Bootstrap tree #146, logLikelihood: -47943.305081
[00:34:56] Bootstrap tree #147, logLikelihood: -48454.894674
[00:35:05] Bootstrap tree #148, logLikelihood: -48832.061700
[00:35:19] Bootstrap tree #149, logLikelihood: -49446.628194
[00:35:34] Bootstrap tree #150, logLikelihood: -48692.052161
[00:35:44] Bootstrap tree #151, logLikelihood: -48464.371740
[00:35:57] Bootstrap tree #152, logLikelihood: -47828.227805
[00:36:09] Bootstrap tree #153, logLikelihood: -48837.617838
[00:36:20] Bootstrap tree #154, logLikelihood: -48806.496767
[00:36:37] Bootstrap tree #155, logLikelihood: -45985.268602
[00:36:49] Bootstrap tree #156, logLikelihood: -48992.319830
[00:36:59] Bootstrap tree #157, logLikelihood: -48918.599036
[00:37:13] Bootstrap tree #158, logLikelihood: -48943.552499
[00:37:25] Bootstrap tree #159, logLikelihood: -48595.890384
[00:37:37] Bootstrap tree #160, logLikelihood: -47868.448176
[00:37:50] Bootstrap tree #161, logLikelihood: -49002.167687
[00:38:01] Bootstrap tree #162, logLikelihood: -48173.223422
[00:38:12] Bootstrap tree #163, logLikelihood: -47973.425088
[00:38:24] Bootstrap tree #164, logLikelihood: -50129.145838
[00:38:35] Bootstrap tree #165, logLikelihood: -48347.639444
[00:38:47] Bootstrap tree #166, logLikelihood: -49219.581134
[00:39:00] Bootstrap tree #167, logLikelihood: -48122.720231
[00:39:11] Bootstrap tree #168, logLikelihood: -47668.082045
[00:39:22] Bootstrap tree #169, logLikelihood: -48794.563599
[00:39:34] Bootstrap tree #170, logLikelihood: -48207.681327
[00:39:48] Bootstrap tree #171, logLikelihood: -47636.658146
[00:40:00] Bootstrap tree #172, logLikelihood: -48063.677232
[00:40:12] Bootstrap tree #173, logLikelihood: -48346.646364
[00:40:25] Bootstrap tree #174, logLikelihood: -49923.779809
[00:40:38] Bootstrap tree #175, logLikelihood: -49530.347391
[00:40:49] Bootstrap tree #176, logLikelihood: -46864.579226
[00:40:59] Bootstrap tree #177, logLikelihood: -46688.473832
[00:41:10] Bootstrap tree #178, logLikelihood: -48121.066963
[00:41:20] Bootstrap tree #179, logLikelihood: -46759.079324
[00:41:32] Bootstrap tree #180, logLikelihood: -47521.307842
[00:41:43] Bootstrap tree #181, logLikelihood: -47396.774331
[00:41:54] Bootstrap tree #182, logLikelihood: -49178.239225
[00:42:07] Bootstrap tree #183, logLikelihood: -47270.230653
[00:42:18] Bootstrap tree #184, logLikelihood: -47962.948916
[00:42:29] Bootstrap tree #185, logLikelihood: -48810.184385
[00:42:41] Bootstrap tree #186, logLikelihood: -47052.509429
[00:42:55] Bootstrap tree #187, logLikelihood: -48115.786200
[00:43:07] Bootstrap tree #188, logLikelihood: -47792.443846
[00:43:17] Bootstrap tree #189, logLikelihood: -48767.517996
[00:43:27] Bootstrap tree #190, logLikelihood: -49223.992259
[00:43:45] Bootstrap tree #191, logLikelihood: -47999.151720
[00:43:57] Bootstrap tree #192, logLikelihood: -48177.700805
[00:44:08] Bootstrap tree #193, logLikelihood: -49543.658686
[00:44:19] Bootstrap tree #194, logLikelihood: -47199.357444
[00:44:30] Bootstrap tree #195, logLikelihood: -47923.741072
[00:44:40] Bootstrap tree #196, logLikelihood: -47080.380609
[00:44:52] Bootstrap tree #197, logLikelihood: -47472.834550
[00:45:03] Bootstrap tree #198, logLikelihood: -46641.487230
[00:45:15] Bootstrap tree #199, logLikelihood: -48664.169049
[00:45:27] Bootstrap tree #200, logLikelihood: -48979.415751
[00:45:40] Bootstrap tree #201, logLikelihood: -49453.102081
[00:45:52] Bootstrap tree #202, logLikelihood: -48001.921816
[00:46:02] Bootstrap tree #203, logLikelihood: -47814.668215
[00:46:13] Bootstrap tree #204, logLikelihood: -47748.579214
[00:46:24] Bootstrap tree #205, logLikelihood: -47389.786736
[00:46:37] Bootstrap tree #206, logLikelihood: -47424.722636
[00:46:52] Bootstrap tree #207, logLikelihood: -48187.527640
[00:47:02] Bootstrap tree #208, logLikelihood: -48176.655123
[00:47:14] Bootstrap tree #209, logLikelihood: -47763.373410
[00:47:26] Bootstrap tree #210, logLikelihood: -50121.867465
[00:47:36] Bootstrap tree #211, logLikelihood: -49137.469040
[00:47:47] Bootstrap tree #212, logLikelihood: -48554.684915
[00:47:58] Bootstrap tree #213, logLikelihood: -46853.790062
[00:48:10] Bootstrap tree #214, logLikelihood: -49538.076736
[00:48:20] Bootstrap tree #215, logLikelihood: -48343.828414
[00:48:31] Bootstrap tree #216, logLikelihood: -47854.510024
[00:48:44] Bootstrap tree #217, logLikelihood: -48321.326607
[00:48:55] Bootstrap tree #218, logLikelihood: -47250.507577
[00:49:08] Bootstrap tree #219, logLikelihood: -48641.753791
[00:49:20] Bootstrap tree #220, logLikelihood: -48257.046855
[00:49:31] Bootstrap tree #221, logLikelihood: -48059.427407
[00:49:43] Bootstrap tree #222, logLikelihood: -47961.889644
[00:49:54] Bootstrap tree #223, logLikelihood: -49011.693914
[00:50:06] Bootstrap tree #224, logLikelihood: -47632.996869
[00:50:17] Bootstrap tree #225, logLikelihood: -47917.840280
[00:50:28] Bootstrap tree #226, logLikelihood: -47562.765117
[00:50:38] Bootstrap tree #227, logLikelihood: -47883.258535
[00:50:51] Bootstrap tree #228, logLikelihood: -48577.791151
[00:51:03] Bootstrap tree #229, logLikelihood: -48511.913555
[00:51:14] Bootstrap tree #230, logLikelihood: -47431.165684
[00:51:24] Bootstrap tree #231, logLikelihood: -50399.484809
[00:51:36] Bootstrap tree #232, logLikelihood: -48544.507046
[00:51:47] Bootstrap tree #233, logLikelihood: -47786.792664
[00:52:00] Bootstrap tree #234, logLikelihood: -48216.031471
[00:52:12] Bootstrap tree #235, logLikelihood: -49377.256621
[00:52:24] Bootstrap tree #236, logLikelihood: -47730.755559
[00:52:36] Bootstrap tree #237, logLikelihood: -49124.782413
[00:52:46] Bootstrap tree #238, logLikelihood: -48772.800064
[00:52:57] Bootstrap tree #239, logLikelihood: -47684.260001
[00:53:11] Bootstrap tree #240, logLikelihood: -47450.890886
[00:53:21] Bootstrap tree #241, logLikelihood: -49280.142811
[00:53:31] Bootstrap tree #242, logLikelihood: -48853.686414
[00:53:42] Bootstrap tree #243, logLikelihood: -46956.759986
[00:53:53] Bootstrap tree #244, logLikelihood: -48443.589383
[00:54:04] Bootstrap tree #245, logLikelihood: -48845.273011
[00:54:15] Bootstrap tree #246, logLikelihood: -48667.804395
[00:54:26] Bootstrap tree #247, logLikelihood: -48685.022150
[00:54:38] Bootstrap tree #248, logLikelihood: -48682.522793
[00:54:54] Bootstrap tree #249, logLikelihood: -49079.523322
[00:55:05] Bootstrap tree #250, logLikelihood: -47779.466548
[00:55:19] Bootstrap tree #251, logLikelihood: -48002.489857
[00:55:28] Bootstrap tree #252, logLikelihood: -48066.380695
[00:55:40] Bootstrap tree #253, logLikelihood: -47734.477401
[00:55:52] Bootstrap tree #254, logLikelihood: -48127.151112
[00:56:05] Bootstrap tree #255, logLikelihood: -50406.610744
[00:56:16] Bootstrap tree #256, logLikelihood: -47627.291539
[00:56:26] Bootstrap tree #257, logLikelihood: -47997.579856
[00:56:37] Bootstrap tree #258, logLikelihood: -49078.308550
[00:56:55] Bootstrap tree #259, logLikelihood: -49521.788012
[00:57:07] Bootstrap tree #260, logLikelihood: -47944.405282
[00:57:18] Bootstrap tree #261, logLikelihood: -49246.767596
[00:57:32] Bootstrap tree #262, logLikelihood: -48092.279570
[00:57:45] Bootstrap tree #263, logLikelihood: -47555.317064
[00:57:59] Bootstrap tree #264, logLikelihood: -48753.640142
[00:58:11] Bootstrap tree #265, logLikelihood: -47748.519131
[00:58:23] Bootstrap tree #266, logLikelihood: -48486.694453
[00:58:35] Bootstrap tree #267, logLikelihood: -48628.512291
[00:58:47] Bootstrap tree #268, logLikelihood: -48706.749715
[00:58:59] Bootstrap tree #269, logLikelihood: -46919.807617
[00:59:12] Bootstrap tree #270, logLikelihood: -48438.695703
[00:59:23] Bootstrap tree #271, logLikelihood: -48068.650905
[00:59:35] Bootstrap tree #272, logLikelihood: -48507.665434
[00:59:45] Bootstrap tree #273, logLikelihood: -47498.858901
[00:59:56] Bootstrap tree #274, logLikelihood: -47683.609604
[01:00:08] Bootstrap tree #275, logLikelihood: -47257.140991
[01:00:20] Bootstrap tree #276, logLikelihood: -49482.484400
[01:00:32] Bootstrap tree #277, logLikelihood: -48284.745135
[01:00:45] Bootstrap tree #278, logLikelihood: -49466.654981
[01:00:57] Bootstrap tree #279, logLikelihood: -49289.211641
[01:01:09] Bootstrap tree #280, logLikelihood: -49135.302821
[01:01:20] Bootstrap tree #281, logLikelihood: -48223.562140
[01:01:33] Bootstrap tree #282, logLikelihood: -48154.468817
[01:01:44] Bootstrap tree #283, logLikelihood: -47797.057881
[01:01:54] Bootstrap tree #284, logLikelihood: -48638.964499
[01:02:06] Bootstrap tree #285, logLikelihood: -49450.726490
[01:02:18] Bootstrap tree #286, logLikelihood: -48003.341106
[01:02:30] Bootstrap tree #287, logLikelihood: -49609.238935
[01:02:44] Bootstrap tree #288, logLikelihood: -47979.797713
[01:02:54] Bootstrap tree #289, logLikelihood: -48679.356237
[01:03:06] Bootstrap tree #290, logLikelihood: -47937.115561
[01:03:18] Bootstrap tree #291, logLikelihood: -49277.365768
[01:03:32] Bootstrap tree #292, logLikelihood: -47336.283021
[01:03:44] Bootstrap tree #293, logLikelihood: -48236.925732
[01:03:57] Bootstrap tree #294, logLikelihood: -47517.642234
[01:04:08] Bootstrap tree #295, logLikelihood: -47784.188026
[01:04:20] Bootstrap tree #296, logLikelihood: -47542.135017
[01:04:35] Bootstrap tree #297, logLikelihood: -48575.539750
[01:04:47] Bootstrap tree #298, logLikelihood: -46789.254377
[01:05:00] Bootstrap tree #299, logLikelihood: -48645.097002
[01:05:13] Bootstrap tree #300, logLikelihood: -48503.001818
[01:05:26] Bootstrap tree #301, logLikelihood: -47060.779627
[01:05:39] Bootstrap tree #302, logLikelihood: -49021.617953
[01:05:51] Bootstrap tree #303, logLikelihood: -49356.454055
[01:06:04] Bootstrap tree #304, logLikelihood: -49754.102989
[01:06:16] Bootstrap tree #305, logLikelihood: -49969.348636
[01:06:26] Bootstrap tree #306, logLikelihood: -47813.267724
[01:06:40] Bootstrap tree #307, logLikelihood: -49460.264230
[01:06:51] Bootstrap tree #308, logLikelihood: -48433.214847
[01:07:02] Bootstrap tree #309, logLikelihood: -49035.654116
[01:07:15] Bootstrap tree #310, logLikelihood: -46919.691234
[01:07:26] Bootstrap tree #311, logLikelihood: -49036.193946
[01:07:40] Bootstrap tree #312, logLikelihood: -48062.919704
[01:07:54] Bootstrap tree #313, logLikelihood: -48744.841233
[01:08:06] Bootstrap tree #314, logLikelihood: -48538.861489
[01:08:16] Bootstrap tree #315, logLikelihood: -48243.374214
[01:08:28] Bootstrap tree #316, logLikelihood: -48900.894594
[01:08:40] Bootstrap tree #317, logLikelihood: -48515.198013
[01:08:51] Bootstrap tree #318, logLikelihood: -49006.470256
[01:09:04] Bootstrap tree #319, logLikelihood: -47914.088778
[01:09:15] Bootstrap tree #320, logLikelihood: -48930.902767
[01:09:26] Bootstrap tree #321, logLikelihood: -48330.434503
[01:09:40] Bootstrap tree #322, logLikelihood: -48893.630648
[01:09:52] Bootstrap tree #323, logLikelihood: -49086.031679
[01:10:02] Bootstrap tree #324, logLikelihood: -48914.933394
[01:10:14] Bootstrap tree #325, logLikelihood: -48093.215450
[01:10:26] Bootstrap tree #326, logLikelihood: -50459.473102
[01:10:38] Bootstrap tree #327, logLikelihood: -49325.079657
[01:10:48] Bootstrap tree #328, logLikelihood: -48254.759777
[01:11:00] Bootstrap tree #329, logLikelihood: -47346.593308
[01:11:11] Bootstrap tree #330, logLikelihood: -48319.953412
[01:11:23] Bootstrap tree #331, logLikelihood: -47666.152189
[01:11:34] Bootstrap tree #332, logLikelihood: -48407.368129
[01:11:46] Bootstrap tree #333, logLikelihood: -47858.430070
[01:11:58] Bootstrap tree #334, logLikelihood: -48405.373630
[01:12:12] Bootstrap tree #335, logLikelihood: -48658.215963
[01:12:23] Bootstrap tree #336, logLikelihood: -49725.613754
[01:12:35] Bootstrap tree #337, logLikelihood: -47841.503388
[01:12:49] Bootstrap tree #338, logLikelihood: -49474.970923
[01:13:03] Bootstrap tree #339, logLikelihood: -48448.913418
[01:13:16] Bootstrap tree #340, logLikelihood: -48684.637563
[01:13:28] Bootstrap tree #341, logLikelihood: -48238.089906
[01:13:40] Bootstrap tree #342, logLikelihood: -47707.307147
[01:13:55] Bootstrap tree #343, logLikelihood: -49218.466010
[01:14:08] Bootstrap tree #344, logLikelihood: -48122.698131
[01:14:18] Bootstrap tree #345, logLikelihood: -47223.841761
[01:14:30] Bootstrap tree #346, logLikelihood: -48896.049975
[01:14:42] Bootstrap tree #347, logLikelihood: -48754.291433
[01:14:55] Bootstrap tree #348, logLikelihood: -47493.208648
[01:15:06] Bootstrap tree #349, logLikelihood: -47710.360253
[01:15:16] Bootstrap tree #350, logLikelihood: -47910.066378
[01:15:17] Bootstrapping converged after 350 replicates.

Optimized model parameters:

   Partition 0: noname
   Rate heterogeneity: GAMMA (4 cats, mean),  alpha: 1.443733 (ML),  weights&rates: (0.250000,0.216498) (0.250000,0.578915) (0.250000,1.046939) (0.250000,2.157648) 
   P-inv (ML): 0.063906
   Base frequencies (empirical): 0.068976 0.031155 0.072929 0.046609 0.034567 0.043559 0.029529 0.063937 0.013759 0.052415 0.089241 0.034996 0.017080 0.051805 0.045886 0.085898 0.074172 0.009625 0.052393 0.081469 
   Substitution rates (model): 0.551571 0.509848 0.738998 1.027040 0.908598 1.582850 1.416720 0.316954 0.193335 0.397915 0.906265 0.893496 0.210494 1.438550 3.370790 2.121110 0.113133 0.240735 2.006010 0.635346 0.147304 0.528191 3.035500 0.439157 0.584665 2.137150 0.186979 0.497671 5.351420 0.683162 0.102711 0.679489 1.224190 0.554413 1.163920 0.381533 0.251849 5.429420 0.265256 1.543640 0.947198 1.125560 3.956290 0.554236 0.131528 3.012010 0.198221 0.096162 0.195081 3.974230 2.030060 0.071917 1.086000 0.196246 0.030295 0.616783 6.174160 0.865584 0.930676 0.039437 0.084805 0.479855 0.103754 0.046730 0.423984 1.071760 0.374866 0.129767 0.325711 0.152335 0.098818 0.021352 0.306674 0.248972 0.170135 0.384287 0.074034 0.390482 0.398020 0.109404 1.407660 0.512984 0.717070 0.543833 1.002140 5.469470 0.330052 4.294110 0.113917 0.869489 3.894900 1.545260 0.099921 0.933372 1.028870 0.857928 0.215737 0.227710 0.301281 0.567717 0.570025 0.127395 0.154263 2.584430 0.315124 0.081134 0.682355 0.704939 0.822765 0.156557 0.196303 0.588731 0.249410 0.030450 0.061304 0.373558 0.174100 0.049931 0.243570 1.341820 0.225833 0.336983 0.103604 0.187247 0.138190 0.499462 0.890432 0.404141 0.679371 0.696198 0.740169 0.473307 0.262569 3.873440 0.118358 3.170970 0.323832 4.257460 1.059470 0.099929 0.319440 1.458160 0.212483 0.420170 7.821300 0.257555 4.854020 2.115170 0.415844 0.344739 0.326622 0.665309 0.398618 1.800340 0.934276 0.088836 0.556896 0.967130 1.386980 0.137505 0.133264 0.305434 1.190630 0.171329 0.493905 1.516120 0.515706 0.428437 2.058450 0.161444 0.545931 0.171903 1.529640 6.454280 0.649892 1.613280 0.795384 0.139405 0.216046 0.314887 4.378020 0.523742 0.786993 0.232739 0.110864 0.291148 1.388230 2.485390 0.365369 0.314730 


Final LogLikelihood: -48355.274639

AIC score: 96882.549277 / AICc score: 96891.580056 / BIC score: 97352.447825
Free parameters (model + branch lengths): 86

WARNING: Best ML tree contains 1 near-zero branches!

Best ML tree with collapsed near-zero branches saved to: /global/home/users/cbrook/raxml-ng/batCoV_S_test/T3.raxml.bestTreeCollapsed
Best ML tree saved to: /global/home/users/cbrook/raxml-ng/batCoV_S_test/T3.raxml.bestTree
All ML trees saved to: /global/home/users/cbrook/raxml-ng/batCoV_S_test/T3.raxml.mlTrees
Best ML tree with Felsenstein bootstrap (FBP) support values saved to: /global/home/users/cbrook/raxml-ng/batCoV_S_test/T3.raxml.supportFBP
Best ML tree with Transfer bootstrap (TBE) support values saved to: /global/home/users/cbrook/raxml-ng/batCoV_S_test/T3.raxml.supportTBE
Optimized model saved to: /global/home/users/cbrook/raxml-ng/batCoV_S_test/T3.raxml.bestModel
Bootstrap trees saved to: /global/home/users/cbrook/raxml-ng/batCoV_S_test/T3.raxml.bootstraps

Execution log saved to: /global/home/users/cbrook/raxml-ng/batCoV_S_test/T3.raxml.log

Analysis started: 22-Aug-2021 10:16:55 / finished: 22-Aug-2021 11:32:12

Elapsed time: 4517.094 seconds

Consumed energy: 138.140 Wh

