
RAxML-NG v. 1.0.0-master released on 07.08.2020 by The Exelixis Lab.
Developed by: Alexey M. Kozlov and Alexandros Stamatakis.
Contributors: Diego Darriba, Tomas Flouri, Benoit Morel, Sarah Lutteropp, Ben Bettisworth.
Latest version: https://github.com/amkozlov/raxml-ng
Questions/problems/suggestions? Please visit: https://groups.google.com/forum/#!forum/raxml

System: Intel(R) Xeon(R) Gold 6130 CPU @ 2.10GHz, 32 cores, 93 GB RAM

RAxML-NG was called at 28-Aug-2021 11:08:24 as follows:

/global/home/users/cbrook/raxml-ng/raxml-ng-mpi --all --msa M-Translation-Alignment.fasta --data-type AA --model LG+I+G4 --prefix T3 --seed 1 --threads 5 --bs-metric fbp,tbe

Analysis options:
  run mode: ML tree search + bootstrapping (Felsenstein Bootstrap + Transfer Bootstrap)
  start tree(s): random (10) + parsimony (10)
  bootstrap replicates: max: 1000 + bootstopping (autoMRE, cutoff: 0.030000)
  random seed: 1
  tip-inner: OFF
  pattern compression: ON
  per-rate scalers: OFF
  site repeats: ON
  branch lengths: proportional (ML estimate, algorithm: NR-FAST)
  SIMD kernels: AVX2
  parallelization: coarse-grained (auto), PTHREADS (5 threads), thread pinning: ON

[00:00:01] Reading alignment from file: M-Translation-Alignment.fasta
[00:00:01] Loaded alignment with 38 taxa and 242 sites

WARNING: Sequences Bos_taurus_NC_038294_1_Betacoronavirus_1_M and Homo_sapiens_NC_019843_3_MERS_M are exactly identical!
WARNING: Sequences EF065515_1_HKU_9_3_Rousettus_leschenaulti_China_M and HM211098_1_HKU_9_5_1_Rhinolphus_sinicus_China_M are exactly identical!
WARNING: Sequences EF065515_1_HKU_9_3_Rousettus_leschenaulti_China_M and HM211100_1_HKU_9_10_1_Rousettus_leschenaulti_China_M are exactly identical!
WARNING: Duplicate sequences found: 3

NOTE: Reduced alignment (with duplicates and gap-only sites/taxa removed) 
NOTE: was saved to: /global/home/users/cbrook/raxml-ng/AAM/T3.raxml.reduced.phy

Alignment comprises 1 partitions and 229 patterns

Partition 0: noname
Model: LG+I+G4m
Alignment sites / patterns: 242 / 229
Gaps: 8.49 %
Invariant sites: 15.70 %


NOTE: Binary MSA file created: T3.raxml.rba

Parallelization scheme autoconfig: 5 worker(s) x 1 thread(s)

Parallel reduction/worker buffer size: 1 KB  / 0 KB

[00:00:01] Generating 10 random starting tree(s) with 38 taxa
[00:00:01] Generating 10 parsimony starting tree(s) with 38 taxa
[00:00:01] Data distribution: max. partitions/sites/weight per thread: 1 / 229 / 18320
[00:00:01] Data distribution: max. searches per worker: 204

Starting ML tree search with 20 distinct starting trees

[00:00:12] [worker #4] ML tree search #5, logLikelihood: -5690.127082
[00:00:12] [worker #1] ML tree search #2, logLikelihood: -5690.127944
[00:00:12] [worker #2] ML tree search #3, logLikelihood: -5690.129321
[00:00:13] [worker #0] ML tree search #1, logLikelihood: -5689.887894
[00:00:13] [worker #3] ML tree search #4, logLikelihood: -5690.129877
[00:00:22] [worker #4] ML tree search #10, logLikelihood: -5690.127822
[00:00:23] [worker #2] ML tree search #8, logLikelihood: -5690.127363
[00:00:25] [worker #1] ML tree search #7, logLikelihood: -5690.127486
[00:00:25] [worker #3] ML tree search #9, logLikelihood: -5690.128164
[00:00:27] [worker #0] ML tree search #6, logLikelihood: -5690.131705
[00:00:31] [worker #4] ML tree search #15, logLikelihood: -5690.127143
[00:00:35] [worker #1] ML tree search #12, logLikelihood: -5690.128130
[00:00:35] [worker #3] ML tree search #14, logLikelihood: -5689.888067
[00:00:36] [worker #2] ML tree search #13, logLikelihood: -5690.129656
[00:00:36] [worker #0] ML tree search #11, logLikelihood: -5690.127099
[00:00:43] [worker #4] ML tree search #20, logLikelihood: -5689.888087
[00:00:44] [worker #3] ML tree search #19, logLikelihood: -5689.887490
[00:00:44] [worker #1] ML tree search #17, logLikelihood: -5690.127074
[00:00:45] [worker #2] ML tree search #18, logLikelihood: -5689.888073
[00:00:49] [worker #0] ML tree search #16, logLikelihood: -5690.129063

[00:00:49] ML tree search completed, best tree logLH: -5689.887490

[00:00:49] Starting bootstrapping analysis with 1000 replicates.

[00:00:56] [worker #2] Bootstrap tree #3, logLikelihood: -5555.274308
[00:00:57] [worker #1] Bootstrap tree #2, logLikelihood: -5689.981986
[00:00:57] [worker #0] Bootstrap tree #1, logLikelihood: -5576.995972
[00:00:57] [worker #4] Bootstrap tree #5, logLikelihood: -5555.880733
[00:00:58] [worker #3] Bootstrap tree #4, logLikelihood: -5888.052189
[00:01:04] [worker #0] Bootstrap tree #6, logLikelihood: -5627.813619
[00:01:04] [worker #1] Bootstrap tree #7, logLikelihood: -5508.234336
[00:01:05] [worker #2] Bootstrap tree #8, logLikelihood: -5916.778114
[00:01:05] [worker #4] Bootstrap tree #10, logLikelihood: -5095.706254
[00:01:06] [worker #3] Bootstrap tree #9, logLikelihood: -5059.771724
[00:01:12] [worker #2] Bootstrap tree #13, logLikelihood: -5097.711594
[00:01:12] [worker #0] Bootstrap tree #11, logLikelihood: -5854.591294
[00:01:12] [worker #1] Bootstrap tree #12, logLikelihood: -5661.294295
[00:01:13] [worker #4] Bootstrap tree #15, logLikelihood: -6089.100068
[00:01:13] [worker #3] Bootstrap tree #14, logLikelihood: -5769.106207
[00:01:21] [worker #4] Bootstrap tree #20, logLikelihood: -5532.127004
[00:01:21] [worker #3] Bootstrap tree #19, logLikelihood: -5434.196838
[00:01:21] [worker #1] Bootstrap tree #17, logLikelihood: -5621.365984
[00:01:21] [worker #2] Bootstrap tree #18, logLikelihood: -5863.365242
[00:01:21] [worker #0] Bootstrap tree #16, logLikelihood: -5122.912419
[00:01:28] [worker #3] Bootstrap tree #24, logLikelihood: -5792.865686
[00:01:28] [worker #0] Bootstrap tree #21, logLikelihood: -5232.984560
[00:01:29] [worker #1] Bootstrap tree #22, logLikelihood: -5251.891755
[00:01:30] [worker #2] Bootstrap tree #23, logLikelihood: -5411.980888
[00:01:30] [worker #4] Bootstrap tree #25, logLikelihood: -5767.357341
[00:01:35] [worker #0] Bootstrap tree #26, logLikelihood: -5295.717834
[00:01:36] [worker #1] Bootstrap tree #27, logLikelihood: -5410.382638
[00:01:37] [worker #3] Bootstrap tree #29, logLikelihood: -5627.474878
[00:01:37] [worker #2] Bootstrap tree #28, logLikelihood: -5723.090331
[00:01:39] [worker #4] Bootstrap tree #30, logLikelihood: -5688.207230
[00:01:44] [worker #1] Bootstrap tree #32, logLikelihood: -5458.604773
[00:01:44] [worker #0] Bootstrap tree #31, logLikelihood: -5473.339776
[00:01:46] [worker #2] Bootstrap tree #33, logLikelihood: -5916.228405
[00:01:46] [worker #4] Bootstrap tree #35, logLikelihood: -5952.929123
[00:01:48] [worker #3] Bootstrap tree #34, logLikelihood: -5672.246691
[00:01:52] [worker #1] Bootstrap tree #37, logLikelihood: -5193.711165
[00:01:52] [worker #0] Bootstrap tree #36, logLikelihood: -5348.549662
[00:01:54] [worker #4] Bootstrap tree #40, logLikelihood: -5655.813883
[00:01:54] [worker #2] Bootstrap tree #38, logLikelihood: -5477.336238
[00:01:55] [worker #3] Bootstrap tree #39, logLikelihood: -5773.960128
[00:02:00] [worker #0] Bootstrap tree #41, logLikelihood: -5461.368737
[00:02:01] [worker #4] Bootstrap tree #45, logLikelihood: -5516.467791
[00:02:01] [worker #2] Bootstrap tree #43, logLikelihood: -5608.592496
[00:02:02] [worker #1] Bootstrap tree #42, logLikelihood: -5599.241447
[00:02:04] [worker #3] Bootstrap tree #44, logLikelihood: -5449.883877
[00:02:08] [worker #0] Bootstrap tree #46, logLikelihood: -5801.352384
[00:02:08] [worker #2] Bootstrap tree #48, logLikelihood: -5933.690352
[00:02:09] [worker #1] Bootstrap tree #47, logLikelihood: -6078.107751
[00:02:09] [worker #4] Bootstrap tree #50, logLikelihood: -5371.262452
[00:02:11] [worker #3] Bootstrap tree #49, logLikelihood: -5690.230526
[00:02:18] [worker #1] Bootstrap tree #52, logLikelihood: -5791.212714
[00:02:19] [worker #3] Bootstrap tree #54, logLikelihood: -5471.819788
[00:02:20] [worker #2] Bootstrap tree #53, logLikelihood: -5163.177186
[00:02:20] [worker #0] Bootstrap tree #51, logLikelihood: -6131.225819
[00:02:21] [worker #4] Bootstrap tree #55, logLikelihood: -5556.090201
[00:02:25] [worker #1] Bootstrap tree #57, logLikelihood: -5419.290074
[00:02:29] [worker #3] Bootstrap tree #59, logLikelihood: -6007.513261
[00:02:30] [worker #2] Bootstrap tree #58, logLikelihood: -5537.943782
[00:02:30] [worker #0] Bootstrap tree #56, logLikelihood: -5600.982967
[00:02:31] [worker #4] Bootstrap tree #60, logLikelihood: -5529.021694
[00:02:33] [worker #1] Bootstrap tree #62, logLikelihood: -5420.952623
[00:02:36] [worker #3] Bootstrap tree #64, logLikelihood: -6030.874412
[00:02:37] [worker #4] Bootstrap tree #65, logLikelihood: -5594.250737
[00:02:38] [worker #2] Bootstrap tree #63, logLikelihood: -5855.959162
[00:02:40] [worker #0] Bootstrap tree #61, logLikelihood: -5365.585638
[00:02:41] [worker #1] Bootstrap tree #67, logLikelihood: -5233.915876
[00:02:44] [worker #3] Bootstrap tree #69, logLikelihood: -5465.067653
[00:02:44] [worker #2] Bootstrap tree #68, logLikelihood: -5843.382578
[00:02:46] [worker #4] Bootstrap tree #70, logLikelihood: -5719.152960
[00:02:48] [worker #0] Bootstrap tree #66, logLikelihood: -5598.053226
[00:02:49] [worker #1] Bootstrap tree #72, logLikelihood: -5645.280408
[00:02:51] [worker #3] Bootstrap tree #74, logLikelihood: -5507.823208
[00:02:52] [worker #2] Bootstrap tree #73, logLikelihood: -5912.372731
[00:02:54] [worker #4] Bootstrap tree #75, logLikelihood: -5326.162633
[00:02:56] [worker #1] Bootstrap tree #77, logLikelihood: -5295.429833
[00:02:56] [worker #0] Bootstrap tree #71, logLikelihood: -5626.888669
[00:02:58] [worker #3] Bootstrap tree #79, logLikelihood: -5435.711894
[00:03:00] [worker #2] Bootstrap tree #78, logLikelihood: -5682.817547
[00:03:02] [worker #4] Bootstrap tree #80, logLikelihood: -5732.015132
[00:03:05] [worker #1] Bootstrap tree #82, logLikelihood: -5424.038468
[00:03:05] [worker #3] Bootstrap tree #84, logLikelihood: -5900.182205
[00:03:05] [worker #0] Bootstrap tree #76, logLikelihood: -5332.846051
[00:03:07] [worker #2] Bootstrap tree #83, logLikelihood: -5914.098447
[00:03:09] [worker #4] Bootstrap tree #85, logLikelihood: -5341.643479
[00:03:13] [worker #1] Bootstrap tree #87, logLikelihood: -5592.914354
[00:03:13] [worker #0] Bootstrap tree #81, logLikelihood: -5696.326925
[00:03:13] [worker #3] Bootstrap tree #89, logLikelihood: -5588.247731
[00:03:15] [worker #2] Bootstrap tree #88, logLikelihood: -6039.088040
[00:03:17] [worker #4] Bootstrap tree #90, logLikelihood: -6100.827834
[00:03:21] [worker #3] Bootstrap tree #94, logLikelihood: -5430.571752
[00:03:22] [worker #1] Bootstrap tree #92, logLikelihood: -5395.058570
[00:03:22] [worker #0] Bootstrap tree #86, logLikelihood: -5569.598985
[00:03:24] [worker #2] Bootstrap tree #93, logLikelihood: -6084.831465
[00:03:25] [worker #4] Bootstrap tree #95, logLikelihood: -5811.731807
[00:03:29] [worker #3] Bootstrap tree #99, logLikelihood: -5692.703855
[00:03:30] [worker #1] Bootstrap tree #97, logLikelihood: -5658.452235
[00:03:31] [worker #2] Bootstrap tree #98, logLikelihood: -5616.459044
[00:03:32] [worker #0] Bootstrap tree #91, logLikelihood: -5871.846861
[00:03:32] [worker #4] Bootstrap tree #100, logLikelihood: -5720.562316
[00:03:39] [worker #0] Bootstrap tree #96, logLikelihood: -5867.564567
[00:03:46] [worker #3] Bootstrap tree #104, logLikelihood: -5504.039078
[00:03:47] [worker #1] Bootstrap tree #102, logLikelihood: -5868.990329
[00:03:47] [worker #4] Bootstrap tree #105, logLikelihood: -5616.533986
[00:03:47] [worker #2] Bootstrap tree #103, logLikelihood: -5847.177673
[00:03:51] [worker #0] Bootstrap tree #101, logLikelihood: -5963.343438
[00:03:53] [worker #3] Bootstrap tree #109, logLikelihood: -5570.249998
[00:03:54] [worker #4] Bootstrap tree #110, logLikelihood: -5696.228102
[00:03:56] [worker #1] Bootstrap tree #107, logLikelihood: -5476.674803
[00:03:56] [worker #2] Bootstrap tree #108, logLikelihood: -5900.238824
[00:03:58] [worker #0] Bootstrap tree #106, logLikelihood: -5200.883532
[00:04:01] [worker #3] Bootstrap tree #114, logLikelihood: -5401.753869
[00:04:02] [worker #4] Bootstrap tree #115, logLikelihood: -5374.659360
[00:04:03] [worker #1] Bootstrap tree #112, logLikelihood: -5338.006871
[00:04:03] [worker #2] Bootstrap tree #113, logLikelihood: -5128.172272
[00:04:08] [worker #0] Bootstrap tree #111, logLikelihood: -5522.737933
[00:04:10] [worker #3] Bootstrap tree #119, logLikelihood: -5371.807212
[00:04:10] [worker #4] Bootstrap tree #120, logLikelihood: -5683.228937
[00:04:11] [worker #1] Bootstrap tree #117, logLikelihood: -5442.837126
[00:04:11] [worker #2] Bootstrap tree #118, logLikelihood: -5873.852917
[00:04:17] [worker #4] Bootstrap tree #125, logLikelihood: -5640.411641
[00:04:17] [worker #0] Bootstrap tree #116, logLikelihood: -5596.516331
[00:04:18] [worker #3] Bootstrap tree #124, logLikelihood: -5617.510509
[00:04:18] [worker #1] Bootstrap tree #122, logLikelihood: -5733.122542
[00:04:19] [worker #2] Bootstrap tree #123, logLikelihood: -5559.279190
[00:04:25] [worker #3] Bootstrap tree #129, logLikelihood: -5350.484390
[00:04:25] [worker #4] Bootstrap tree #130, logLikelihood: -5726.229889
[00:04:26] [worker #1] Bootstrap tree #127, logLikelihood: -5408.532125
[00:04:26] [worker #0] Bootstrap tree #121, logLikelihood: -5374.671933
[00:04:27] [worker #2] Bootstrap tree #128, logLikelihood: -5498.296100
[00:04:33] [worker #1] Bootstrap tree #132, logLikelihood: -5697.571599
[00:04:33] [worker #4] Bootstrap tree #135, logLikelihood: -5374.878122
[00:04:33] [worker #3] Bootstrap tree #134, logLikelihood: -5433.371863
[00:04:35] [worker #2] Bootstrap tree #133, logLikelihood: -5662.536006
[00:04:35] [worker #0] Bootstrap tree #126, logLikelihood: -6099.222353
[00:04:40] [worker #1] Bootstrap tree #137, logLikelihood: -5089.250142
[00:04:40] [worker #4] Bootstrap tree #140, logLikelihood: -5802.215315
[00:04:41] [worker #3] Bootstrap tree #139, logLikelihood: -5472.184137
[00:04:43] [worker #0] Bootstrap tree #131, logLikelihood: -5522.929449
[00:04:44] [worker #2] Bootstrap tree #138, logLikelihood: -5651.970565
[00:04:47] [worker #1] Bootstrap tree #142, logLikelihood: -5925.075874
[00:04:49] [worker #4] Bootstrap tree #145, logLikelihood: -5768.364182
[00:04:49] [worker #3] Bootstrap tree #144, logLikelihood: -5460.168458
[00:04:51] [worker #0] Bootstrap tree #136, logLikelihood: -5525.536205
[00:04:56] [worker #2] Bootstrap tree #143, logLikelihood: -5386.197845
[00:05:00] [worker #1] Bootstrap tree #147, logLikelihood: -5456.683653
[00:05:00] [worker #3] Bootstrap tree #149, logLikelihood: -5674.766430
[00:05:01] [worker #4] Bootstrap tree #150, logLikelihood: -5438.989351
[00:05:03] [worker #0] Bootstrap tree #141, logLikelihood: -6003.541362
[00:05:05] [worker #2] Bootstrap tree #148, logLikelihood: -6062.141613
[00:05:10] [worker #0] Bootstrap tree #146, logLikelihood: -5684.569610
[00:05:16] [worker #3] Bootstrap tree #154, logLikelihood: -5568.250020
[00:05:17] [worker #0] Bootstrap tree #151, logLikelihood: -5255.092080
[00:05:17] [worker #2] Bootstrap tree #153, logLikelihood: -5901.311822
[00:05:17] [worker #1] Bootstrap tree #152, logLikelihood: -6068.239694
[00:05:19] [worker #4] Bootstrap tree #155, logLikelihood: -5792.363260
[00:05:24] [worker #1] Bootstrap tree #157, logLikelihood: -5782.366262
[00:05:24] [worker #2] Bootstrap tree #158, logLikelihood: -5302.097501
[00:05:24] [worker #0] Bootstrap tree #156, logLikelihood: -5696.696626
[00:05:25] [worker #3] Bootstrap tree #159, logLikelihood: -5351.740376
[00:05:28] [worker #4] Bootstrap tree #160, logLikelihood: -6300.267321
[00:05:32] [worker #3] Bootstrap tree #164, logLikelihood: -5376.712447
[00:05:32] [worker #1] Bootstrap tree #162, logLikelihood: -5515.656480
[00:05:33] [worker #0] Bootstrap tree #161, logLikelihood: -5743.293013
[00:05:33] [worker #2] Bootstrap tree #163, logLikelihood: -5382.202147
[00:05:35] [worker #4] Bootstrap tree #165, logLikelihood: -5486.510451
[00:05:39] [worker #3] Bootstrap tree #169, logLikelihood: -5447.753379
[00:05:41] [worker #1] Bootstrap tree #167, logLikelihood: -5901.706918
[00:05:41] [worker #0] Bootstrap tree #166, logLikelihood: -5518.805333
[00:05:41] [worker #2] Bootstrap tree #168, logLikelihood: -6004.076765
[00:05:42] [worker #4] Bootstrap tree #170, logLikelihood: -5478.771784
[00:05:46] [worker #3] Bootstrap tree #174, logLikelihood: -5249.069211
[00:05:48] [worker #1] Bootstrap tree #172, logLikelihood: -5675.224865
[00:05:49] [worker #2] Bootstrap tree #173, logLikelihood: -5597.064660
[00:05:50] [worker #4] Bootstrap tree #175, logLikelihood: -5925.630814
[00:05:51] [worker #0] Bootstrap tree #171, logLikelihood: -5921.866940
[00:05:55] [worker #3] Bootstrap tree #179, logLikelihood: -5224.092722
[00:05:56] [worker #1] Bootstrap tree #177, logLikelihood: -5623.668892
[00:05:58] [worker #4] Bootstrap tree #180, logLikelihood: -5635.011238
[00:05:59] [worker #2] Bootstrap tree #178, logLikelihood: -5630.426423
[00:05:59] [worker #0] Bootstrap tree #176, logLikelihood: -5692.744339
[00:06:03] [worker #3] Bootstrap tree #184, logLikelihood: -5836.830097
[00:06:04] [worker #1] Bootstrap tree #182, logLikelihood: -5522.304933
[00:06:06] [worker #4] Bootstrap tree #185, logLikelihood: -5269.857658
[00:06:07] [worker #2] Bootstrap tree #183, logLikelihood: -5871.607272
[00:06:07] [worker #0] Bootstrap tree #181, logLikelihood: -5617.091804
[00:06:11] [worker #3] Bootstrap tree #189, logLikelihood: -5569.556672
[00:06:12] [worker #1] Bootstrap tree #187, logLikelihood: -5391.675118
[00:06:14] [worker #2] Bootstrap tree #188, logLikelihood: -5972.886091
[00:06:16] [worker #4] Bootstrap tree #190, logLikelihood: -5357.404088
[00:06:17] [worker #0] Bootstrap tree #186, logLikelihood: -5389.527836
[00:06:18] [worker #3] Bootstrap tree #194, logLikelihood: -5820.271859
[00:06:20] [worker #1] Bootstrap tree #192, logLikelihood: -5371.701188
[00:06:21] [worker #2] Bootstrap tree #193, logLikelihood: -5618.965805
[00:06:24] [worker #4] Bootstrap tree #195, logLikelihood: -5564.479001
[00:06:27] [worker #3] Bootstrap tree #199, logLikelihood: -5781.243837
[00:06:27] [worker #1] Bootstrap tree #197, logLikelihood: -5611.148751
[00:06:27] [worker #0] Bootstrap tree #191, logLikelihood: -5380.808799
[00:06:28] [worker #2] Bootstrap tree #198, logLikelihood: -5790.695158
[00:06:31] [worker #4] Bootstrap tree #200, logLikelihood: -5253.210404
[00:06:36] [worker #0] Bootstrap tree #196, logLikelihood: -5591.420626
[00:06:44] [worker #0] Bootstrap tree #201, logLikelihood: -5342.129530
[00:06:45] [worker #3] Bootstrap tree #204, logLikelihood: -5626.642659
[00:06:45] [worker #1] Bootstrap tree #202, logLikelihood: -5909.046117
[00:06:46] [worker #2] Bootstrap tree #203, logLikelihood: -5878.451414
[00:06:48] [worker #4] Bootstrap tree #205, logLikelihood: -5843.913346
[00:06:52] [worker #3] Bootstrap tree #209, logLikelihood: -5787.294051
[00:06:52] [worker #0] Bootstrap tree #206, logLikelihood: -5553.403679
[00:06:53] [worker #1] Bootstrap tree #207, logLikelihood: -5668.541528
[00:06:54] [worker #2] Bootstrap tree #208, logLikelihood: -5681.772052
[00:06:57] [worker #4] Bootstrap tree #210, logLikelihood: -5668.683691
[00:07:01] [worker #3] Bootstrap tree #214, logLikelihood: -5171.648769
[00:07:01] [worker #0] Bootstrap tree #211, logLikelihood: -5462.103940
[00:07:01] [worker #1] Bootstrap tree #212, logLikelihood: -5283.251406
[00:07:02] [worker #2] Bootstrap tree #213, logLikelihood: -5490.635169
[00:07:05] [worker #4] Bootstrap tree #215, logLikelihood: -5707.740773
[00:07:10] [worker #1] Bootstrap tree #217, logLikelihood: -6092.630159
[00:07:11] [worker #2] Bootstrap tree #218, logLikelihood: -5465.240900
[00:07:11] [worker #0] Bootstrap tree #216, logLikelihood: -5753.285001
[00:07:11] [worker #3] Bootstrap tree #219, logLikelihood: -5747.145730
[00:07:12] [worker #4] Bootstrap tree #220, logLikelihood: -6002.823801
[00:07:17] [worker #1] Bootstrap tree #222, logLikelihood: -5530.255443
[00:07:18] [worker #3] Bootstrap tree #224, logLikelihood: -5432.379778
[00:07:19] [worker #2] Bootstrap tree #223, logLikelihood: -5349.111749
[00:07:20] [worker #0] Bootstrap tree #221, logLikelihood: -5512.556629
[00:07:20] [worker #4] Bootstrap tree #225, logLikelihood: -5780.379028
[00:07:24] [worker #1] Bootstrap tree #227, logLikelihood: -5587.651925
[00:07:26] [worker #3] Bootstrap tree #229, logLikelihood: -5204.001973
[00:07:27] [worker #2] Bootstrap tree #228, logLikelihood: -5432.962061
[00:07:29] [worker #4] Bootstrap tree #230, logLikelihood: -5422.797414
[00:07:29] [worker #0] Bootstrap tree #226, logLikelihood: -5773.029485
[00:07:31] [worker #1] Bootstrap tree #232, logLikelihood: -5637.839695
[00:07:33] [worker #3] Bootstrap tree #234, logLikelihood: -5185.707080
[00:07:35] [worker #2] Bootstrap tree #233, logLikelihood: -5832.395451
[00:07:36] [worker #0] Bootstrap tree #231, logLikelihood: -5604.823746
[00:07:37] [worker #4] Bootstrap tree #235, logLikelihood: -6080.887441
[00:07:40] [worker #1] Bootstrap tree #237, logLikelihood: -5963.910336
[00:07:41] [worker #3] Bootstrap tree #239, logLikelihood: -5872.015765
[00:07:45] [worker #4] Bootstrap tree #240, logLikelihood: -6202.954318
[00:07:46] [worker #2] Bootstrap tree #238, logLikelihood: -5846.431913
[00:07:49] [worker #0] Bootstrap tree #236, logLikelihood: -6272.189343
[00:07:50] [worker #1] Bootstrap tree #242, logLikelihood: -5950.613384
[00:07:50] [worker #3] Bootstrap tree #244, logLikelihood: -5465.025915
[00:07:54] [worker #2] Bootstrap tree #243, logLikelihood: -5609.448225
[00:07:54] [worker #4] Bootstrap tree #245, logLikelihood: -5637.323301
[00:07:55] [worker #0] Bootstrap tree #241, logLikelihood: -5174.345438
[00:07:57] [worker #1] Bootstrap tree #247, logLikelihood: -5495.296027
[00:07:58] [worker #3] Bootstrap tree #249, logLikelihood: -5492.788292
[00:08:01] [worker #2] Bootstrap tree #248, logLikelihood: -5368.428569
[00:08:01] [worker #4] Bootstrap tree #250, logLikelihood: -5382.953878
[00:08:06] [worker #0] Bootstrap tree #246, logLikelihood: -5682.065712
[00:08:13] [worker #4] Bootstrap tree #255, logLikelihood: -5464.960501
[00:08:14] [worker #2] Bootstrap tree #253, logLikelihood: -5667.266538
[00:08:14] [worker #3] Bootstrap tree #254, logLikelihood: -5644.292259
[00:08:16] [worker #0] Bootstrap tree #251, logLikelihood: -5573.329167
[00:08:17] [worker #1] Bootstrap tree #252, logLikelihood: -5138.948205
[00:08:21] [worker #3] Bootstrap tree #259, logLikelihood: -5755.605630
[00:08:21] [worker #4] Bootstrap tree #260, logLikelihood: -5728.703481
[00:08:21] [worker #2] Bootstrap tree #258, logLikelihood: -5357.397547
[00:08:25] [worker #1] Bootstrap tree #257, logLikelihood: -5608.535583
[00:08:26] [worker #0] Bootstrap tree #256, logLikelihood: -5720.028717
[00:08:28] [worker #3] Bootstrap tree #264, logLikelihood: -5621.092311
[00:08:29] [worker #4] Bootstrap tree #265, logLikelihood: -5608.300054
[00:08:32] [worker #1] Bootstrap tree #262, logLikelihood: -5976.438779
[00:08:32] [worker #2] Bootstrap tree #263, logLikelihood: -5897.074342
[00:08:34] [worker #0] Bootstrap tree #261, logLikelihood: -5741.790782
[00:08:35] [worker #3] Bootstrap tree #269, logLikelihood: -5242.758583
[00:08:35] [worker #4] Bootstrap tree #270, logLikelihood: -5359.204564
[00:08:40] [worker #2] Bootstrap tree #268, logLikelihood: -5427.068843
[00:08:41] [worker #1] Bootstrap tree #267, logLikelihood: -5362.533617
[00:08:42] [worker #3] Bootstrap tree #274, logLikelihood: -5692.472344
[00:08:43] [worker #4] Bootstrap tree #275, logLikelihood: -5562.528654
[00:08:43] [worker #0] Bootstrap tree #266, logLikelihood: -5691.835927
[00:08:49] [worker #1] Bootstrap tree #272, logLikelihood: -5878.617421
[00:08:49] [worker #2] Bootstrap tree #273, logLikelihood: -5858.638826
[00:08:51] [worker #4] Bootstrap tree #280, logLikelihood: -5520.169127
[00:08:52] [worker #0] Bootstrap tree #271, logLikelihood: -5514.650270
[00:08:52] [worker #3] Bootstrap tree #279, logLikelihood: -5513.721929
[00:08:57] [worker #1] Bootstrap tree #277, logLikelihood: -5858.849061
[00:08:57] [worker #2] Bootstrap tree #278, logLikelihood: -5465.921619
[00:08:59] [worker #3] Bootstrap tree #284, logLikelihood: -5980.989917
[00:09:02] [worker #0] Bootstrap tree #276, logLikelihood: -5978.576705
[00:09:04] [worker #4] Bootstrap tree #285, logLikelihood: -5733.347158
[00:09:04] [worker #1] Bootstrap tree #282, logLikelihood: -5793.317139
[00:09:04] [worker #2] Bootstrap tree #283, logLikelihood: -5522.940059
[00:09:07] [worker #3] Bootstrap tree #289, logLikelihood: -5321.559153
[00:09:12] [worker #2] Bootstrap tree #288, logLikelihood: -5861.431942
[00:09:12] [worker #4] Bootstrap tree #290, logLikelihood: -5493.923011
[00:09:13] [worker #0] Bootstrap tree #281, logLikelihood: -5313.195911
[00:09:14] [worker #1] Bootstrap tree #287, logLikelihood: -5457.365696
[00:09:15] [worker #3] Bootstrap tree #294, logLikelihood: -5520.758032
[00:09:20] [worker #2] Bootstrap tree #293, logLikelihood: -5727.885130
[00:09:20] [worker #0] Bootstrap tree #286, logLikelihood: -5316.990467
[00:09:21] [worker #4] Bootstrap tree #295, logLikelihood: -6018.599929
[00:09:21] [worker #3] Bootstrap tree #299, logLikelihood: -5467.721098
[00:09:24] [worker #1] Bootstrap tree #292, logLikelihood: -5829.742937
[00:09:26] [worker #2] Bootstrap tree #298, logLikelihood: -5522.082705
[00:09:28] [worker #4] Bootstrap tree #300, logLikelihood: -5659.054909
[00:09:29] [worker #0] Bootstrap tree #291, logLikelihood: -5840.472686
[00:09:30] [worker #1] Bootstrap tree #297, logLikelihood: -5298.918786
[00:09:37] [worker #0] Bootstrap tree #296, logLikelihood: -5755.958093
[00:09:44] [worker #1] Bootstrap tree #302, logLikelihood: -5251.098153
[00:09:45] [worker #0] Bootstrap tree #301, logLikelihood: -5812.996886
[00:09:45] [worker #4] Bootstrap tree #305, logLikelihood: -5782.023579
[00:09:46] [worker #3] Bootstrap tree #304, logLikelihood: -5669.635264
[00:09:47] [worker #2] Bootstrap tree #303, logLikelihood: -5504.442370
[00:09:51] [worker #1] Bootstrap tree #307, logLikelihood: -5933.553052
[00:09:53] [worker #4] Bootstrap tree #310, logLikelihood: -5537.510987
[00:09:54] [worker #0] Bootstrap tree #306, logLikelihood: -5645.760288
[00:09:54] [worker #3] Bootstrap tree #309, logLikelihood: -5417.600207
[00:09:56] [worker #2] Bootstrap tree #308, logLikelihood: -5413.262037
[00:09:58] [worker #1] Bootstrap tree #312, logLikelihood: -5688.200679
[00:10:00] [worker #4] Bootstrap tree #315, logLikelihood: -5183.555348
[00:10:01] [worker #3] Bootstrap tree #314, logLikelihood: -5864.564933
[00:10:02] [worker #0] Bootstrap tree #311, logLikelihood: -5988.262951
[00:10:05] [worker #2] Bootstrap tree #313, logLikelihood: -5644.652134
[00:10:08] [worker #4] Bootstrap tree #320, logLikelihood: -5775.883678
[00:10:08] [worker #3] Bootstrap tree #319, logLikelihood: -6051.049056
[00:10:10] [worker #1] Bootstrap tree #317, logLikelihood: -5772.888903
[00:10:11] [worker #0] Bootstrap tree #316, logLikelihood: -5909.123675
[00:10:13] [worker #2] Bootstrap tree #318, logLikelihood: -5519.549790
[00:10:17] [worker #4] Bootstrap tree #325, logLikelihood: -5661.411176
[00:10:17] [worker #1] Bootstrap tree #322, logLikelihood: -5242.831537
[00:10:19] [worker #3] Bootstrap tree #324, logLikelihood: -5879.093410
[00:10:19] [worker #2] Bootstrap tree #323, logLikelihood: -5293.612249
[00:10:20] [worker #0] Bootstrap tree #321, logLikelihood: -5544.215760
[00:10:25] [worker #1] Bootstrap tree #327, logLikelihood: -5720.968365
[00:10:26] [worker #4] Bootstrap tree #330, logLikelihood: -5465.078018
[00:10:27] [worker #3] Bootstrap tree #329, logLikelihood: -5558.256853
[00:10:27] [worker #0] Bootstrap tree #326, logLikelihood: -5535.584188
[00:10:30] [worker #2] Bootstrap tree #328, logLikelihood: -5321.025892
[00:10:34] [worker #4] Bootstrap tree #335, logLikelihood: -5240.986684
[00:10:36] [worker #0] Bootstrap tree #331, logLikelihood: -5978.877695
[00:10:36] [worker #3] Bootstrap tree #334, logLikelihood: -5568.888258
[00:10:37] [worker #1] Bootstrap tree #332, logLikelihood: -5768.091771
[00:10:38] [worker #2] Bootstrap tree #333, logLikelihood: -5192.471284
[00:10:41] [worker #4] Bootstrap tree #340, logLikelihood: -5701.971337
[00:10:44] [worker #3] Bootstrap tree #339, logLikelihood: -5476.367186
[00:10:44] [worker #0] Bootstrap tree #336, logLikelihood: -5852.965568
[00:10:47] [worker #1] Bootstrap tree #337, logLikelihood: -5589.544574
[00:10:47] [worker #2] Bootstrap tree #338, logLikelihood: -5548.985837
[00:10:50] [worker #4] Bootstrap tree #345, logLikelihood: -5670.986604
[00:10:52] [worker #3] Bootstrap tree #344, logLikelihood: -5847.377398
[00:10:53] [worker #0] Bootstrap tree #341, logLikelihood: -5759.339666
[00:10:55] [worker #2] Bootstrap tree #343, logLikelihood: -5538.379534
[00:10:57] [worker #1] Bootstrap tree #342, logLikelihood: -5445.322905
[00:10:58] [worker #4] Bootstrap tree #350, logLikelihood: -5697.103311
[00:10:59] [worker #3] Bootstrap tree #349, logLikelihood: -5565.276716
[00:11:02] [worker #0] Bootstrap tree #346, logLikelihood: -5347.559796
[00:11:04] [worker #1] Bootstrap tree #347, logLikelihood: -5869.244729
[00:11:05] [worker #2] Bootstrap tree #348, logLikelihood: -5611.549295
[00:11:12] [worker #1] Bootstrap tree #352, logLikelihood: -6165.038658
[00:11:12] [worker #0] Bootstrap tree #351, logLikelihood: -5178.693911
[00:11:13] [worker #3] Bootstrap tree #354, logLikelihood: -5473.216205
[00:11:13] [worker #2] Bootstrap tree #353, logLikelihood: -6290.285132
[00:11:14] [worker #4] Bootstrap tree #355, logLikelihood: -5773.722188
[00:11:19] [worker #3] Bootstrap tree #359, logLikelihood: -5401.518104
[00:11:19] [worker #0] Bootstrap tree #356, logLikelihood: -5468.944090
[00:11:20] [worker #2] Bootstrap tree #358, logLikelihood: -5584.449130
[00:11:21] [worker #4] Bootstrap tree #360, logLikelihood: -5312.230891
[00:11:21] [worker #1] Bootstrap tree #357, logLikelihood: -5750.505499
[00:11:26] [worker #3] Bootstrap tree #364, logLikelihood: -5718.272246
[00:11:27] [worker #2] Bootstrap tree #363, logLikelihood: -5614.614897
[00:11:28] [worker #1] Bootstrap tree #362, logLikelihood: -5564.869369
[00:11:29] [worker #4] Bootstrap tree #365, logLikelihood: -5624.977065
[00:11:30] [worker #0] Bootstrap tree #361, logLikelihood: -5324.727637
[00:11:34] [worker #3] Bootstrap tree #369, logLikelihood: -5325.651203
[00:11:36] [worker #2] Bootstrap tree #368, logLikelihood: -5676.014424
[00:11:37] [worker #4] Bootstrap tree #370, logLikelihood: -5984.268721
[00:11:38] [worker #0] Bootstrap tree #366, logLikelihood: -5869.058801
[00:11:38] [worker #1] Bootstrap tree #367, logLikelihood: -5709.003006
[00:11:43] [worker #3] Bootstrap tree #374, logLikelihood: -5814.744353
[00:11:44] [worker #2] Bootstrap tree #373, logLikelihood: -5779.907490
[00:11:45] [worker #4] Bootstrap tree #375, logLikelihood: -5647.831305
[00:11:45] [worker #1] Bootstrap tree #372, logLikelihood: -5463.630612
[00:11:46] [worker #0] Bootstrap tree #371, logLikelihood: -5684.748939
[00:11:49] [worker #3] Bootstrap tree #379, logLikelihood: -5575.193852
[00:11:52] [worker #2] Bootstrap tree #378, logLikelihood: -5598.704406
[00:11:53] [worker #4] Bootstrap tree #380, logLikelihood: -5650.459123
[00:11:54] [worker #1] Bootstrap tree #377, logLikelihood: -5791.283220
[00:11:55] [worker #0] Bootstrap tree #376, logLikelihood: -5605.452819
[00:11:57] [worker #3] Bootstrap tree #384, logLikelihood: -5465.234859
[00:12:01] [worker #2] Bootstrap tree #383, logLikelihood: -5154.690700
[00:12:01] [worker #1] Bootstrap tree #382, logLikelihood: -5670.978260
[00:12:01] [worker #4] Bootstrap tree #385, logLikelihood: -5635.942404
[00:12:02] [worker #0] Bootstrap tree #381, logLikelihood: -5704.917816
[00:12:04] [worker #3] Bootstrap tree #389, logLikelihood: -5324.247304
[00:12:08] [worker #1] Bootstrap tree #387, logLikelihood: -5392.542761
[00:12:08] [worker #4] Bootstrap tree #390, logLikelihood: -6372.772703
[00:12:09] [worker #2] Bootstrap tree #388, logLikelihood: -5564.472856
[00:12:10] [worker #0] Bootstrap tree #386, logLikelihood: -5301.675738
[00:12:12] [worker #3] Bootstrap tree #394, logLikelihood: -5825.168918
[00:12:15] [worker #2] Bootstrap tree #393, logLikelihood: -5539.041984
[00:12:17] [worker #0] Bootstrap tree #391, logLikelihood: -5997.976297
[00:12:17] [worker #4] Bootstrap tree #395, logLikelihood: -5836.963456
[00:12:18] [worker #1] Bootstrap tree #392, logLikelihood: -5438.556157
[00:12:19] [worker #3] Bootstrap tree #399, logLikelihood: -5951.082281
[00:12:25] [worker #2] Bootstrap tree #398, logLikelihood: -5699.217092
[00:12:26] [worker #4] Bootstrap tree #400, logLikelihood: -5831.425764
[00:12:27] [worker #1] Bootstrap tree #397, logLikelihood: -6037.047923
[00:12:27] [worker #0] Bootstrap tree #396, logLikelihood: -5587.690739
[00:12:35] [worker #0] Bootstrap tree #401, logLikelihood: -5780.661777
[00:12:35] [worker #3] Bootstrap tree #404, logLikelihood: -5302.360961
[00:12:35] [worker #4] Bootstrap tree #405, logLikelihood: -5404.503422
[00:12:36] [worker #2] Bootstrap tree #403, logLikelihood: -5451.977445
[00:12:37] [worker #1] Bootstrap tree #402, logLikelihood: -5604.985455
[00:12:42] [worker #3] Bootstrap tree #409, logLikelihood: -5701.205462
[00:12:43] [worker #4] Bootstrap tree #410, logLikelihood: -6246.237942
[00:12:45] [worker #0] Bootstrap tree #406, logLikelihood: -5637.439833
[00:12:45] [worker #1] Bootstrap tree #407, logLikelihood: -5340.358008
[00:12:47] [worker #2] Bootstrap tree #408, logLikelihood: -5513.293952
[00:12:51] [worker #3] Bootstrap tree #414, logLikelihood: -5911.115263
[00:12:52] [worker #4] Bootstrap tree #415, logLikelihood: -5671.823940
[00:12:53] [worker #0] Bootstrap tree #411, logLikelihood: -6048.319787
[00:12:54] [worker #1] Bootstrap tree #412, logLikelihood: -5527.630179
[00:12:56] [worker #2] Bootstrap tree #413, logLikelihood: -5565.919465
[00:12:58] [worker #3] Bootstrap tree #419, logLikelihood: -5491.016887
[00:13:00] [worker #4] Bootstrap tree #420, logLikelihood: -5618.269071
[00:13:02] [worker #0] Bootstrap tree #416, logLikelihood: -5827.371642
[00:13:04] [worker #1] Bootstrap tree #417, logLikelihood: -6088.573383
[00:13:04] [worker #2] Bootstrap tree #418, logLikelihood: -5737.431985
[00:13:06] [worker #3] Bootstrap tree #424, logLikelihood: -5703.562158
[00:13:09] [worker #4] Bootstrap tree #425, logLikelihood: -5297.423783
[00:13:10] [worker #0] Bootstrap tree #421, logLikelihood: -5000.333030
[00:13:11] [worker #1] Bootstrap tree #422, logLikelihood: -5486.712599
[00:13:12] [worker #2] Bootstrap tree #423, logLikelihood: -5675.905217
[00:13:14] [worker #3] Bootstrap tree #429, logLikelihood: -5871.621770
[00:13:19] [worker #0] Bootstrap tree #426, logLikelihood: -5808.544223
[00:13:20] [worker #2] Bootstrap tree #428, logLikelihood: -5575.123386
[00:13:20] [worker #4] Bootstrap tree #430, logLikelihood: -5581.029299
[00:13:20] [worker #1] Bootstrap tree #427, logLikelihood: -5739.101306
[00:13:21] [worker #3] Bootstrap tree #434, logLikelihood: -5394.916750
[00:13:27] [worker #0] Bootstrap tree #431, logLikelihood: -5614.304071
[00:13:27] [worker #2] Bootstrap tree #433, logLikelihood: -5846.225361
[00:13:28] [worker #1] Bootstrap tree #432, logLikelihood: -5848.881653
[00:13:28] [worker #4] Bootstrap tree #435, logLikelihood: -5754.791865
[00:13:30] [worker #3] Bootstrap tree #439, logLikelihood: -5738.396550
[00:13:34] [worker #2] Bootstrap tree #438, logLikelihood: -5802.815441
[00:13:35] [worker #4] Bootstrap tree #440, logLikelihood: -5611.713034
[00:13:36] [worker #0] Bootstrap tree #436, logLikelihood: -5607.644510
[00:13:36] [worker #1] Bootstrap tree #437, logLikelihood: -5679.337605
[00:13:39] [worker #3] Bootstrap tree #444, logLikelihood: -5401.671879
[00:13:43] [worker #2] Bootstrap tree #443, logLikelihood: -5626.793231
[00:13:43] [worker #4] Bootstrap tree #445, logLikelihood: -6094.643751
[00:13:44] [worker #1] Bootstrap tree #442, logLikelihood: -6055.636183
[00:13:44] [worker #0] Bootstrap tree #441, logLikelihood: -5813.305713
[00:13:46] [worker #3] Bootstrap tree #449, logLikelihood: -5049.523519
[00:13:51] [worker #1] Bootstrap tree #447, logLikelihood: -5491.220890
[00:13:51] [worker #2] Bootstrap tree #448, logLikelihood: -6015.456823
[00:13:53] [worker #4] Bootstrap tree #450, logLikelihood: -5880.239618
[00:13:53] [worker #0] Bootstrap tree #446, logLikelihood: -5407.233102
[00:14:00] [worker #3] Bootstrap tree #454, logLikelihood: -6193.788331
[00:14:01] [worker #1] Bootstrap tree #452, logLikelihood: -5071.975399
[00:14:01] [worker #2] Bootstrap tree #453, logLikelihood: -5298.667158
[00:14:02] [worker #4] Bootstrap tree #455, logLikelihood: -5776.529971
[00:14:02] [worker #0] Bootstrap tree #451, logLikelihood: -5693.324343
[00:14:08] [worker #1] Bootstrap tree #457, logLikelihood: -5695.887666
[00:14:09] [worker #2] Bootstrap tree #458, logLikelihood: -5457.185840
[00:14:10] [worker #4] Bootstrap tree #460, logLikelihood: -5805.865249
[00:14:10] [worker #3] Bootstrap tree #459, logLikelihood: -6100.877985
[00:14:12] [worker #0] Bootstrap tree #456, logLikelihood: -5889.767726
[00:14:15] [worker #1] Bootstrap tree #462, logLikelihood: -6074.786418
[00:14:17] [worker #2] Bootstrap tree #463, logLikelihood: -5362.439505
[00:14:18] [worker #3] Bootstrap tree #464, logLikelihood: -5850.485592
[00:14:20] [worker #4] Bootstrap tree #465, logLikelihood: -5403.878569
[00:14:21] [worker #0] Bootstrap tree #461, logLikelihood: -5805.870430
[00:14:23] [worker #1] Bootstrap tree #467, logLikelihood: -5413.243140
[00:14:26] [worker #2] Bootstrap tree #468, logLikelihood: -6201.442608
[00:14:26] [worker #3] Bootstrap tree #469, logLikelihood: -5489.767292
[00:14:29] [worker #4] Bootstrap tree #470, logLikelihood: -5405.476681
[00:14:30] [worker #1] Bootstrap tree #472, logLikelihood: -5625.176966
[00:14:33] [worker #0] Bootstrap tree #466, logLikelihood: -5985.468137
[00:14:33] [worker #3] Bootstrap tree #474, logLikelihood: -5821.668685
[00:14:35] [worker #2] Bootstrap tree #473, logLikelihood: -5846.766160
[00:14:36] [worker #4] Bootstrap tree #475, logLikelihood: -5423.064486
[00:14:38] [worker #1] Bootstrap tree #477, logLikelihood: -5705.698999
[00:14:40] [worker #3] Bootstrap tree #479, logLikelihood: -5756.059910
[00:14:42] [worker #2] Bootstrap tree #478, logLikelihood: -5627.558600
[00:14:42] [worker #0] Bootstrap tree #471, logLikelihood: -6088.572440
[00:14:44] [worker #1] Bootstrap tree #482, logLikelihood: -5698.878239
[00:14:45] [worker #4] Bootstrap tree #480, logLikelihood: -5577.126461
[00:14:48] [worker #3] Bootstrap tree #484, logLikelihood: -6161.882747
[00:14:50] [worker #0] Bootstrap tree #476, logLikelihood: -5404.186676
[00:14:52] [worker #1] Bootstrap tree #487, logLikelihood: -5402.568579
[00:14:54] [worker #2] Bootstrap tree #483, logLikelihood: -5722.421382
[00:14:54] [worker #3] Bootstrap tree #489, logLikelihood: -5426.267382
[00:14:56] [worker #4] Bootstrap tree #485, logLikelihood: -5810.337108
[00:14:58] [worker #0] Bootstrap tree #481, logLikelihood: -5798.004274
[00:14:59] [worker #1] Bootstrap tree #492, logLikelihood: -5059.262116
[00:15:01] [worker #3] Bootstrap tree #494, logLikelihood: -5499.401259
[00:15:02] [worker #2] Bootstrap tree #488, logLikelihood: -6027.481288
[00:15:04] [worker #4] Bootstrap tree #490, logLikelihood: -5600.600485
[00:15:07] [worker #0] Bootstrap tree #486, logLikelihood: -5929.051945
[00:15:07] [worker #1] Bootstrap tree #497, logLikelihood: -6318.534960
[00:15:08] [worker #3] Bootstrap tree #499, logLikelihood: -4965.337646
[00:15:09] [worker #2] Bootstrap tree #493, logLikelihood: -5578.946410
[00:15:12] [worker #4] Bootstrap tree #495, logLikelihood: -5875.602728
[00:15:16] [worker #0] Bootstrap tree #491, logLikelihood: -5860.000833
[00:15:18] [worker #2] Bootstrap tree #498, logLikelihood: -5552.080354
[00:15:20] [worker #4] Bootstrap tree #500, logLikelihood: -6071.552373
[00:15:25] [worker #0] Bootstrap tree #496, logLikelihood: -5814.291054
[00:15:32] [worker #1] Bootstrap tree #502, logLikelihood: -5497.638321
[00:15:33] [worker #2] Bootstrap tree #503, logLikelihood: -6012.487233
[00:15:33] [worker #0] Bootstrap tree #501, logLikelihood: -5611.190324
[00:15:34] [worker #4] Bootstrap tree #505, logLikelihood: -5938.726711
[00:15:35] [worker #3] Bootstrap tree #504, logLikelihood: -5636.949052
[00:15:40] [worker #1] Bootstrap tree #507, logLikelihood: -5301.346776
[00:15:41] [worker #4] Bootstrap tree #510, logLikelihood: -5704.111810
[00:15:41] [worker #2] Bootstrap tree #508, logLikelihood: -5557.653469
[00:15:43] [worker #0] Bootstrap tree #506, logLikelihood: -5765.891723
[00:15:45] [worker #3] Bootstrap tree #509, logLikelihood: -6150.387846
[00:15:47] [worker #1] Bootstrap tree #512, logLikelihood: -5508.308365
[00:15:48] [worker #4] Bootstrap tree #515, logLikelihood: -5653.219395
[00:15:49] [worker #2] Bootstrap tree #513, logLikelihood: -5806.216735
[00:15:51] [worker #0] Bootstrap tree #511, logLikelihood: -5861.699506
[00:15:52] [worker #3] Bootstrap tree #514, logLikelihood: -5580.645121
[00:15:55] [worker #4] Bootstrap tree #520, logLikelihood: -5682.333042
[00:15:57] [worker #1] Bootstrap tree #517, logLikelihood: -5287.452482
[00:15:59] [worker #0] Bootstrap tree #516, logLikelihood: -5264.642046
[00:15:59] [worker #2] Bootstrap tree #518, logLikelihood: -5875.307077
[00:16:00] [worker #3] Bootstrap tree #519, logLikelihood: -5915.421372
[00:16:04] [worker #4] Bootstrap tree #525, logLikelihood: -5556.850731
[00:16:06] [worker #1] Bootstrap tree #522, logLikelihood: -6008.948582
[00:16:08] [worker #0] Bootstrap tree #521, logLikelihood: -5792.872421
[00:16:08] [worker #3] Bootstrap tree #524, logLikelihood: -5410.725565
[00:16:08] [worker #2] Bootstrap tree #523, logLikelihood: -5573.006335
[00:16:12] [worker #4] Bootstrap tree #530, logLikelihood: -5392.200939
[00:16:13] [worker #1] Bootstrap tree #527, logLikelihood: -5687.599541
[00:16:14] [worker #3] Bootstrap tree #529, logLikelihood: -5217.016332
[00:16:16] [worker #2] Bootstrap tree #528, logLikelihood: -5858.075266
[00:16:16] [worker #0] Bootstrap tree #526, logLikelihood: -5237.864042
[00:16:20] [worker #4] Bootstrap tree #535, logLikelihood: -5631.259818
[00:16:21] [worker #1] Bootstrap tree #532, logLikelihood: -5734.480621
[00:16:21] [worker #3] Bootstrap tree #534, logLikelihood: -5495.684503
[00:16:24] [worker #2] Bootstrap tree #533, logLikelihood: -5765.474502
[00:16:25] [worker #0] Bootstrap tree #531, logLikelihood: -5842.733930
[00:16:28] [worker #4] Bootstrap tree #540, logLikelihood: -5775.801664
[00:16:29] [worker #1] Bootstrap tree #537, logLikelihood: -5397.101330
[00:16:30] [worker #3] Bootstrap tree #539, logLikelihood: -5926.880022
[00:16:31] [worker #2] Bootstrap tree #538, logLikelihood: -5723.424461
[00:16:35] [worker #1] Bootstrap tree #542, logLikelihood: -5475.373941
[00:16:36] [worker #0] Bootstrap tree #536, logLikelihood: -5759.340273
[00:16:36] [worker #4] Bootstrap tree #545, logLikelihood: -5637.181314
[00:16:38] [worker #2] Bootstrap tree #543, logLikelihood: -5738.671908
[00:16:39] [worker #3] Bootstrap tree #544, logLikelihood: -5656.728046
[00:16:44] [worker #4] Bootstrap tree #550, logLikelihood: -5772.586503
[00:16:44] [worker #0] Bootstrap tree #541, logLikelihood: -5624.654503
[00:16:44] [worker #1] Bootstrap tree #547, logLikelihood: -5531.522599
[00:16:46] [worker #3] Bootstrap tree #549, logLikelihood: -5505.971551
[00:16:49] [worker #2] Bootstrap tree #548, logLikelihood: -5628.862928
[00:16:54] [worker #0] Bootstrap tree #546, logLikelihood: -5603.596492
[00:17:01] [worker #1] Bootstrap tree #552, logLikelihood: -6043.638316
[00:17:02] [worker #3] Bootstrap tree #554, logLikelihood: -5804.556752
[00:17:02] [worker #2] Bootstrap tree #553, logLikelihood: -5856.629531
[00:17:03] [worker #0] Bootstrap tree #551, logLikelihood: -5081.790438
[00:17:03] [worker #4] Bootstrap tree #555, logLikelihood: -5311.439994
[00:17:09] [worker #3] Bootstrap tree #559, logLikelihood: -5536.205638
[00:17:09] [worker #1] Bootstrap tree #557, logLikelihood: -5606.530287
[00:17:10] [worker #4] Bootstrap tree #560, logLikelihood: -5592.754203
[00:17:10] [worker #0] Bootstrap tree #556, logLikelihood: -5471.195255
[00:17:10] [worker #2] Bootstrap tree #558, logLikelihood: -5819.847275
[00:17:15] [worker #1] Bootstrap tree #562, logLikelihood: -5740.045461
[00:17:18] [worker #3] Bootstrap tree #564, logLikelihood: -5456.874372
[00:17:18] [worker #2] Bootstrap tree #563, logLikelihood: -5950.217216
[00:17:19] [worker #0] Bootstrap tree #561, logLikelihood: -5350.997000
[00:17:21] [worker #4] Bootstrap tree #565, logLikelihood: -5374.187145
[00:17:24] [worker #1] Bootstrap tree #567, logLikelihood: -5651.408540
[00:17:25] [worker #3] Bootstrap tree #569, logLikelihood: -5407.684887
[00:17:26] [worker #2] Bootstrap tree #568, logLikelihood: -5351.723851
[00:17:30] [worker #0] Bootstrap tree #566, logLikelihood: -5921.354070
[00:17:30] [worker #4] Bootstrap tree #570, logLikelihood: -6107.394258
[00:17:33] [worker #3] Bootstrap tree #574, logLikelihood: -5743.364518
[00:17:34] [worker #2] Bootstrap tree #573, logLikelihood: -5715.799501
[00:17:34] [worker #1] Bootstrap tree #572, logLikelihood: -5453.050268
[00:17:37] [worker #4] Bootstrap tree #575, logLikelihood: -5357.654631
[00:17:40] [worker #0] Bootstrap tree #571, logLikelihood: -5958.761405
[00:17:41] [worker #3] Bootstrap tree #579, logLikelihood: -5820.739809
[00:17:42] [worker #1] Bootstrap tree #577, logLikelihood: -5546.806615
[00:17:42] [worker #2] Bootstrap tree #578, logLikelihood: -5295.931318
[00:17:44] [worker #4] Bootstrap tree #580, logLikelihood: -5347.997627
[00:17:47] [worker #0] Bootstrap tree #576, logLikelihood: -5486.203306
[00:17:50] [worker #1] Bootstrap tree #582, logLikelihood: -5497.911571
[00:17:50] [worker #2] Bootstrap tree #583, logLikelihood: -5547.415300
[00:17:50] [worker #3] Bootstrap tree #584, logLikelihood: -5397.923711
[00:17:52] [worker #4] Bootstrap tree #585, logLikelihood: -5344.358438
[00:17:56] [worker #0] Bootstrap tree #581, logLikelihood: -5322.956786
[00:17:57] [worker #2] Bootstrap tree #588, logLikelihood: -5591.808106
[00:17:57] [worker #1] Bootstrap tree #587, logLikelihood: -5800.584341
[00:17:58] [worker #3] Bootstrap tree #589, logLikelihood: -5541.095071
[00:18:00] [worker #4] Bootstrap tree #590, logLikelihood: -5751.370371
[00:18:05] [worker #2] Bootstrap tree #593, logLikelihood: -5521.999132
[00:18:05] [worker #0] Bootstrap tree #586, logLikelihood: -5538.474686
[00:18:06] [worker #3] Bootstrap tree #594, logLikelihood: -6318.653225
[00:18:06] [worker #1] Bootstrap tree #592, logLikelihood: -5615.728483
[00:18:08] [worker #4] Bootstrap tree #595, logLikelihood: -5689.703912
[00:18:13] [worker #2] Bootstrap tree #598, logLikelihood: -5636.116417
[00:18:13] [worker #1] Bootstrap tree #597, logLikelihood: -5699.917016
[00:18:13] [worker #3] Bootstrap tree #599, logLikelihood: -5335.385047
[00:18:13] [worker #0] Bootstrap tree #591, logLikelihood: -5580.206184
[00:18:16] [worker #4] Bootstrap tree #600, logLikelihood: -5501.100359
[00:18:21] [worker #0] Bootstrap tree #596, logLikelihood: -5285.301022
[00:18:28] [worker #3] Bootstrap tree #604, logLikelihood: -5647.028144
[00:18:29] [worker #2] Bootstrap tree #603, logLikelihood: -5449.735000
[00:18:29] [worker #4] Bootstrap tree #605, logLikelihood: -5551.829293
[00:18:30] [worker #1] Bootstrap tree #602, logLikelihood: -5922.382157
[00:18:31] [worker #0] Bootstrap tree #601, logLikelihood: -5667.974425
[00:18:36] [worker #3] Bootstrap tree #609, logLikelihood: -5454.259617
[00:18:36] [worker #4] Bootstrap tree #610, logLikelihood: -5362.542472
[00:18:37] [worker #1] Bootstrap tree #607, logLikelihood: -5410.668959
[00:18:37] [worker #2] Bootstrap tree #608, logLikelihood: -5784.998696
[00:18:39] [worker #0] Bootstrap tree #606, logLikelihood: -5313.123376
[00:18:44] [worker #3] Bootstrap tree #614, logLikelihood: -5589.584581
[00:18:45] [worker #1] Bootstrap tree #612, logLikelihood: -4981.148980
[00:18:45] [worker #4] Bootstrap tree #615, logLikelihood: -5901.384994
[00:18:47] [worker #2] Bootstrap tree #613, logLikelihood: -5492.260954
[00:18:51] [worker #0] Bootstrap tree #611, logLikelihood: -6039.385921
[00:18:51] [worker #3] Bootstrap tree #619, logLikelihood: -5377.855374
[00:18:52] [worker #1] Bootstrap tree #617, logLikelihood: -5701.687979
[00:18:53] [worker #4] Bootstrap tree #620, logLikelihood: -5376.198006
[00:18:54] [worker #2] Bootstrap tree #618, logLikelihood: -5330.281905
[00:19:00] [worker #3] Bootstrap tree #624, logLikelihood: -5714.311038
[00:19:00] [worker #0] Bootstrap tree #616, logLikelihood: -6309.685427
[00:19:01] [worker #1] Bootstrap tree #622, logLikelihood: -5690.364740
[00:19:02] [worker #2] Bootstrap tree #623, logLikelihood: -5937.670492
[00:19:03] [worker #4] Bootstrap tree #625, logLikelihood: -5878.110614
[00:19:07] [worker #3] Bootstrap tree #629, logLikelihood: -5710.747565
[00:19:08] [worker #1] Bootstrap tree #627, logLikelihood: -5805.263989
[00:19:10] [worker #0] Bootstrap tree #621, logLikelihood: -5917.400311
[00:19:11] [worker #2] Bootstrap tree #628, logLikelihood: -5892.565830
[00:19:13] [worker #4] Bootstrap tree #630, logLikelihood: -5922.450866
[00:19:15] [worker #3] Bootstrap tree #634, logLikelihood: -5917.094624
[00:19:15] [worker #1] Bootstrap tree #632, logLikelihood: -5954.901625
[00:19:19] [worker #2] Bootstrap tree #633, logLikelihood: -5681.789812
[00:19:20] [worker #0] Bootstrap tree #626, logLikelihood: -5235.238604
[00:19:21] [worker #4] Bootstrap tree #635, logLikelihood: -5898.295070
[00:19:22] [worker #3] Bootstrap tree #639, logLikelihood: -6001.434557
[00:19:24] [worker #1] Bootstrap tree #637, logLikelihood: -5696.015814
[00:19:28] [worker #0] Bootstrap tree #631, logLikelihood: -5632.224600
[00:19:28] [worker #4] Bootstrap tree #640, logLikelihood: -5570.364412
[00:19:29] [worker #2] Bootstrap tree #638, logLikelihood: -5504.264283
[00:19:30] [worker #3] Bootstrap tree #644, logLikelihood: -5532.051871
[00:19:32] [worker #1] Bootstrap tree #642, logLikelihood: -5308.757511
[00:19:35] [worker #0] Bootstrap tree #636, logLikelihood: -5266.018717
[00:19:37] [worker #4] Bootstrap tree #645, logLikelihood: -5659.307464
[00:19:38] [worker #2] Bootstrap tree #643, logLikelihood: -5882.842319
[00:19:39] [worker #1] Bootstrap tree #647, logLikelihood: -5553.045879
[00:19:39] [worker #3] Bootstrap tree #649, logLikelihood: -6307.670829
[00:19:43] [worker #0] Bootstrap tree #641, logLikelihood: -5523.765819
[00:19:44] [worker #4] Bootstrap tree #650, logLikelihood: -5686.113149
[00:19:48] [worker #2] Bootstrap tree #648, logLikelihood: -5555.189895
[00:19:55] [worker #0] Bootstrap tree #646, logLikelihood: -5759.051087
[00:20:02] [worker #3] Bootstrap tree #654, logLikelihood: -5241.324663
[00:20:02] [worker #4] Bootstrap tree #655, logLikelihood: -5562.013427
[00:20:02] [worker #2] Bootstrap tree #653, logLikelihood: -5442.526992
[00:20:03] [worker #0] Bootstrap tree #651, logLikelihood: -5107.152606
[00:20:04] [worker #1] Bootstrap tree #652, logLikelihood: -5460.200584
[00:20:10] [worker #4] Bootstrap tree #660, logLikelihood: -5363.576432
[00:20:11] [worker #3] Bootstrap tree #659, logLikelihood: -5724.114992
[00:20:11] [worker #1] Bootstrap tree #657, logLikelihood: -5383.769332
[00:20:11] [worker #0] Bootstrap tree #656, logLikelihood: -5351.981218
[00:20:13] [worker #2] Bootstrap tree #658, logLikelihood: -5777.963500
[00:20:17] [worker #1] Bootstrap tree #662, logLikelihood: -5185.664491
[00:20:18] [worker #4] Bootstrap tree #665, logLikelihood: -5625.919776
[00:20:20] [worker #3] Bootstrap tree #664, logLikelihood: -5403.333534
[00:20:21] [worker #0] Bootstrap tree #661, logLikelihood: -5695.717858
[00:20:22] [worker #2] Bootstrap tree #663, logLikelihood: -5882.497400
[00:20:25] [worker #4] Bootstrap tree #670, logLikelihood: -5994.007748
[00:20:26] [worker #1] Bootstrap tree #667, logLikelihood: -5679.968433
[00:20:27] [worker #3] Bootstrap tree #669, logLikelihood: -5689.027512
[00:20:29] [worker #2] Bootstrap tree #668, logLikelihood: -5538.315083
[00:20:31] [worker #0] Bootstrap tree #666, logLikelihood: -5772.227671
[00:20:33] [worker #4] Bootstrap tree #675, logLikelihood: -5893.639609
[00:20:35] [worker #1] Bootstrap tree #672, logLikelihood: -5683.182311
[00:20:36] [worker #3] Bootstrap tree #674, logLikelihood: -6163.523221
[00:20:37] [worker #2] Bootstrap tree #673, logLikelihood: -5685.405316
[00:20:40] [worker #0] Bootstrap tree #671, logLikelihood: -5869.820477
[00:20:41] [worker #4] Bootstrap tree #680, logLikelihood: -5947.834452
[00:20:43] [worker #3] Bootstrap tree #679, logLikelihood: -5432.503405
[00:20:44] [worker #2] Bootstrap tree #678, logLikelihood: -5907.416271
[00:20:45] [worker #1] Bootstrap tree #677, logLikelihood: -5716.713885
[00:20:49] [worker #0] Bootstrap tree #676, logLikelihood: -5768.005092
[00:20:51] [worker #4] Bootstrap tree #685, logLikelihood: -5392.876653
[00:20:51] [worker #3] Bootstrap tree #684, logLikelihood: -5758.626891
[00:20:52] [worker #1] Bootstrap tree #682, logLikelihood: -5464.333956
[00:20:52] [worker #2] Bootstrap tree #683, logLikelihood: -5372.712651
[00:20:58] [worker #3] Bootstrap tree #689, logLikelihood: -5506.062333
[00:20:58] [worker #4] Bootstrap tree #690, logLikelihood: -5854.480843
[00:20:59] [worker #1] Bootstrap tree #687, logLikelihood: -5931.585198
[00:20:59] [worker #0] Bootstrap tree #681, logLikelihood: -5514.057020
[00:21:01] [worker #2] Bootstrap tree #688, logLikelihood: -6133.931149
[00:21:05] [worker #3] Bootstrap tree #694, logLikelihood: -5169.953117
[00:21:06] [worker #4] Bootstrap tree #695, logLikelihood: -5749.110253
[00:21:07] [worker #1] Bootstrap tree #692, logLikelihood: -5988.384894
[00:21:07] [worker #0] Bootstrap tree #686, logLikelihood: -5997.873401
[00:21:10] [worker #2] Bootstrap tree #693, logLikelihood: -5882.636561
[00:21:13] [worker #3] Bootstrap tree #699, logLikelihood: -5621.749448
[00:21:14] [worker #1] Bootstrap tree #697, logLikelihood: -5424.656392
[00:21:16] [worker #0] Bootstrap tree #691, logLikelihood: -5432.991260
[00:21:16] [worker #4] Bootstrap tree #700, logLikelihood: -6138.802152
[00:21:18] [worker #2] Bootstrap tree #698, logLikelihood: -5538.056018
[00:21:24] [worker #0] Bootstrap tree #696, logLikelihood: -5677.823481
[00:21:32] [worker #3] Bootstrap tree #704, logLikelihood: -5527.202843
[00:21:33] [worker #0] Bootstrap tree #701, logLikelihood: -5610.980599
[00:21:33] [worker #4] Bootstrap tree #705, logLikelihood: -5504.907819
[00:21:34] [worker #2] Bootstrap tree #703, logLikelihood: -5653.117160
[00:21:37] [worker #1] Bootstrap tree #702, logLikelihood: -5494.507074
[00:21:39] [worker #3] Bootstrap tree #709, logLikelihood: -5444.019769
[00:21:41] [worker #4] Bootstrap tree #710, logLikelihood: -5691.382544
[00:21:42] [worker #0] Bootstrap tree #706, logLikelihood: -5373.228001
[00:21:42] [worker #2] Bootstrap tree #708, logLikelihood: -5839.318885
[00:21:44] [worker #1] Bootstrap tree #707, logLikelihood: -5723.434998
[00:21:48] [worker #3] Bootstrap tree #714, logLikelihood: -5522.078052
[00:21:48] [worker #4] Bootstrap tree #715, logLikelihood: -6055.719793
[00:21:50] [worker #2] Bootstrap tree #713, logLikelihood: -5209.954443
[00:21:52] [worker #0] Bootstrap tree #711, logLikelihood: -5793.014358
[00:21:52] [worker #1] Bootstrap tree #712, logLikelihood: -5366.982560
[00:21:55] [worker #3] Bootstrap tree #719, logLikelihood: -5498.359473
[00:21:58] [worker #4] Bootstrap tree #720, logLikelihood: -5667.203135
[00:21:58] [worker #2] Bootstrap tree #718, logLikelihood: -5385.382989
[00:22:00] [worker #0] Bootstrap tree #716, logLikelihood: -5131.808457
[00:22:00] [worker #1] Bootstrap tree #717, logLikelihood: -5814.475190
[00:22:03] [worker #3] Bootstrap tree #724, logLikelihood: -5679.958176
[00:22:05] [worker #4] Bootstrap tree #725, logLikelihood: -5792.229495
[00:22:05] [worker #2] Bootstrap tree #723, logLikelihood: -6058.462304
[00:22:09] [worker #0] Bootstrap tree #721, logLikelihood: -5565.344485
[00:22:09] [worker #1] Bootstrap tree #722, logLikelihood: -5531.897141
[00:22:11] [worker #3] Bootstrap tree #729, logLikelihood: -6254.148499
[00:22:12] [worker #4] Bootstrap tree #730, logLikelihood: -5913.861499
[00:22:14] [worker #2] Bootstrap tree #728, logLikelihood: -5959.545762
[00:22:16] [worker #1] Bootstrap tree #727, logLikelihood: -5336.504319
[00:22:18] [worker #0] Bootstrap tree #726, logLikelihood: -5777.039345
[00:22:19] [worker #3] Bootstrap tree #734, logLikelihood: -5506.734298
[00:22:20] [worker #4] Bootstrap tree #735, logLikelihood: -5397.880125
[00:22:22] [worker #2] Bootstrap tree #733, logLikelihood: -5831.817025
[00:22:24] [worker #1] Bootstrap tree #732, logLikelihood: -5448.844728
[00:22:26] [worker #0] Bootstrap tree #731, logLikelihood: -5424.789511
[00:22:26] [worker #3] Bootstrap tree #739, logLikelihood: -5338.583153
[00:22:29] [worker #2] Bootstrap tree #738, logLikelihood: -5666.791377
[00:22:33] [worker #4] Bootstrap tree #740, logLikelihood: -5990.085037
[00:22:33] [worker #1] Bootstrap tree #737, logLikelihood: -5176.121772
[00:22:34] [worker #0] Bootstrap tree #736, logLikelihood: -5424.678230
[00:22:36] [worker #3] Bootstrap tree #744, logLikelihood: -6365.454842
[00:22:37] [worker #2] Bootstrap tree #743, logLikelihood: -5683.868562
[00:22:40] [worker #4] Bootstrap tree #745, logLikelihood: -5526.703487
[00:22:42] [worker #1] Bootstrap tree #742, logLikelihood: -5316.254317
[00:22:42] [worker #0] Bootstrap tree #741, logLikelihood: -5478.644090
[00:22:44] [worker #3] Bootstrap tree #749, logLikelihood: -5845.317009
[00:22:44] [worker #2] Bootstrap tree #748, logLikelihood: -5714.628760
[00:22:48] [worker #4] Bootstrap tree #750, logLikelihood: -5942.230800
[00:22:50] [worker #1] Bootstrap tree #747, logLikelihood: -5732.811123
[00:22:51] [worker #0] Bootstrap tree #746, logLikelihood: -5548.913967
[00:22:58] [worker #4] Bootstrap tree #755, logLikelihood: -5432.798803
[00:22:59] [worker #1] Bootstrap tree #752, logLikelihood: -5692.792837
[00:22:59] [worker #2] Bootstrap tree #753, logLikelihood: -5286.908038
[00:22:59] [worker #3] Bootstrap tree #754, logLikelihood: -5488.820544
[00:23:04] [worker #0] Bootstrap tree #751, logLikelihood: -5487.206235
[00:23:06] [worker #3] Bootstrap tree #759, logLikelihood: -5700.663043
[00:23:07] [worker #4] Bootstrap tree #760, logLikelihood: -6142.302788
[00:23:07] [worker #1] Bootstrap tree #757, logLikelihood: -5767.711643
[00:23:08] [worker #2] Bootstrap tree #758, logLikelihood: -6124.620211
[00:23:11] [worker #0] Bootstrap tree #756, logLikelihood: -5781.997636
[00:23:14] [worker #3] Bootstrap tree #764, logLikelihood: -5330.267467
[00:23:14] [worker #1] Bootstrap tree #762, logLikelihood: -5325.985277
[00:23:15] [worker #4] Bootstrap tree #765, logLikelihood: -5758.788679
[00:23:16] [worker #2] Bootstrap tree #763, logLikelihood: -5579.738456
[00:23:20] [worker #0] Bootstrap tree #761, logLikelihood: -5961.363987
[00:23:20] [worker #3] Bootstrap tree #769, logLikelihood: -5613.318117
[00:23:23] [worker #1] Bootstrap tree #767, logLikelihood: -5834.007477
[00:23:24] [worker #2] Bootstrap tree #768, logLikelihood: -5148.845833
[00:23:24] [worker #4] Bootstrap tree #770, logLikelihood: -5836.922511
[00:23:28] [worker #0] Bootstrap tree #766, logLikelihood: -5784.917126
[00:23:30] [worker #3] Bootstrap tree #774, logLikelihood: -5564.051851
[00:23:31] [worker #1] Bootstrap tree #772, logLikelihood: -5586.575518
[00:23:31] [worker #2] Bootstrap tree #773, logLikelihood: -5578.321086
[00:23:32] [worker #4] Bootstrap tree #775, logLikelihood: -6100.842006
[00:23:37] [worker #1] Bootstrap tree #777, logLikelihood: -5461.581498
[00:23:37] [worker #0] Bootstrap tree #771, logLikelihood: -5776.170897
[00:23:39] [worker #3] Bootstrap tree #779, logLikelihood: -5668.042796
[00:23:39] [worker #2] Bootstrap tree #778, logLikelihood: -5944.310898
[00:23:40] [worker #4] Bootstrap tree #780, logLikelihood: -5628.007536
[00:23:44] [worker #1] Bootstrap tree #782, logLikelihood: -5632.483368
[00:23:47] [worker #0] Bootstrap tree #776, logLikelihood: -5694.281759
[00:23:47] [worker #3] Bootstrap tree #784, logLikelihood: -5675.233606
[00:23:47] [worker #2] Bootstrap tree #783, logLikelihood: -5707.417764
[00:23:49] [worker #4] Bootstrap tree #785, logLikelihood: -5674.722834
[00:23:50] [worker #1] Bootstrap tree #787, logLikelihood: -5863.015144
[00:23:54] [worker #0] Bootstrap tree #781, logLikelihood: -5632.234428
[00:23:55] [worker #3] Bootstrap tree #789, logLikelihood: -5456.798650
[00:23:57] [worker #2] Bootstrap tree #788, logLikelihood: -6175.582985
[00:23:57] [worker #4] Bootstrap tree #790, logLikelihood: -5534.583602
[00:23:58] [worker #1] Bootstrap tree #792, logLikelihood: -5485.478172
[00:24:02] [worker #0] Bootstrap tree #786, logLikelihood: -5479.621740
[00:24:02] [worker #3] Bootstrap tree #794, logLikelihood: -5910.584256
[00:24:03] [worker #2] Bootstrap tree #793, logLikelihood: -5413.299310
[00:24:05] [worker #1] Bootstrap tree #797, logLikelihood: -5452.760822
[00:24:06] [worker #4] Bootstrap tree #795, logLikelihood: -5480.340834
[00:24:11] [worker #0] Bootstrap tree #791, logLikelihood: -6066.309175
[00:24:11] [worker #3] Bootstrap tree #799, logLikelihood: -5638.532871
[00:24:13] [worker #4] Bootstrap tree #800, logLikelihood: -5405.679952
[00:24:14] [worker #2] Bootstrap tree #798, logLikelihood: -5761.078722
[00:24:18] [worker #0] Bootstrap tree #796, logLikelihood: -5746.107811
[00:24:26] [worker #1] Bootstrap tree #802, logLikelihood: -5864.788776
[00:24:26] [worker #3] Bootstrap tree #804, logLikelihood: -5623.782059
[00:24:26] [worker #2] Bootstrap tree #803, logLikelihood: -5697.367045
[00:24:28] [worker #4] Bootstrap tree #805, logLikelihood: -5046.397840
[00:24:30] [worker #0] Bootstrap tree #801, logLikelihood: -5660.083934
[00:24:34] [worker #1] Bootstrap tree #807, logLikelihood: -5801.257175
[00:24:34] [worker #3] Bootstrap tree #809, logLikelihood: -5287.435910
[00:24:35] [worker #2] Bootstrap tree #808, logLikelihood: -5348.009813
[00:24:37] [worker #4] Bootstrap tree #810, logLikelihood: -5908.701728
[00:24:40] [worker #0] Bootstrap tree #806, logLikelihood: -5464.986791
[00:24:41] [worker #3] Bootstrap tree #814, logLikelihood: -5857.659680
[00:24:42] [worker #1] Bootstrap tree #812, logLikelihood: -5902.789902
[00:24:44] [worker #2] Bootstrap tree #813, logLikelihood: -5981.501410
[00:24:45] [worker #4] Bootstrap tree #815, logLikelihood: -5694.317992
[00:24:48] [worker #3] Bootstrap tree #819, logLikelihood: -5920.478312
[00:24:49] [worker #1] Bootstrap tree #817, logLikelihood: -5468.033083
[00:24:50] [worker #0] Bootstrap tree #811, logLikelihood: -5787.229742
[00:24:52] [worker #2] Bootstrap tree #818, logLikelihood: -4952.540374
[00:24:53] [worker #4] Bootstrap tree #820, logLikelihood: -6177.199907
[00:24:57] [worker #3] Bootstrap tree #824, logLikelihood: -5694.213555
[00:24:57] [worker #0] Bootstrap tree #816, logLikelihood: -5505.257693
[00:24:57] [worker #1] Bootstrap tree #822, logLikelihood: -5519.579317
[00:24:59] [worker #2] Bootstrap tree #823, logLikelihood: -5269.534396
[00:25:00] [worker #4] Bootstrap tree #825, logLikelihood: -5117.778175
[00:25:04] [worker #1] Bootstrap tree #827, logLikelihood: -5435.824203
[00:25:04] [worker #3] Bootstrap tree #829, logLikelihood: -5518.047302
[00:25:06] [worker #2] Bootstrap tree #828, logLikelihood: -5376.700171
[00:25:06] [worker #0] Bootstrap tree #821, logLikelihood: -5279.800417
[00:25:07] [worker #4] Bootstrap tree #830, logLikelihood: -5947.499161
[00:25:11] [worker #1] Bootstrap tree #832, logLikelihood: -5403.950538
[00:25:14] [worker #3] Bootstrap tree #834, logLikelihood: -5913.557005
[00:25:15] [worker #2] Bootstrap tree #833, logLikelihood: -5590.888073
[00:25:16] [worker #0] Bootstrap tree #826, logLikelihood: -5248.546020
[00:25:17] [worker #4] Bootstrap tree #835, logLikelihood: -5864.583057
[00:25:18] [worker #1] Bootstrap tree #837, logLikelihood: -5726.763168
[00:25:22] [worker #3] Bootstrap tree #839, logLikelihood: -5573.672600
[00:25:24] [worker #4] Bootstrap tree #840, logLikelihood: -5372.858851
[00:25:24] [worker #2] Bootstrap tree #838, logLikelihood: -5449.248135
[00:25:26] [worker #1] Bootstrap tree #842, logLikelihood: -5373.233069
[00:25:26] [worker #0] Bootstrap tree #831, logLikelihood: -5558.902191
[00:25:30] [worker #3] Bootstrap tree #844, logLikelihood: -5090.726667
[00:25:32] [worker #1] Bootstrap tree #847, logLikelihood: -5250.251445
[00:25:32] [worker #2] Bootstrap tree #843, logLikelihood: -5266.771730
[00:25:33] [worker #4] Bootstrap tree #845, logLikelihood: -5740.313705
[00:25:35] [worker #0] Bootstrap tree #836, logLikelihood: -5811.514181
[00:25:38] [worker #3] Bootstrap tree #849, logLikelihood: -5997.636158
[00:25:39] [worker #2] Bootstrap tree #848, logLikelihood: -5645.083851
[00:25:42] [worker #4] Bootstrap tree #850, logLikelihood: -5367.639850
[00:25:44] [worker #0] Bootstrap tree #841, logLikelihood: -5422.123845
[00:25:52] [worker #0] Bootstrap tree #846, logLikelihood: -5252.315266
[00:25:59] [worker #1] Bootstrap tree #852, logLikelihood: -5433.869037
[00:26:00] [worker #3] Bootstrap tree #854, logLikelihood: -5901.136815
[00:26:01] [worker #4] Bootstrap tree #855, logLikelihood: -5397.320739
[00:26:02] [worker #2] Bootstrap tree #853, logLikelihood: -5590.603099
[00:26:03] [worker #0] Bootstrap tree #851, logLikelihood: -6048.948387
[00:26:06] [worker #1] Bootstrap tree #857, logLikelihood: -6038.905252
[00:26:08] [worker #3] Bootstrap tree #859, logLikelihood: -5474.571674
[00:26:11] [worker #4] Bootstrap tree #860, logLikelihood: -6131.512916
[00:26:12] [worker #2] Bootstrap tree #858, logLikelihood: -5388.247823
[00:26:13] [worker #0] Bootstrap tree #856, logLikelihood: -5417.838365
[00:26:13] [worker #1] Bootstrap tree #862, logLikelihood: -5817.819302
[00:26:16] [worker #3] Bootstrap tree #864, logLikelihood: -5334.870269
[00:26:21] [worker #0] Bootstrap tree #861, logLikelihood: -5537.906449
[00:26:21] [worker #4] Bootstrap tree #865, logLikelihood: -5784.344508
[00:26:21] [worker #2] Bootstrap tree #863, logLikelihood: -5566.785622
[00:26:23] [worker #3] Bootstrap tree #869, logLikelihood: -5822.432447
[00:26:24] [worker #1] Bootstrap tree #867, logLikelihood: -5617.550784
[00:26:30] [worker #2] Bootstrap tree #868, logLikelihood: -5895.561804
[00:26:30] [worker #0] Bootstrap tree #866, logLikelihood: -5430.241887
[00:26:31] [worker #4] Bootstrap tree #870, logLikelihood: -5876.142836
[00:26:33] [worker #3] Bootstrap tree #874, logLikelihood: -5648.495998
[00:26:34] [worker #1] Bootstrap tree #872, logLikelihood: -5631.665989
[00:26:38] [worker #2] Bootstrap tree #873, logLikelihood: -5723.985286
[00:26:39] [worker #4] Bootstrap tree #875, logLikelihood: -5888.931399
[00:26:41] [worker #0] Bootstrap tree #871, logLikelihood: -5959.489076
[00:26:42] [worker #1] Bootstrap tree #877, logLikelihood: -5124.383626
[00:26:42] [worker #3] Bootstrap tree #879, logLikelihood: -6261.287638
[00:26:47] [worker #2] Bootstrap tree #878, logLikelihood: -5605.591189
[00:26:48] [worker #1] Bootstrap tree #882, logLikelihood: -5349.338907
[00:26:49] [worker #4] Bootstrap tree #880, logLikelihood: -5700.837831
[00:26:51] [worker #3] Bootstrap tree #884, logLikelihood: -5732.143926
[00:26:51] [worker #0] Bootstrap tree #876, logLikelihood: -5771.877392
[00:26:55] [worker #2] Bootstrap tree #883, logLikelihood: -5669.584222
[00:26:57] [worker #4] Bootstrap tree #885, logLikelihood: -5339.325282
[00:26:58] [worker #1] Bootstrap tree #887, logLikelihood: -5440.784725
[00:27:00] [worker #3] Bootstrap tree #889, logLikelihood: -5304.111177
[00:27:02] [worker #2] Bootstrap tree #888, logLikelihood: -5405.800190
[00:27:03] [worker #0] Bootstrap tree #881, logLikelihood: -5729.976987
[00:27:04] [worker #1] Bootstrap tree #892, logLikelihood: -5420.416160
[00:27:04] [worker #4] Bootstrap tree #890, logLikelihood: -5553.553075
[00:27:08] [worker #3] Bootstrap tree #894, logLikelihood: -5773.736952
[00:27:11] [worker #0] Bootstrap tree #886, logLikelihood: -5849.396916
[00:27:12] [worker #2] Bootstrap tree #893, logLikelihood: -5231.978730
[00:27:12] [worker #4] Bootstrap tree #895, logLikelihood: -5725.267279
[00:27:13] [worker #1] Bootstrap tree #897, logLikelihood: -5728.058397
[00:27:16] [worker #3] Bootstrap tree #899, logLikelihood: -5873.648519
[00:27:20] [worker #0] Bootstrap tree #891, logLikelihood: -5492.042285
[00:27:21] [worker #2] Bootstrap tree #898, logLikelihood: -5228.738769
[00:27:21] [worker #4] Bootstrap tree #900, logLikelihood: -6075.652547
[00:27:31] [worker #0] Bootstrap tree #896, logLikelihood: -5382.687413
[00:27:39] [worker #3] Bootstrap tree #904, logLikelihood: -4983.861342
[00:27:39] [worker #1] Bootstrap tree #902, logLikelihood: -5605.908699
[00:27:39] [worker #4] Bootstrap tree #905, logLikelihood: -5327.215339
[00:27:40] [worker #2] Bootstrap tree #903, logLikelihood: -5658.161788
[00:27:44] [worker #0] Bootstrap tree #901, logLikelihood: -5675.770273
[00:27:45] [worker #3] Bootstrap tree #909, logLikelihood: -5622.558889
[00:27:47] [worker #4] Bootstrap tree #910, logLikelihood: -5710.067788
[00:27:47] [worker #1] Bootstrap tree #907, logLikelihood: -5777.284668
[00:27:48] [worker #2] Bootstrap tree #908, logLikelihood: -5601.503440
[00:27:53] [worker #0] Bootstrap tree #906, logLikelihood: -5790.476406
[00:27:54] [worker #3] Bootstrap tree #914, logLikelihood: -5776.162264
[00:27:54] [worker #4] Bootstrap tree #915, logLikelihood: -5491.430725
[00:27:55] [worker #1] Bootstrap tree #912, logLikelihood: -5917.884211
[00:27:59] [worker #2] Bootstrap tree #913, logLikelihood: -5680.560027
[00:28:01] [worker #3] Bootstrap tree #919, logLikelihood: -5590.573006
[00:28:02] [worker #1] Bootstrap tree #917, logLikelihood: -6242.675546
[00:28:03] [worker #0] Bootstrap tree #911, logLikelihood: -5973.135391
[00:28:03] [worker #4] Bootstrap tree #920, logLikelihood: -5784.828792
[00:28:06] [worker #2] Bootstrap tree #918, logLikelihood: -6035.597900
[00:28:10] [worker #3] Bootstrap tree #924, logLikelihood: -5726.453374
[00:28:10] [worker #1] Bootstrap tree #922, logLikelihood: -5670.951966
[00:28:11] [worker #4] Bootstrap tree #925, logLikelihood: -5438.989754
[00:28:12] [worker #0] Bootstrap tree #916, logLikelihood: -5053.736608
[00:28:17] [worker #2] Bootstrap tree #923, logLikelihood: -5921.481463
[00:28:18] [worker #3] Bootstrap tree #929, logLikelihood: -5865.344156
[00:28:18] [worker #4] Bootstrap tree #930, logLikelihood: -5647.319523
[00:28:19] [worker #1] Bootstrap tree #927, logLikelihood: -5668.899268
[00:28:21] [worker #0] Bootstrap tree #921, logLikelihood: -5647.350635
[00:28:24] [worker #3] Bootstrap tree #934, logLikelihood: -5802.139786
[00:28:24] [worker #2] Bootstrap tree #928, logLikelihood: -5665.778358
[00:28:27] [worker #1] Bootstrap tree #932, logLikelihood: -6122.380053
[00:28:28] [worker #4] Bootstrap tree #935, logLikelihood: -5838.713255
[00:28:31] [worker #0] Bootstrap tree #926, logLikelihood: -5472.823153
[00:28:33] [worker #2] Bootstrap tree #933, logLikelihood: -5833.460171
[00:28:34] [worker #3] Bootstrap tree #939, logLikelihood: -5626.872503
[00:28:35] [worker #1] Bootstrap tree #937, logLikelihood: -6158.975116
[00:28:37] [worker #4] Bootstrap tree #940, logLikelihood: -5635.598773
[00:28:40] [worker #2] Bootstrap tree #938, logLikelihood: -5577.083281
[00:28:40] [worker #0] Bootstrap tree #931, logLikelihood: -5986.816348
[00:28:42] [worker #3] Bootstrap tree #944, logLikelihood: -6295.667974
[00:28:42] [worker #1] Bootstrap tree #942, logLikelihood: -5408.877910
[00:28:45] [worker #4] Bootstrap tree #945, logLikelihood: -5562.379055
[00:28:49] [worker #3] Bootstrap tree #949, logLikelihood: -5531.165695
[00:28:50] [worker #1] Bootstrap tree #947, logLikelihood: -5273.006180
[00:28:50] [worker #2] Bootstrap tree #943, logLikelihood: -5814.243423
[00:28:51] [worker #0] Bootstrap tree #936, logLikelihood: -5831.101540
[00:28:52] [worker #4] Bootstrap tree #950, logLikelihood: -5222.051466
[00:28:59] [worker #2] Bootstrap tree #948, logLikelihood: -5697.412948
[00:29:00] [worker #0] Bootstrap tree #941, logLikelihood: -4991.272645
[00:29:09] [worker #0] Bootstrap tree #946, logLikelihood: -5750.613287
[00:29:16] [worker #1] Bootstrap tree #952, logLikelihood: -5396.572819
[00:29:17] [worker #0] Bootstrap tree #951, logLikelihood: -5524.131355
[00:29:18] [worker #2] Bootstrap tree #953, logLikelihood: -5884.956494
[00:29:18] [worker #4] Bootstrap tree #955, logLikelihood: -5276.985709
[00:29:18] [worker #3] Bootstrap tree #954, logLikelihood: -6098.956846
[00:29:23] [worker #1] Bootstrap tree #957, logLikelihood: -5611.148201
[00:29:25] [worker #0] Bootstrap tree #956, logLikelihood: -5382.712947
[00:29:26] [worker #3] Bootstrap tree #959, logLikelihood: -5269.047046
[00:29:26] [worker #2] Bootstrap tree #958, logLikelihood: -5372.784722
[00:29:26] [worker #4] Bootstrap tree #960, logLikelihood: -5638.464976
[00:29:31] [worker #1] Bootstrap tree #962, logLikelihood: -5813.385648
[00:29:33] [worker #4] Bootstrap tree #965, logLikelihood: -5438.739875
[00:29:33] [worker #0] Bootstrap tree #961, logLikelihood: -5793.243987
[00:29:34] [worker #3] Bootstrap tree #964, logLikelihood: -5751.067843
[00:29:35] [worker #2] Bootstrap tree #963, logLikelihood: -6073.764259
[00:29:38] [worker #1] Bootstrap tree #967, logLikelihood: -5598.941965
[00:29:41] [worker #4] Bootstrap tree #970, logLikelihood: -5094.369582
[00:29:42] [worker #0] Bootstrap tree #966, logLikelihood: -5617.168048
[00:29:42] [worker #3] Bootstrap tree #969, logLikelihood: -5637.434979
[00:29:44] [worker #2] Bootstrap tree #968, logLikelihood: -5685.537569
[00:29:47] [worker #1] Bootstrap tree #972, logLikelihood: -5396.206436
[00:29:48] [worker #4] Bootstrap tree #975, logLikelihood: -5347.402225
[00:29:49] [worker #3] Bootstrap tree #974, logLikelihood: -5296.743753
[00:29:49] [worker #0] Bootstrap tree #971, logLikelihood: -5502.662287
[00:29:52] [worker #2] Bootstrap tree #973, logLikelihood: -5803.304168
[00:29:54] [worker #1] Bootstrap tree #977, logLikelihood: -5776.927733
[00:29:55] [worker #4] Bootstrap tree #980, logLikelihood: -5733.835816
[00:29:57] [worker #3] Bootstrap tree #979, logLikelihood: -5843.327890
[00:29:59] [worker #2] Bootstrap tree #978, logLikelihood: -5735.672746
[00:29:59] [worker #0] Bootstrap tree #976, logLikelihood: -5791.783521
[00:30:02] [worker #1] Bootstrap tree #982, logLikelihood: -5673.829344
[00:30:02] [worker #4] Bootstrap tree #985, logLikelihood: -5671.053965
[00:30:06] [worker #2] Bootstrap tree #983, logLikelihood: -5503.287812
[00:30:06] [worker #3] Bootstrap tree #984, logLikelihood: -5754.681587
[00:30:08] [worker #1] Bootstrap tree #987, logLikelihood: -5728.352967
[00:30:10] [worker #0] Bootstrap tree #981, logLikelihood: -5330.541118
[00:30:11] [worker #4] Bootstrap tree #990, logLikelihood: -5594.303423
[00:30:15] [worker #2] Bootstrap tree #988, logLikelihood: -5668.654797
[00:30:15] [worker #3] Bootstrap tree #989, logLikelihood: -5710.599882
[00:30:15] [worker #1] Bootstrap tree #992, logLikelihood: -5757.737219
[00:30:18] [worker #0] Bootstrap tree #986, logLikelihood: -5512.394655
[00:30:23] [worker #1] Bootstrap tree #997, logLikelihood: -5819.207260
[00:30:24] [worker #3] Bootstrap tree #994, logLikelihood: -5561.782681
[00:30:24] [worker #4] Bootstrap tree #995, logLikelihood: -5921.252622
[00:30:25] [worker #2] Bootstrap tree #993, logLikelihood: -5367.856840
[00:30:27] [worker #0] Bootstrap tree #991, logLikelihood: -5737.699405
[00:30:32] [worker #3] Bootstrap tree #999, logLikelihood: -5043.293349
[00:30:33] [worker #4] Bootstrap tree #1000, logLikelihood: -5562.674834
[00:30:34] [worker #2] Bootstrap tree #998, logLikelihood: -5355.156510
[00:30:36] [worker #0] Bootstrap tree #996, logLikelihood: -5702.579304

Optimized model parameters:

   Partition 0: noname
   Rate heterogeneity: GAMMA (4 cats, mean),  alpha: 1.237893 (ML),  weights&rates: (0.250000,0.181853) (0.250000,0.538194) (0.250000,1.030443) (0.250000,2.249510) 
   P-inv (ML): 0.034737
   Base frequencies (model): 0.079066 0.055941 0.041977 0.053052 0.012937 0.040767 0.071586 0.057337 0.022355 0.062157 0.099081 0.064600 0.022951 0.042302 0.044040 0.061197 0.053287 0.012066 0.034155 0.069147 
   Substitution rates (model): 0.425093 0.276818 0.395144 2.489084 0.969894 1.038545 2.066040 0.358858 0.149830 0.395337 0.536518 1.124035 0.253701 1.177651 4.727182 2.139501 0.180717 0.218959 2.547870 0.751878 0.123954 0.534551 2.807908 0.363970 0.390192 2.426601 0.126991 0.301848 6.326067 0.484133 0.052722 0.332533 0.858151 0.578987 0.593607 0.314440 0.170887 5.076149 0.528768 1.695752 0.541712 1.437645 4.509238 0.191503 0.068427 2.145078 0.371004 0.089525 0.161787 4.008358 2.000679 0.045376 0.612025 0.083688 0.062556 0.523386 5.243870 0.844926 0.927114 0.010690 0.015076 0.282959 0.025548 0.017416 0.394456 1.240275 0.425860 0.029890 0.135107 0.037967 0.084808 0.003499 0.569265 0.640543 0.320627 0.594007 0.013266 0.893680 1.105251 0.075382 2.784478 1.143480 0.670128 1.165532 1.959291 4.128591 0.267959 4.813505 0.072854 0.582457 3.234294 1.672569 0.035855 0.624294 1.223828 1.080136 0.236199 0.257336 0.210332 0.348847 0.423881 0.044265 0.069673 1.807177 0.173735 0.018811 0.419409 0.611973 0.604545 0.077852 0.120037 0.245034 0.311484 0.008705 0.044261 0.296636 0.139538 0.089586 0.196961 1.739990 0.129836 0.268491 0.054679 0.076701 0.108882 0.366317 0.697264 0.442472 0.682139 0.508851 0.990012 0.584262 0.597054 5.306834 0.119013 4.145067 0.159069 4.273607 1.112727 0.078281 0.064105 1.033739 0.111660 0.232523 10.649107 0.137500 6.312358 2.592692 0.249060 0.182287 0.302936 0.619632 0.299648 1.702745 0.656604 0.023918 0.390322 0.748683 1.136863 0.049906 0.131932 0.185202 1.798853 0.099849 0.346960 2.020366 0.696175 0.481306 1.898718 0.094464 0.361819 0.165001 2.457121 7.803902 0.654683 1.338132 0.571468 0.095131 0.089613 0.296501 6.472279 0.248862 0.400547 0.098369 0.140825 0.245841 2.188158 3.151815 0.189510 0.249313 


Final LogLikelihood: -5689.887490

AIC score: 11529.774980 / AICc score: 11598.449678 / BIC score: 11791.445309
Free parameters (model + branch lengths): 75

WARNING: Best ML tree contains 1 near-zero branches!

Best ML tree with collapsed near-zero branches saved to: /global/home/users/cbrook/raxml-ng/AAM/T3.raxml.bestTreeCollapsed
Best ML tree saved to: /global/home/users/cbrook/raxml-ng/AAM/T3.raxml.bestTree
All ML trees saved to: /global/home/users/cbrook/raxml-ng/AAM/T3.raxml.mlTrees
Best ML tree with Felsenstein bootstrap (FBP) support values saved to: /global/home/users/cbrook/raxml-ng/AAM/T3.raxml.supportFBP
Best ML tree with Transfer bootstrap (TBE) support values saved to: /global/home/users/cbrook/raxml-ng/AAM/T3.raxml.supportTBE
Optimized model saved to: /global/home/users/cbrook/raxml-ng/AAM/T3.raxml.bestModel
Bootstrap trees saved to: /global/home/users/cbrook/raxml-ng/AAM/T3.raxml.bootstraps

Execution log saved to: /global/home/users/cbrook/raxml-ng/AAM/T3.raxml.log

Analysis started: 28-Aug-2021 11:08:24 / finished: 28-Aug-2021 11:39:01

Elapsed time: 1837.223 seconds

Consumed energy: 69.810 Wh

